
Gurobi 6.5.2 (linux64) logging started Tue Jun  6 17:49:21 2017

Changed value of parameter LogFile to test_cases/mip_solutions/chen_grossman_miller/transshipment/balanced10_gurobi.log
   Prev: gurobi.log  Default: 
Changed value of parameter Threads to 1
   Prev: 0  Min: 0  Max: 1024  Default: 0
Optimize a model with 596 rows, 3026 columns and 8682 nonzeros
Coefficient statistics:
  Matrix range    [1e+00, 5e+02]
  Objective range [1e+00, 1e+00]
  Bounds range    [1e+00, 1e+00]
  RHS range       [1e+00, 3e+02]
Presolve removed 275 rows and 1964 columns
Presolve time: 0.00s
Presolved: 321 rows, 1062 columns, 2847 nonzeros
Variable types: 939 continuous, 123 integer (123 binary)

Root relaxation: objective 1.528913e+01, 1554 iterations, 0.02 seconds

    Nodes    |    Current Node    |     Objective Bounds      |     Work
 Expl Unexpl |  Obj  Depth IntInf | Incumbent    BestBd   Gap | It/Node Time

     0     0   15.28913    0   35          -   15.28913      -     -    0s
H    0     0                      38.0000000   15.28913  59.8%     -    0s
     0     0   15.98262    0   51   38.00000   15.98262  57.9%     -    0s
     0     0   16.96135    0   52   38.00000   16.96135  55.4%     -    0s
     0     0   17.77605    0   60   38.00000   17.77605  53.2%     -    0s
     0     0   18.29023    0   59   38.00000   18.29023  51.9%     -    0s
     0     0   18.67428    0   67   38.00000   18.67428  50.9%     -    0s
     0     0   18.77485    0   57   38.00000   18.77485  50.6%     -    0s
     0     0   19.37926    0   60   38.00000   19.37926  49.0%     -    0s
     0     0   19.49467    0   58   38.00000   19.49467  48.7%     -    0s
     0     0   19.69111    0   61   38.00000   19.69111  48.2%     -    0s
     0     0   19.76075    0   59   38.00000   19.76075  48.0%     -    0s
     0     0   19.91566    0   60   38.00000   19.91566  47.6%     -    0s
     0     0   19.94354    0   55   38.00000   19.94354  47.5%     -    0s
     0     0   19.97007    0   58   38.00000   19.97007  47.4%     -    0s
     0     0   19.99334    0   55   38.00000   19.99334  47.4%     -    0s
     0     0   20.02836    0   58   38.00000   20.02836  47.3%     -    0s
     0     0   20.02836    0   58   38.00000   20.02836  47.3%     -    0s
H    0     0                      37.0000000   20.02836  45.9%     -    1s
H    0     0                      34.0000000   20.02836  41.1%     -    1s
     0     2   20.03294    0   58   34.00000   20.03294  41.1%     -    1s
H  101    98                      33.0000000   20.16172  38.9%   180    1s
H  123   115                      32.0000000   20.16172  37.0%   153    1s
H  127   117                      31.0000000   20.16172  35.0%   148    1s
H  418   363                      30.0000000   20.23652  32.5%   156    4s
H  459   392                      29.0000000   20.23652  30.2%   146    4s
H  470   353                      28.0000000   20.24298  27.7%   146    5s
   545   418   25.98851   60   64   28.00000   21.29030  24.0%   151   10s
H  569   411                      27.0000000   21.44694  20.6%   145   12s
   588   423   21.47762   10   71   27.00000   21.47762  20.5%   140   15s
   627   450   26.79505   40   67   27.00000   21.50701  20.3%   277   20s
   832   564   21.76850   29   61   27.00000   21.59829  20.0%   340   25s
H  845   513                      26.0000000   21.59829  16.9%   341   25s
  1202   685   21.92457   25   51   26.00000   21.64434  16.8%   305   30s
  1437   772   22.07980   30   52   26.00000   21.66730  16.7%   310   35s
  1654   856   21.90525   28   61   26.00000   21.76858  16.3%   317   40s
  1855   945   23.12978   37   53   26.00000   21.80413  16.1%   322   45s
  2017  1050   24.77644   40   47   26.00000   21.84547  16.0%   330   50s
  2248  1188   23.40619   41   32   26.00000   21.89920  15.8%   326   55s
  2502  1393   23.38617   49   31   26.00000   21.90541  15.7%   319   60s
  2671  1510   22.45866   30   62   26.00000   21.91856  15.7%   320   65s
  2808  1603   23.45387   40   39   26.00000   21.92829  15.7%   322   70s
  3025  1766   23.89827   42   33   26.00000   21.94835  15.6%   317   75s
  3187  1870   24.64167   49   47   26.00000   21.98005  15.5%   319   80s
H 3341  1340                      25.0000000   21.98592  12.1%   318   83s
H 3371   613                      24.0000000   21.98922  8.38%   318   84s
  3403   627   22.43759   32   39   24.00000   21.99367  8.36%   318   85s
  3542   662   22.69119   32   42   24.00000   22.01669  8.26%   325   90s
  3690   703   22.48666   37   41   24.00000   22.06167  8.08%   330   95s
  3840   737   22.60857   29   49   24.00000   22.09349  7.94%   335  100s
  3973   762   22.37347   33   50   24.00000   22.12552  7.81%   341  105s
  4122   809   22.84642   34   40   24.00000   22.14752  7.72%   346  110s
  4256   823     cutoff   37        24.00000   22.15704  7.68%   350  115s
  4362   844   22.92059   40   45   24.00000   22.17812  7.59%   357  120s
  4495   849     cutoff   32        24.00000   22.19345  7.53%   361  125s
  4605   863     cutoff   39        24.00000   22.20538  7.48%   366  130s
  4733   879   22.73148   33   45   24.00000   22.22101  7.41%   371  135s
  4864   894   22.83974   35   45   24.00000   22.23501  7.35%   374  140s
  4985   904   22.58689   33   47   24.00000   22.24693  7.30%   378  145s
  5145   936     cutoff   38        24.00000   22.26501  7.23%   379  150s
  5258   946   22.71659   33   48   24.00000   22.27598  7.18%   383  155s
  5352   939     cutoff   37        24.00000   22.29264  7.11%   388  160s
  5496   944     cutoff   33        24.00000   22.32560  6.98%   390  165s
  5636   950     cutoff   32        24.00000   22.35053  6.87%   392  170s
  5777   949     cutoff   33        24.00000   22.37774  6.76%   393  175s
  5920   970   22.58819   32   47   24.00000   22.39224  6.70%   394  180s
  6053   963   22.63824   31   53   24.00000   22.41706  6.60%   396  185s
  6187   958     cutoff   34        24.00000   22.42594  6.56%   398  190s
  6325   953   22.85620   36   47   24.00000   22.44436  6.48%   400  195s
  6451   944     cutoff   36        24.00000   22.45973  6.42%   402  200s
  6576   941   22.80869   33   45   24.00000   22.46704  6.39%   404  205s
  6688   938   22.93427   32   43   24.00000   22.48017  6.33%   407  210s
  6833   936   22.78986   31   47   24.00000   22.49450  6.27%   407  215s
  6944   931     cutoff   35        24.00000   22.50257  6.24%   409  220s
  7045   924   22.92193   31   45   24.00000   22.51191  6.20%   412  225s
  7162   901     cutoff   36        24.00000   22.52875  6.13%   413  230s
  7280   894   22.86958   33   50   24.00000   22.53802  6.09%   415  235s
  7414   885     cutoff   35        24.00000   22.54909  6.05%   415  240s
  7512   889     cutoff   36        24.00000   22.55814  6.01%   417  245s
  7625   879   22.72199   33   43   24.00000   22.56660  5.97%   419  250s
  7739   860     cutoff   36        24.00000   22.57735  5.93%   420  255s
  7848   848   22.95753   35   49   24.00000   22.58849  5.88%   422  260s
  7964   828   22.71953   30   56   24.00000   22.59983  5.83%   423  265s
  8071   819   22.78282   31   48   24.00000   22.60538  5.81%   425  270s
  8197   787     cutoff   39        24.00000   22.61791  5.76%   426  275s
  8316   758   22.98828   34   49   24.00000   22.62987  5.71%   426  280s
  8452   723   22.96305   39   34   24.00000   22.64706  5.64%   427  285s
  8579   700     cutoff   35        24.00000   22.65571  5.60%   428  290s
  8690   670     cutoff   36        24.00000   22.67077  5.54%   429  295s
  8806   650     cutoff   35        24.00000   22.68238  5.49%   430  300s
  8931   628     cutoff   35        24.00000   22.69158  5.45%   431  305s
  9052   596     cutoff   43        24.00000   22.70488  5.40%   431  310s
  9168   554   22.95785   36   49   24.00000   22.71862  5.34%   432  315s
  9308   508     cutoff   36        24.00000   22.73361  5.28%   432  320s
  9429   489   22.99901   36   45   24.00000   22.74082  5.25%   433  325s
  9548   435     cutoff   33        24.00000   22.75806  5.17%   434  330s
  9682   362     cutoff   39        24.00000   22.78155  5.08%   434  335s
  9797   290   22.92402   34   42   24.00000   22.81864  4.92%   435  340s
  9952   194     cutoff   35        24.00000   22.86475  4.73%   434  345s
 10152    44     cutoff   36        24.00000   22.96052  4.33%   432  350s

Cutting planes:
  Gomory: 4
  Cover: 29
  Implied bound: 517
  MIR: 493
  Flow cover: 966
  Flow path: 86
  Zero half: 22
  Network: 104

Explored 10205 nodes (4405916 simplex iterations) in 351.16 seconds
Thread count was 1 (of 8 available processors)

Optimal solution found (tolerance 4.00e-02)
Best objective 2.400000000000e+01, best bound 2.400000000000e+01, gap 0.0%

Gurobi 6.5.2 (linux64) logging started Mon Jul 24 16:46:19 2017

Changed value of parameter LogFile to data/mip_solutions/chen_grossman_miller/transshipment/balanced10_gurobi.log
   Prev: gurobi.log  Default: 
Changed value of parameter Threads to 1
   Prev: 0  Min: 0  Max: 1024  Default: 0
Optimize a model with 596 rows, 3026 columns and 8682 nonzeros
Coefficient statistics:
  Matrix range    [1e+00, 5e+02]
  Objective range [1e+00, 1e+00]
  Bounds range    [1e+00, 1e+00]
  RHS range       [1e+00, 3e+02]
Presolve removed 275 rows and 1964 columns
Presolve time: 0.00s
Presolved: 321 rows, 1062 columns, 2847 nonzeros
Variable types: 939 continuous, 123 integer (123 binary)

Root relaxation: objective 1.528913e+01, 1554 iterations, 0.02 seconds

    Nodes    |    Current Node    |     Objective Bounds      |     Work
 Expl Unexpl |  Obj  Depth IntInf | Incumbent    BestBd   Gap | It/Node Time

     0     0   15.28913    0   35          -   15.28913      -     -    0s
H    0     0                      38.0000000   15.28913  59.8%     -    0s
     0     0   15.98262    0   51   38.00000   15.98262  57.9%     -    0s
     0     0   16.96135    0   52   38.00000   16.96135  55.4%     -    0s
     0     0   17.77605    0   60   38.00000   17.77605  53.2%     -    0s
     0     0   18.29023    0   59   38.00000   18.29023  51.9%     -    0s
     0     0   18.67428    0   67   38.00000   18.67428  50.9%     -    0s
     0     0   18.77485    0   57   38.00000   18.77485  50.6%     -    0s
     0     0   19.37926    0   60   38.00000   19.37926  49.0%     -    0s
     0     0   19.49467    0   58   38.00000   19.49467  48.7%     -    0s
     0     0   19.69111    0   61   38.00000   19.69111  48.2%     -    0s
     0     0   19.76075    0   59   38.00000   19.76075  48.0%     -    0s
     0     0   19.91566    0   60   38.00000   19.91566  47.6%     -    0s
     0     0   19.94354    0   55   38.00000   19.94354  47.5%     -    0s
     0     0   19.97007    0   58   38.00000   19.97007  47.4%     -    0s
     0     0   19.99334    0   55   38.00000   19.99334  47.4%     -    0s
     0     0   20.02836    0   58   38.00000   20.02836  47.3%     -    0s
     0     0   20.02836    0   58   38.00000   20.02836  47.3%     -    0s
H    0     0                      37.0000000   20.02836  45.9%     -    1s
H    0     0                      34.0000000   20.02836  41.1%     -    1s
     0     2   20.03294    0   58   34.00000   20.03294  41.1%     -    1s
H  101    98                      33.0000000   20.16172  38.9%   180    1s
H  123   115                      32.0000000   20.16172  37.0%   153    1s
H  127   117                      31.0000000   20.16172  35.0%   148    1s

Cutting planes:
  Gomory: 2
  Cover: 12
  Implied bound: 124
  MIR: 167
  Flow cover: 275
  Flow path: 15
  Network: 6

Explored 131 nodes (31388 simplex iterations) in 2.00 seconds
Thread count was 1 (of 8 available processors)

Time limit reached
Best objective 3.100000000000e+01, best bound 2.100000000000e+01, gap 32.2581%

Gurobi 6.5.2 (linux64) logging started Mon Jul 24 16:59:17 2017

Changed value of parameter LogFile to data/mip_solutions/chen_grossman_miller/transshipment/balanced10_gurobi.log
   Prev: gurobi.log  Default: 
Changed value of parameter Threads to 1
   Prev: 0  Min: 0  Max: 1024  Default: 0
Optimize a model with 596 rows, 3026 columns and 8682 nonzeros
Coefficient statistics:
  Matrix range    [1e+00, 5e+02]
  Objective range [1e+00, 1e+00]
  Bounds range    [1e+00, 1e+00]
  RHS range       [1e+00, 3e+02]
Presolve removed 275 rows and 1964 columns
Presolve time: 0.00s
Presolved: 321 rows, 1062 columns, 2847 nonzeros
Variable types: 939 continuous, 123 integer (123 binary)

Root relaxation: objective 1.528913e+01, 1554 iterations, 0.02 seconds

    Nodes    |    Current Node    |     Objective Bounds      |     Work
 Expl Unexpl |  Obj  Depth IntInf | Incumbent    BestBd   Gap | It/Node Time

     0     0   15.28913    0   35          -   15.28913      -     -    0s
H    0     0                      38.0000000   15.28913  59.8%     -    0s
     0     0   15.98262    0   51   38.00000   15.98262  57.9%     -    0s
     0     0   16.96135    0   52   38.00000   16.96135  55.4%     -    0s
     0     0   17.77605    0   60   38.00000   17.77605  53.2%     -    0s
     0     0   18.29023    0   59   38.00000   18.29023  51.9%     -    0s
     0     0   18.67428    0   67   38.00000   18.67428  50.9%     -    0s
     0     0   18.77485    0   57   38.00000   18.77485  50.6%     -    0s
     0     0   19.37926    0   60   38.00000   19.37926  49.0%     -    0s
     0     0   19.49467    0   58   38.00000   19.49467  48.7%     -    0s
     0     0   19.69111    0   61   38.00000   19.69111  48.2%     -    0s
     0     0   19.76075    0   59   38.00000   19.76075  48.0%     -    0s
     0     0   19.91566    0   60   38.00000   19.91566  47.6%     -    0s
     0     0   19.94354    0   55   38.00000   19.94354  47.5%     -    0s
     0     0   19.97007    0   58   38.00000   19.97007  47.4%     -    0s
     0     0   19.99334    0   55   38.00000   19.99334  47.4%     -    0s
     0     0   20.02836    0   58   38.00000   20.02836  47.3%     -    0s
     0     0   20.02836    0   58   38.00000   20.02836  47.3%     -    0s
H    0     0                      37.0000000   20.02836  45.9%     -    1s
H    0     0                      34.0000000   20.02836  41.1%     -    1s
     0     2   20.03294    0   58   34.00000   20.03294  41.1%     -    1s
H  101    98                      33.0000000   20.16172  38.9%   180    1s
H  123   115                      32.0000000   20.16172  37.0%   153    1s
H  127   117                      31.0000000   20.16172  35.0%   148    1s

Cutting planes:
  Gomory: 4
  Cover: 16
  Implied bound: 182
  MIR: 246
  Flow cover: 384
  Flow path: 21
  Network: 10

Explored 247 nodes (48537 simplex iterations) in 3.00 seconds
Thread count was 1 (of 8 available processors)

Time limit reached
Best objective 3.100000000000e+01, best bound 2.100000000000e+01, gap 32.2581%

Gurobi 6.5.2 (linux64) logging started Wed Jul 26 19:51:57 2017

Changed value of parameter LogFile to data/mip_solutions/chen_grossman_miller/transshipment/balanced10_gurobi.log
   Prev: gurobi.log  Default: 
Changed value of parameter Threads to 1
   Prev: 0  Min: 0  Max: 1024  Default: 0
Optimize a model with 596 rows, 3026 columns and 8682 nonzeros
Coefficient statistics:
  Matrix range    [1e+00, 5e+02]
  Objective range [1e+00, 1e+00]
  Bounds range    [1e+00, 1e+00]
  RHS range       [1e+00, 3e+02]
Presolve removed 275 rows and 1964 columns
Presolve time: 0.01s
Presolved: 321 rows, 1062 columns, 2847 nonzeros
Variable types: 939 continuous, 123 integer (123 binary)

Root relaxation: objective 1.528913e+01, 1554 iterations, 0.02 seconds

    Nodes    |    Current Node    |     Objective Bounds      |     Work
 Expl Unexpl |  Obj  Depth IntInf | Incumbent    BestBd   Gap | It/Node Time

     0     0   15.28913    0   35          -   15.28913      -     -    0s
H    0     0                      38.0000000   15.28913  59.8%     -    0s
     0     0   15.98262    0   51   38.00000   15.98262  57.9%     -    0s
     0     0   16.96135    0   52   38.00000   16.96135  55.4%     -    0s
     0     0   17.77605    0   60   38.00000   17.77605  53.2%     -    0s
     0     0   18.29023    0   59   38.00000   18.29023  51.9%     -    0s
     0     0   18.67428    0   67   38.00000   18.67428  50.9%     -    0s
     0     0   18.77485    0   57   38.00000   18.77485  50.6%     -    0s
     0     0   19.37926    0   60   38.00000   19.37926  49.0%     -    0s
     0     0   19.49467    0   58   38.00000   19.49467  48.7%     -    0s
     0     0   19.69111    0   61   38.00000   19.69111  48.2%     -    0s
     0     0   19.76075    0   59   38.00000   19.76075  48.0%     -    0s
     0     0   19.91566    0   60   38.00000   19.91566  47.6%     -    0s
     0     0   19.94354    0   55   38.00000   19.94354  47.5%     -    0s
     0     0   19.97007    0   58   38.00000   19.97007  47.4%     -    0s
     0     0   19.99334    0   55   38.00000   19.99334  47.4%     -    0s
     0     0   20.02836    0   58   38.00000   20.02836  47.3%     -    0s
     0     0   20.02836    0   58   38.00000   20.02836  47.3%     -    0s
H    0     0                      37.0000000   20.02836  45.9%     -    1s
H    0     0                      34.0000000   20.02836  41.1%     -    1s
     0     2   20.03294    0   58   34.00000   20.03294  41.1%     -    1s
H  101    98                      33.0000000   20.16172  38.9%   180    1s
H  123   115                      32.0000000   20.16172  37.0%   153    1s
H  127   117                      31.0000000   20.16172  35.0%   148    1s
H  418   363                      30.0000000   20.23652  32.5%   156    4s
H  459   392                      29.0000000   20.23652  30.2%   146    4s
H  470   353                      28.0000000   20.24298  27.7%   146    5s
   546   418   21.32296    6   62   28.00000   21.32296  23.8%   151   10s
H  569   411                      27.0000000   21.44694  20.6%   145   12s
   592   427   22.21952   12   58   27.00000   21.48817  20.4%   294   16s
   629   452   22.19408   18   65   27.00000   21.50701  20.3%   277   20s
   837   567   22.17062   32   43   27.00000   21.59829  20.0%   342   25s
H  845   513                      26.0000000   21.59829  16.9%   341   25s
  1205   687   21.98727   28   60   26.00000   21.64434  16.8%   306   30s
  1437   772   22.07980   30   52   26.00000   21.66730  16.7%   310   35s
  1639   853   24.39275   51   31   26.00000   21.73257  16.4%   318   40s
  1846   939   23.15532   33   54   26.00000   21.80413  16.1%   322   45s
  2005  1040   23.54391   35   39   26.00000   21.84547  16.0%   330   50s
  2233  1173   22.19954   32   46   26.00000   21.89920  15.8%   326   55s
  2480  1371   22.77599   38   39   26.00000   21.90541  15.7%   319   60s
  2644  1491   24.13122   41   34   26.00000   21.91109  15.7%   321   65s
  2794  1589   22.54216   26   60   26.00000   21.92829  15.7%   321   70s
  3004  1754   24.33655   51   23   26.00000   21.94807  15.6%   316   75s
  3160  1851   22.06025   28   64   26.00000   21.98005  15.5%   319   80s
H 3341  1340                      25.0000000   21.98592  12.1%   318   84s
H 3371   613                      24.0000000   21.98922  8.38%   318   85s
  3521   662   22.95678   38   43   24.00000   22.00938  8.29%   323   90s
  3654   694   22.74746   34   41   24.00000   22.05920  8.09%   328   95s
  3804   736     cutoff   36        24.00000   22.08104  8.00%   333  100s
  3914   751   22.96589   30   44   24.00000   22.11901  7.84%   340  105s
  4057   785   22.72974   44   29   24.00000   22.14234  7.74%   345  110s
  4191   812     cutoff   39        24.00000   22.15169  7.70%   348  115s
  4312   835     cutoff   34        24.00000   22.16701  7.64%   352  120s
  4404   840     cutoff   36        24.00000   22.18020  7.58%   359  125s
  4547   852   22.45048   33   51   24.00000   22.20305  7.49%   363  130s
  4664   876   22.51540   32   51   24.00000   22.21275  7.45%   368  135s
  4787   879     cutoff   37        24.00000   22.22566  7.39%   372  140s
  4915   898   22.67748   30   46   24.00000   22.24208  7.32%   376  145s
  5034   910   22.63176   29   53   24.00000   22.25367  7.28%   379  150s
  5186   939   22.49875   30   57   24.00000   22.26993  7.21%   380  155s
  5281   942     cutoff   34        24.00000   22.27902  7.17%   385  160s
  5404   949   22.94559   44   37   24.00000   22.29850  7.09%   387  165s
  5537   949     cutoff   31        24.00000   22.33617  6.93%   390  170s
  5660   950   22.64494   31   51   24.00000   22.35594  6.85%   392  175s
  5799   945     cutoff   32        24.00000   22.38313  6.74%   394  180s
  5927   975     cutoff   37        24.00000   22.39224  6.70%   394  185s
  6052   962   22.46340   30   58   24.00000   22.41706  6.60%   396  190s
  6181   960     cutoff   37        24.00000   22.42567  6.56%   399  195s
  6320   954   22.92543   34   39   24.00000   22.44337  6.49%   400  200s
  6443   948   22.76400   36   52   24.00000   22.45926  6.42%   402  205s
  6567   944   22.96528   34   49   24.00000   22.46514  6.40%   404  210s
  6678   940   22.82963   32   42   24.00000   22.47952  6.34%   406  215s
  6813   936   22.50621   30   62   24.00000   22.49335  6.28%   407  220s
  6919   930     cutoff   36        24.00000   22.50155  6.24%   410  225s
  7029   923   22.99547   34   35   24.00000   22.50891  6.21%   412  230s
  7160   903   22.93009   35   57   24.00000   22.52875  6.13%   413  235s
  7278   892   22.74487   32   48   24.00000   22.53802  6.09%   415  240s
  7403   886   22.80404   32   47   24.00000   22.54909  6.05%   415  245s
  7502   889     cutoff   35        24.00000   22.55734  6.01%   417  250s
  7613   877     cutoff   32        24.00000   22.56536  5.98%   419  255s
  7723   870     cutoff   40        24.00000   22.57452  5.94%   420  260s
  7835   849     cutoff   33        24.00000   22.58785  5.88%   422  265s
  7958   832     cutoff   39        24.00000   22.59651  5.85%   423  270s
  8053   821     cutoff   37        24.00000   22.60493  5.81%   425  275s
  8174   793     cutoff   31        24.00000   22.61497  5.77%   426  280s
  8299   765   22.95590   35   44   24.00000   22.62711  5.72%   426  285s
  8413   727   22.92824   32   47   24.00000   22.64126  5.66%   427  290s
  8555   706     cutoff   34        24.00000   22.65498  5.60%   427  295s
  8671   675     cutoff   35        24.00000   22.66818  5.55%   428  300s
  8774   662   22.75058   34   36   24.00000   22.67949  5.50%   430  305s
  8880   638     cutoff   36        24.00000   22.68590  5.48%   431  310s
  9009   603     cutoff   36        24.00000   22.70107  5.41%   431  315s
  9134   568     cutoff   36        24.00000   22.71441  5.36%   432  320s
  9250   525     cutoff   40        24.00000   22.72845  5.30%   433  325s
  9387   501   22.86848   38   34   24.00000   22.73799  5.26%   433  330s
  9492   458     cutoff   37        24.00000   22.74918  5.21%   434  335s
  9629   393     cutoff   36        24.00000   22.77314  5.11%   434  340s
  9766   313   22.99982   36   35   24.00000   22.80539  4.98%   434  345s
  9889   234     cutoff   32        24.00000   22.84535  4.81%   434  350s
 10060   125     cutoff   32        24.00000   22.91029  4.54%   433  355s

Cutting planes:
  Gomory: 4
  Cover: 29
  Implied bound: 517
  MIR: 493
  Flow cover: 966
  Flow path: 86
  Zero half: 22
  Network: 104

Explored 10205 nodes (4405916 simplex iterations) in 358.07 seconds
Thread count was 1 (of 8 available processors)

Optimal solution found (tolerance 4.00e-02)
Best objective 2.400000000000e+01, best bound 2.400000000000e+01, gap 0.0%
