
Log started (V12.6.3.0) Tue Jun  6 17:45:08 2017

New value for default parallel thread count: 1

Problem '/tmp/tmpA68r7M.pyomo.lp' read.
Read time = 0.00 sec. (0.13 ticks)

Problem name         : /tmp/tmpA68r7M.pyomo.lp
Objective sense      : Minimize
Variables            :    1702  [Nneg: 1611,  Binary: 90,  General Integer: 1]
Objective nonzeros   :       1
Linear constraints   :     398  [Less: 90,  Equal: 308]
  Nonzeros           :    4835
  RHS nonzeros       :     128

Variables            : Min LB: 0.000000         Max UB: 1.000000       
Objective nonzeros   : Min   : 1.000000         Max   : 1.000000       
Linear constraints   :
  Nonzeros           : Min   : 1.000000         Max   : 500.0000       
  RHS nonzeros       : Min   : 1.000000         Max   : 196.0000       
Tried aggregator 2 times.
MIP Presolve eliminated 149 rows and 1088 columns.
Aggregator did 43 substitutions.
Reduced MIP has 206 rows, 571 columns, and 1481 nonzeros.
Reduced MIP has 82 binaries, 0 generals, 0 SOSs, and 0 indicators.
Presolve time = 0.00 sec. (1.98 ticks)
Found incumbent of value 83.000000 after 0.00 sec. (3.78 ticks)
Probing time = 0.00 sec. (0.07 ticks)
Tried aggregator 1 time.
MIP Presolve eliminated 2 rows and 0 columns.
MIP Presolve added 4 rows and 0 columns.
Reduced MIP has 208 rows, 571 columns, and 1483 nonzeros.
Reduced MIP has 82 binaries, 0 generals, 0 SOSs, and 0 indicators.
Presolve time = 0.00 sec. (0.67 ticks)
Probing time = 0.00 sec. (0.07 ticks)
Clique table members: 2.
MIP emphasis: balance optimality and feasibility.
MIP search method: dynamic search.
Parallel mode: none, using 1 thread.
Root relaxation solution time = 0.00 sec. (2.49 ticks)

        Nodes                                         Cuts/
   Node  Left     Objective  IInf  Best Integer    Best Bound    ItCnt     Gap

*     0+    0                           83.0000        1.0000            98.80%
      0     0       12.7553    23       83.0000       12.7553      303   84.63%
*     0+    0                           28.0000       12.7553            54.45%
      0     0       14.1928    29       28.0000     Cuts: 152      837   49.31%
      0     0       15.5314    47       28.0000     Cuts: 152     1295   44.53%
      0     0       15.9098    43       28.0000     Cuts: 152     1545   43.18%
      0     0       16.3327    45       28.0000     Cuts: 152     1978   41.67%
      0     0       16.4607    47       28.0000     Cuts: 152     2249   41.21%
      0     0       16.5304    47       28.0000     Cuts: 152     2487   40.96%
      0     0       16.5828    46       28.0000     Cuts: 152     2738   40.78%
      0     0       16.5869    48       28.0000     Cuts: 152     3042   40.76%
      0     0       16.5968    47       28.0000     Cuts: 152     3319   40.73%
      0     0       16.6046    52       28.0000     Cuts: 152     3651   40.70%
      0     0       16.6102    45       28.0000     Cuts: 152     3890   40.68%
      0     0       16.6193    45       28.0000     Cuts: 152     4086   40.65%
      0     0       16.7493    49       28.0000     Cuts: 152     4586   40.18%
      0     0       16.7932    49       28.0000     Cuts: 152     4731   40.02%
      0     0       16.8083    51       28.0000     Cuts: 152     4909   39.97%
      0     0       16.8207    49       28.0000     Cuts: 152     4996   39.93%
      0     0       16.8319    50       28.0000     Cuts: 152     5200   39.89%
      0     0       16.8448    49       28.0000     Cuts: 152     5297   39.84%
      0     0       16.8690    48       28.0000     Cuts: 152     5415   39.75%
      0     0       16.9079    50       28.0000     Cuts: 152     5594   39.61%
      0     0       16.9258    49       28.0000     Cuts: 152     5676   39.55%
      0     0       16.9866    51       28.0000     Cuts: 139     5904   39.33%
      0     0       16.9976    45       28.0000     Cuts: 152     6004   39.29%
      0     0       17.0116    46       28.0000     Cuts: 152     6071   39.24%
      0     0       17.0121    47       28.0000     Cuts: 152     6166   39.24%
      0     0       17.0137    46       28.0000     Cuts: 152     6284   39.24%
*     0+    0                           24.0000       17.0137            29.11%
      0     2       17.0137    45       24.0000       17.0137     6284   29.11%
Elapsed time = 0.47 sec. (600.55 ticks, tree = 0.01 MB, solutions = 3)
*    70+   64                           23.0000       17.0150            26.02%
     81    71       17.7276    36       23.0000       17.0892    13926   25.70%
     82    72       17.7792    33       23.0000       17.0892    13933   25.70%
     83    73       17.7979    31       23.0000       17.0892    13965   25.70%
     84    74       17.8954    33       23.0000       17.0892    14050   25.70%
     85    75       17.8617    30       23.0000       17.0892    14171   25.70%
     86    76       17.8625    30       23.0000       17.0892    14175   25.70%
     87    77       18.3222    27       23.0000       17.0892    14322   25.70%
     88    78       18.2171    25       23.0000       17.0892    14544   25.70%
     89    79       18.1610    26       23.0000       17.0892    14695   25.70%
*   110+   90                           22.0000       17.0892            22.32%
*   210+  149                           21.0000       17.0949            18.60%
    311   232       17.1785    46       21.0000       17.1583    36577   18.29%
Elapsed time = 1.18 sec. (1560.59 ticks, tree = 0.14 MB, solutions = 6)
    654   501       17.9930    27       21.0000       17.2234    62020   17.98%
    655   502       17.9991    28       21.0000       17.2234    62036   17.98%
    656   503       17.9992    26       21.0000       17.2234    62039   17.98%
    657   504       18.0845    22       21.0000       17.2234    62099   17.98%
    658   505       18.3307    26       21.0000       17.2234    62214   17.98%
    659   506       18.3470    25       21.0000       17.2234    62229   17.98%
    660   507       18.3607    25       21.0000       17.2234    62253   17.98%
    661   508       19.1091    22       21.0000       17.2234    62343   17.98%
    662   509       19.1257    21       21.0000       17.2234    62351   17.98%
    663   510       19.1277    21       21.0000       17.2234    62354   17.98%
Elapsed time = 1.88 sec. (2530.74 ticks, tree = 1.02 MB, solutions = 6)
    932   734       18.6926    29       21.0000       17.2612    86185   17.80%
    933   735       18.6926    28       21.0000       17.2612    86186   17.80%
    934   736       18.6926    27       21.0000       17.2612    86206   17.80%
    935   737       18.7165    24       21.0000       17.2612    86431   17.80%
    936   738       18.7166    25       21.0000       17.2612    86433   17.80%
    937   739       18.7234    26       21.0000       17.2612    86451   17.80%
    938   740       18.9499    20       21.0000       17.2612    86608   17.80%
    939   741       18.9499    20       21.0000       17.2612    86726   17.80%
    940   742       19.1638    18       21.0000       17.2612    86992   17.80%
    941   743       19.6638    16       21.0000       17.2612    86994   17.80%
Elapsed time = 2.58 sec. (3520.16 ticks, tree = 1.73 MB, solutions = 6)
    989   714       19.9731    20       21.0000       17.3304    93036   17.47%
    990   714       19.9763    20       21.0000       17.3304    93042   17.47%
    991   686        cutoff             21.0000       17.3304    93045   17.47%
    992   687       17.4345    39       21.0000       17.3352    93378   17.45%
    993   687       17.4737    41       21.0000       17.3352    93495   17.45%
    994   687       18.0940    36       21.0000       17.3352    93830   17.45%
    995   688       17.4795    40       21.0000       17.3352    93933   17.45%
    996   689       17.4965    37       21.0000       17.3352    93964   17.45%
    997   689       17.5516    35       21.0000       17.3352    94016   17.45%
    998   689       17.7242    38       21.0000       17.3352    94240   17.45%
Elapsed time = 3.37 sec. (4529.36 ticks, tree = 1.56 MB, solutions = 6)
   1239   680       18.5895    27       21.0000       17.7610   119160   15.42%
   1240   680       19.3665    31       21.0000       17.7610   119330   15.42%
   1241   681       18.6179    26       21.0000       17.7610   119438   15.42%
   1242   682       19.2381    25       21.0000       17.7610   119675   15.42%
   1243   682       18.6267    27       21.0000       17.7610   119749   15.42%
   1244   683       18.6297    26       21.0000       17.7610   119772   15.42%
   1245   684       18.6698    32       21.0000       17.7610   119825   15.42%
   1246   684       19.2153    27       21.0000       17.7610   120077   15.42%
   1247   685       18.7307    32       21.0000       17.7610   120219   15.42%
   1248   686       19.4104    27       21.0000       17.7610   120427   15.42%
Elapsed time = 4.10 sec. (5517.07 ticks, tree = 1.18 MB, solutions = 6)
   1392   722       18.4324    32       21.0000       17.7839   139350   15.31%
   1393   722       18.5333    29       21.0000       17.7839   139721   15.31%
   1394   723       18.5000    35       21.0000       17.7839   140249   15.31%
   1395   724       18.6667    28       21.0000       17.7839   140492   15.31%
   1396   725       18.6667    29       21.0000       17.7839   140628   15.31%
   1397   725       19.0606    24       21.0000       17.7839   141348   15.31%
   1398   725       18.8810    30       21.0000       17.7839   141681   15.31%
   1399   726       19.0260    32       21.0000       17.7839   142170   15.31%
   1400   727       19.0900    24       21.0000       17.7839   142533   15.31%
   1401   728       19.0979    24       21.0000       17.7839   142538   15.31%
Elapsed time = 4.87 sec. (6593.15 ticks, tree = 1.09 MB, solutions = 6)
   1622   773       19.0026    23       21.0000       17.9370   170258   14.59%
   1623   774       19.0035    24       21.0000       17.9370   170291   14.59%
   1624   775       19.0055    33       21.0000       17.9370   170520   14.59%
   1625   775       19.0167    34       21.0000       17.9370   170800   14.59%
   1626   775       19.0167    32       21.0000       17.9370   170934   14.59%
   1627   776       19.0167    30       21.0000       17.9370   170976   14.59%
   1628   776       19.0169    29       21.0000       17.9370   170981   14.59%
   1629   777       19.0169    29       21.0000       17.9370   171005   14.59%
   1630   778       19.1450    23       21.0000       17.9370   171391   14.59%
   1631   778       19.2274    23       21.0000       17.9370   171709   14.59%
Elapsed time = 5.62 sec. (7603.53 ticks, tree = 0.91 MB, solutions = 6)
   1801   828       19.1065    32       21.0000       18.0000   198219   14.29%
   1802   829       19.1214    31       21.0000       18.0000   198321   14.29%
   1803   829       19.1297    25       21.0000       18.0000   198540   14.29%
   1804   829       19.2003    27       21.0000       18.0000   198720   14.29%
   1805   830       19.3005    25       21.0000       18.0000   199171   14.29%
   1806   830       19.3046    24       21.0000       18.0000   199210   14.29%
   1807   831       19.3246    23       21.0000       18.0000   199246   14.29%
   1808   832       19.4333    25       21.0000       18.0000   199393   14.29%
   1809   832       19.4360    24       21.0000       18.0000   199396   14.29%
   1810   832       19.4367    24       21.0000       18.0000   199397   14.29%
Elapsed time = 6.37 sec. (8601.26 ticks, tree = 0.77 MB, solutions = 6)
   1958   867       19.5118    25       21.0000       18.0087   226487   14.24%
   1959   867       19.5118    26       21.0000       18.0087   226500   14.24%
   1960   868       19.5135    19       21.0000       18.0087   226521   14.24%
   1961   869       19.5266    17       21.0000       18.0087   226541   14.24%
   1962   870       19.5379    16       21.0000       18.0087   226565   14.24%
   1963   871       19.5798    14       21.0000       18.0087   226650   14.24%
   1964   871       19.7770    12       21.0000       18.0087   226776   14.24%
   1965   872       19.7073    10       21.0000       18.0087   226886   14.24%
   1966   872       19.7391     6       21.0000       18.0087   226916   14.24%
   1967   873       19.7861     5       21.0000       18.0087   226958   14.24%
Elapsed time = 7.09 sec. (9582.92 ticks, tree = 0.65 MB, solutions = 6)
   2134   912       18.5582    37       21.0000       18.0323   253446   14.13%
   2135   913       18.5679    37       21.0000       18.0323   253471   14.13%
   2136   913       18.8170    40       21.0000       18.0323   253642   14.13%
   2137   913       18.8391    40       21.0000       18.0323   253704   14.13%
   2138   913       18.8442    35       21.0000       18.0323   253733   14.13%
   2139   913       19.0081    35       21.0000       18.0323   253884   14.13%
   2140   914       19.0752    34       21.0000       18.0323   253931   14.13%
   2141   915       19.0809    26       21.0000       18.0323   253954   14.13%
   2142   916       19.1159    28       21.0000       18.0323   254034   14.13%
   2549  1186       18.6882    34       21.0000       18.1377   325872   13.63%
Elapsed time = 9.90 sec. (13419.23 ticks, tree = 0.87 MB, solutions = 6)
   3106  1562       18.6589    32       21.0000       18.2389   425621   13.15%
   3107  1563       18.8756    30       21.0000       18.2389   425844   13.15%
   3108  1564       18.9378    34       21.0000       18.2389   425901   13.15%
   3109  1565       19.0634    27       21.0000       18.2389   426006   13.15%
   3110  1566       19.6278    27       21.0000       18.2389   426332   13.15%
   3111  1567       19.6278    26       21.0000       18.2389   426343   13.15%
   3112  1567       19.7995    26       21.0000       18.2389   426618   13.15%
   3113  1567       19.8167    22       21.0000       18.2389   426638   13.15%
   3114  1566        cutoff             21.0000       18.2389   426719   13.15%
   3115  1567       18.2389    40       21.0000       18.2389   427033   13.15%
Elapsed time = 12.80 sec. (17366.36 ticks, tree = 1.26 MB, solutions = 6)
   3580  1834       19.0000    36       21.0000       18.3369   523888   12.68%
   3581  1835       19.2105    36       21.0000       18.3369   524313   12.68%
   3582  1836       19.2105    31       21.0000       18.3369   524344   12.68%
   3583  1837       19.2146    34       21.0000       18.3369   524820   12.68%
   3584  1838       19.2150    34       21.0000       18.3369   524838   12.68%
   3585  1839       19.2151    26       21.0000       18.3369   524847   12.68%
   3586  1840       19.2277    28       21.0000       18.3369   524909   12.68%
   3587  1841       19.2369    32       21.0000       18.3369   524977   12.68%
   3588  1842       19.3591    13       21.0000       18.3369   525069   12.68%
   3589  1843       19.3816    31       21.0000       18.3369   525174   12.68%
Elapsed time = 15.63 sec. (21240.35 ticks, tree = 1.43 MB, solutions = 6)
   4189  2208        cutoff             21.0000       18.4247   622989   12.26%
   4190  2209       19.7004    15       21.0000       18.4247   623166   12.26%
   4191  2210       19.7150    16       21.0000       18.4247   623188   12.26%
   4192  2211       19.7260    17       21.0000       18.4247   623194   12.26%
   4193  2212       19.7260    16       21.0000       18.4247   623198   12.26%
   4194  2211        cutoff             21.0000       18.4247   623200   12.26%
   4195  2212       19.8865    18       21.0000       18.4247   623392   12.26%
   4196  2213       19.8870    17       21.0000       18.4247   623402   12.26%
   4197  2212        cutoff             21.0000       18.4247   623538   12.26%
   4198  2213       19.8911    17       21.0000       18.4247   623594   12.26%
Elapsed time = 18.41 sec. (25082.10 ticks, tree = 2.03 MB, solutions = 6)
   4794  2562       18.5000    36       21.0000       18.5000   696687   11.90%
   4795  2563       18.5000    33       21.0000       18.5000   696719   11.90%
   4796  2564       18.5000    34       21.0000       18.5000   696919   11.90%
   4797  2565       18.7102    33       21.0000       18.5000   697631   11.90%
   4798  2566       19.5172    30       21.0000       18.5000   697922   11.90%
   4799  2567       19.5326    29       21.0000       18.5000   697946   11.90%
   4800  2566       19.7212    27       21.0000       18.5000   698077   11.90%
   4801  2565        cutoff             21.0000       18.5000   698223   11.90%
   4802  2566       19.5000    27       21.0000       18.5000   699180   11.90%
   4803  2567       20.0000    23       21.0000       18.5000   699470   11.90%
Elapsed time = 21.18 sec. (29069.78 ticks, tree = 4.25 MB, solutions = 6)
   5291  2851       19.4173    40       21.0000       18.5541   796643   11.65%
   5292  2852       19.4330    32       21.0000       18.5541   796951   11.65%
   5293  2853       19.5166    30       21.0000       18.5541   797016   11.65%
   5294  2854       19.8045    31       21.0000       18.5541   797758   11.65%
   5295  2855       19.8438    32       21.0000       18.5541   798027   11.65%
   5296  2854        cutoff             21.0000       18.5541   798062   11.65%
   5297  2853        cutoff             21.0000       18.5541   798082   11.65%
   5298  2854       18.9385    38       21.0000       18.5556   799051   11.64%
   5299  2855       18.9444    35       21.0000       18.5556   799092   11.64%
   5300  2856       18.9990    36       21.0000       18.5556   799182   11.64%
Elapsed time = 24.07 sec. (33005.83 ticks, tree = 4.55 MB, solutions = 6)
   5748  3092       19.0221    26       21.0000       18.6009   891777   11.42%
   5749  3093       19.0735    26       21.0000       18.6009   892230   11.42%
   5750  3092        cutoff             21.0000       18.6009   892278   11.42%
   5751  3091        cutoff             21.0000       18.6009   892321   11.42%
   5752  3090        cutoff             21.0000       18.6019   892433   11.42%
   5753  3089        cutoff             21.0000       18.6019   892570   11.42%
   5754  3090       19.2667    31       21.0000       18.6019   893418   11.42%
   5755  3091       19.3159    33       21.0000       18.6019   893636   11.42%
   5756  3092       19.5265    30       21.0000       18.6019   893854   11.42%
   5757  3093       19.6481    28       21.0000       18.6019   893999   11.42%
Elapsed time = 26.93 sec. (36907.36 ticks, tree = 5.13 MB, solutions = 6)
   6292  3391       19.0000    41       21.0000       18.6563   988599   11.16%
   6293  3392       19.0000    37       21.0000       18.6563   989493   11.16%
   6294  3393       19.0000    34       21.0000       18.6563   989869   11.16%
   6295  3394       19.0000    31       21.0000       18.6563   990647   11.16%
   6296  3395       19.0043    31       21.0000       18.6563   991264   11.16%
   6297  3396       19.0105    31       21.0000       18.6563   991338   11.16%
   6298  3397       19.0151    27       21.0000       18.6563   991497   11.16%
   6299  3398       19.3180    37       21.0000       18.6563   992092   11.16%
   6300  3399       19.2623    36       21.0000       18.6563   992957   11.16%
   6301  3400       19.1410    31       21.0000       18.6563   993269   11.16%
Elapsed time = 29.90 sec. (40951.60 ticks, tree = 5.22 MB, solutions = 6)
   6691  3610        cutoff             21.0000       18.6817  1077748   11.04%
   6692  3609        cutoff             21.0000       18.6817  1077965   11.04%
   6693  3608        cutoff             21.0000       18.6824  1078198   11.04%
   6694  3607        cutoff             21.0000       18.6828  1078965   11.03%
   6695  3608       19.2117    38       21.0000       18.6835  1079772   11.03%
   6696  3609       19.2131    38       21.0000       18.6835  1080130   11.03%
   6697  3610       19.2536    35       21.0000       18.6835  1080162   11.03%
   6698  3611       19.6154    30       21.0000       18.6835  1080924   11.03%
   6699  3612       19.6154    29       21.0000       18.6835  1081092   11.03%
   6700  3613       19.6154    26       21.0000       18.6835  1081122   11.03%
Elapsed time = 32.80 sec. (44946.66 ticks, tree = 5.38 MB, solutions = 6)
   7130  3789       20.0000    20       21.0000       18.7255  1172616   10.83%
   7131  3790       19.3756    24       21.0000       18.7255  1172783   10.83%
   7132  3791       19.4154    24       21.0000       18.7255  1172894   10.83%
   7133  3792       19.4166    21       21.0000       18.7255  1172899   10.83%
   7134  3793       19.4174    21       21.0000       18.7255  1172917   10.83%
   7135  3794       19.4238    18       21.0000       18.7255  1172938   10.83%
   7136  3795       19.4304    19       21.0000       18.7255  1172997   10.83%
   7137  3796       19.4313    16       21.0000       18.7255  1173004   10.83%
   7138  3797       19.4473    24       21.0000       18.7255  1173067   10.83%
   7139  3798       19.4502    24       21.0000       18.7255  1173114   10.83%
Elapsed time = 35.60 sec. (48804.49 ticks, tree = 6.00 MB, solutions = 6)
   7618  4059       19.0479    34       21.0000       18.7673  1262411   10.63%
   7619  4060       19.2944    35       21.0000       18.7673  1262682   10.63%
   7620  4061       19.1546    36       21.0000       18.7673  1262857   10.63%
   7621  4062       19.4290    26       21.0000       18.7673  1263270   10.63%
   7622  4063       19.4813    26       21.0000       18.7673  1263539   10.63%
   7623  4064       19.4813    24       21.0000       18.7673  1263540   10.63%
   7624  4065       19.6183    14       21.0000       18.7673  1263786   10.63%
   7625  4066       19.6183    14       21.0000       18.7673  1263795   10.63%
   7626  4065        cutoff             21.0000       18.7673  1263822   10.63%
   7627  4066       19.6212    14       21.0000       18.7673  1263911   10.63%
Elapsed time = 38.48 sec. (52718.85 ticks, tree = 6.09 MB, solutions = 6)
   8105  4301       19.3012    29       21.0000       18.7972  1354682   10.49%
   8106  4302       19.5257    31       21.0000       18.7972  1354892   10.49%
   8107  4303       19.5465    30       21.0000       18.7972  1354924   10.49%
   8108  4304       19.5912    28       21.0000       18.7972  1355090   10.49%
   8109  4305       19.6186    28       21.0000       18.7972  1355256   10.49%
   8110  4306       19.6273    26       21.0000       18.7972  1355301   10.49%
   8111  4307       19.6580    27       21.0000       18.7972  1355387   10.49%
   8112  4306        cutoff             21.0000       18.7972  1355407   10.49%
   8113  4305        cutoff             21.0000       18.7972  1355430   10.49%
   8114  4306       19.8952    24       21.0000       18.7981  1356144   10.49%
Elapsed time = 41.35 sec. (56600.92 ticks, tree = 6.41 MB, solutions = 6)
   8632  4547       19.1163    27       21.0000       18.8461  1450605   10.26%
   8633  4548       19.2619    23       21.0000       18.8461  1450718   10.26%
   8634  4549       19.4254    25       21.0000       18.8461  1451161   10.26%
   8635  4550       19.4271    25       21.0000       18.8461  1451312   10.26%
   8636  4551       19.4299    22       21.0000       18.8461  1451324   10.26%
   8637  4552       19.5000    21       21.0000       18.8461  1451728   10.26%
   8638  4553       19.5703    20       21.0000       18.8461  1452061   10.26%
   8639  4554       19.5703    19       21.0000       18.8461  1452069   10.26%
   8640  4555       19.5724    18       21.0000       18.8461  1452171   10.26%
   8641  4556       19.7922    12       21.0000       18.8461  1452280   10.26%
Elapsed time = 44.20 sec. (60478.05 ticks, tree = 6.68 MB, solutions = 6)
   9140  4756        cutoff             21.0000       18.8962  1538580   10.02%
   9141  4755        cutoff             21.0000       18.8962  1539535   10.02%
   9142  4756       19.5627    30       21.0000       18.8977  1540306   10.01%
   9143  4757       19.5757    28       21.0000       18.8977  1540455   10.01%
   9144  4758       19.5884    26       21.0000       18.8977  1540505   10.01%
   9145  4757        cutoff             21.0000       18.8977  1540581   10.01%
   9146  4758       19.5905    23       21.0000       18.8977  1540583   10.01%
   9147  4759       19.7460    28       21.0000       18.8977  1541014   10.01%
   9148  4760       19.9612    22       21.0000       18.8977  1541670   10.01%
   9149  4759        cutoff             21.0000       18.8977  1541694   10.01%
Elapsed time = 47.46 sec. (64419.13 ticks, tree = 7.07 MB, solutions = 6)
   9583  4946       19.0340    36       21.0000       18.9359  1633931    9.83%
   9584  4947       19.1409    34       21.0000       18.9359  1634158    9.83%
   9585  4948       19.1414    34       21.0000       18.9359  1634280    9.83%
   9586  4949       19.4798    34       21.0000       18.9359  1634721    9.83%
   9587  4950       19.7093    31       21.0000       18.9359  1635324    9.83%
   9588  4951       19.8157    27       21.0000       18.9359  1635467    9.83%
   9589  4952       19.8588    28       21.0000       18.9359  1635679    9.83%
   9590  4953       19.8615    27       21.0000       18.9359  1635727    9.83%
   9591  4954       20.0000    17       21.0000       18.9359  1636241    9.83%
   9592  4955       20.0000    17       21.0000       18.9359  1636271    9.83%
Elapsed time = 50.72 sec. (68326.86 ticks, tree = 7.21 MB, solutions = 6)
  10074  5112       19.9314    34       21.0000       18.9823  1732117    9.61%
  10075  5111        cutoff             21.0000       18.9823  1732137    9.61%
  10076  5110        cutoff             21.0000       18.9823  1732178    9.61%
  10077  5111       19.6679    32       21.0000       18.9852  1732710    9.59%
  10078  5110        cutoff             21.0000       18.9852  1732929    9.59%
  10079  5109        cutoff             21.0000       18.9852  1732938    9.59%
  10080  5108        cutoff             21.0000       18.9856  1733199    9.59%
  10081  5109       19.0735    32       21.0000       18.9857  1733542    9.59%
  10082  5110       19.1947    21       21.0000       18.9857  1733652    9.59%
  10083  5111       19.2043    25       21.0000       18.9857  1733692    9.59%
Elapsed time = 53.61 sec. (72202.10 ticks, tree = 7.28 MB, solutions = 6)
* 10516+  135                           20.0000       19.0000             5.00%
  10516   134       19.3027    14       20.0000       19.0000  1812006    5.00%
  10517   133        cutoff             20.0000       19.0000  1813494    5.00%
  10518   132        cutoff             20.0000       19.0000  1813496    5.00%
  10519   131        cutoff             20.0000       19.0000  1814753    5.00%
  10520   130        cutoff             20.0000       19.0000  1815994    5.00%
  10521   129        cutoff             20.0000       19.0000  1816501    5.00%
  10522   128        cutoff             20.0000       19.0000  1816698    5.00%
  10523   127        cutoff             20.0000       19.0000  1817699    5.00%
  10524   126        cutoff             20.0000       19.0000  1819008    5.00%
  10525   125        cutoff             20.0000       19.0000  1820034    5.00%
Elapsed time = 59.94 sec. (80255.02 ticks, tree = 0.30 MB, solutions = 7)
  10624    75        cutoff             20.0000       19.0000  1894444    5.00%
  10625    74        cutoff             20.0000       19.0000  1895290    5.00%
  10626    75       19.0000    27       20.0000       19.0000  1896746    5.00%
  10627    74        cutoff             20.0000       19.0000  1897680    5.00%
  10628    73        cutoff             20.0000       19.0000  1898412    5.00%
  10629    72    infeasible             20.0000       19.0000  1898412    5.00%
  10630    71        cutoff             20.0000       19.0000  1899822    5.00%
  10631    70        cutoff             20.0000       19.0000  1900297    5.00%
  10632    69        cutoff             20.0000       19.0000  1901090    5.00%
  10633    68        cutoff             20.0000       19.0000  1901203    5.00%
Elapsed time = 62.98 sec. (84517.81 ticks, tree = 0.24 MB, solutions = 7)
  10723    37        cutoff             20.0000       19.0000  1975222    5.00%
  10724    36        cutoff             20.0000       19.0000  1975861    5.00%
  10725    35        cutoff             20.0000       19.0000  1976686    5.00%
  10726    34        cutoff             20.0000       19.0000  1976701    5.00%
  10727    33        cutoff             20.0000       19.0000  1978093    5.00%
  10728    32        cutoff             20.0000       19.0000  1978348    5.00%
  10729    32       19.0000    38       20.0000       19.0000  1979731    5.00%
  10730    31        cutoff             20.0000       19.0000  1980539    5.00%
  10731    32       19.0000    34       20.0000       19.0000  1981049    5.00%
  10732    31        cutoff             20.0000       19.0000  1981711    5.00%
Elapsed time = 66.01 sec. (88772.87 ticks, tree = 0.23 MB, solutions = 7)
  10824    15        cutoff             20.0000       19.0000  2054453    5.00%
  10825    14        cutoff             20.0000       19.0000  2055601    5.00%
  10826    13    infeasible             20.0000       19.0000  2055601    5.00%
  10827    12        cutoff             20.0000       19.0000  2055760    5.00%
  10828    11        cutoff             20.0000       19.0000  2057037    5.00%
  10829    10        cutoff             20.0000       19.0000  2059152    5.00%
  10830     9    infeasible             20.0000       19.0000  2059152    5.00%
  10831    10       19.0000    45       20.0000       19.0000  2060631    5.00%
  10832    11       19.0000    37       20.0000       19.0000  2061820    5.00%
  10833    12       19.0000    35       20.0000       19.0000  2061823    5.00%
Elapsed time = 69.10 sec. (93143.14 ticks, tree = 0.22 MB, solutions = 7)

GUB cover cuts applied:  1
Cover cuts applied:  39
Implied bound cuts applied:  219
Flow cuts applied:  234
Mixed integer rounding cuts applied:  225
Flow path cuts applied:  4
Zero-half cuts applied:  1
Lift and project cuts applied:  14
Gomory fractional cuts applied:  2

Root node processing (before b&c):
  Real time             =    0.47 sec. (600.56 ticks)
Sequential b&c:
  Real time             =   69.35 sec. (93552.04 ticks)
                          ------------
Total (root+branch&cut) =   69.82 sec. (94152.60 ticks)

Solution pool: 7 solutions saved.

MIP - Integer optimal solution:  Objective =  2.0000000000e+01
Solution time =   69.82 sec.  Iterations = 2082807  Nodes = 10864
Deterministic time = 94152.60 ticks  (1348.49 ticks/sec)


Incumbent solution written to file '/tmp/tmprxKUsx.cplex.sol'.

Log started (V12.6.3.0) Mon Jul 24 16:46:13 2017

New value for default parallel thread count: 1

Problem '/tmp/tmpNe6CTb.pyomo.lp' read.
Read time = 0.00 sec. (0.13 ticks)

Problem name         : /tmp/tmpNe6CTb.pyomo.lp
Objective sense      : Minimize
Variables            :    1702  [Nneg: 1611,  Binary: 90,  General Integer: 1]
Objective nonzeros   :       1
Linear constraints   :     398  [Less: 90,  Equal: 308]
  Nonzeros           :    4835
  RHS nonzeros       :     128

Variables            : Min LB: 0.000000         Max UB: 1.000000       
Objective nonzeros   : Min   : 1.000000         Max   : 1.000000       
Linear constraints   :
  Nonzeros           : Min   : 1.000000         Max   : 500.0000       
  RHS nonzeros       : Min   : 1.000000         Max   : 196.0000       
Tried aggregator 2 times.
MIP Presolve eliminated 149 rows and 1088 columns.
Aggregator did 43 substitutions.
Reduced MIP has 206 rows, 571 columns, and 1481 nonzeros.
Reduced MIP has 82 binaries, 0 generals, 0 SOSs, and 0 indicators.
Presolve time = 0.00 sec. (1.98 ticks)
Found incumbent of value 83.000000 after 0.00 sec. (3.78 ticks)
Probing time = 0.00 sec. (0.07 ticks)
Tried aggregator 1 time.
MIP Presolve eliminated 2 rows and 0 columns.
MIP Presolve added 4 rows and 0 columns.
Reduced MIP has 208 rows, 571 columns, and 1483 nonzeros.
Reduced MIP has 82 binaries, 0 generals, 0 SOSs, and 0 indicators.
Presolve time = 0.00 sec. (0.67 ticks)
Probing time = 0.00 sec. (0.07 ticks)
Clique table members: 2.
MIP emphasis: balance optimality and feasibility.
MIP search method: dynamic search.
Parallel mode: none, using 1 thread.
Root relaxation solution time = 0.00 sec. (2.49 ticks)

        Nodes                                         Cuts/
   Node  Left     Objective  IInf  Best Integer    Best Bound    ItCnt     Gap

*     0+    0                           83.0000        1.0000            98.80%
      0     0       12.7553    23       83.0000       12.7553      303   84.63%
*     0+    0                           28.0000       12.7553            54.45%
      0     0       14.1928    29       28.0000     Cuts: 152      837   49.31%
      0     0       15.5314    47       28.0000     Cuts: 152     1295   44.53%
      0     0       15.9098    43       28.0000     Cuts: 152     1545   43.18%
      0     0       16.3327    45       28.0000     Cuts: 152     1978   41.67%
      0     0       16.4607    47       28.0000     Cuts: 152     2249   41.21%
      0     0       16.5304    47       28.0000     Cuts: 152     2487   40.96%
      0     0       16.5828    46       28.0000     Cuts: 152     2738   40.78%
      0     0       16.5869    48       28.0000     Cuts: 152     3042   40.76%
      0     0       16.5968    47       28.0000     Cuts: 152     3319   40.73%
      0     0       16.6046    52       28.0000     Cuts: 152     3651   40.70%
      0     0       16.6102    45       28.0000     Cuts: 152     3890   40.68%
      0     0       16.6193    45       28.0000     Cuts: 152     4086   40.65%
      0     0       16.7493    49       28.0000     Cuts: 152     4586   40.18%
      0     0       16.7932    49       28.0000     Cuts: 152     4731   40.02%
      0     0       16.8083    51       28.0000     Cuts: 152     4909   39.97%
      0     0       16.8207    49       28.0000     Cuts: 152     4996   39.93%
      0     0       16.8319    50       28.0000     Cuts: 152     5200   39.89%
      0     0       16.8448    49       28.0000     Cuts: 152     5297   39.84%
      0     0       16.8690    48       28.0000     Cuts: 152     5415   39.75%
      0     0       16.9079    50       28.0000     Cuts: 152     5594   39.61%
      0     0       16.9258    49       28.0000     Cuts: 152     5676   39.55%
      0     0       16.9866    51       28.0000     Cuts: 139     5904   39.33%
      0     0       16.9976    45       28.0000     Cuts: 152     6004   39.29%
      0     0       17.0116    46       28.0000     Cuts: 152     6071   39.24%
      0     0       17.0121    47       28.0000     Cuts: 152     6166   39.24%
      0     0       17.0137    46       28.0000     Cuts: 152     6284   39.24%
*     0+    0                           24.0000       17.0137            29.11%
      0     2       17.0137    45       24.0000       17.0137     6284   29.11%
Elapsed time = 0.46 sec. (600.55 ticks, tree = 0.01 MB, solutions = 3)
*    70+   64                           23.0000       17.0150            26.02%
     81    71       17.7276    36       23.0000       17.0892    13926   25.70%
     82    72       17.7792    33       23.0000       17.0892    13933   25.70%
     83    73       17.7979    31       23.0000       17.0892    13965   25.70%
     84    74       17.8954    33       23.0000       17.0892    14050   25.70%
     85    75       17.8617    30       23.0000       17.0892    14171   25.70%
     86    76       17.8625    30       23.0000       17.0892    14175   25.70%
     87    77       18.3222    27       23.0000       17.0892    14322   25.70%
     88    78       18.2171    25       23.0000       17.0892    14544   25.70%
     89    79       18.1610    26       23.0000       17.0892    14695   25.70%
*   110+   90                           22.0000       17.0892            22.32%
*   210+  149                           21.0000       17.0949            18.60%
    311   232       17.1785    46       21.0000       17.1583    36577   18.29%
Elapsed time = 1.18 sec. (1560.59 ticks, tree = 0.14 MB, solutions = 6)
    654   501       17.9930    27       21.0000       17.2234    62020   17.98%
    655   502       17.9991    28       21.0000       17.2234    62036   17.98%
    656   503       17.9992    26       21.0000       17.2234    62039   17.98%
    657   504       18.0845    22       21.0000       17.2234    62099   17.98%
    658   505       18.3307    26       21.0000       17.2234    62214   17.98%
    659   506       18.3470    25       21.0000       17.2234    62229   17.98%
    660   507       18.3607    25       21.0000       17.2234    62253   17.98%
    661   508       19.1091    22       21.0000       17.2234    62343   17.98%
    662   509       19.1257    21       21.0000       17.2234    62351   17.98%
    663   510       19.1277    21       21.0000       17.2234    62354   17.98%
Elapsed time = 1.87 sec. (2530.74 ticks, tree = 1.02 MB, solutions = 6)

Cover cuts applied:  13
Implied bound cuts applied:  205
Flow cuts applied:  52
Mixed integer rounding cuts applied:  43

Root node processing (before b&c):
  Real time             =    0.46 sec. (600.54 ticks)
Sequential b&c:
  Real time             =    1.54 sec. (2119.95 ticks)
                          ------------
Total (root+branch&cut) =    2.00 sec. (2720.49 ticks)

Solution pool: 6 solutions saved.

MIP - Time limit exceeded, integer feasible:  Objective =  2.1000000000e+01
Current MIP best bound =  1.7247403061e+01 (gap = 3.7526, 17.87%)
Solution time =    2.00 sec.  Iterations = 67475  Nodes = 725 (558)
Deterministic time = 2720.49 ticks  (1359.99 ticks/sec)


Incumbent solution written to file '/tmp/tmpA2RP8a.cplex.sol'.

Log started (V12.6.3.0) Mon Jul 24 16:59:09 2017

New value for default parallel thread count: 1

Problem '/tmp/tmpMyIGPW.pyomo.lp' read.
Read time = 0.00 sec. (0.13 ticks)

Problem name         : /tmp/tmpMyIGPW.pyomo.lp
Objective sense      : Minimize
Variables            :    1702  [Nneg: 1611,  Binary: 90,  General Integer: 1]
Objective nonzeros   :       1
Linear constraints   :     398  [Less: 90,  Equal: 308]
  Nonzeros           :    4835
  RHS nonzeros       :     128

Variables            : Min LB: 0.000000         Max UB: 1.000000       
Objective nonzeros   : Min   : 1.000000         Max   : 1.000000       
Linear constraints   :
  Nonzeros           : Min   : 1.000000         Max   : 500.0000       
  RHS nonzeros       : Min   : 1.000000         Max   : 196.0000       
Tried aggregator 2 times.
MIP Presolve eliminated 149 rows and 1088 columns.
Aggregator did 43 substitutions.
Reduced MIP has 206 rows, 571 columns, and 1481 nonzeros.
Reduced MIP has 82 binaries, 0 generals, 0 SOSs, and 0 indicators.
Presolve time = 0.00 sec. (1.98 ticks)
Found incumbent of value 83.000000 after 0.00 sec. (3.78 ticks)
Probing time = 0.00 sec. (0.07 ticks)
Tried aggregator 1 time.
MIP Presolve eliminated 2 rows and 0 columns.
MIP Presolve added 4 rows and 0 columns.
Reduced MIP has 208 rows, 571 columns, and 1483 nonzeros.
Reduced MIP has 82 binaries, 0 generals, 0 SOSs, and 0 indicators.
Presolve time = 0.00 sec. (0.67 ticks)
Probing time = 0.00 sec. (0.07 ticks)
Clique table members: 2.
MIP emphasis: balance optimality and feasibility.
MIP search method: dynamic search.
Parallel mode: none, using 1 thread.
Root relaxation solution time = 0.00 sec. (2.49 ticks)

        Nodes                                         Cuts/
   Node  Left     Objective  IInf  Best Integer    Best Bound    ItCnt     Gap

*     0+    0                           83.0000        1.0000            98.80%
      0     0       12.7553    23       83.0000       12.7553      303   84.63%
*     0+    0                           28.0000       12.7553            54.45%
      0     0       14.1928    29       28.0000     Cuts: 152      837   49.31%
      0     0       15.5314    47       28.0000     Cuts: 152     1295   44.53%
      0     0       15.9098    43       28.0000     Cuts: 152     1545   43.18%
      0     0       16.3327    45       28.0000     Cuts: 152     1978   41.67%
      0     0       16.4607    47       28.0000     Cuts: 152     2249   41.21%
      0     0       16.5304    47       28.0000     Cuts: 152     2487   40.96%
      0     0       16.5828    46       28.0000     Cuts: 152     2738   40.78%
      0     0       16.5869    48       28.0000     Cuts: 152     3042   40.76%
      0     0       16.5968    47       28.0000     Cuts: 152     3319   40.73%
      0     0       16.6046    52       28.0000     Cuts: 152     3651   40.70%
      0     0       16.6102    45       28.0000     Cuts: 152     3890   40.68%
      0     0       16.6193    45       28.0000     Cuts: 152     4086   40.65%
      0     0       16.7493    49       28.0000     Cuts: 152     4586   40.18%
      0     0       16.7932    49       28.0000     Cuts: 152     4731   40.02%
      0     0       16.8083    51       28.0000     Cuts: 152     4909   39.97%
      0     0       16.8207    49       28.0000     Cuts: 152     4996   39.93%
      0     0       16.8319    50       28.0000     Cuts: 152     5200   39.89%
      0     0       16.8448    49       28.0000     Cuts: 152     5297   39.84%
      0     0       16.8690    48       28.0000     Cuts: 152     5415   39.75%
      0     0       16.9079    50       28.0000     Cuts: 152     5594   39.61%
      0     0       16.9258    49       28.0000     Cuts: 152     5676   39.55%
      0     0       16.9866    51       28.0000     Cuts: 139     5904   39.33%
      0     0       16.9976    45       28.0000     Cuts: 152     6004   39.29%
      0     0       17.0116    46       28.0000     Cuts: 152     6071   39.24%
      0     0       17.0121    47       28.0000     Cuts: 152     6166   39.24%
      0     0       17.0137    46       28.0000     Cuts: 152     6284   39.24%
*     0+    0                           24.0000       17.0137            29.11%
      0     2       17.0137    45       24.0000       17.0137     6284   29.11%
Elapsed time = 0.46 sec. (600.55 ticks, tree = 0.01 MB, solutions = 3)
*    70+   64                           23.0000       17.0150            26.02%
     81    71       17.7276    36       23.0000       17.0892    13926   25.70%
     82    72       17.7792    33       23.0000       17.0892    13933   25.70%
     83    73       17.7979    31       23.0000       17.0892    13965   25.70%
     84    74       17.8954    33       23.0000       17.0892    14050   25.70%
     85    75       17.8617    30       23.0000       17.0892    14171   25.70%
     86    76       17.8625    30       23.0000       17.0892    14175   25.70%
     87    77       18.3222    27       23.0000       17.0892    14322   25.70%
     88    78       18.2171    25       23.0000       17.0892    14544   25.70%
     89    79       18.1610    26       23.0000       17.0892    14695   25.70%
*   110+   90                           22.0000       17.0892            22.32%
*   210+  149                           21.0000       17.0949            18.60%
    311   232       17.1785    46       21.0000       17.1583    36577   18.29%
Elapsed time = 1.18 sec. (1560.59 ticks, tree = 0.14 MB, solutions = 6)
    654   501       17.9930    27       21.0000       17.2234    62020   17.98%
    655   502       17.9991    28       21.0000       17.2234    62036   17.98%
    656   503       17.9992    26       21.0000       17.2234    62039   17.98%
    657   504       18.0845    22       21.0000       17.2234    62099   17.98%
    658   505       18.3307    26       21.0000       17.2234    62214   17.98%
    659   506       18.3470    25       21.0000       17.2234    62229   17.98%
    660   507       18.3607    25       21.0000       17.2234    62253   17.98%
    661   508       19.1091    22       21.0000       17.2234    62343   17.98%
    662   509       19.1257    21       21.0000       17.2234    62351   17.98%
    663   510       19.1277    21       21.0000       17.2234    62354   17.98%
Elapsed time = 1.88 sec. (2530.74 ticks, tree = 1.02 MB, solutions = 6)
    932   734       18.6926    29       21.0000       17.2612    86185   17.80%
    933   735       18.6926    28       21.0000       17.2612    86186   17.80%
    934   736       18.6926    27       21.0000       17.2612    86206   17.80%
    935   737       18.7165    24       21.0000       17.2612    86431   17.80%
    936   738       18.7166    25       21.0000       17.2612    86433   17.80%
    937   739       18.7234    26       21.0000       17.2612    86451   17.80%
    938   740       18.9499    20       21.0000       17.2612    86608   17.80%
    939   741       18.9499    20       21.0000       17.2612    86726   17.80%
    940   742       19.1638    18       21.0000       17.2612    86992   17.80%
    941   743       19.6638    16       21.0000       17.2612    86994   17.80%
Elapsed time = 2.57 sec. (3520.16 ticks, tree = 1.73 MB, solutions = 6)

GUB cover cuts applied:  1
Cover cuts applied:  19
Implied bound cuts applied:  77
Flow cuts applied:  30
Mixed integer rounding cuts applied:  22
Lift and project cuts applied:  4

Root node processing (before b&c):
  Real time             =    0.46 sec. (600.53 ticks)
Sequential b&c:
  Real time             =    2.54 sec. (3378.40 ticks)
                          ------------
Total (root+branch&cut) =    3.00 sec. (3978.93 ticks)

Solution pool: 6 solutions saved.

MIP - Time limit exceeded, integer feasible:  Objective =  2.1000000000e+01
Current MIP best bound =  1.7261216774e+01 (gap = 3.73878, 17.80%)
Solution time =    3.00 sec.  Iterations = 89569  Nodes = 956 (756)
Deterministic time = 3978.93 ticks  (1326.20 ticks/sec)


Incumbent solution written to file '/tmp/tmpwhcR0f.cplex.sol'.

Log started (V12.6.3.0) Wed Jul 26 17:50:45 2017

New value for default parallel thread count: 1

Problem '/tmp/tmpV2Vjoo.pyomo.lp' read.
Read time = 0.00 sec. (0.13 ticks)

Problem name         : /tmp/tmpV2Vjoo.pyomo.lp
Objective sense      : Minimize
Variables            :    1702  [Nneg: 1611,  Binary: 90,  General Integer: 1]
Objective nonzeros   :       1
Linear constraints   :     398  [Less: 90,  Equal: 308]
  Nonzeros           :    4835
  RHS nonzeros       :     128

Variables            : Min LB: 0.000000         Max UB: 1.000000       
Objective nonzeros   : Min   : 1.000000         Max   : 1.000000       
Linear constraints   :
  Nonzeros           : Min   : 1.000000         Max   : 500.0000       
  RHS nonzeros       : Min   : 1.000000         Max   : 196.0000       
Tried aggregator 2 times.
MIP Presolve eliminated 149 rows and 1088 columns.
Aggregator did 43 substitutions.
Reduced MIP has 206 rows, 571 columns, and 1481 nonzeros.
Reduced MIP has 82 binaries, 0 generals, 0 SOSs, and 0 indicators.
Presolve time = 0.01 sec. (1.98 ticks)
Found incumbent of value 83.000000 after 0.02 sec. (3.78 ticks)
Probing time = 0.00 sec. (0.07 ticks)
Tried aggregator 1 time.
MIP Presolve eliminated 2 rows and 0 columns.
MIP Presolve added 4 rows and 0 columns.
Reduced MIP has 208 rows, 571 columns, and 1483 nonzeros.
Reduced MIP has 82 binaries, 0 generals, 0 SOSs, and 0 indicators.
Presolve time = 0.00 sec. (0.67 ticks)
Probing time = 0.00 sec. (0.07 ticks)
Clique table members: 2.
MIP emphasis: balance optimality and feasibility.
MIP search method: dynamic search.
Parallel mode: none, using 1 thread.
Root relaxation solution time = 0.00 sec. (2.49 ticks)

        Nodes                                         Cuts/
   Node  Left     Objective  IInf  Best Integer    Best Bound    ItCnt     Gap

*     0+    0                           83.0000        1.0000            98.80%
      0     0       12.7553    23       83.0000       12.7553      303   84.63%
*     0+    0                           28.0000       12.7553            54.45%
      0     0       14.1928    29       28.0000     Cuts: 152      837   49.31%
      0     0       15.5314    47       28.0000     Cuts: 152     1295   44.53%
      0     0       15.9098    43       28.0000     Cuts: 152     1545   43.18%
      0     0       16.3327    45       28.0000     Cuts: 152     1978   41.67%
      0     0       16.4607    47       28.0000     Cuts: 152     2249   41.21%
      0     0       16.5304    47       28.0000     Cuts: 152     2487   40.96%
      0     0       16.5828    46       28.0000     Cuts: 152     2738   40.78%
      0     0       16.5869    48       28.0000     Cuts: 152     3042   40.76%
      0     0       16.5968    47       28.0000     Cuts: 152     3319   40.73%
      0     0       16.6046    52       28.0000     Cuts: 152     3651   40.70%
      0     0       16.6102    45       28.0000     Cuts: 152     3890   40.68%
      0     0       16.6193    45       28.0000     Cuts: 152     4086   40.65%
      0     0       16.7493    49       28.0000     Cuts: 152     4586   40.18%
      0     0       16.7932    49       28.0000     Cuts: 152     4731   40.02%
      0     0       16.8083    51       28.0000     Cuts: 152     4909   39.97%
      0     0       16.8207    49       28.0000     Cuts: 152     4996   39.93%
      0     0       16.8319    50       28.0000     Cuts: 152     5200   39.89%
      0     0       16.8448    49       28.0000     Cuts: 152     5297   39.84%
      0     0       16.8690    48       28.0000     Cuts: 152     5415   39.75%
      0     0       16.9079    50       28.0000     Cuts: 152     5594   39.61%
      0     0       16.9258    49       28.0000     Cuts: 152     5676   39.55%
      0     0       16.9866    51       28.0000     Cuts: 139     5904   39.33%
      0     0       16.9976    45       28.0000     Cuts: 152     6004   39.29%
      0     0       17.0116    46       28.0000     Cuts: 152     6071   39.24%
      0     0       17.0121    47       28.0000     Cuts: 152     6166   39.24%
      0     0       17.0137    46       28.0000     Cuts: 152     6284   39.24%
*     0+    0                           24.0000       17.0137            29.11%
      0     2       17.0137    45       24.0000       17.0137     6284   29.11%
Elapsed time = 0.47 sec. (600.55 ticks, tree = 0.01 MB, solutions = 3)
*    70+   64                           23.0000       17.0150            26.02%
     81    71       17.7276    36       23.0000       17.0892    13926   25.70%
     82    72       17.7792    33       23.0000       17.0892    13933   25.70%
     83    73       17.7979    31       23.0000       17.0892    13965   25.70%
     84    74       17.8954    33       23.0000       17.0892    14050   25.70%
     85    75       17.8617    30       23.0000       17.0892    14171   25.70%
     86    76       17.8625    30       23.0000       17.0892    14175   25.70%
     87    77       18.3222    27       23.0000       17.0892    14322   25.70%
     88    78       18.2171    25       23.0000       17.0892    14544   25.70%
     89    79       18.1610    26       23.0000       17.0892    14695   25.70%
*   110+   90                           22.0000       17.0892            22.32%
*   210+  149                           21.0000       17.0949            18.60%
    311   232       17.1785    46       21.0000       17.1583    36577   18.29%
Elapsed time = 1.19 sec. (1560.59 ticks, tree = 0.14 MB, solutions = 6)
    654   501       17.9930    27       21.0000       17.2234    62020   17.98%
    655   502       17.9991    28       21.0000       17.2234    62036   17.98%
    656   503       17.9992    26       21.0000       17.2234    62039   17.98%
    657   504       18.0845    22       21.0000       17.2234    62099   17.98%
    658   505       18.3307    26       21.0000       17.2234    62214   17.98%
    659   506       18.3470    25       21.0000       17.2234    62229   17.98%
    660   507       18.3607    25       21.0000       17.2234    62253   17.98%
    661   508       19.1091    22       21.0000       17.2234    62343   17.98%
    662   509       19.1257    21       21.0000       17.2234    62351   17.98%
    663   510       19.1277    21       21.0000       17.2234    62354   17.98%
Elapsed time = 1.89 sec. (2530.74 ticks, tree = 1.02 MB, solutions = 6)
    932   734       18.6926    29       21.0000       17.2612    86185   17.80%
    933   735       18.6926    28       21.0000       17.2612    86186   17.80%
    934   736       18.6926    27       21.0000       17.2612    86206   17.80%
    935   737       18.7165    24       21.0000       17.2612    86431   17.80%
    936   738       18.7166    25       21.0000       17.2612    86433   17.80%
    937   739       18.7234    26       21.0000       17.2612    86451   17.80%
    938   740       18.9499    20       21.0000       17.2612    86608   17.80%
    939   741       18.9499    20       21.0000       17.2612    86726   17.80%
    940   742       19.1638    18       21.0000       17.2612    86992   17.80%
    941   743       19.6638    16       21.0000       17.2612    86994   17.80%
Elapsed time = 2.59 sec. (3520.16 ticks, tree = 1.73 MB, solutions = 6)
    989   714       19.9731    20       21.0000       17.3304    93036   17.47%
    990   714       19.9763    20       21.0000       17.3304    93042   17.47%
    991   686        cutoff             21.0000       17.3304    93045   17.47%
    992   687       17.4345    39       21.0000       17.3352    93378   17.45%
    993   687       17.4737    41       21.0000       17.3352    93495   17.45%
    994   687       18.0940    36       21.0000       17.3352    93830   17.45%
    995   688       17.4795    40       21.0000       17.3352    93933   17.45%
    996   689       17.4965    37       21.0000       17.3352    93964   17.45%
    997   689       17.5516    35       21.0000       17.3352    94016   17.45%
    998   689       17.7242    38       21.0000       17.3352    94240   17.45%
Elapsed time = 3.38 sec. (4529.36 ticks, tree = 1.56 MB, solutions = 6)
   1239   680       18.5895    27       21.0000       17.7610   119160   15.42%
   1240   680       19.3665    31       21.0000       17.7610   119330   15.42%
   1241   681       18.6179    26       21.0000       17.7610   119438   15.42%
   1242   682       19.2381    25       21.0000       17.7610   119675   15.42%
   1243   682       18.6267    27       21.0000       17.7610   119749   15.42%
   1244   683       18.6297    26       21.0000       17.7610   119772   15.42%
   1245   684       18.6698    32       21.0000       17.7610   119825   15.42%
   1246   684       19.2153    27       21.0000       17.7610   120077   15.42%
   1247   685       18.7307    32       21.0000       17.7610   120219   15.42%
   1248   686       19.4104    27       21.0000       17.7610   120427   15.42%
Elapsed time = 4.11 sec. (5517.07 ticks, tree = 1.18 MB, solutions = 6)
   1392   722       18.4324    32       21.0000       17.7839   139350   15.31%
   1393   722       18.5333    29       21.0000       17.7839   139721   15.31%
   1394   723       18.5000    35       21.0000       17.7839   140249   15.31%
   1395   724       18.6667    28       21.0000       17.7839   140492   15.31%
   1396   725       18.6667    29       21.0000       17.7839   140628   15.31%
   1397   725       19.0606    24       21.0000       17.7839   141348   15.31%
   1398   725       18.8810    30       21.0000       17.7839   141681   15.31%
   1399   726       19.0260    32       21.0000       17.7839   142170   15.31%
   1400   727       19.0900    24       21.0000       17.7839   142533   15.31%
   1401   728       19.0979    24       21.0000       17.7839   142538   15.31%
Elapsed time = 4.89 sec. (6593.15 ticks, tree = 1.09 MB, solutions = 6)
   1622   773       19.0026    23       21.0000       17.9370   170258   14.59%
   1623   774       19.0035    24       21.0000       17.9370   170291   14.59%
   1624   775       19.0055    33       21.0000       17.9370   170520   14.59%
   1625   775       19.0167    34       21.0000       17.9370   170800   14.59%
   1626   775       19.0167    32       21.0000       17.9370   170934   14.59%
   1627   776       19.0167    30       21.0000       17.9370   170976   14.59%
   1628   776       19.0169    29       21.0000       17.9370   170981   14.59%
   1629   777       19.0169    29       21.0000       17.9370   171005   14.59%
   1630   778       19.1450    23       21.0000       17.9370   171391   14.59%
   1631   778       19.2274    23       21.0000       17.9370   171709   14.59%
Elapsed time = 5.64 sec. (7603.53 ticks, tree = 0.91 MB, solutions = 6)
   1801   828       19.1065    32       21.0000       18.0000   198219   14.29%
   1802   829       19.1214    31       21.0000       18.0000   198321   14.29%
   1803   829       19.1297    25       21.0000       18.0000   198540   14.29%
   1804   829       19.2003    27       21.0000       18.0000   198720   14.29%
   1805   830       19.3005    25       21.0000       18.0000   199171   14.29%
   1806   830       19.3046    24       21.0000       18.0000   199210   14.29%
   1807   831       19.3246    23       21.0000       18.0000   199246   14.29%
   1808   832       19.4333    25       21.0000       18.0000   199393   14.29%
   1809   832       19.4360    24       21.0000       18.0000   199396   14.29%
   1810   832       19.4367    24       21.0000       18.0000   199397   14.29%
Elapsed time = 6.38 sec. (8601.26 ticks, tree = 0.77 MB, solutions = 6)
   1958   867       19.5118    25       21.0000       18.0087   226487   14.24%
   1959   867       19.5118    26       21.0000       18.0087   226500   14.24%
   1960   868       19.5135    19       21.0000       18.0087   226521   14.24%
   1961   869       19.5266    17       21.0000       18.0087   226541   14.24%
   1962   870       19.5379    16       21.0000       18.0087   226565   14.24%
   1963   871       19.5798    14       21.0000       18.0087   226650   14.24%
   1964   871       19.7770    12       21.0000       18.0087   226776   14.24%
   1965   872       19.7073    10       21.0000       18.0087   226886   14.24%
   1966   872       19.7391     6       21.0000       18.0087   226916   14.24%
   1967   873       19.7861     5       21.0000       18.0087   226958   14.24%
Elapsed time = 7.10 sec. (9582.92 ticks, tree = 0.65 MB, solutions = 6)
   2134   912       18.5582    37       21.0000       18.0323   253446   14.13%
   2135   913       18.5679    37       21.0000       18.0323   253471   14.13%
   2136   913       18.8170    40       21.0000       18.0323   253642   14.13%
   2137   913       18.8391    40       21.0000       18.0323   253704   14.13%
   2138   913       18.8442    35       21.0000       18.0323   253733   14.13%
   2139   913       19.0081    35       21.0000       18.0323   253884   14.13%
   2140   914       19.0752    34       21.0000       18.0323   253931   14.13%
   2141   915       19.0809    26       21.0000       18.0323   253954   14.13%
   2142   916       19.1159    28       21.0000       18.0323   254034   14.13%
   2549  1186       18.6882    34       21.0000       18.1377   325872   13.63%
Elapsed time = 9.92 sec. (13419.23 ticks, tree = 0.87 MB, solutions = 6)
   3106  1562       18.6589    32       21.0000       18.2389   425621   13.15%
   3107  1563       18.8756    30       21.0000       18.2389   425844   13.15%
   3108  1564       18.9378    34       21.0000       18.2389   425901   13.15%
   3109  1565       19.0634    27       21.0000       18.2389   426006   13.15%
   3110  1566       19.6278    27       21.0000       18.2389   426332   13.15%
   3111  1567       19.6278    26       21.0000       18.2389   426343   13.15%
   3112  1567       19.7995    26       21.0000       18.2389   426618   13.15%
   3113  1567       19.8167    22       21.0000       18.2389   426638   13.15%
   3114  1566        cutoff             21.0000       18.2389   426719   13.15%
   3115  1567       18.2389    40       21.0000       18.2389   427033   13.15%
Elapsed time = 12.83 sec. (17366.36 ticks, tree = 1.26 MB, solutions = 6)
   3580  1834       19.0000    36       21.0000       18.3369   523888   12.68%
   3581  1835       19.2105    36       21.0000       18.3369   524313   12.68%
   3582  1836       19.2105    31       21.0000       18.3369   524344   12.68%
   3583  1837       19.2146    34       21.0000       18.3369   524820   12.68%
   3584  1838       19.2150    34       21.0000       18.3369   524838   12.68%
   3585  1839       19.2151    26       21.0000       18.3369   524847   12.68%
   3586  1840       19.2277    28       21.0000       18.3369   524909   12.68%
   3587  1841       19.2369    32       21.0000       18.3369   524977   12.68%
   3588  1842       19.3591    13       21.0000       18.3369   525069   12.68%
   3589  1843       19.3816    31       21.0000       18.3369   525174   12.68%
Elapsed time = 15.68 sec. (21240.35 ticks, tree = 1.43 MB, solutions = 6)
   4189  2208        cutoff             21.0000       18.4247   622989   12.26%
   4190  2209       19.7004    15       21.0000       18.4247   623166   12.26%
   4191  2210       19.7150    16       21.0000       18.4247   623188   12.26%
   4192  2211       19.7260    17       21.0000       18.4247   623194   12.26%
   4193  2212       19.7260    16       21.0000       18.4247   623198   12.26%
   4194  2211        cutoff             21.0000       18.4247   623200   12.26%
   4195  2212       19.8865    18       21.0000       18.4247   623392   12.26%
   4196  2213       19.8870    17       21.0000       18.4247   623402   12.26%
   4197  2212        cutoff             21.0000       18.4247   623538   12.26%
   4198  2213       19.8911    17       21.0000       18.4247   623594   12.26%
Elapsed time = 18.46 sec. (25082.10 ticks, tree = 2.03 MB, solutions = 6)
   4794  2562       18.5000    36       21.0000       18.5000   696687   11.90%
   4795  2563       18.5000    33       21.0000       18.5000   696719   11.90%
   4796  2564       18.5000    34       21.0000       18.5000   696919   11.90%
   4797  2565       18.7102    33       21.0000       18.5000   697631   11.90%
   4798  2566       19.5172    30       21.0000       18.5000   697922   11.90%
   4799  2567       19.5326    29       21.0000       18.5000   697946   11.90%
   4800  2566       19.7212    27       21.0000       18.5000   698077   11.90%
   4801  2565        cutoff             21.0000       18.5000   698223   11.90%
   4802  2566       19.5000    27       21.0000       18.5000   699180   11.90%
   4803  2567       20.0000    23       21.0000       18.5000   699470   11.90%
Elapsed time = 21.24 sec. (29069.78 ticks, tree = 4.25 MB, solutions = 6)
   5291  2851       19.4173    40       21.0000       18.5541   796643   11.65%
   5292  2852       19.4330    32       21.0000       18.5541   796951   11.65%
   5293  2853       19.5166    30       21.0000       18.5541   797016   11.65%
   5294  2854       19.8045    31       21.0000       18.5541   797758   11.65%
   5295  2855       19.8438    32       21.0000       18.5541   798027   11.65%
   5296  2854        cutoff             21.0000       18.5541   798062   11.65%
   5297  2853        cutoff             21.0000       18.5541   798082   11.65%
   5298  2854       18.9385    38       21.0000       18.5556   799051   11.64%
   5299  2855       18.9444    35       21.0000       18.5556   799092   11.64%
   5300  2856       18.9990    36       21.0000       18.5556   799182   11.64%
Elapsed time = 24.14 sec. (33005.83 ticks, tree = 4.55 MB, solutions = 6)
   5748  3092       19.0221    26       21.0000       18.6009   891777   11.42%
   5749  3093       19.0735    26       21.0000       18.6009   892230   11.42%
   5750  3092        cutoff             21.0000       18.6009   892278   11.42%
   5751  3091        cutoff             21.0000       18.6009   892321   11.42%
   5752  3090        cutoff             21.0000       18.6019   892433   11.42%
   5753  3089        cutoff             21.0000       18.6019   892570   11.42%
   5754  3090       19.2667    31       21.0000       18.6019   893418   11.42%
   5755  3091       19.3159    33       21.0000       18.6019   893636   11.42%
   5756  3092       19.5265    30       21.0000       18.6019   893854   11.42%
   5757  3093       19.6481    28       21.0000       18.6019   893999   11.42%
Elapsed time = 26.99 sec. (36907.36 ticks, tree = 5.13 MB, solutions = 6)
   6292  3391       19.0000    41       21.0000       18.6563   988599   11.16%
   6293  3392       19.0000    37       21.0000       18.6563   989493   11.16%
   6294  3393       19.0000    34       21.0000       18.6563   989869   11.16%
   6295  3394       19.0000    31       21.0000       18.6563   990647   11.16%
   6296  3395       19.0043    31       21.0000       18.6563   991264   11.16%
   6297  3396       19.0105    31       21.0000       18.6563   991338   11.16%
   6298  3397       19.0151    27       21.0000       18.6563   991497   11.16%
   6299  3398       19.3180    37       21.0000       18.6563   992092   11.16%
   6300  3399       19.2623    36       21.0000       18.6563   992957   11.16%
   6301  3400       19.1410    31       21.0000       18.6563   993269   11.16%
Elapsed time = 29.97 sec. (40951.60 ticks, tree = 5.22 MB, solutions = 6)
   6691  3610        cutoff             21.0000       18.6817  1077748   11.04%
   6692  3609        cutoff             21.0000       18.6817  1077965   11.04%
   6693  3608        cutoff             21.0000       18.6824  1078198   11.04%
   6694  3607        cutoff             21.0000       18.6828  1078965   11.03%
   6695  3608       19.2117    38       21.0000       18.6835  1079772   11.03%
   6696  3609       19.2131    38       21.0000       18.6835  1080130   11.03%
   6697  3610       19.2536    35       21.0000       18.6835  1080162   11.03%
   6698  3611       19.6154    30       21.0000       18.6835  1080924   11.03%
   6699  3612       19.6154    29       21.0000       18.6835  1081092   11.03%
   6700  3613       19.6154    26       21.0000       18.6835  1081122   11.03%
Elapsed time = 32.88 sec. (44946.66 ticks, tree = 5.38 MB, solutions = 6)
   7130  3789       20.0000    20       21.0000       18.7255  1172616   10.83%
   7131  3790       19.3756    24       21.0000       18.7255  1172783   10.83%
   7132  3791       19.4154    24       21.0000       18.7255  1172894   10.83%
   7133  3792       19.4166    21       21.0000       18.7255  1172899   10.83%
   7134  3793       19.4174    21       21.0000       18.7255  1172917   10.83%
   7135  3794       19.4238    18       21.0000       18.7255  1172938   10.83%
   7136  3795       19.4304    19       21.0000       18.7255  1172997   10.83%
   7137  3796       19.4313    16       21.0000       18.7255  1173004   10.83%
   7138  3797       19.4473    24       21.0000       18.7255  1173067   10.83%
   7139  3798       19.4502    24       21.0000       18.7255  1173114   10.83%
Elapsed time = 35.66 sec. (48804.49 ticks, tree = 6.00 MB, solutions = 6)
   7618  4059       19.0479    34       21.0000       18.7673  1262411   10.63%
   7619  4060       19.2944    35       21.0000       18.7673  1262682   10.63%
   7620  4061       19.1546    36       21.0000       18.7673  1262857   10.63%
   7621  4062       19.4290    26       21.0000       18.7673  1263270   10.63%
   7622  4063       19.4813    26       21.0000       18.7673  1263539   10.63%
   7623  4064       19.4813    24       21.0000       18.7673  1263540   10.63%
   7624  4065       19.6183    14       21.0000       18.7673  1263786   10.63%
   7625  4066       19.6183    14       21.0000       18.7673  1263795   10.63%
   7626  4065        cutoff             21.0000       18.7673  1263822   10.63%
   7627  4066       19.6212    14       21.0000       18.7673  1263911   10.63%
Elapsed time = 38.55 sec. (52718.85 ticks, tree = 6.09 MB, solutions = 6)
   8105  4301       19.3012    29       21.0000       18.7972  1354682   10.49%
   8106  4302       19.5257    31       21.0000       18.7972  1354892   10.49%
   8107  4303       19.5465    30       21.0000       18.7972  1354924   10.49%
   8108  4304       19.5912    28       21.0000       18.7972  1355090   10.49%
   8109  4305       19.6186    28       21.0000       18.7972  1355256   10.49%
   8110  4306       19.6273    26       21.0000       18.7972  1355301   10.49%
   8111  4307       19.6580    27       21.0000       18.7972  1355387   10.49%
   8112  4306        cutoff             21.0000       18.7972  1355407   10.49%
   8113  4305        cutoff             21.0000       18.7972  1355430   10.49%
   8114  4306       19.8952    24       21.0000       18.7981  1356144   10.49%
Elapsed time = 41.41 sec. (56600.92 ticks, tree = 6.41 MB, solutions = 6)
   8632  4547       19.1163    27       21.0000       18.8461  1450605   10.26%
   8633  4548       19.2619    23       21.0000       18.8461  1450718   10.26%
   8634  4549       19.4254    25       21.0000       18.8461  1451161   10.26%
   8635  4550       19.4271    25       21.0000       18.8461  1451312   10.26%
   8636  4551       19.4299    22       21.0000       18.8461  1451324   10.26%
   8637  4552       19.5000    21       21.0000       18.8461  1451728   10.26%
   8638  4553       19.5703    20       21.0000       18.8461  1452061   10.26%
   8639  4554       19.5703    19       21.0000       18.8461  1452069   10.26%
   8640  4555       19.5724    18       21.0000       18.8461  1452171   10.26%
   8641  4556       19.7922    12       21.0000       18.8461  1452280   10.26%
Elapsed time = 44.27 sec. (60478.05 ticks, tree = 6.68 MB, solutions = 6)
   9140  4756        cutoff             21.0000       18.8962  1538580   10.02%
   9141  4755        cutoff             21.0000       18.8962  1539535   10.02%
   9142  4756       19.5627    30       21.0000       18.8977  1540306   10.01%
   9143  4757       19.5757    28       21.0000       18.8977  1540455   10.01%
   9144  4758       19.5884    26       21.0000       18.8977  1540505   10.01%
   9145  4757        cutoff             21.0000       18.8977  1540581   10.01%
   9146  4758       19.5905    23       21.0000       18.8977  1540583   10.01%
   9147  4759       19.7460    28       21.0000       18.8977  1541014   10.01%
   9148  4760       19.9612    22       21.0000       18.8977  1541670   10.01%
   9149  4759        cutoff             21.0000       18.8977  1541694   10.01%
Elapsed time = 47.12 sec. (64419.13 ticks, tree = 7.07 MB, solutions = 6)
   9583  4946       19.0340    36       21.0000       18.9359  1633931    9.83%
   9584  4947       19.1409    34       21.0000       18.9359  1634158    9.83%
   9585  4948       19.1414    34       21.0000       18.9359  1634280    9.83%
   9586  4949       19.4798    34       21.0000       18.9359  1634721    9.83%
   9587  4950       19.7093    31       21.0000       18.9359  1635324    9.83%
   9588  4951       19.8157    27       21.0000       18.9359  1635467    9.83%
   9589  4952       19.8588    28       21.0000       18.9359  1635679    9.83%
   9590  4953       19.8615    27       21.0000       18.9359  1635727    9.83%
   9591  4954       20.0000    17       21.0000       18.9359  1636241    9.83%
   9592  4955       20.0000    17       21.0000       18.9359  1636271    9.83%
Elapsed time = 50.01 sec. (68326.86 ticks, tree = 7.21 MB, solutions = 6)
  10074  5112       19.9314    34       21.0000       18.9823  1732117    9.61%
  10075  5111        cutoff             21.0000       18.9823  1732137    9.61%
  10076  5110        cutoff             21.0000       18.9823  1732178    9.61%
  10077  5111       19.6679    32       21.0000       18.9852  1732710    9.59%
  10078  5110        cutoff             21.0000       18.9852  1732929    9.59%
  10079  5109        cutoff             21.0000       18.9852  1732938    9.59%
  10080  5108        cutoff             21.0000       18.9856  1733199    9.59%
  10081  5109       19.0735    32       21.0000       18.9857  1733542    9.59%
  10082  5110       19.1947    21       21.0000       18.9857  1733652    9.59%
  10083  5111       19.2043    25       21.0000       18.9857  1733692    9.59%
Elapsed time = 52.91 sec. (72202.10 ticks, tree = 7.28 MB, solutions = 6)
* 10516+  135                           20.0000       19.0000             5.00%
  10516   134       19.3027    14       20.0000       19.0000  1812006    5.00%
  10517   133        cutoff             20.0000       19.0000  1813494    5.00%
  10518   132        cutoff             20.0000       19.0000  1813496    5.00%
  10519   131        cutoff             20.0000       19.0000  1814753    5.00%
  10520   130        cutoff             20.0000       19.0000  1815994    5.00%
  10521   129        cutoff             20.0000       19.0000  1816501    5.00%
  10522   128        cutoff             20.0000       19.0000  1816698    5.00%
  10523   127        cutoff             20.0000       19.0000  1817699    5.00%
  10524   126        cutoff             20.0000       19.0000  1819008    5.00%
  10525   125        cutoff             20.0000       19.0000  1820034    5.00%
Elapsed time = 59.25 sec. (80255.02 ticks, tree = 0.30 MB, solutions = 7)
  10624    75        cutoff             20.0000       19.0000  1894444    5.00%
  10625    74        cutoff             20.0000       19.0000  1895290    5.00%
  10626    75       19.0000    27       20.0000       19.0000  1896746    5.00%
  10627    74        cutoff             20.0000       19.0000  1897680    5.00%
  10628    73        cutoff             20.0000       19.0000  1898412    5.00%
  10629    72    infeasible             20.0000       19.0000  1898412    5.00%
  10630    71        cutoff             20.0000       19.0000  1899822    5.00%
  10631    70        cutoff             20.0000       19.0000  1900297    5.00%
  10632    69        cutoff             20.0000       19.0000  1901090    5.00%
  10633    68        cutoff             20.0000       19.0000  1901203    5.00%
Elapsed time = 62.30 sec. (84517.81 ticks, tree = 0.24 MB, solutions = 7)
  10723    37        cutoff             20.0000       19.0000  1975222    5.00%
  10724    36        cutoff             20.0000       19.0000  1975861    5.00%
  10725    35        cutoff             20.0000       19.0000  1976686    5.00%
  10726    34        cutoff             20.0000       19.0000  1976701    5.00%
  10727    33        cutoff             20.0000       19.0000  1978093    5.00%
  10728    32        cutoff             20.0000       19.0000  1978348    5.00%
  10729    32       19.0000    38       20.0000       19.0000  1979731    5.00%
  10730    31        cutoff             20.0000       19.0000  1980539    5.00%
  10731    32       19.0000    34       20.0000       19.0000  1981049    5.00%
  10732    31        cutoff             20.0000       19.0000  1981711    5.00%
Elapsed time = 65.31 sec. (88772.87 ticks, tree = 0.23 MB, solutions = 7)
  10824    15        cutoff             20.0000       19.0000  2054453    5.00%
  10825    14        cutoff             20.0000       19.0000  2055601    5.00%
  10826    13    infeasible             20.0000       19.0000  2055601    5.00%
  10827    12        cutoff             20.0000       19.0000  2055760    5.00%
  10828    11        cutoff             20.0000       19.0000  2057037    5.00%
  10829    10        cutoff             20.0000       19.0000  2059152    5.00%
  10830     9    infeasible             20.0000       19.0000  2059152    5.00%
  10831    10       19.0000    45       20.0000       19.0000  2060631    5.00%
  10832    11       19.0000    37       20.0000       19.0000  2061820    5.00%
  10833    12       19.0000    35       20.0000       19.0000  2061823    5.00%
Elapsed time = 68.42 sec. (93143.14 ticks, tree = 0.22 MB, solutions = 7)

GUB cover cuts applied:  1
Cover cuts applied:  39
Implied bound cuts applied:  219
Flow cuts applied:  234
Mixed integer rounding cuts applied:  225
Flow path cuts applied:  4
Zero-half cuts applied:  1
Lift and project cuts applied:  14
Gomory fractional cuts applied:  2

Root node processing (before b&c):
  Real time             =    0.47 sec. (600.56 ticks)
Sequential b&c:
  Real time             =   68.67 sec. (93552.04 ticks)
                          ------------
Total (root+branch&cut) =   69.14 sec. (94152.60 ticks)

Solution pool: 7 solutions saved.

MIP - Integer optimal solution:  Objective =  2.0000000000e+01
Solution time =   69.14 sec.  Iterations = 2082807  Nodes = 10864
Deterministic time = 94152.60 ticks  (1361.76 ticks/sec)


Incumbent solution written to file '/tmp/tmp7ImWDl.cplex.sol'.
