
Log started (V12.6.3.0) Wed Jan 31 15:00:13 2018

New value for default parallel thread count: 1

Problem '/tmp/tmpiAMpmu.pyomo.lp' read.
Read time = 1.17 sec. (61.10 ticks)

Problem name         : /tmp/tmpiAMpmu.pyomo.lp
Objective sense      : Minimize
Variables            :  876746  [Nneg: 870184,  Binary: 6561,
                                 General Integer: 1]
Objective nonzeros   :       1
Linear constraints   :   27787  [Less: 6561,  Equal: 21226]
  Nonzeros           : 2609169
  RHS nonzeros       :    4776

Variables            : Min LB: 0.000000         Max UB: 1.000000       
Objective nonzeros   : Min   : 1.000000         Max   : 1.000000       
Linear constraints   :
  Nonzeros           : Min   : 0.04000000       Max   : 2965.860       
  RHS nonzeros       : Min   : 0.04000000       Max   : 23413.67       
Tried aggregator 2 times.
MIP Presolve eliminated 18003 rows and 802616 columns.
Aggregator did 2432 substitutions.
Reduced MIP has 7352 rows, 71698 columns, and 206907 nonzeros.
Reduced MIP has 2712 binaries, 0 generals, 0 SOSs, and 0 indicators.
Presolve time = 0.82 sec. (569.99 ticks)
Tried aggregator 1 time.
MIP Presolve eliminated 39 rows and 0 columns.
MIP Presolve added 78 rows and 0 columns.
Reduced MIP has 7391 rows, 71698 columns, and 206946 nonzeros.
Reduced MIP has 2712 binaries, 0 generals, 0 SOSs, and 0 indicators.
Presolve time = 0.09 sec. (78.15 ticks)
Probing fixed 1 vars, tightened 0 bounds.
Probing time = 0.01 sec. (8.32 ticks)
Clique table members: 7.
MIP emphasis: balance optimality and feasibility.
MIP search method: dynamic search.
Parallel mode: none, using 1 thread.
Root relaxation solution time = 21.83 sec. (32341.26 ticks)

        Nodes                                         Cuts/
   Node  Left     Objective  IInf  Best Integer    Best Bound    ItCnt     Gap

      0     0      125.1272   180                    125.1272   137912         
*     0+    0                          237.0000      125.1272            47.20%
      0     0      127.6527   189      237.0000    Cuts: 1947   167553   46.14%
      0     0      128.0653   225      237.0000    Cuts: 1947   184723   45.96%
      0     0      128.5173   244      237.0000    Cuts: 1947   214222   45.77%
*     0+    0                          227.0000      128.5173            43.38%
      0     0      128.9258   276      227.0000    Cuts: 1947   231447   43.20%
      0     0      129.4281   285      227.0000    Cuts: 1947   259660   42.98%
      0     0      130.0504   285      227.0000    Cuts: 1947   292356   42.71%
      0     0      130.5232   284      227.0000    Cuts: 1947   323825   42.50%
      0     0      131.0960   294      227.0000    Cuts: 1947   360976   42.25%
      0     0      131.3444   311      227.0000    Cuts: 1947   406084   42.14%
      0     0      131.6245   293      227.0000    Cuts: 1947   468716   42.02%
      0     0      131.9574   276      227.0000    Cuts: 1947   524010   41.87%
      0     0      132.0986   297      227.0000    Cuts: 1947   576044   41.81%
      0     0      132.2104   308      227.0000    Cuts: 1947   614361   41.76%
      0     0      132.2954   320      227.0000    Cuts: 1947   701684   41.72%
      0     0      132.3469   328      227.0000    Cuts: 1947   761748   41.70%
      0     0      132.3920   334      227.0000    Cuts: 1947   860136   41.68%
      0     0      132.4252   337      227.0000    Cuts: 1947   892508   41.66%
      0     0      132.4565   330      227.0000    Cuts: 1947   916175   41.65%
      0     0      132.5202   349      227.0000    Cuts: 1947   987151   41.62%
      0     0      132.5752   348      227.0000    Cuts: 1947  1022153   41.60%
      0     0      132.6327   353      227.0000    Cuts: 1947  1115285   41.57%
      0     0      132.6949   351      227.0000    Cuts: 1947  1229989   41.54%
      0     0      132.7401   347      227.0000    Cuts: 1947  1427615   41.52%
      0     0      132.8062   352      227.0000    Cuts: 1947  1517695   41.50%
      0     0      132.8393   348      227.0000    Cuts: 1947  1550833   41.48%
      0     0      132.8975   344      227.0000    Cuts: 1947  1665687   41.45%
      0     0      132.9469   359      227.0000    Cuts: 1947  1734016   41.43%
      0     0      132.9778   367      227.0000    Cuts: 1947  1818668   41.42%
Heuristic still looking.
Heuristic still looking.
Heuristic still looking.
*     0+    0                          222.0000      132.9778            40.10%
      0     2      132.9778   367      222.0000      132.9778  1818668   40.10%
Elapsed time = 4124.05 sec. (5908431.11 ticks, tree = 0.01 MB, solutions = 3)
      2     4      132.9778   365      222.0000      132.9779  1818823   40.10%
      3     5      133.0220   339      222.0000      132.9782  1846503   40.10%
      4     6      132.9841   352      222.0000      132.9841  1929689   40.10%
      5     7      133.0858   356      222.0000      132.9842  2021695   40.10%
      6     8      133.0206   361      222.0000      132.9853  2058042   40.10%
      7     9      133.0582   348      222.0000      132.9853  2110363   40.10%
      8    10      133.0708   329      222.0000      132.9853  2205693   40.10%
      9    11      133.1571   318      222.0000      132.9853  2273499   40.10%
     10    12      133.0890   335      222.0000      132.9853  2311145   40.10%
     11    13      133.1653   323      222.0000      132.9853  2313608   40.10%
Elapsed time = 4734.05 sec. (6799343.49 ticks, tree = 0.19 MB, solutions = 3)
     12    14      133.2042   293      222.0000      132.9853  2320888   40.10%
     13    15      133.2163   289      222.0000      132.9853  2328550   40.10%
     14    16      133.2351   282      222.0000      132.9853  2367307   40.10%
     15    17      133.2404   288      222.0000      132.9853  2384646   40.10%
     16    18      133.2397   287      222.0000      132.9853  2397693   40.10%
     17    19      133.3101   277      222.0000      132.9853  2442639   40.10%
     18    20      133.2533   286      222.0000      132.9853  2457619   40.10%
     19    21      133.3658   281      222.0000      132.9853  2461215   40.10%
     20    22      133.3556   280      222.0000      132.9853  2486507   40.10%
     21    23      133.4587   281      222.0000      132.9853  2521268   40.10%
Elapsed time = 5051.01 sec. (7271830.68 ticks, tree = 4.18 MB, solutions = 3)
     22    24      133.3858   288      222.0000      132.9853  2560730   40.10%
     23    25      133.4252   274      222.0000      132.9853  2603034   40.10%
     24    26      133.4406   287      222.0000      132.9853  2627580   40.10%
     25    27      133.4280   281      222.0000      132.9853  2665045   40.10%
     26    28      133.4448   288      222.0000      132.9853  2686961   40.10%
     27    29      133.4367   291      222.0000      132.9853  2701016   40.10%
     28    30      133.5744   290      222.0000      132.9853  2727631   40.10%
     29    31      133.4839   275      222.0000      132.9853  2756229   40.10%
     30    32      133.4893   267      222.0000      132.9853  2770955   40.10%
     31    33      133.5246   264      222.0000      132.9853  2793031   40.10%
Elapsed time = 5341.52 sec. (7712842.02 ticks, tree = 4.37 MB, solutions = 3)
     32    34      133.5571   282      222.0000      132.9853  2823423   40.10%
     33    35      133.5489   267      222.0000      132.9853  2843511   40.10%
     34    36      133.5355   262      222.0000      132.9853  2850923   40.10%
     35    37      133.5727   266      222.0000      132.9853  2871895   40.10%
     36    38      133.5847   274      222.0000      132.9853  2906300   40.10%
     37    39      133.5764   262      222.0000      132.9853  2918258   40.10%
     38    40      133.5774   261      222.0000      132.9853  2920426   40.10%
     39    41      133.5815   253      222.0000      132.9853  2928687   40.10%
     40    42      133.5924   256      222.0000      132.9853  2941298   40.10%
     41    43      133.6170   267      222.0000      132.9853  2968455   40.10%
Elapsed time = 5527.01 sec. (7995371.06 ticks, tree = 4.58 MB, solutions = 3)
     42    44      133.6101   267      222.0000      132.9853  2977487   40.10%
     43    45      133.6146   254      222.0000      132.9853  2990365   40.10%
     44    46      133.6146   255      222.0000      132.9853  2998551   40.10%
     45    47      133.6177   254      222.0000      132.9853  3000553   40.10%
     46    48      133.6336   252      222.0000      132.9853  3018856   40.10%
     47    49      133.6336   251      222.0000      132.9853  3018887   40.10%
     48    50      133.6673   261      222.0000      132.9853  3043085   40.10%
     49    51      133.6488   242      222.0000      132.9853  3061599   40.10%
     50    52      133.7550   248      222.0000      132.9853  3069034   40.10%
     51    53      133.8383   248      222.0000      132.9853  3078025   40.10%
Elapsed time = 5633.38 sec. (8159141.17 ticks, tree = 4.76 MB, solutions = 3)
     52    54      133.8018   261      222.0000      132.9853  3106413   40.10%
     53    55      133.8477   239      222.0000      132.9853  3133959   40.10%
     54    56      133.8760   239      222.0000      132.9853  3147272   40.10%
     55    57      133.8922   242      222.0000      132.9853  3160543   40.10%
     56    58      133.8911   242      222.0000      132.9853  3169112   40.10%
     57    59      133.9363   264      222.0000      132.9853  3196618   40.10%
     58    60      133.8912   241      222.0000      132.9853  3199693   40.10%
     59    61      133.9061   240      222.0000      132.9853  3208023   40.10%
     60    62      133.9124   240      222.0000      132.9853  3212599   40.10%
     61    63      133.9534   238      222.0000      132.9853  3221723   40.10%
Elapsed time = 5765.93 sec. (8366016.24 ticks, tree = 4.93 MB, solutions = 3)
     62    64      133.9660   245      222.0000      132.9853  3229040   40.10%
     63    65      134.0205   233      222.0000      132.9853  3238775   40.10%
     64    66      134.1303   241      222.0000      132.9853  3258686   40.10%
     65    67      134.0864   226      222.0000      132.9853  3281257   40.10%
     66    68      134.0968   225      222.0000      132.9853  3286745   40.10%
     67    69      134.1390   228      222.0000      132.9853  3311474   40.10%
     68    70      134.1689   243      222.0000      132.9853  3332581   40.10%
     69    71      134.1492   233      222.0000      132.9853  3339526   40.10%
     70    72      134.1849   230      222.0000      132.9853  3352617   40.10%
     71    73      134.2068   236      222.0000      132.9853  3360660   40.10%
Elapsed time = 5890.32 sec. (8559826.49 ticks, tree = 5.12 MB, solutions = 3)
     72    74      134.2176   229      222.0000      132.9853  3384583   40.10%
     73    75      134.2240   221      222.0000      132.9853  3390867   40.10%
     74    76      134.3181   231      222.0000      132.9853  3421714   40.10%
     75    77      134.3430   232      222.0000      132.9853  3447989   40.10%
     76    78      134.3452   231      222.0000      132.9853  3465748   40.10%
     77    79      134.5983   231      222.0000      132.9853  3473459   40.10%
     78    80      134.5111   216      222.0000      132.9853  3507642   40.10%
     79    81      134.5337   219      222.0000      132.9853  3573955   40.10%
     80    82      134.6586   216      222.0000      132.9853  3614606   40.10%
     81    83      134.5582   211      222.0000      132.9853  3646869   40.10%
Elapsed time = 6217.83 sec. (8931110.86 ticks, tree = 5.46 MB, solutions = 3)
     82    84      134.5864   220      222.0000      132.9853  3691658   40.10%
     83    85      134.5829   215      222.0000      132.9853  3715057   40.10%
     84    86      134.6134   213      222.0000      132.9853  3747592   40.10%
     85    87      134.6362   212      222.0000      132.9853  3796037   40.10%
     86    88      134.8131   202      222.0000      132.9853  3841062   40.10%
     87    89      134.6418   213      222.0000      132.9853  3882879   40.10%
     88    90      134.6564   216      222.0000      132.9853  3913069   40.10%
     89    91      134.6443   221      222.0000      132.9853  3955982   40.10%
     90    92      134.6473   205      222.0000      132.9853  3975492   40.10%
     91    93      134.7077   222      222.0000      132.9853  4020880   40.10%
Elapsed time = 6721.47 sec. (9367848.31 ticks, tree = 5.63 MB, solutions = 3)
     92    94      134.8988   198      222.0000      132.9853  4080479   40.10%
     93    95      134.9388   211      222.0000      132.9853  4129028   40.10%
     94    96      134.9661   204      222.0000      132.9853  4157875   40.10%
     95    97      135.0901   205      222.0000      132.9853  4191606   40.10%
     96    98      135.1343   200      222.0000      132.9853  4219588   40.10%
     97    99      135.2859   214      222.0000      132.9853  4270531   40.10%
     98   100      135.4278   206      222.0000      132.9853  4325141   40.10%
     99   101      135.4295   203      222.0000      132.9853  4337467   40.10%
    100   102      135.4322   204      222.0000      132.9853  4351048   40.10%
    101   103      135.4592   197      222.0000      132.9853  4372676   40.10%
Elapsed time = 7169.23 sec. (9762468.44 ticks, tree = 5.84 MB, solutions = 3)
    102   104      135.5271   211      222.0000      132.9853  4405080   40.10%
    103   105      135.6306   198      222.0000      132.9853  4438149   40.10%
    104   106      135.6597   200      222.0000      132.9853  4456944   40.10%
    105   107      135.7393   201      222.0000      132.9853  4477064   40.10%
    106   108      135.9476   205      222.0000      132.9853  4510152   40.10%
    107   109      135.8096   203      222.0000      132.9853  4535998   40.10%
    108   110      135.8494   203      222.0000      132.9853  4552374   40.10%
    109   111      135.9548   197      222.0000      132.9853  4573327   40.10%
    110   112      136.0740   191      222.0000      132.9853  4620898   40.10%
    111   113      136.2400   184      222.0000      132.9853  4643721   40.10%
Elapsed time = 7482.36 sec. (10036797.37 ticks, tree = 6.02 MB, solutions = 3)
    113   115      136.3397   185      222.0000      132.9853  4666569   40.10%
    114   116      136.4323   178      222.0000      132.9853  4681440   40.10%
    115   117      136.4349   176      222.0000      132.9853  4692931   40.10%
    116   118      136.4689   178      222.0000      132.9853  4716695   40.10%
    117   119      136.5088   177      222.0000      132.9853  4739322   40.10%
    118   120      136.4753   179      222.0000      132.9853  4750327   40.10%
    119   121      136.5008   176      222.0000      132.9853  4758208   40.10%
    120   122      136.5999   182      222.0000      132.9853  4780229   40.10%
    121   123      136.7755   190      222.0000      132.9853  4809297   40.10%
    122   124      136.6256   175      222.0000      132.9853  4823717   40.10%
Elapsed time = 7730.03 sec. (10256664.05 ticks, tree = 6.23 MB, solutions = 3)
    123   125      136.6621   178      222.0000      132.9853  4840643   40.10%
    124   126      136.7289   173      222.0000      132.9853  4853804   40.10%
    125   127      136.7545   172      222.0000      132.9853  4863118   40.10%
    126   128      136.8042   174      222.0000      132.9853  4875138   40.10%
    127   129      136.8464   172      222.0000      132.9853  4886482   40.10%
    128   130      136.8557   178      222.0000      132.9853  4893438   40.10%
    129   131      136.9579   175      222.0000      132.9853  4906794   40.10%
    130   132      136.9257   175      222.0000      132.9853  4937284   40.10%
    131   133      136.9257   175      222.0000      132.9853  4937307   40.10%
    132   134      137.0073   180      222.0000      132.9853  4961359   40.10%
Elapsed time = 7875.32 sec. (10382385.55 ticks, tree = 6.40 MB, solutions = 3)
    133   135      137.0534   163      222.0000      132.9853  4984544   40.10%
    134   136      137.1162   160      222.0000      132.9853  5015654   40.10%
    135   137      137.1347   161      222.0000      132.9853  5028352   40.10%
    136   138      137.1939   168      222.0000      132.9853  5049780   40.10%
    137   139      137.2160   179      222.0000      132.9853  5069257   40.10%
    138   140      137.3909   154      222.0000      132.9853  5088993   40.10%
    139   141      137.5082   152      222.0000      132.9853  5109514   40.10%
    140   142      137.4646   160      222.0000      132.9853  5126674   40.10%
    141   143      137.5170   155      222.0000      132.9853  5137080   40.10%
    142   144      137.5467   156      222.0000      132.9853  5144612   40.10%
Elapsed time = 8074.33 sec. (10552162.85 ticks, tree = 6.61 MB, solutions = 3)
    143   145      137.5216   151      222.0000      132.9853  5158656   40.10%
    144   146      137.5627   157      222.0000      132.9853  5177821   40.10%
    145   147      137.8476   160      222.0000      132.9853  5192487   40.10%
    146   148      137.5673   152      222.0000      132.9853  5192569   40.10%
    147   149      137.6012   151      222.0000      132.9853  5196484   40.10%
    148   150      137.6035   153      222.0000      132.9853  5202481   40.10%
    149   151      137.6040   156      222.0000      132.9853  5217319   40.10%
    150   152      137.7075   156      222.0000      132.9853  5224575   40.10%
    151   153      137.6471   156      222.0000      132.9853  5231710   40.10%
    152   154      137.7125   147      222.0000      132.9853  5239080   40.10%
Elapsed time = 8170.83 sec. (10635092.72 ticks, tree = 6.80 MB, solutions = 3)
    154   156      137.7328   161      222.0000      132.9853  5248852   40.10%
    155   157      137.7543   151      222.0000      132.9853  5250405   40.10%
    156   158      137.7570   154      222.0000      132.9853  5255447   40.10%
    157   159      137.7962   165      222.0000      132.9853  5265803   40.10%
    158   160      137.8247   151      222.0000      132.9853  5278027   40.10%
    159   161      137.8720   149      222.0000      132.9853  5292767   40.10%
    160   162      137.8954   151      222.0000      132.9853  5302284   40.10%
    161   163      137.8720   147      222.0000      132.9853  5302298   40.10%
    162   164      137.9062   156      222.0000      132.9853  5312005   40.10%
    163   165      137.9447   147      222.0000      132.9853  5321193   40.10%
Elapsed time = 8302.39 sec. (10756112.23 ticks, tree = 7.01 MB, solutions = 3)
    167   169      137.9597   148      222.0000      132.9853  5326802   40.10%
    168   170      137.9866   158      222.0000      132.9853  5342726   40.10%
    169   171      138.0835   149      222.0000      132.9853  5353507   40.10%
    170   172      138.1336   149      222.0000      132.9853  5362351   40.10%
    171   173      138.3083   149      222.0000      132.9853  5375518   40.10%
    172   174      138.3971   156      222.0000      132.9853  5388440   40.10%
    173   175      138.3345   149      222.0000      132.9853  5403777   40.10%
    174   176      138.3917   149      222.0000      132.9853  5424171   40.10%
    175   177      138.6038   147      222.0000      132.9853  5440048   40.10%
    176   178      138.5500   163      222.0000      132.9853  5480850   40.10%
Elapsed time = 8448.69 sec. (10894423.33 ticks, tree = 7.24 MB, solutions = 3)
    177   179      138.4938   148      222.0000      132.9853  5491219   40.10%
    178   180      138.5423   143      222.0000      132.9853  5500268   40.10%
    179   181      138.6041   154      222.0000      132.9853  5512442   40.10%
    180   182      138.7328   152      222.0000      132.9853  5529296   40.10%
    181   183      138.7120   155      222.0000      132.9853  5549951   40.10%
    182   184      138.7897   148      222.0000      132.9853  5571031   40.10%
    183   185      139.1803   150      222.0000      132.9853  5585786   40.10%
    184   186      139.0858   149      222.0000      132.9853  5597866   40.10%
    185   187      139.2024   146      222.0000      132.9853  5620435   40.10%
    186   188      139.1772   150      222.0000      132.9853  5633888   40.10%
Elapsed time = 8624.86 sec. (11062350.89 ticks, tree = 7.44 MB, solutions = 3)
    188   190      139.2118   145      222.0000      132.9853  5641411   40.10%
    189   191      139.2197   146      222.0000      132.9853  5644802   40.10%
    190   192      139.3983   140      222.0000      132.9853  5647595   40.10%
    191   193      139.4005   141      222.0000      132.9853  5648610   40.10%
    192   194      139.4444   133      222.0000      132.9853  5656188   40.10%
    193   195      139.5170   136      222.0000      132.9853  5661525   40.10%
    194   196      139.8744   130      222.0000      132.9853  5664987   40.10%
    195   197      139.7654   140      222.0000      132.9853  5684525   40.10%
    196   198      139.6714   150      222.0000      132.9853  5701849   40.10%
    197   199      139.8180   135      222.0000      132.9853  5706291   40.10%
Elapsed time = 8693.10 sec. (11127176.13 ticks, tree = 7.65 MB, solutions = 3)
    198   200      139.9629   131      222.0000      132.9853  5717539   40.10%
    199   201      139.9912   129      222.0000      132.9853  5726065   40.10%
    200   202      140.1491   124      222.0000      132.9853  5739687   40.10%
    201   203      140.1944   127      222.0000      132.9853  5746032   40.10%
    202   204      140.2320   120      222.0000      132.9853  5752164   40.10%
    203   205      140.2672   124      222.0000      132.9853  5756414   40.10%
    204   206      140.6794   124      222.0000      132.9853  5763145   40.10%
    205   207      140.2854   128      222.0000      132.9853  5766574   40.10%
    206   208      140.4005   127      222.0000      132.9853  5773770   40.10%
    207   209      140.3658   124      222.0000      132.9853  5782795   40.10%
Elapsed time = 8763.99 sec. (11195192.26 ticks, tree = 7.84 MB, solutions = 3)
    208   210      140.4332   122      222.0000      132.9853  5787529   40.10%
    209   211      140.4357   122      222.0000      132.9853  5789776   40.10%
    210   212      140.6915   118      222.0000      132.9853  5791734   40.10%
    211   213      140.5395   125      222.0000      132.9853  5799137   40.10%
    212   214      140.5261   127      222.0000      132.9853  5808327   40.10%
    213   215      140.7496   124      222.0000      132.9853  5819373   40.10%
    214   216      140.7594   132      222.0000      132.9853  5828609   40.10%
    215   217      140.7972   130      222.0000      132.9853  5837078   40.10%
    216   218      141.0438   119      222.0000      132.9853  5838718   40.10%
    217   219      141.1274   123      222.0000      132.9853  5843388   40.10%
Elapsed time = 8820.57 sec. (11249660.80 ticks, tree = 8.01 MB, solutions = 3)
    218   220      141.1317   135      222.0000      132.9853  5851783   40.10%
    219   221      141.3284   123      222.0000      132.9853  5858590   40.10%
*   220+  220                          178.0000      132.9853            25.29%
    220   222      141.1403   128      178.0000      132.9853  5866188   25.29%
    221   223      141.4135   125      178.0000      132.9853  5873628   25.29%
    222   224      141.4795   125      178.0000      132.9853  5878536   25.29%
    223   225      141.4576   130      178.0000      132.9853  5881464   25.29%
    224   226      141.4303   125      178.0000      132.9853  5884816   25.29%
    225   227      141.6597   128      178.0000      132.9853  5892095   25.29%
    226   228      141.6255   121      178.0000      132.9853  5898652   25.29%
    227   229      141.6370   118      178.0000      132.9853  5899617   25.29%
Elapsed time = 8922.25 sec. (11349143.51 ticks, tree = 8.22 MB, solutions = 4)
    228   230      141.6691   122      178.0000      132.9853  5905738   25.29%
    229   231      142.1451   120      178.0000      132.9853  5909569   25.29%
    230   232      141.6749   120      178.0000      132.9853  5912688   25.29%
    231   233      141.7117   124      178.0000      132.9853  5916539   25.29%
    232   234      141.9305   120      178.0000      132.9853  5919282   25.29%
    233   235      141.7387   126      178.0000      132.9853  5923381   25.29%
    234   236      142.1351   125      178.0000      132.9853  5926810   25.29%
    235   237      141.7494   130      178.0000      132.9853  5928925   25.29%
    236   238      142.1620   123      178.0000      132.9853  5931270   25.29%
    237   239      141.8845   128      178.0000      132.9853  5937361   25.29%
Elapsed time = 8955.52 sec. (11381220.27 ticks, tree = 8.39 MB, solutions = 4)
    238   240      141.8114   121      178.0000      132.9853  5949262   25.29%
    239   241      141.8117   120      178.0000      132.9853  5950983   25.29%
    240   242      141.8640   123      178.0000      132.9853  5955031   25.29%
    241   243      142.0400   126      178.0000      132.9853  5962507   25.29%
    242   244      141.8788   123      178.0000      132.9853  5964994   25.29%
    243   245      141.9946   121      178.0000      132.9853  5975450   25.29%
    244   246      142.0704   115      178.0000      132.9853  5981264   25.29%
    245   247      142.1963   125      178.0000      132.9853  5987098   25.29%
    246   248      142.4476   118      178.0000      132.9853  5994546   25.29%
    247   249      142.4476   118      178.0000      132.9853  5994552   25.29%
Elapsed time = 9032.73 sec. (11453148.16 ticks, tree = 8.60 MB, solutions = 4)
    248   250      142.4749   119      178.0000      132.9853  6001132   25.29%
    249   251      142.5688   114      178.0000      132.9853  6002796   25.29%
    250   252      143.2663   123      178.0000      132.9853  6018304   25.29%
    251   253      142.8314   106      178.0000      132.9853  6021280   25.29%
    252   254      142.8314   104      178.0000      132.9853  6021300   25.29%
    253   255      142.8947   104      178.0000      132.9853  6023815   25.29%
    254   256      143.1253   101      178.0000      132.9853  6028954   25.29%
    255   257      142.9448   112      178.0000      132.9853  6032365   25.29%
    256   258      143.1581   107      178.0000      132.9853  6038101   25.29%
    257   259      143.2415   107      178.0000      132.9853  6044009   25.29%
Elapsed time = 9099.86 sec. (11517928.29 ticks, tree = 8.77 MB, solutions = 4)
    258   260      143.2217   110      178.0000      132.9853  6049208   25.29%
    259   261      143.3565   113      178.0000      132.9853  6052241   25.29%
    260   262      143.3462    99      178.0000      132.9853  6058827   25.29%
    261   263      143.3810    97      178.0000      132.9853  6062262   25.29%
    262   264      143.4556    99      178.0000      132.9853  6066258   25.29%
    263   265      143.9061   103      178.0000      132.9853  6068837   25.29%
    264   266      143.4765   100      178.0000      132.9853  6070938   25.29%
    265   267      143.5779   101      178.0000      132.9853  6072829   25.29%
    266   268      143.4765    99      178.0000      132.9853  6072834   25.29%
    267   269      143.4923   103      178.0000      132.9853  6074599   25.29%
Elapsed time = 9130.78 sec. (11548168.91 ticks, tree = 8.96 MB, solutions = 4)
    269   271      143.8870    95      178.0000      132.9853  6080182   25.29%
    270   272      144.3591    98      178.0000      132.9853  6082167   25.29%
    271   273      143.9173    89      178.0000      132.9853  6084146   25.29%
    272   274      143.9617    91      178.0000      132.9853  6085597   25.29%
    273   275      144.3473    91      178.0000      132.9853  6087245   25.29%
    274   276      143.9937    89      178.0000      132.9853  6089043   25.29%
    275   277      144.0082    90      178.0000      132.9853  6091290   25.29%
    276   278      144.4227    90      178.0000      132.9853  6091686   25.29%
    277   279      144.0299    92      178.0000      132.9853  6093932   25.29%
    278   280      144.3972    89      178.0000      132.9853  6094864   25.29%
Elapsed time = 9159.26 sec. (11576216.88 ticks, tree = 9.19 MB, solutions = 4)
    283   285      144.5633    92      178.0000      132.9853  6098625   25.29%
    284   286      144.3004    94      178.0000      132.9853  6101540   25.29%
    285   287      144.7831    90      178.0000      132.9853  6115117   25.29%
    286   288      144.3067    99      178.0000      132.9853  6117991   25.29%
    287   289      144.7411    97      178.0000      132.9853  6118958   25.29%
    288   290      144.5727    97      178.0000      132.9853  6126875   25.29%
    289   291      144.8327    95      178.0000      132.9853  6134383   25.29%
    290   292      144.6564    99      178.0000      132.9853  6138471   25.29%
    291   293      144.8354    94      178.0000      132.9853  6144164   25.29%
    292   294      145.1493   101      178.0000      132.9853  6148989   25.29%
Elapsed time = 9206.48 sec. (11621761.74 ticks, tree = 9.44 MB, solutions = 4)
    296   298      144.8592    92      178.0000      132.9853  6153763   25.29%
    297   299      145.5450    91      178.0000      132.9853  6155578   25.29%
    298   300      144.9705   106      178.0000      132.9853  6161754   25.29%
    299   301      145.5508    94      178.0000      132.9853  6171382   25.29%
    300   302      145.5711    93      178.0000      132.9853  6172360   25.29%
    301   303      145.5765    92      178.0000      132.9853  6174569   25.29%
    302   304      145.5905    95      178.0000      132.9853  6175213   25.29%
    303   305      146.2829    90      178.0000      132.9853  6176812   25.29%
    304   306      145.5930    95      178.0000      132.9853  6177842   25.29%
    305   307      146.1654    90      178.0000      132.9853  6180313   25.29%
Elapsed time = 9232.83 sec. (11647549.26 ticks, tree = 9.70 MB, solutions = 4)
    312   314      145.6381    95      178.0000      132.9853  6186482   25.29%
    313   315      145.8073    97      178.0000      132.9853  6187037   25.29%
    314   316      145.6381    96      178.0000      132.9853  6187124   25.29%
    315   317      145.8540   100      178.0000      132.9853  6188569   25.29%
    316   318      145.6396    95      178.0000      132.9853  6188702   25.29%
    317   319      145.6461   100      178.0000      132.9853  6188924   25.29%
    318   320      146.0823    91      178.0000      132.9853  6189301   25.29%
    319   321      146.0832    91      178.0000      132.9853  6189335   25.29%
    320   322      146.0872    95      178.0000      132.9853  6189512   25.29%
    321   323      146.1019    97      178.0000      132.9853  6191222   25.29%
Elapsed time = 9242.39 sec. (11657130.03 ticks, tree = 9.99 MB, solutions = 4)
    324   326      146.1455    89      178.0000      132.9853  6197764   25.29%
    325   327      146.1493    90      178.0000      132.9853  6198015   25.29%
    326   328      146.7434    82      178.0000      132.9853  6201207   25.29%
    327   329      146.2319    94      178.0000      132.9853  6205922   25.29%
    328   330      146.5705    95      178.0000      132.9853  6211552   25.29%
    329   331      146.2348    94      178.0000      132.9853  6212740   25.29%
    330   332      146.8345    86      178.0000      132.9853  6217127   25.29%
    331   333      146.2436    92      178.0000      132.9853  6217859   25.29%
    332   334      146.2575    90      178.0000      132.9853  6218880   25.29%
    333   335      146.2587    89      178.0000      132.9853  6219509   25.29%
Elapsed time = 9264.76 sec. (11679489.87 ticks, tree = 10.23 MB, solutions = 4)
    336   338      146.8709    82      178.0000      132.9853  6227936   25.29%
    337   339      146.3336    88      178.0000      132.9853  6230495   25.29%
    338   340      146.2708    90      178.0000      132.9853  6232397   25.29%
    339   341      146.3336    88      178.0000      132.9853  6232414   25.29%
*   340+  340                          175.0000      132.9853            24.01%
    340   342      146.3336    86      175.0000      132.9853  6233175   24.01%
    341   343      146.3570    83      175.0000      132.9853  6235890   24.01%
    342   344      146.3705    86      175.0000      132.9853  6237497   24.01%
    343   345      146.7769    91      175.0000      132.9853  6240524   24.01%
    344   346      146.3843    91      175.0000      132.9853  6244191   24.01%
    345   347      146.8352    94      175.0000      132.9853  6248183   24.01%
Elapsed time = 9304.69 sec. (11719770.94 ticks, tree = 10.46 MB, solutions = 5)
    349   351      146.5949    91      175.0000      132.9853  6254572   24.01%
    350   352      146.3968    87      175.0000      132.9853  6255622   24.01%
    351   353      146.4331    89      175.0000      132.9853  6258272   24.01%
    352   354      146.9423    88      175.0000      132.9853  6263551   24.01%
    353   355      146.4554    84      175.0000      132.9853  6267146   24.01%
    354   356      146.4807    87      175.0000      132.9853  6271759   24.01%
    355   357      147.1243    83      175.0000      132.9853  6275552   24.01%
    356   358      146.4860    91      175.0000      132.9853  6278901   24.01%
    357   359      146.8889    94      175.0000      132.9853  6282900   24.01%
    358   360      146.4860    89      175.0000      132.9853  6284524   24.01%
Elapsed time = 9330.38 sec. (11745361.39 ticks, tree = 10.71 MB, solutions = 5)
    360   362      146.5815    92      175.0000      132.9853  6291193   24.01%
    361   363      146.5322    84      175.0000      132.9853  6292058   24.01%
    362   364      146.5322    85      175.0000      132.9853  6292256   24.01%
    363   365      147.2387    83      175.0000      132.9853  6292302   24.01%
    364   366      146.5720    84      175.0000      132.9853  6293134   24.01%
    365   367      146.5789    84      175.0000      132.9853  6293220   24.01%
    366   368      147.2132    83      175.0000      132.9853  6293330   24.01%
    367   369      146.6096    84      175.0000      132.9853  6293403   24.01%
    368   370      147.2853    83      175.0000      132.9853  6293432   24.01%
    369   371      146.6999    84      175.0000      132.9853  6293458   24.01%
Elapsed time = 9344.51 sec. (11759475.59 ticks, tree = 10.89 MB, solutions = 5)
    374   376      146.9485    82      175.0000      132.9853  6298465   24.01%
    375   377      146.9608    84      175.0000      132.9853  6298748   24.01%
    376   378      147.6684    84      175.0000      132.9853  6301151   24.01%
    377   379      146.9633    84      175.0000      132.9853  6301289   24.01%
    378   380      147.4321    87      175.0000      132.9853  6301761   24.01%
    379   381      146.9633    83      175.0000      132.9853  6301798   24.01%
    380   382      146.9925    80      175.0000      132.9853  6302996   24.01%
    381   383      147.6244    84      175.0000      132.9853  6304600   24.01%
    382   384      147.2943    81      175.0000      132.9853  6305076   24.01%
    383   385      147.4781    82      175.0000      132.9853  6305649   24.01%
Elapsed time = 9375.37 sec. (11790784.18 ticks, tree = 11.16 MB, solutions = 5)
    390   392      148.0396    95      175.0000      132.9853  6313571   24.01%
    391   393      147.4868    86      175.0000      132.9853  6314010   24.01%
    392   394      147.7258    86      175.0000      132.9853  6314281   24.01%
    393   395      147.4868    85      175.0000      132.9853  6314323   24.01%
    394   396      147.5048    85      175.0000      132.9853  6315109   24.01%
    395   397      148.0830    87      175.0000      132.9853  6315504   24.01%
    396   398      147.5296    89      175.0000      132.9853  6316203   24.01%
    397   399      148.1057    91      175.0000      132.9853  6317170   24.01%
    398   400      147.5296    88      175.0000      132.9853  6317178   24.01%
    399   401      147.5534    89      175.0000      132.9853  6319353   24.01%
Elapsed time = 9387.55 sec. (11802801.57 ticks, tree = 11.46 MB, solutions = 5)
    414   416      147.6362    85      175.0000      132.9853  6323427   24.01%
    415   417      147.6572    86      175.0000      132.9853  6324236   24.01%
    416   418      147.8798    82      175.0000      132.9853  6324393   24.01%
    417   419      147.8828    83      175.0000      132.9853  6324795   24.01%
    418   420      148.4871    71      175.0000      132.9853  6327763   24.01%
    419   421      148.5171    71      175.0000      132.9853  6329400   24.01%
    420   422      149.1257    80      175.0000      132.9853  6335343   24.01%
    421   423      148.5360    76      175.0000      132.9853  6336642   24.01%
    422   424      149.1402    74      175.0000      132.9853  6337378   24.01%
    423   425      148.7387    71      175.0000      132.9853  6341749   24.01%
Elapsed time = 9422.13 sec. (11837379.51 ticks, tree = 11.94 MB, solutions = 5)
    425   427      148.8641    72      175.0000      132.9853  6350137   24.01%
    426   428      148.9044    69      175.0000      132.9853  6351578   24.01%
    427   429      148.9657    69      175.0000      132.9853  6353136   24.01%
    428   430      149.0999    72      175.0000      132.9853  6354946   24.01%
    429   431      149.0861    76      175.0000      132.9853  6359169   24.01%
    430   432      149.2845    69      175.0000      132.9853  6361948   24.01%
    431   433      149.5177    70      175.0000      132.9853  6363184   24.01%
    432   434      149.7447    69      175.0000      132.9853  6363936   24.01%
    433   435      149.9469    76      175.0000      132.9853  6370564   24.01%
    434   436      149.5478    69      175.0000      132.9853  6370573   24.01%
Elapsed time = 9458.60 sec. (11874229.03 ticks, tree = 12.14 MB, solutions = 5)
    439   441      149.9678    65      175.0000      132.9853  6383376   24.01%
    440   442      149.9063    63      175.0000      132.9853  6383801   24.01%
    441   443      149.9129    63      175.0000      132.9853  6384002   24.01%
    442   444      150.5560    62      175.0000      132.9853  6384860   24.01%
    443   445      149.9482    67      175.0000      132.9853  6385153   24.01%
    444   446      150.4310    66      175.0000      132.9853  6385934   24.01%
    445   447      149.9482    65      175.0000      132.9853  6385936   24.01%
    446   448      150.1124    77      175.0000      132.9853  6387713   24.01%
    447   449      150.4964    64      175.0000      132.9853  6389100   24.01%
    448   450      150.5500    62      175.0000      132.9853  6389909   24.01%
Elapsed time = 9469.50 sec. (11885365.23 ticks, tree = 12.41 MB, solutions = 5)
    452   454      150.7033    63      175.0000      132.9853  6397957   24.01%
    453   455      151.2473    65      175.0000      132.9853  6401422   24.01%
    454   456      150.7072    61      175.0000      132.9853  6403507   24.01%
    455   457      150.7072    62      175.0000      132.9853  6403540   24.01%
    456   458      150.7072    58      175.0000      132.9853  6404955   24.01%
    457   459      150.7169    56      175.0000      132.9853  6408213   24.01%
    458   460      150.7806    62      175.0000      132.9853  6409669   24.01%
    459   461      151.1391    64      175.0000      132.9853  6414633   24.01%
    460   462      150.7925    62      175.0000      132.9853  6416889   24.01%
    461   463      151.3669    65      175.0000      132.9853  6421694   24.01%
Elapsed time = 9504.53 sec. (11920774.66 ticks, tree = 12.65 MB, solutions = 5)
    463   465      151.2895    61      175.0000      132.9853  6430498   24.01%
    464   466      150.8374    64      175.0000      132.9853  6431157   24.01%
    465   467      150.8374    63      175.0000      132.9853  6431621   24.01%
    466   468      150.8901    62      175.0000      132.9853  6431767   24.01%
    467   469      150.8901    64      175.0000      132.9853  6431994   24.01%
    468   470      151.4747    62      175.0000      132.9853  6432780   24.01%
    469   471      150.8904    65      175.0000      132.9853  6433181   24.01%
    470   472      151.4742    63      175.0000      132.9853  6436412   24.01%
    471   473      150.8997    67      175.0000      132.9853  6436667   24.01%
    472   474      151.4794    66      175.0000      132.9853  6437582   24.01%
Elapsed time = 9513.56 sec. (11930028.09 ticks, tree = 12.86 MB, solutions = 5)
    479   481      150.9781    66      175.0000      132.9853  6446189   24.01%
    480   482      151.5878    69      175.0000      132.9853  6451474   24.01%
    481   483      150.9862    65      175.0000      132.9853  6452082   24.01%
    482   484      150.9939    65      175.0000      132.9853  6452719   24.01%
    483   485      151.5164    65      175.0000      132.9853  6453712   24.01%
    484   486      150.9946    67      175.0000      132.9853  6454761   24.01%
    485   487      151.5366    62      175.0000      132.9853  6458993   24.01%
    486   488      151.0011    70      175.0000      132.9853  6459513   24.01%
    487   489      151.5698    61      175.0000      132.9853  6462776   24.01%
    488   490      151.5827    61      175.0000      132.9853  6464710   24.01%
Elapsed time = 9541.31 sec. (11958622.60 ticks, tree = 13.15 MB, solutions = 5)
    491   493      152.1439    70      175.0000      132.9853  6475595   24.01%
    492   494      151.6064    65      175.0000      132.9853  6476982   24.01%
    493   495      152.1099    63      175.0000      132.9853  6478781   24.01%
    494   496      151.6072    66      175.0000      132.9853  6478800   24.01%
    495   497      152.1247    65      175.0000      132.9853  6479563   24.01%
    496   498      151.6138    67      175.0000      132.9853  6480575   24.01%
    497   499      152.1280    69      175.0000      132.9853  6482985   24.01%
    498   500      151.6295    75      175.0000      132.9853  6484520   24.01%
    499   501      151.8471    61      175.0000      132.9853  6489776   24.01%
    500   502      151.9063    64      175.0000      132.9853  6490830   24.01%
Elapsed time = 9569.15 sec. (11986922.09 ticks, tree = 13.37 MB, solutions = 5)
    506   508      151.9646    73      175.0000      132.9853  6498387   24.01%
    507   509      152.7066    64      175.0000      132.9853  6501096   24.01%
    508   510      151.9646    67      175.0000      132.9853  6501981   24.01%
    509   511      151.9684    66      175.0000      132.9853  6502462   24.01%
    510   512      152.0087    72      175.0000      132.9853  6503756   24.01%
    511   513      152.5540    71      175.0000      132.9853  6509917   24.01%
    512   514      152.0109    72      175.0000      132.9853  6509996   24.01%

Cover cuts applied:  70
Implied bound cuts applied:  4071
Flow cuts applied:  1193
Mixed integer rounding cuts applied:  1186
Flow path cuts applied:  63
Lift and project cuts applied:  13
Gomory fractional cuts applied:  8

Root node processing (before b&c):
  Real time             = 4124.07 sec. (5908460.88 ticks)
Sequential b&c:
  Real time             = 10275.98 sec. (13104698.98 ticks)
                          ------------
Total (root+branch&cut) = 14400.05 sec. (19013159.86 ticks)

Solution pool: 5 solutions saved.

MIP - Time limit exceeded, integer feasible:  Objective =  1.7500000000e+02
Current MIP best bound =  1.3427412808e+02 (gap = 40.7259, 23.27%)
Solution time = 14400.05 sec.  Iterations = 9660531  Nodes = 513 (515)
Deterministic time = 19013162.37 ticks  (1320.35 ticks/sec)


Incumbent solution written to file '/tmp/tmpi42ukN.cplex.sol'.
