
Gurobi 6.5.2 (linux64) logging started Fri Jan 26 16:22:36 2018

Changed value of parameter LogFile to data/mip_solutions/chen_grossmann_miller/reduced_transportation/unbalanced20_gurobi.log
   Prev: gurobi.log  Default: 
Changed value of parameter Threads to 1
   Prev: 0  Min: 0  Max: 1024  Default: 0
Optimize a model with 2012 rows, 308156 columns and 923964 nonzeros
Coefficient statistics:
  Matrix range    [1e+00, 1e+03]
  Objective range [1e+00, 1e+00]
  Bounds range    [1e+00, 1e+00]
  RHS range       [5e-01, 1e+03]
Presolve removed 870 rows and 253559 columns
Presolve time: 0.48s
Presolved: 1142 rows, 54597 columns, 162952 nonzeros
Variable types: 54178 continuous, 419 integer (419 binary)

Root relaxation: objective 3.357725e+01, 16890 iterations, 2.05 seconds

    Nodes    |    Current Node    |     Objective Bounds      |     Work
 Expl Unexpl |  Obj  Depth IntInf | Incumbent    BestBd   Gap | It/Node Time

     0     0   33.57725    0   71          -   33.57725      -     -    3s
H    0     0                      77.0000000   33.57725  56.4%     -    3s
     0     0   33.90703    0   93   77.00000   33.90703  56.0%     -    4s
     0     0   35.62962    0  112   77.00000   35.62962  53.7%     -    7s
     0     0   36.27974    0  119   77.00000   36.27974  52.9%     -    9s
     0     0   37.06427    0  116   77.00000   37.06427  51.9%     -   12s
     0     0   37.31836    0  109   77.00000   37.31836  51.5%     -   14s
     0     0   37.82804    0  114   77.00000   37.82804  50.9%     -   17s
     0     0   37.99309    0  114   77.00000   37.99309  50.7%     -   19s
     0     0   38.11933    0  121   77.00000   38.11933  50.5%     -   21s
     0     0   38.18034    0  127   77.00000   38.18034  50.4%     -   23s
     0     0   38.28703    0  113   77.00000   38.28703  50.3%     -   27s
     0     0   38.35010    0  119   77.00000   38.35010  50.2%     -   29s
     0     0   38.45156    0  117   77.00000   38.45156  50.1%     -   32s
     0     0   38.50239    0  119   77.00000   38.50239  50.0%     -   34s
     0     0   38.60705    0  127   77.00000   38.60705  49.9%     -   37s
     0     0   38.63898    0  129   77.00000   38.63898  49.8%     -   39s
     0     0   38.68749    0  135   77.00000   38.68749  49.8%     -   41s
     0     0   38.82174    0  134   77.00000   38.82174  49.6%     -   43s
     0     0   38.87869    0  134   77.00000   38.87869  49.5%     -   45s
     0     0   38.97220    0  131   77.00000   38.97220  49.4%     -   47s
     0     0   39.01412    0  137   77.00000   39.01412  49.3%     -   49s
     0     0   39.07956    0  137   77.00000   39.07956  49.2%     -   52s
     0     0   39.11326    0  138   77.00000   39.11326  49.2%     -   54s
     0     0   39.39163    0  131   77.00000   39.39163  48.8%     -   57s
     0     0   39.49564    0  135   77.00000   39.49564  48.7%     -   60s
     0     0   39.60438    0  133   77.00000   39.60438  48.6%     -   64s
     0     0   39.62463    0  136   77.00000   39.62463  48.5%     -   66s
     0     0   39.63268    0  141   77.00000   39.63268  48.5%     -   68s
     0     0   39.63268    0  137   77.00000   39.63268  48.5%     -   84s
     0     2   39.63270    0  137   77.00000   39.63270  48.5%     -   94s
     2     4   39.70016    1  128   77.00000   39.64096  48.5%  2345   97s
     3     5   39.70482    2  132   77.00000   39.64096  48.5%  2811  100s
     6     8   39.91549    4  132   77.00000   39.68588  48.5%  2646  105s
     9    11   39.91687    5  123   77.00000   39.68588  48.5%  2840  111s
    11    13   40.07005    7  117   77.00000   39.68588  48.5%  2983  115s
    14    16   40.11189    9  118   77.00000   39.68588  48.5%  2884  120s
    17    19   40.28943   10  112   77.00000   39.68588  48.5%  2956  125s
    22    24   40.32798   13  106   77.00000   39.68588  48.5%  2641  130s
    24    26   40.49462   14  109   77.00000   39.68588  48.5%  2864  135s
    30    32   40.66098   17  100   77.00000   39.68588  48.5%  2574  140s
    35    37   40.67102   19  100   77.00000   39.68588  48.5%  2438  145s
    48    50   41.09516   26   86   77.00000   39.68588  48.5%  1973  150s
    64    66   41.51269   34   82   77.00000   39.68588  48.5%  1608  155s
    94    96   43.18887   55   61   77.00000   39.68588  48.5%  1204  160s
   126   128   44.28974   77   59   77.00000   39.68588  48.5%   991  165s
H  142   142                      75.0000000   39.68588  47.1%   889  166s
   190   190   47.63842  126   49   75.00000   39.68588  47.1%   714  170s
H  207   201                      74.0000000   39.68588  46.4%   666  170s
H  216   210                      64.0000000   39.68588  38.0%   643  172s
   290   268   57.96053  201   16   64.00000   39.68588  38.0%   499  175s
   338   305   40.43226    4  122   64.00000   39.68991  38.0%   471  183s
   339   306   39.98270    4  124   64.00000   39.70016  38.0%   498  190s
   342   309   40.67817    7   98   64.00000   39.70016  38.0%   533  198s
   343   310   41.01711    8   93   64.00000   39.70016  38.0%   554  203s
   345   312   41.06042   10  100   64.00000   39.70016  38.0%   559  205s
   348   315   41.26979   12   94   64.00000   39.70016  38.0%   581  210s
   356   323   41.59894   19   99   64.00000   39.70016  38.0%   597  216s
   362   329   41.83072   25   99   64.00000   39.70016  38.0%   608  221s
   366   333   41.96985   28   82   64.00000   39.70016  38.0%   626  225s
   371   338   42.09415   32   81   64.00000   39.70016  38.0%   639  230s
   376   343   42.24771   36   78   64.00000   39.70016  38.0%   648  236s
   380   345   43.45598   38   64   64.00000   39.70016  38.0%   669  240s
   387   352   44.12103   42   68   64.00000   39.70016  38.0%   684  245s
   400   365   44.55326   51   80   64.00000   39.70016  38.0%   689  250s
   411   376   45.23882   59   66   64.00000   39.70016  38.0%   691  255s
   423   386 infeasible   68        64.00000   39.70016  38.0%   698  260s
   437   400   47.22954   76   68   64.00000   39.70016  38.0%   703  265s
   502   463   48.97454  127   60   64.00000   39.70016  38.0%   631  270s
   511   471   49.06116  118  137   64.00000   39.70016  38.0%   620  285s
   514   473   44.04333   75   94   64.00000   39.70016  38.0%   617  291s
   516   474   43.39004   67  113   64.00000   39.70016  38.0%   614  297s
   517   475   47.78490   87  114   64.00000   39.70016  38.0%   613  300s
   519   476   41.88870   40  130   64.00000   39.70016  38.0%   611  305s
   521   478   58.45452  200  129   64.00000   39.70016  38.0%   608  312s
   522   478   53.46969  169  125   64.00000   39.70016  38.0%   607  315s
   524   480   47.59704   79  131   64.00000   39.70016  38.0%   605  322s
   525   480   43.07510   36  134   64.00000   39.70016  38.0%   604  326s
   527   482   45.19621   59  132   64.00000   39.70016  38.0%   601  335s
   528   482   44.15284   82  132   64.00000   39.71634  37.9%   600  340s
   529   483   43.29141   65  130   64.00000   39.75130  37.9%   599  346s
   530   484   40.28997   11  132   64.00000   39.75968  37.9%   598  350s
   531   484   49.06116  118  138   64.00000   39.77530  37.9%   597  356s
   532   485   41.20097   13  132   64.00000   39.78266  37.8%   596  360s
   534   486   44.04333   75  136   64.00000   39.81865  37.8%   594  369s
   535   487   42.14069   42  143   64.00000   39.85391  37.7%   593  375s
   536   488   43.39004   67  141   64.00000   39.87875  37.7%   591  381s
   537   488   47.78490   87  145   64.00000   39.98326  37.5%   590  388s
   538   489   40.28997   11  139   64.00000   40.00130  37.5%   589  394s
   539   490   41.88870   40  147   64.00000   40.01863  37.5%   588  400s
H  539   465                      59.0000000   40.09281  32.0%   588  411s
   541   466   58.45452  200  137   59.00000   40.12538  32.0%   586  418s
   542   467   53.46969  169  139   59.00000   40.14085  32.0%   585  424s
   543   467   45.19582   59  138   59.00000   40.14742  32.0%   584  427s
   544   468   47.59704   79  133   59.00000   40.15400  31.9%   583  431s
   545   469   43.07510   36  133   59.00000   40.16068  31.9%   582  435s
   547   470   45.19621   59  131   59.00000   40.17123  31.9%   580  442s
   548   471   44.15284   82  137   59.00000   40.17458  31.9%   578  446s
   550   472   40.28997   11  134   59.00000   40.17951  31.9%   576  451s
   552   473   41.20097   13  126   59.00000   40.18763  31.9%   574  456s
   554   475   44.04333   75  134   59.00000   40.19479  31.9%   572  462s
   555   475   42.14069   42  138   59.00000   40.19883  31.9%   571  465s
   557   477   47.78490   87  130   59.00000   40.20354  31.9%   569  470s
   559   478   41.88870   40  128   59.00000   40.22106  31.8%   567  476s
   561   479   58.45452  200  139   59.00000   40.23802  31.8%   565  482s
   563   481   45.19582   59  141   59.00000   40.25182  31.8%   563  486s
   565   482   43.07510   36  129   59.00000   40.27276  31.7%   561  491s
   566   483   44.49715   83  130   59.00000   40.30230  31.7%   560  495s
   569   485   43.29141   65  131   59.00000   40.31644  31.7%   557  502s
   571   486   49.06116  118  128   59.00000   40.32064  31.7%   555  507s
   572   487   41.20097   13  127   59.00000   40.32130  31.7%   554  510s
   575   489   42.14069   42  133   59.00000   40.32322  31.7%   551  516s
   577   490   47.78490   87  134   59.00000   40.32618  31.7%   549  521s
   579   491   41.88870   40  124   59.00000   40.32959  31.6%   547  525s
   581   493   58.45452  200  126   59.00000   40.33225  31.6%   546  530s
   585   495   43.07510   36  131   59.00000   40.33648  31.6%   542  537s
   587   497   45.19621   59  133   59.00000   40.33687  31.6%   540  541s
   589   498   43.29141   65  137   59.00000   40.33712  31.6%   538  545s
   592   500   41.20097   13  136   59.00000   40.33780  31.6%   535  550s
   595   502   42.14069   42  135   59.00000   40.34075  31.6%   533  557s
   597   503   47.78490   87  130   59.00000   40.34222  31.6%   531  560s
   599   505   41.88870   40  130   59.00000   40.34446  31.6%   529  565s
   602   507   53.46969  169  133   59.00000   40.35365  31.6%   527  573s
   604   508   47.59704   79  137   59.00000   40.35523  31.6%   525  577s
   606   509   44.49715   83  135   59.00000   40.35739  31.6%   523  581s
   608   511   44.15284   82  134   59.00000   40.35843  31.6%   521  586s
   611   513   49.06116  118  137   59.00000   40.36362  31.6%   519  591s
   613   514   57.17664  192  126   59.00000   40.37319  31.6%   517  595s
   616   516   43.39004   67  125   59.00000   40.37816  31.6%   515  601s
   618   517   40.39011   11  118   59.00000   40.39011  31.5%   513  606s
   620   519   44.49715   83  118   59.00000   40.39166  31.5%   511  610s
   623   521   45.19582   59  130   59.00000   40.39483  31.5%   509  615s
   626   523   44.49715   83  124   59.00000   40.39933  31.5%   506  622s
   628   524   44.15284   82  126   59.00000   40.40571  31.5%   505  625s
   630   525   40.40717   11  127   59.00000   40.40717  31.5%   503  630s
   633   527   57.17664  192  131   59.00000   40.41306  31.5%   501  635s
   636   529   43.39004   67  130   59.00000   40.41688  31.5%   498  641s
   638   531   40.41833   11  132   59.00000   40.41833  31.5%   497  645s
   641   533   58.45452  200  133   59.00000   40.41926  31.5%   495  651s
   643   534   45.19582   59  133   59.00000   40.41951  31.5%   493  655s
   646   536   44.49715   83  133   59.00000   40.42415  31.5%   491  661s
   648   537   44.15284   82  139   59.00000   40.42529  31.5%   489  665s
   651   539   49.06116  118  135   59.00000   40.42912  31.5%   487  671s
   653   541   57.17664  192  131   59.00000   40.43356  31.5%   485  675s
   656   543   43.39004   67  133   59.00000   40.43442  31.5%   483  681s
   658   544   40.43452   11  131   59.00000   40.43452  31.5%   482  685s
   664   549   47.59704   79  137   59.00000   40.43495  31.5%  1028  718s
   666   550   44.49715   83   72   59.00000   40.43495  31.5%  1025  721s
   668   552   44.15284   82  106   59.00000   40.43495  31.5%  1022  726s
   670   553   40.43495   11  120   59.00000   40.43495  31.5%  1019  731s
   672   554   41.20097   13  124   59.00000   40.43495  31.5%  1016  737s
   673   555   57.17664  192  131   59.00000   40.43495  31.5%  1014  740s
   675   556   42.14069   42  133   59.00000   40.43495  31.5%  1011  747s
   676   557   43.39004   67  143   59.00000   40.43495  31.5%  1010  750s
   678   558   40.43495   11  125   59.00000   40.43495  31.5%  1007  757s
   679   559   41.88870   40  135   59.00000   40.43495  31.5%  1005  761s
   681   560   58.45452  200  130   59.00000   40.43495  31.5%  1002  766s
   682   561   53.46969  169  139   59.00000   40.43495  31.5%  1001  770s
   684   562   47.59704   79  128   59.00000   40.43495  31.5%   998  778s
   685   563   43.07510   36  140   59.00000   40.43495  31.5%   996  782s
   686   564   44.49715   83  145   59.00000   40.43495  31.5%   995  789s
   687   564   45.19621   59  139   59.00000   40.43495  31.5%   993  793s
   688   565   44.15284   82  145   59.00000   40.43495  31.5%   992  797s
   689   566   43.29141   65  142   59.00000   40.43495  31.5%   990  802s
   690   566   40.43495   11  143   59.00000   40.43495  31.5%   989  806s
   691   567   49.06116  118  146   59.00000   40.43495  31.5%   988  810s
   693   568   57.17664  192  153   59.00000   40.43495  31.5%   985  818s
   694   569   44.04333   75  156   59.00000   40.43495  31.5%   983  822s
   695   570   42.14069   42  145   59.00000   40.43495  31.5%   982  825s
   697   571   47.78490   87  142   59.00000   40.44827  31.4%   979  831s
   699   572   41.88870   40  139   59.00000   40.46963  31.4%   976  837s
   700   573   44.49715   83  146   59.00000   40.47873  31.4%   975  840s
   702   574   53.46969  169  140   59.00000   40.48571  31.4%   972  847s
   703   575   45.19582   59  135   59.00000   40.48802  31.4%   971  850s
   705   576   43.07510   36  136   59.00000   40.50096  31.4%   968  858s
   706   577   44.49715   83  140   59.00000   40.50702  31.3%   967  861s
H  706   547                      58.0000000   40.50793  30.2%   967  866s
   709   549   43.29141   65  134   58.00000   40.51402  30.1%   963  872s
   711   550   49.06116  118  131   58.00000   40.51567  30.1%   960  875s
   713   552   57.17664  192  137   58.00000   40.51845  30.1%   957  880s
   715   553   42.14069   42  135   58.00000   40.52139  30.1%   954  885s
   718   555   40.52327   11  136   58.00000   40.52327  30.1%   950  891s
   721   557   58.00000  200  133   58.00000   40.52675  30.1%   947  896s
   722   558   53.46969  169  136   58.00000   40.52825  30.1%   945  900s
   724   559   47.59704   79  139   58.00000   40.53260  30.1%   943  905s
   726   560   44.49715   83  137   58.00000   40.53417  30.1%   940  911s
   728   562   44.15284   82  137   58.00000   40.53423  30.1%   937  915s
   730   563   40.53468   11  138   58.00000   40.53468  30.1%   935  920s
   733   565   57.17664  192  134   58.00000   40.53731  30.1%   931  928s
   734   566   44.04333   75  140   58.00000   40.53830  30.1%   930  930s
   737   568   47.78490   87  137   58.00000   40.53868  30.1%   926  936s
   739   569   41.88870   40  138   58.00000   40.53934  30.1%   923  941s
   741   570   58.00000  200  141   58.00000   40.53943  30.1%   921  947s
   743   572   45.19582   59  137   58.00000   40.53960  30.1%   919  951s
   745   573   43.07510   36  138   58.00000   40.53966  30.1%   916  955s
   747   574   45.19621   59  130   58.00000   40.54258  30.1%   914  961s
   749   576   43.29141   65  133   58.00000   40.54487  30.1%   911  965s
   751   577   49.06116  118  133   58.00000   40.54618  30.1%   909  971s
   754   579   44.04333   75  137   58.00000   40.54633  30.1%   905  975s
   756   580   43.39004   67  142   58.00000   40.56528  30.1%   903  983s
   757   581   47.78490   87  138   58.00000   40.56994  30.1%   902  987s
   758   582   40.57855   11  143   58.00000   40.57855  30.0%   900  990s
   760   583   44.49715   83  133   58.00000   40.59510  30.0%   898  996s
   763   585   45.19582   59  136   58.00000   40.60090  30.0%   894 1002s
   765   586   43.07510   36  138   58.00000   40.60204  30.0%   892 1005s
   768   588   44.15284   82  138   58.00000   40.61040  30.0%   889 1011s
   769   589   43.29141   65  127   58.00000   40.62303  30.0%   887 1015s
   772   591   41.20097   13  136   58.00000   40.62698  30.0%   884 1021s
   774   592   44.04333   75  136   58.00000   40.63000  29.9%   882 1025s
   777   594   47.78490   87  138   58.00000   40.63200  29.9%   878 1033s
   778   595   40.63230   11  139   58.00000   40.63230  29.9%   877 1035s
   781   597   58.00000  200  140   58.00000   40.63441  29.9%   874 1042s
   783   598   45.19582   59  140   58.00000   40.63772  29.9%   872 1046s
   785   600   43.07510   36  143   58.00000   40.64047  29.9%   869 1051s
   787   601   45.19621   59  146   58.00000   40.64146  29.9%   867 1055s
   790   603   40.64713   11  145   58.00000   40.64713  29.9%   864 1061s
   791   604   49.06116  118  137   58.00000   40.64956  29.9%   863 1065s
   793   605   57.17664  192  138   58.00000   40.65712  29.9%   861 1070s
   795   606   42.14069   42  133   58.00000   40.66103  29.9%   858 1075s
   798   608   40.66489   11  136   58.00000   40.66489  29.9%   855 1081s
   800   610   44.49715   83  136   58.00000   40.66892  29.9%   853 1085s
   802   611   53.46969  169  135   58.00000   40.67111  29.9%   851 1090s
   804   612   47.59704   79  136   58.00000   40.67277  29.9%   849 1096s
   806   614   44.49715   83  132   58.00000   40.67435  29.9%   847 1100s
   809   616   43.29141   65  132   58.00000   40.67613  29.9%   844 1106s
   811   617   49.06116  118  131   58.00000   40.67642  29.9%   841 1110s
   813   618   57.17664  192  133   58.00000   40.67710  29.9%   839 1115s
   815   620   42.14069   42  132   58.00000   40.67813  29.9%   837 1120s
   818   622   40.68223   11  136   58.00000   40.68223  29.9%   834 1125s
   821   624   58.00000  200  133   58.00000   40.68571  29.9%   831 1132s
   823   625   45.19582   59  132   58.00000   40.68808  29.8%   829 1135s
   826   627   44.49715   83  139   58.00000   40.68986  29.8%   826 1141s
   829   629   43.29141   65  142   58.00000   40.69318  29.8%   823 1147s
   831   630   49.06116  118  136   58.00000   40.69441  29.8%   821 1151s
   833   632   57.17664  192  139   58.00000   40.69685  29.8%   819 1156s
   835   633   42.14069   42  140   58.00000   40.69714  29.8%   817 1160s
   837   634   47.78490   87  136   58.00000   40.69995  29.8%   815 1165s
   839   636   41.88870   40  140   58.00000   40.71005  29.8%   813 1170s
   841   637   58.00000  200  137   58.00000   40.73473  29.8%   811 1179s
   842   638   53.46969  169  143   58.00000   40.74063  29.8%   811 1181s
   844   639   47.59704   79  143   58.00000   40.74680  29.7%   809 1186s
   846   640   44.49715   83  142   58.00000   40.74892  29.7%   807 1191s
   847   641   45.19621   59  140   58.00000   40.74955  29.7%   806 1195s
   849   642   43.29141   65  141   58.00000   40.75249  29.7%   804 1201s
   851   644   49.06116  118  140   58.00000   40.75844  29.7%   802 1208s
   852   644   41.20097   13  141   58.00000   40.75960  29.7%   801 1211s
   853   645   57.17664  192  136   58.00000   40.76094  29.7%   800 1216s
   855   646   42.14069   42  135   58.00000   40.76280  29.7%   798 1223s
   856   647   43.39004   67  135   58.00000   40.76347  29.7%   797 1226s
   857   648   47.78490   87  135   58.00000   40.76474  29.7%   796 1230s
   859   649   41.88870   40  138   58.00000   40.77018  29.7%   794 1240s
   861   650   58.00000  200  137   58.00000   40.77167  29.7%   793 1248s
   862   651   53.46969  169  137   58.00000   40.77279  29.7%   792 1250s
   863   652   45.19582   59  137   58.00000   40.77326  29.7%   791 1255s
   865   653   43.07510   36  138   58.00000   40.77330  29.7%   789 1287s
   866   654   44.49715   83  138   58.00000   40.77330  29.7%   788 1357s
   867   656   40.97641   23  135   58.00000   40.77353  29.7%  1338 1399s
   868   657   40.79036   23  136   58.00000   40.79036  29.7%  1340 1425s
   869   658   40.79231   24  139   58.00000   40.79231  29.7%  1341 1451s
   870   658   41.30700   24  139   58.00000   40.79231  29.7%  1354 1487s
   871   659   40.79488   25  141   58.00000   40.79488  29.7%  1355 1507s
   872   660   41.11594   25  132   58.00000   40.79488  29.7%  1364 1542s
   873   660   40.79778   26  139   58.00000   40.79778  29.7%  1363 1569s
   874   661   41.27368   26  143   58.00000   40.79778  29.7%  1377 1591s
   875   662   40.79800   27  139   58.00000   40.79800  29.7%  1377 1595s
   876   662   41.05624   27  134   58.00000   40.79800  29.7%  1384 1606s
   877   663   41.19671   28  130   58.00000   40.79801  29.7%  1396 1623s
   878   664   40.80065   28  133   58.00000   40.80065  29.7%  1396 1626s
   879   664   41.03463   29  137   58.00000   40.80065  29.7%  1407 1643s
   880   665   40.81160   29  136   58.00000   40.81160  29.6%  1407 1645s
   882   666   40.82434   30  135   58.00000   40.81753  29.6%  1409 1650s
   883   667   40.87284   31  143   58.00000   40.81753  29.6%  1413 1658s
   885   668   40.84857   32  135   58.00000   40.81753  29.6%  1416 1665s
   886   669   41.16463   32  131   58.00000   40.81753  29.6%  1421 1674s
   887   670   40.84857   33  134   58.00000   40.81753  29.6%  1419 1675s
   888   670   41.01816   33  131   58.00000   40.81753  29.6%  1426 1685s
   889   671   40.93495   34  133   58.00000   40.81753  29.6%  1431 1694s
   890   672   40.98633   34  127   58.00000   40.81753  29.6%  1436 1703s
   891   672   41.08061   35  143   58.00000   40.81753  29.6%  1440 1711s
   893   674   41.01558   36  133   58.00000   40.81753  29.6%  1443 1721s
   894   674   40.95672   36  131   58.00000   40.81753  29.6%  1444 1725s
   895   675   41.05894   37  138   58.00000   40.81753  29.6%  1447 1732s
   896   676   41.15002   37  137   58.00000   40.81753  29.6%  1451 1739s
   897   676   41.48630   38  135   58.00000   40.81753  29.6%  1455 1745s
   899   678   41.11211   39  128   58.00000   40.81753  29.6%  1454 1751s
   900   678   41.10896   39  124   58.00000   40.81753  29.6%  1457 1756s
   901   679   41.78063   40  118   58.00000   40.81753  29.6%  1467 1769s
   902   680   41.77568   40  113   58.00000   40.81753  29.6%  1476 1780s
   904   681   41.88660   41  124   58.00000   40.81753  29.6%  1481 1790s
   906   682   42.16106   42  109   58.00000   40.81753  29.6%  1487 1800s
   908   684   42.40588   43  114   58.00000   40.81753  29.6%  1493 1811s
   909   684   42.27508   44  117   58.00000   40.81753  29.6%  1497 1818s
   910   685   42.13099   44  110   58.00000   40.81753  29.6%  1503 1826s
   911   686   42.16691   45  117   58.00000   40.81753  29.6%  1505 1830s
   912   686   42.38103   45  115   58.00000   40.81753  29.6%  1513 1840s
   914   688   42.41248   46  111   58.00000   40.81753  29.6%  1517 1846s
   916   689   42.75584   47  111   58.00000   40.81753  29.6%  1522 1853s
   917   690   42.23700   48  120   58.00000   40.81753  29.6%  1523 1855s
   918   690   42.53823   48  109   58.00000   40.81753  29.6%  1529 1862s
   920   692   42.71183   49  111   58.00000   40.81753  29.6%  1538 1871s
   921   692   42.32306   50   97   58.00000   40.81753  29.6%  1541 1875s
   922   693   42.81707   50  102   58.00000   40.81753  29.6%  1545 1880s
   924   694   42.74805   51   95   58.00000   40.81753  29.6%  1555 1892s
   925   695   42.48176   52   95   58.00000   40.81753  29.6%  1556 1895s
   926   696   42.67776   52   87   58.00000   40.81753  29.6%  1559 1900s
   928   697   43.26479   53  103   58.00000   40.81753  29.6%  1566 1909s
   929   698   42.62569   54   98   58.00000   40.81753  29.6%  1565 1911s
   930   698   43.23073   54  103   58.00000   40.81753  29.6%  1569 1916s
   932   700   42.66623   55   98   58.00000   40.81753  29.6%  1571 1920s
   935   702   42.73597   57  103   58.00000   40.81753  29.6%  1572 1926s
   937   703   42.77254   58  106   58.00000   40.81753  29.6%  1575 1931s
   938   704   43.16089   58  109   58.00000   40.81753  29.6%  1578 1935s
   940   705   43.37817   59  102   58.00000   40.81753  29.6%  1584 1942s
   942   706   43.02304   60  101   58.00000   40.81753  29.6%  1588 1948s
   943   707   42.83089   61  107   58.00000   40.81753  29.6%  1588 1950s
   945   708   42.88020   62  106   58.00000   40.81753  29.6%  1592 1955s
   947   710   42.90329   63  100   58.00000   40.81753  29.6%  1595 1963s
   948   710   43.10848   63   96   58.00000   40.81753  29.6%  1599 1968s
   950   712   43.34789   64   90   58.00000   40.81753  29.6%  1603 1975s
   951   712   43.57921   65  100   58.00000   40.81753  29.6%  1606 1980s
   954   714   43.19054   66   98   58.00000   40.81753  29.6%  1608 1986s
   957   716   43.01303   68  101   58.00000   40.81753  29.6%  1608 1990s
   958   717   43.27035   68   87   58.00000   40.81753  29.6%  1615 1995s
   962   720   43.44363   70   92   58.00000   40.81753  29.6%  1616 2002s
   964   721   43.63272   71   88   58.00000   40.81753  29.6%  1617 2006s
   966   722   43.39123   72   94   58.00000   40.81753  29.6%  1621 2013s
   967   723   43.41619   73   89   58.00000   40.81753  29.6%  1622 2015s
   972   726   44.30939   75   76   58.00000   40.81753  29.6%  1620 2021s
   976   729   44.16667   77   71   58.00000   40.81753  29.6%  1620 2027s
   979   731   43.60312   79   88   58.00000   40.81753  29.6%  1619 2030s
   984   734   43.85989   81   87   58.00000   40.81753  29.6%  1615 2035s
   990   738   43.95624   84   81   58.00000   40.81753  29.6%  1610 2040s
   994   741   44.18156   86   93   58.00000   40.81753  29.6%  1608 2045s
   997   743   45.43338   88   84   58.00000   40.81753  29.6%  1609 2050s
  1000   745   44.46202   89   85   58.00000   40.81753  29.6%  1610 2056s
  1004   748   44.78357   91   76   58.00000   40.81753  29.6%  1608 2060s
  1010   752   45.06351   94   72   58.00000   40.81753  29.6%  1605 2065s
  1018   757   45.39334   98   74   58.00000   40.81753  29.6%  1598 2070s
  1025   762   44.93120  102   86   58.00000   40.81753  29.6%  1593 2075s
  1028   764   45.42207  103   89   58.00000   40.81753  29.6%  1593 2081s
  1039   771   45.04096  109   81   58.00000   40.81753  29.6%  1580 2085s
  1048   777   45.39862  113   76   58.00000   40.81753  29.6%  1572 2090s
  1056   782   46.06845  117   76   58.00000   40.81753  29.6%  1563 2095s
  1064   787   46.94173  121   71   58.00000   40.81753  29.6%  1556 2100s
  1075   792   46.99899  127   69   58.00000   40.81753  29.6%  1546 2105s
  1090   802   47.74567  134   61   58.00000   40.81753  29.6%  1531 2110s
  1104   811   48.24029  141   56   58.00000   40.81753  29.6%  1517 2115s
  1125   825   47.84982  152   52   58.00000   40.81753  29.6%  1495 2120s
  1152   841   48.84334  165   51   58.00000   40.81753  29.6%  1468 2125s
  1186   864   50.32065  182   38   58.00000   40.81753  29.6%  1435 2130s
  1223   887   51.54030  201   41   58.00000   40.81753  29.6%  1397 2135s
  1309   918   40.81920   31  126   58.00000   40.81760  29.6%  1312 2397s
  1310   919   41.12530   32  142   58.00000   40.81760  29.6%  1320 2406s
  1311   919   41.18092   32  143   58.00000   40.81760  29.6%  1327 2416s
  1312   920   41.54984   33  140   58.00000   40.81760  29.6%  1333 2425s
  1314   921   41.17536   34  134   58.00000   40.81760  29.6%  1336 2430s
  1315   922   41.19500   34  141   58.00000   40.81760  29.6%  1339 2435s
  1318   924   41.31829   36  139   58.00000   40.81760  29.6%  1343 2444s
  1319   925   41.86675   36  127   58.00000   40.81760  29.6%  1353 2454s
  1320   925   41.51209   37  132   58.00000   40.81760  29.6%  1356 2459s
  1321   926   41.31829   37  138   58.00000   40.81760  29.6%  1355 2460s
  1322   927   41.46086   38  137   58.00000   40.81760  29.6%  1359 2467s
  1325   929   42.19140   39  129   58.00000   40.81760  29.6%  1364 2475s
  1327   930   41.85105   40  121   58.00000   40.81760  29.6%  1372 2488s
  1328   931   41.86651   41  141   58.00000   40.81760  29.6%  1378 2496s
  1329   931   41.51271   41  135   58.00000   40.81760  29.6%  1382 2501s
  1332   933   41.58453   43  134   58.00000   40.81760  29.6%  1382 2505s
  1333   934   41.98908   43  126   58.00000   40.81760  29.6%  1387 2511s
  1335   935   41.85336   44  128   58.00000   40.81760  29.6%  1389 2517s
  1337   937   42.20436   45  125   58.00000   40.81760  29.6%  1394 2524s
  1338   937   41.74314   46  136   58.00000   40.81760  29.6%  1397 2528s
  1339   938   41.83645   46  128   58.00000   40.81760  29.6%  1399 2532s
  1340   939   41.82409   47  124   58.00000   40.81760  29.6%  1401 2535s
  1343   941   42.50269   48  132   58.00000   40.81760  29.6%  1406 2544s
  1345   942   42.14703   49  120   58.00000   40.81760  29.6%  1410 2550s
  1347   943   42.24822   50  128   58.00000   40.81760  29.6%  1415 2559s
  1348   944   42.02808   51  120   58.00000   40.81760  29.6%  1417 2562s
  1349   945   42.29052   51  117   58.00000   40.81760  29.6%  1422 2568s
  1350   945   42.31989   52  131   58.00000   40.81760  29.6%  1424 2572s
  1352   947   42.28953   53  114   58.00000   40.81760  29.6%  1425 2575s
  1353   947   42.77064   53  105   58.00000   40.81760  29.6%  1429 2581s
  1355   949   42.93535   54  108   58.00000   40.81760  29.6%  1433 2587s
  1358   951   42.37567   56  120   58.00000   40.81760  29.6%  1433 2590s
  1361   951   42.48908   57  113   58.00000   40.81760  29.6%  1433 2595s
  1363   952   43.05137   58  111   58.00000   40.81760  29.6%  1436 2602s
  1364   953   42.64381   59  108   58.00000   40.81760  29.6%  1438 2605s
  1366   954   42.67803   60   98   58.00000   40.81760  29.6%  1440 2610s
  1368   955   43.16366   61  100   58.00000   40.81760  29.6%  1442 2616s
  1369   956   43.34978   61  110   58.00000   40.81760  29.6%  1446 2621s
  1371   957   43.97901   62  103   58.00000   40.81760  29.6%  1448 2626s
  1373   959   44.07634   63  106   58.00000   40.81760  29.6%  1451 2633s
  1375   960   44.20194   64  107   58.00000   40.81760  29.6%  1452 2639s
  1376   961   43.87401   65  103   58.00000   40.81760  29.6%  1456 2645s
  1377   961   43.67322   65   95   58.00000   40.81760  29.6%  1459 2651s
  1378   962   43.90109   66   99   58.00000   40.81760  29.6%  1461 2655s
  1379   963   44.08270   66  110   58.00000   40.81760  29.6%  1464 2660s
  1382   965   43.92858   68   98   58.00000   40.81760  29.6%  1464 2665s
  1384   966   44.00861   69  100   58.00000   40.81760  29.6%  1466 2670s
  1387   968   44.71182   70   99   58.00000   40.81760  29.6%  1469 2678s
  1389   969   44.54870   71   95   58.00000   40.81760  29.6%  1471 2683s
  1391   971   44.16275   72   97   58.00000   40.81760  29.6%  1472 2688s
  1392   971   44.13194   73   95   58.00000   40.81760  29.6%  1473 2691s
  1393   972   44.44303   73   91   58.00000   40.81760  29.6%  1477 2697s
  1395   973   44.47423   74   82   58.00000   40.81760  29.6%  1478 2701s
  1397   975   44.35362   75   78   58.00000   40.81760  29.6%  1481 2708s
  1399   976   44.64498   76   97   58.00000   40.81760  29.6%  1483 2713s
  1401   977   44.66686   77  101   58.00000   40.81760  29.6%  1484 2717s
  1403   979   44.84312   78   96   58.00000   40.81760  29.6%  1485 2721s
  1405   980   45.13569   79   97   58.00000   40.81760  29.6%  1486 2725s
  1407   981   44.82013   80   95   58.00000   40.81760  29.6%  1488 2731s
  1409   983   45.24536   81   71   58.00000   40.81760  29.6%  1489 2735s
  1413   985   45.30599   83   67   58.00000   40.81760  29.6%  1490 2741s
  1417   988   45.49548   85   95   58.00000   40.81760  29.6%  1491 2746s
  1419   989   45.69935   86   79   58.00000   40.81760  29.6%  1492 2750s
  1423   992   45.72519   88   79   58.00000   40.81760  29.6%  1492 2755s
  1428   995   45.58581   91   83   58.00000   40.81760  29.6%  1492 2760s
  1433   999   46.07277   93   78   58.00000   40.81760  29.6%  1492 2766s
  1436   999   46.50169   95   84   58.00000   40.81760  29.6%  1493 2770s
  1441  1002   47.15827   97   86   58.00000   40.81760  29.6%  1492 2775s
  1444  1004   46.94119   99   97   58.00000   40.81760  29.6%  1493 2781s
  1449  1007   47.15021  101   84   58.00000   40.81760  29.6%  1494 2786s
  1451  1009   47.60858  102   83   58.00000   40.81760  29.6%  1495 2790s
  1457  1013   47.55476  105   74   58.00000   40.81760  29.6%  1494 2796s
  1463  1017   47.90469  108   79   58.00000   40.81760  29.6%  1492 2800s
  1472  1023   47.95626  113   66   58.00000   40.81760  29.6%  1489 2805s
  1481  1029   48.25998  117   60   58.00000   40.81760  29.6%  1486 2810s
  1491  1033   49.16340  122   59   58.00000   40.81760  29.6%  1483 2815s
  1506  1043   49.68371  130   62   58.00000   40.81760  29.6%  1474 2820s
  1516  1050   50.42692  135   57   58.00000   40.81760  29.6%  1471 2825s
  1531  1060   50.59480  142   53   58.00000   40.81760  29.6%  1463 2830s
  1542  1067   50.92234  148   59   58.00000   40.81760  29.6%  1460 2835s
  1563  1081   51.67735  158   40   58.00000   40.81760  29.6%  1448 2840s
  1579  1092   52.05513  166   41   58.00000   40.81760  29.6%  1440 2845s
  1604  1109   53.16437  179   46   58.00000   40.81760  29.6%  1426 2850s
  1633  1126   53.31252  193   33   58.00000   40.81760  29.6%  1408 2855s
  1714  1178   54.28076  234   22   58.00000   40.81760  29.6%  1349 2860s
  1768  1192   41.00097   31  142   58.00000   40.87284  29.5%  1315 3028s
  1769  1193   41.77290   32  150   58.00000   40.87284  29.5%  1322 3039s
  1770  1193   41.35385   32  157   58.00000   40.87284  29.5%  1327 3048s
  1771  1194   41.56493   33  155   58.00000   40.87284  29.5%  1333 3059s
  1772  1195   41.44699   33  154   58.00000   40.87284  29.5%  1335 3064s
  1773  1195   41.57188   34  151   58.00000   40.87284  29.5%  1339 3070s
  1774  1196   41.51397   34  152   58.00000   40.87284  29.5%  1342 3076s
  1775  1197   41.61053   35  150   58.00000   40.87284  29.5%  1344 3081s
  1777  1198   42.27526   36  143   58.00000   40.87284  29.5%  1352 3095s
  1778  1199   42.24888   36  146   58.00000   40.87284  29.5%  1359 3106s
  1782  1201   42.30639   38  132   58.00000   40.87284  29.5%  1358 3110s
  1784  1203   42.32602   39  128   58.00000   40.87284  29.5%  1360 3115s
  1785  1203   42.62363   40  104   58.00000   40.87284  29.5%  1364 3120s
  1788  1205   42.84124   41  104   58.00000   40.87284  29.5%  1367 3128s
  1791  1207   42.41756   43  124   58.00000   40.87284  29.5%  1366 3130s
  1793  1209   42.46642   44  119   58.00000   40.87284  29.5%  1369 3136s
  1796  1211   43.35472   45  114   58.00000   40.87284  29.5%  1374 3145s
  1797  1211   42.71767   46  126   58.00000   40.87284  29.5%  1377 3150s
  1799  1213   43.00254   47  114   58.00000   40.87284  29.5%  1381 3157s
  1800  1213   43.55562   47  104   58.00000   40.87284  29.5%  1386 3164s
  1801  1214   43.10268   48  107   58.00000   40.87284  29.5%  1386 3166s
  1802  1215   43.59125   48  115   58.00000   40.87284  29.5%  1390 3171s
  1804  1214   43.36527   49  119   58.00000   40.87284  29.5%  1392 3175s
  1809  1215   44.17775   51   98   58.00000   40.87284  29.5%  1395 3184s
  1810  1216   44.18540   52  108   58.00000   40.87284  29.5%  1397 3187s
  1812  1215   44.78886   53  101   58.00000   40.87284  29.5%  1399 3192s
  1813  1216   44.80749   53  113   58.00000   40.87284  29.5%  1402 3198s
  1815  1217   45.14254   54  109   58.00000   40.87284  29.5%  1404 3202s
  1817  1219   45.27964   55  103   58.00000   40.87284  29.5%  1406 3207s
  1819  1220   45.38191   56  105   58.00000   40.87284  29.5%  1408 3211s
  1821  1221   45.29471   57   98   58.00000   40.87284  29.5%  1412 3218s
  1822  1222   45.17232   58  120   58.00000   40.87284  29.5%  1414 3221s
  1825  1224   45.67919   59  103   58.00000   40.87284  29.5%  1418 3227s
  1826  1225   45.56829   60  108   58.00000   40.87284  29.5%  1420 3231s
  1829  1227   45.53942   61  109   58.00000   40.87284  29.5%  1423 3237s
  1831  1228   45.49690   62  116   58.00000   40.87284  29.5%  1425 3242s
  1833  1229   45.74102   63  105   58.00000   40.87284  29.5%  1428 3247s
  1835  1231   45.70640   64  108   58.00000   40.87284  29.5%  1429 3251s
  1837  1232   45.33226   65  111   58.00000   40.87284  29.5%  1433 3257s
  1839  1233   45.82022   66  112   58.00000   40.87284  29.5%  1435 3261s
  1841  1235   45.68989   67  107   58.00000   40.87284  29.5%  1436 3266s
  1843  1236   45.94168   68  106   58.00000   40.87284  29.5%  1438 3271s
  1846  1238   45.53600   70  115   58.00000   40.87284  29.5%  1438 3275s
  1851  1241   45.72123   72  101   58.00000   40.87284  29.5%  1439 3280s
  1853  1243   45.83298   73  103   58.00000   40.87284  29.5%  1441 3285s
  1858  1246   45.76718   76  102   58.00000   40.87284  29.5%  1442 3290s
  1859  1247   46.04298   76  103   58.00000   40.87284  29.5%  1444 3296s
  1865  1251   46.10783   79  100   58.00000   40.87284  29.5%  1443 3300s
H 1867  1141                      56.0000000   40.87284  27.0%  1442 3308s
  1869  1144   47.19199   81   91   56.00000   40.87284  27.0%  1446 3312s
  1870  1145   45.89082   82  102   56.00000   40.87284  27.0%  1445 3315s
  1875  1148   46.46492   84   91   56.00000   40.87284  27.0%  1447 3321s
  1879  1151   46.80196   86   86   56.00000   40.87284  27.0%  1449 3326s
  1883  1154   47.11186   88   83   56.00000   40.87284  27.0%  1450 3330s
  1888  1157   46.89079   91   83   56.00000   40.87284  27.0%  1452 3336s
  1893  1160   47.22417   93   82   56.00000   40.87284  27.0%  1452 3340s
  1901  1164   48.31616   97   70   56.00000   40.87284  27.0%  1451 3345s
  1909  1169   48.69242  101   75   56.00000   40.87284  27.0%  1449 3350s
  1917  1172   48.38044  105   68   56.00000   40.87284  27.0%  1449 3355s
  1925  1176   48.83407  109   69   56.00000   40.87284  27.0%  1448 3360s
  1939  1185   49.59488  116   67   56.00000   40.87284  27.0%  1443 3365s
  1949  1192   49.61940  121   73   56.00000   40.87284  27.0%  1440 3370s
  1969  1205   50.08687  131   56   56.00000   40.87284  27.0%  1431 3375s
  1975  1209   50.78648  134   51   56.00000   40.87284  27.0%  1428 3380s
  1999  1225   52.06784  146   53   56.00000   40.87284  27.0%  1415 3385s
H 2002  1148                      55.0000000   40.87284  25.7%  1413 3389s
  2005  1152   51.88619  149   47   55.00000   40.87284  25.7%  1412 3390s
  2032  1157   41.47123   32  137   55.00000   40.87284  25.7%  1404 3455s
  2033  1158   42.15723   33  152   55.00000   40.87284  25.7%  1410 3466s
  2034  1158   41.81146   33  160   55.00000   40.87284  25.7%  1415 3484s
  2035  1159   42.39952   34  152   55.00000   40.87284  25.7%  1425 3514s
  2036  1160   42.83317   34  134   55.00000   40.87284  25.7%  1431 3528s
  2037  1160   42.64336   35  140   55.00000   40.87284  25.7%  1436 3545s
  2039  1162   42.05188   35  143   55.00000   40.87284  25.7%  1442 3567s
  2040  1162   41.86680   35  162   55.00000   40.87284  25.7%  1444 3572s
  2041  1163   41.99450   36  158   55.00000   40.87284  25.7%  1447 3579s
  2042  1164   42.64300   37  137   55.00000   40.87284  25.7%  1458 3600s
  2043  1164   42.66271   37  144   55.00000   40.87284  25.7%  1466 3617s
  2044  1165   42.04832   36  153   55.00000   40.87284  25.7%  1469 3623s
  2045  1166   42.63763   37  144   55.00000   40.87284  25.7%  1475 3634s
  2046  1166   43.02867   38  142   55.00000   40.87284  25.7%  1480 3644s
  2047  1167   43.49509   38  141   55.00000   40.87284  25.7%  1485 3653s
  2048  1168   42.66849   38  136   55.00000   40.87284  25.7%  1485 3655s
  2049  1168   43.07592   39  133   55.00000   40.87284  25.7%  1490 3663s
  2051  1170   42.70275   40  131   55.00000   40.87284  25.7%  1491 3668s
  2052  1170   42.80746   41  131   55.00000   40.87284  25.7%  1493 3673s
  2053  1171   43.00770   42  116   55.00000   40.87284  25.7%  1496 3679s
  2054  1172   42.73836   41  137   55.00000   40.87284  25.7%  1498 3684s
  2055  1172   42.98392   42  129   55.00000   40.87284  25.7%  1502 3692s
  2056  1173   43.27883   43  111   55.00000   40.87284  25.7%  1505 3697s
  2058  1174   42.99826   43  121   55.00000   40.87284  25.7%  1509 3707s
  2059  1175   42.76541   43  127   55.00000   40.87284  25.7%  1510 3713s
  2060  1176   43.02960   44  128   55.00000   40.87284  25.7%  1515 3722s
  2061  1176   42.86665   44  128   55.00000   40.87284  25.7%  1518 3730s
  2063  1178   43.00799   46  127   55.00000   40.87284  25.7%  1522 3738s
  2064  1178   43.33700   45  116   55.00000   40.87284  25.7%  1526 3745s
  2065  1179   43.76972   46  126   55.00000   40.87284  25.7%  1529 3750s
  2068  1181   43.16499   47  120   55.00000   40.87284  25.7%  1530 3756s
  2070  1182   43.29210   49  119   55.00000   40.87284  25.7%  1532 3762s
  2071  1183   43.28981   49  129   55.00000   40.87284  25.7%  1534 3766s
  2072  1184   43.94195   47  130   55.00000   40.87284  25.7%  1537 3772s
  2073  1184   43.85960   48  121   55.00000   40.87284  25.7%  1542 3780s
  2076  1186   43.45503   52  115   55.00000   40.87284  25.7%  1544 3786s
  2077  1187   43.80552   51  115   55.00000   40.87284  25.7%  1546 3791s
  2078  1188   43.89972   50  126   55.00000   40.87284  25.7%  1550 3798s
  2080  1189   43.62697   54  108   55.00000   40.87284  25.7%  1551 3801s
  2081  1190   43.56912   54  100   55.00000   40.87284  25.7%  1552 3810s
  2084  1190   43.68039   56  100   55.00000   40.87284  25.7%  1554 3815s
  2087  1192   43.68431   57  101   55.00000   40.87284  25.7%  1554 3820s
  2090  1194   44.27461   58   99   55.00000   40.87284  25.7%  1557 3826s
  2092  1195   45.08631   61  103   55.00000   40.87284  25.7%  1562 3835s
  2094  1196   44.40661   61  100   55.00000   40.87284  25.7%  1566 3844s
  2095  1197   44.42368   60   96   55.00000   40.87284  25.7%  1569 3848s
  2096  1198   45.24749   60  100   55.00000   40.87284  25.7%  1574 3857s
  2097  1198   44.54949   60   82   55.00000   40.87284  25.7%  1577 3862s
  2099  1198   44.96962   62  108   55.00000   40.87284  25.7%  1579 3868s
  2100  1198   45.76050   61   89   55.00000   40.87284  25.7%  1583 3874s
  2101  1199   45.09053   61   87   55.00000   40.87284  25.7%  1585 3879s
  2103  1200   45.16070   64  103   55.00000   40.87284  25.7%  1586 3883s
  2104  1201   45.27879   64  106   55.00000   40.87284  25.7%  1588 3888s
  2108  1204   45.20211   68  100   55.00000   40.87284  25.7%  1586 3890s
  2110  1205   45.40938   68   85   55.00000   40.87284  25.7%  1588 3896s
  2112  1206   45.92687   67   95   55.00000   40.87284  25.7%  1591 3902s
  2116  1209   45.40940   73   75   55.00000   40.87284  25.7%  1590 3906s
  2124  1214   45.47354   78   80   55.00000   40.87284  25.7%  1587 3910s
  2129  1218   45.71353   81   73   55.00000   40.87284  25.7%  1587 3916s
  2134  1221   46.25749   84   64   55.00000   40.87284  25.7%  1588 3921s
  2139  1224   46.23223   87   62   55.00000   40.87284  25.7%  1587 3925s
  2144  1228   46.41341   90   60   55.00000   40.87284  25.7%  1587 3930s
  2153  1234   46.62184   96   54   55.00000   40.87284  25.7%  1584 3935s
  2158  1237   47.03128   97   61   55.00000   40.87284  25.7%  1584 3940s
  2164  1241   47.08497   99   54   55.00000   40.87284  25.7%  1583 3945s
  2175  1248   47.28390  107   63   55.00000   40.87284  25.7%  1579 3950s
  2188  1255   47.67225  110   68   55.00000   40.87284  25.7%  1573 3955s
  2211  1270   48.82204  121   44   55.00000   40.87284  25.7%  1560 3960s
  2230  1283   50.12014  126   44   55.00000   40.87284  25.7%  1550 3965s
  2247  1292   50.16490  129   47   55.00000   40.87284  25.7%  1542 3970s
  2286  1316   51.11994  152   30   55.00000   40.87284  25.7%  1519 3975s
  2341  1344   53.76988  178   26   55.00000   40.87284  25.7%  1487 3980s
  2359  1334   41.62479   32  164   55.00000   40.97986  25.5%  1483 4069s
  2360  1335   42.42573   33  145   55.00000   40.97986  25.5%  1490 4087s
  2361  1335   42.56949   34  156   55.00000   40.97986  25.5%  1493 4097s
  2362  1336   41.80542   33  157   55.00000   40.97986  25.5%  1496 4108s
  2364  1337   41.99189   35  156   55.00000   40.97986  25.5%  1500 4121s
  2365  1338   42.22614   36  155   55.00000   40.97986  25.5%  1504 4132s
  2366  1339   42.53356   34  156   55.00000   40.97986  25.5%  1509 4147s
  2367  1339   41.88611   35  153   55.00000   40.97986  25.5%  1512 4155s
  2368  1340   42.41686   36  151   55.00000   40.97986  25.5%  1516 4167s
  2369  1341   42.37709   36  159   55.00000   40.97986  25.5%  1523 4187s
  2370  1341   42.63541   37  146   55.00000   40.97986  25.5%  1526 4198s
  2371  1342   42.96088   38  145   55.00000   40.97986  25.5%  1529 4212s
  2372  1343   43.12684   38  146   55.00000   40.97986  25.5%  1534 4232s
  2373  1343   42.56668   37  149   55.00000   40.97986  25.5%  1537 4243s
  2374  1344   42.71990   38  154   55.00000   40.97986  25.5%  1540 4254s
  2375  1345   43.44199   39  150   55.00000   40.97986  25.5%  1544 4268s
  2376  1345   42.74097   39  158   55.00000   40.97986  25.5%  1545 4271s
  2377  1346   42.87323   40  149   55.00000   40.97986  25.5%  1547 4280s
  2378  1347   43.14343   41  145   55.00000   40.97986  25.5%  1550 4293s
  2379  1347   42.79228   40  157   55.00000   40.97986  25.5%  1551 4298s
  2380  1348   42.81136   41  158   55.00000   40.97986  25.5%  1551 4301s
  2381  1349   42.98339   42  139   55.00000   40.97986  25.5%  1553 4309s
  2382  1349   43.24864   43  127   55.00000   40.97986  25.5%  1556 4322s
  2384  1351   43.00471   44  139   55.00000   40.97986  25.5%  1556 4326s
  2386  1352   43.12025   46  131   55.00000   40.97986  25.5%  1558 4335s
  2387  1353   43.15310   47  126   55.00000   40.97986  25.5%  1559 4340s
  2388  1353   43.16825   48  130   55.00000   40.97986  25.5%  1560 4345s
  2391  1355   43.21216   51  121   55.00000   40.97986  25.5%  1559 4350s
  2395  1358   43.31146   55  126   55.00000   40.97986  25.5%  1559 4358s
  2396  1359   43.34353   56  122   55.00000   40.97986  25.5%  1559 4360s
  2397  1359   43.86806   55  110   55.00000   40.97986  25.5%  1561 4368s
  2399  1361   43.38632   58  122   55.00000   40.97986  25.5%  1561 4372s
  2400  1361   43.55385   59  109   55.00000   40.97986  25.5%  1563 4377s
  2401  1362   43.52253   59  120   55.00000   40.97986  25.5%  1564 4384s
  2402  1363   43.61221   60  118   55.00000   40.97986  25.5%  1566 4392s
  2403  1363   43.70589   58  113   55.00000   40.97986  25.5%  1567 4398s
  2404  1364   44.91094   60   83   55.00000   40.97986  25.5%  1571 4408s
  2405  1365   43.76700   61  120   55.00000   40.97986  25.5%  1573 4416s
  2407  1366   43.70523   61  104   55.00000   40.97986  25.5%  1574 4424s
  2408  1367   43.83073   61  119   55.00000   40.97986  25.5%  1575 4429s
  2409  1367   43.83422   61  115   55.00000   40.97986  25.5%  1577 4436s
  2410  1368   43.76606   62  118   55.00000   40.97986  25.5%  1578 4441s
  2411  1369   43.82137   60  108   55.00000   40.97986  25.5%  1580 4448s
  2412  1369   43.78362   63  117   55.00000   40.97986  25.5%  1580 4450s
  2415  1371   44.58415   64  106   55.00000   40.97986  25.5%  1583 4466s
  2417  1373   43.97742   67  105   55.00000   40.97986  25.5%  1583 4470s
  2418  1373   44.06846   67  107   55.00000   40.97986  25.5%  1585 4475s
  2419  1374   44.13586   68  109   55.00000   40.97986  25.5%  1586 4482s
  2420  1375   44.15444   68  104   55.00000   40.97986  25.5%  1587 4486s
  2421  1375   44.43930   66  114   55.00000   40.97986  25.5%  1590 4495s
  2423  1377   44.20844   69  108   55.00000   40.97986  25.5%  1590 4500s
  2425  1378   44.16946   69  109   55.00000   40.97986  25.5%  1590 4505s
  2431  1382   44.27950   75   99   55.00000   40.97986  25.5%  1588 4511s
  2433  1383   44.33918   75  103   55.00000   40.97986  25.5%  1589 4516s
  2435  1385   44.42555   76  103   55.00000   40.97986  25.5%  1589 4522s
  2437  1386   44.36373   76  100   55.00000   40.97986  25.5%  1589 4525s
  2442  1389   44.53216   81   89   55.00000   40.97986  25.5%  1588 4531s
  2445  1391   44.69053   83   90   55.00000   40.97986  25.5%  1588 4537s
  2447  1393   44.88310   83   92   55.00000   40.97986  25.5%  1588 4541s
  2448  1393   44.66903   82   96   55.00000   40.97986  25.5%  1589 4545s
  2449  1394   44.79392   83   84   55.00000   40.97986  25.5%  1590 4550s
  2453  1397   44.82361   84   94   55.00000   40.97986  25.5%  1590 4556s
  2458  1400   45.19887   88   87   55.00000   40.97986  25.5%  1590 4562s
  2463  1403   44.94487   92   83   55.00000   40.97986  25.5%  1589 4565s
  2468  1407   45.68036   95   84   55.00000   40.97986  25.5%  1589 4572s
  2471  1409   45.73361   96   78   55.00000   40.97986  25.5%  1589 4575s
  2479  1412   46.40501   97   78   55.00000   40.97986  25.5%  1587 4581s
  2485  1416   46.20297  102   78   55.00000   40.97986  25.5%  1586 4585s
  2494  1422   46.70306  107   69   55.00000   40.97986  25.5%  1583 4590s
  2501  1427   46.63976  113   81   55.00000   40.97986  25.5%  1582 4595s
  2511  1433   47.17538  118   74   55.00000   40.97986  25.5%  1579 4600s
  2517  1437   47.45025  122   79   55.00000   40.97986  25.5%  1578 4605s
  2524  1442   47.59248  125   78   55.00000   40.97986  25.5%  1576 4610s
  2537  1448   48.77920  129   63   55.00000   40.97986  25.5%  1571 4615s
  2547  1452   48.86829  131   62   55.00000   40.97986  25.5%  1568 4620s
  2567  1466   49.40847  144   51   55.00000   40.97986  25.5%  1559 4625s
  2586  1474   50.58199  146   63   55.00000   40.97986  25.5%  1551 4630s
  2604  1486   50.49143  152   45   55.00000   40.97986  25.5%  1545 4635s
  2630  1504   51.80454  161   34   55.00000   40.97986  25.5%  1534 4640s
  2680  1551   53.60584  188   28   55.00000   40.97986  25.5%  1510 4645s
  2730  1574   41.66185   24  163   55.00000   40.98206  25.5%  1490 4702s
  2731  1575   42.62634   25  170   55.00000   40.98206  25.5%  1495 4718s
  2732  1576   41.87491   25  172   55.00000   40.98206  25.5%  1499 4730s
  2733  1577   42.07463   26  163   55.00000   40.98206  25.5%  1502 4739s
  2734  1578   42.24232   27  173   55.00000   40.98206  25.5%  1505 4750s
  2735  1579   42.75250   28  160   55.00000   40.98206  25.5%  1510 4763s
  2736  1580   42.27054   28  163   55.00000   40.98206  25.5%  1511 4768s
H 2737  1373                      53.0000000   40.98206  22.7%  1510 4779s
  2738  1376   42.53857   29  163   53.00000   40.98206  22.7%  1517 4788s
  2739  1377   42.56670   30  164   53.00000   40.98206  22.7%  1517 4791s
  2740  1378   43.24338   31  157   53.00000   40.98206  22.7%  1522 4806s
  2741  1379   43.16169   30  167   53.00000   40.98206  22.7%  1526 4816s
  2742  1380   42.66509   30  154   53.00000   40.98206  22.7%  1528 4824s
  2743  1381   43.01388   31  150   53.00000   40.98206  22.7%  1531 4833s
  2744  1382   42.68715   31  166   53.00000   40.98206  22.7%  1532 4835s
  2746  1384   42.83661   33  160   53.00000   40.98206  22.7%  1534 4845s
  2747  1385   43.15806   32  144   53.00000   40.98206  22.7%  1538 4856s
  2749  1387   42.76335   34  161   53.00000   40.98206  22.7%  1540 4862s
  2750  1388   42.77489   35  157   53.00000   40.98206  22.7%  1540 4865s
  2751  1389   43.11455   36  146   53.00000   40.98206  22.7%  1543 4873s
  2753  1391   42.84821   37  157   53.00000   40.98206  22.7%  1544 4878s
  2755  1393   43.33699   39  158   53.00000   40.98206  22.7%  1547 4888s
  2756  1394   42.86719   39  153   53.00000   40.98206  22.7%  1548 4891s
  2757  1395   43.21526   40  151   53.00000   40.98206  22.7%  1550 4898s
  2759  1397   42.87753   41  155   53.00000   40.98206  22.7%  1550 4900s
  2760  1398   42.94660   42  153   53.00000   40.98206  22.7%  1551 4905s
  2762  1400   43.02171   44  142   53.00000   40.98206  22.7%  1552 4910s
  2763  1401   43.28399   45  140   53.00000   40.98206  22.7%  1555 4919s
  2764  1402   42.99301   44  146   53.00000   40.98206  22.7%  1556 4923s
  2765  1403   43.11261   45  137   53.00000   40.98206  22.7%  1558 4928s
  2766  1404   43.47382   46  125   53.00000   40.98206  22.7%  1560 4934s
  2767  1405   43.11977   46  136   53.00000   40.98206  22.7%  1560 4936s
  2769  1407   43.27659   48  128   53.00000   40.98206  22.7%  1561 4941s
  2770  1408   43.41329   49  131   53.00000   40.98206  22.7%  1562 4945s
  2772  1410   43.90122   49  128   53.00000   40.98206  22.7%  1566 4955s
  2773  1411   43.78053   49  122   53.00000   40.98206  22.7%  1569 4963s
  2774  1412   43.54342   49  131   53.00000   40.98206  22.7%  1570 4969s
  2775  1413   43.56214   50  131   53.00000   40.98206  22.7%  1571 4970s
  2776  1414   43.70840   51  139   53.00000   40.98206  22.7%  1572 4975s
  2777  1415   44.17415   51  131   53.00000   40.98206  22.7%  1575 4982s
  2778  1416   44.43536   50  134   53.00000   40.98206  22.7%  1576 4986s
  2779  1417   44.38560   52  126   53.00000   40.98206  22.7%  1578 4991s
  2781  1419   44.30867   53  128   53.00000   40.98206  22.7%  1579 4995s
  2785  1423   43.88695   55  131   53.00000   40.98206  22.7%  1579 5000s
  2787  1425   44.77742   56  112   53.00000   40.98206  22.7%  1583 5012s
  2788  1426   43.84475   54  128   53.00000   40.98206  22.7%  1584 5015s
  2789  1427   44.60644   55  118   53.00000   40.98206  22.7%  1586 5020s
  2790  1428   44.70529   55  119   53.00000   40.98206  22.7%  1589 5027s
  2791  1429   44.43261   55  126   53.00000   40.98206  22.7%  1591 5040s
  2793  1431   45.33842   56  103   53.00000   40.98206  22.7%  1596 5053s
  2794  1432   44.87351   57  124   53.00000   40.98206  22.7%  1597 5056s
  2795  1433   47.93094   57  112   53.00000   40.98206  22.7%  1606 5076s
  2797  1435   44.99148   58  111   53.00000   40.98206  22.7%  1606 5080s
  2799  1437   44.95759   58  122   53.00000   40.98206  22.7%  1608 5085s
  2803  1441   45.13312   62  113   53.00000   40.98206  22.7%  1608 5091s
  2806  1444   45.07691   62  108   53.00000   40.98206  22.7%  1608 5095s
  2811  1449   45.19838   67  107   53.00000   40.98206  22.7%  1608 5100s
  2816  1454   45.39649   72  104   53.00000   40.98206  22.7%  1608 5105s
  2821  1459   45.54696   74   96   53.00000   40.98206  22.7%  1607 5110s
  2828  1466   45.56982   79   94   53.00000   40.98206  22.7%  1606 5115s
  2835  1473   45.64097   86   98   53.00000   40.98206  22.7%  1604 5120s
  2840  1478   45.85611   89   97   53.00000   40.98206  22.7%  1604 5126s
  2843  1481   45.88061   88   92   53.00000   40.98206  22.7%  1605 5131s
  2845  1483   45.91441   89   93   53.00000   40.98206  22.7%  1604 5139s
  2846  1484   45.90099   90   96   53.00000   40.98206  22.7%  1604 5140s
  2852  1488   46.01920   92  100   53.00000   40.98206  22.7%  1602 5154s
  2854  1490   46.85577   93  100   53.00000   40.98206  22.7%  1601 5155s
  2864  1498   47.36880   98   83   53.00000   40.98206  22.7%  1598 5160s
  2874  1508   47.06270  108   70   53.00000   40.98206  22.7%  1595 5165s
  2890  1524   47.39130  120   77   53.00000   40.98206  22.7%  1589 5170s
  2906  1540   48.94795  124   63   53.00000   40.98206  22.7%  1583 5175s
  2921  1555   48.89566  134   74   53.00000   40.98206  22.7%  1578 5180s
  2934  1568   49.25306  141   70   53.00000   40.98206  22.7%  1573 5185s
  2953  1587   49.79756  151   64   53.00000   40.98206  22.7%  1567 5190s
  2971  1605   50.82834  160   61   53.00000   40.98206  22.7%  1560 5195s
  2995  1620   51.71127  168   49   53.00000   40.98206  22.7%  1551 5200s
  3012  1618   42.17060   24  146   53.00000   40.98635  22.7%  1560 5248s
  3013  1619   42.28372   25  139   53.00000   40.98635  22.7%  1562 5256s
  3015  1621   42.72752   27  135   53.00000   40.98635  22.7%  1566 5270s
  3017  1623   43.18696   29  138   53.00000   40.98635  22.7%  1570 5286s
  3019  1625   43.25992   31  131   53.00000   40.98635  22.7%  1572 5293s
  3020  1626   43.48732   32  122   53.00000   40.98635  22.7%  1575 5304s
  3021  1627   43.62079   33  141   53.00000   40.98635  22.7%  1577 5311s
  3022  1628   43.69528   34  129   53.00000   40.98635  22.7%  1578 5316s
  3024  1630   43.71039   36  131   53.00000   40.98635  22.7%  1578 5320s
  3026  1632   43.83667   38  129   53.00000   40.98635  22.7%  1581 5329s
  3027  1633   43.84496   39  128   53.00000   40.98635  22.7%  1581 5330s
  3028  1634   43.88700   40  125   53.00000   40.98635  22.7%  1582 5335s
  3031  1637   43.97730   43  121   53.00000   40.98635  22.7%  1583 5343s
  3033  1639   43.99694   45  120   53.00000   40.98635  22.7%  1583 5346s
  3034  1640   44.17033   46  106   53.00000   40.98635  22.7%  1585 5354s
  3035  1641   44.20887   47  105   53.00000   40.98635  22.7%  1585 5356s
  3038  1644   44.26970   50  112   53.00000   40.98635  22.7%  1586 5362s
  3039  1645   44.39236   51  102   53.00000   40.98635  22.7%  1587 5366s
  3040  1646   44.47455   52  102   53.00000   40.98635  22.7%  1589 5371s
  3043  1649   44.50359   55  103   53.00000   40.98635  22.7%  1589 5375s
  3047  1653   44.65492   59   93   53.00000   40.98635  22.7%  1589 5381s
  3051  1657   44.75000   63   87   53.00000   40.98635  22.7%  1589 5385s
  3054  1660   44.95194   66   90   53.00000   40.98635  22.7%  1589 5390s
  3058  1664   45.95876   70   85   53.00000   40.98635  22.7%  1590 5395s
  3061  1667   46.29322   73   89   53.00000   40.98635  22.7%  1591 5404s
  3062  1668   46.32213   74   79   53.00000   40.98635  22.7%  1591 5406s
  3065  1671   46.49531   77   85   53.00000   40.98635  22.7%  1591 5410s
  3068  1674   46.79464   80   77   53.00000   40.98635  22.7%  1592 5416s
  3070  1676   47.70945   82   78   53.00000   40.98635  22.7%  1593 5420s
  3075  1681   47.95086   87   74   53.00000   40.98635  22.7%  1592 5425s
  3085  1691   48.58536   97   64   53.00000   40.98635  22.7%  1590 5431s
  3095  1701   49.47133  107   51   53.00000   40.98635  22.7%  1587 5435s
  3106  1712   51.06026  118   33   53.00000   40.98635  22.7%  1583 5440s
  3114  1718   51.51093  125   46   53.00000   40.98635  22.7%  1582 5445s
  3137  1732     cutoff  143        53.00000   40.98635  22.7%  1573 5450s
  3147  1730   41.89147   35  158   53.00000   40.98686  22.7%  1576 5504s
  3148  1731   42.67364   36  150   53.00000   40.98686  22.7%  1582 5524s
  3149  1732   42.83487   37  157   53.00000   40.98686  22.7%  1584 5533s
  3150  1733   43.03297   38  140   53.00000   40.98686  22.7%  1587 5541s
  3151  1734   43.29262   39  137   53.00000   40.98686  22.7%  1588 5549s
  3152  1735   43.56829   40  130   53.00000   40.98686  22.7%  1591 5559s
  3153  1736   43.58314   41  128   53.00000   40.98686  22.7%  1591 5561s
  3154  1737   43.66409   42  119   53.00000   40.98686  22.7%  1592 5565s
  3156  1739   43.83282   44  108   53.00000   40.98686  22.7%  1593 5571s
  3157  1740   43.94148   45  111   53.00000   40.98686  22.7%  1595 5577s
  3158  1741   44.67617   46  101   53.00000   40.98686  22.7%  1598 5588s
  3159  1742   44.86409   47  120   53.00000   40.98686  22.7%  1601 5596s
  3161  1744   44.92059   49  105   53.00000   40.98686  22.7%  1601 5600s
  3164  1747   45.00634   52   97   53.00000   40.98686  22.7%  1601 5605s
  3166  1749   45.44669   54   84   53.00000   40.98686  22.7%  1603 5611s
  3168  1751   45.62784   56   81   53.00000   40.98686  22.7%  1605 5616s
  3173  1756   45.66449   61   84   53.00000   40.98686  22.7%  1604 5620s
  3176  1759   45.94634   64   86   53.00000   40.98686  22.7%  1604 5625s
  3180  1763   46.17288   68   81   53.00000   40.98686  22.7%  1606 5633s
  3182  1765   46.62091   70   78   53.00000   40.98686  22.7%  1606 5637s
  3183  1766   46.84993   71   88   53.00000   40.98686  22.7%  1607 5640s
  3187  1770   47.34058   75   88   53.00000   40.98686  22.7%  1607 5646s
  3192  1775   47.53195   80   86   53.00000   40.98686  22.7%  1607 5652s
  3196  1779   47.70498   84   82   53.00000   40.98686  22.7%  1607 5656s
  3199  1782   47.85407   87   80   53.00000   40.98686  22.7%  1607 5660s
  3203  1786   48.05920   91   80   53.00000   40.98686  22.7%  1607 5665s
  3213  1796   48.37662  101   78   53.00000   40.98686  22.7%  1604 5670s
  3219  1802   48.86966  107   80   53.00000   40.98686  22.7%  1603 5675s
  3228  1811   49.75416  116   74   53.00000   40.98686  22.7%  1601 5680s
  3239  1822   50.44168  127   66   53.00000   40.98686  22.7%  1598 5685s
  3252  1835   51.21041  140   79   53.00000   40.98686  22.7%  1594 5690s
  3270  1849   51.94113  158   69   53.00000   40.98686  22.7%  1588 5695s
  3275  1846   42.08610   35  163   53.00000   41.01559  22.6%  1592 5735s
  3276  1847   42.75720   36  164   53.00000   41.01559  22.6%  1596 5750s
  3277  1848   42.95912   37  147   53.00000   41.01559  22.6%  1598 5759s
  3278  1849   43.03211   38  142   53.00000   41.01559  22.6%  1599 5765s
  3279  1850   43.21527   39  142   53.00000   41.01559  22.6%  1601 5776s
  3280  1851   43.40112   40  144   53.00000   41.01559  22.6%  1603 5784s
  3281  1852   43.69784   41  139   53.00000   41.01559  22.6%  1605 5792s
  3282  1853   43.78031   42  130   53.00000   41.01559  22.6%  1607 5799s
  3283  1854   44.50821   43  129   53.00000   41.01559  22.6%  1610 5811s
  3284  1855   45.22212   44  104   53.00000   41.01559  22.6%  1613 5820s
  3285  1856   46.12385   45  108   53.00000   41.01559  22.6%  1615 5828s
  3286  1857   46.19151   46   95   53.00000   41.01559  22.6%  1615 5831s
  3287  1858   46.87400   47   92   53.00000   41.01559  22.6%  1617 5839s
  3288  1859   47.55293   48   85   53.00000   41.01559  22.6%  1620 5847s
  3289  1860   47.77019   49   89   53.00000   41.01559  22.6%  1621 5852s
  3290  1861   47.82502   50   96   53.00000   41.01559  22.6%  1621 5855s
  3292  1863   48.17641   52   80   53.00000   41.01559  22.6%  1623 5862s
  3294  1865   49.24111   54   79   53.00000   41.01559  22.6%  1623 5865s
  3296  1867   49.56901   56   66   53.00000   41.01559  22.6%  1625 5870s
  3298  1869   50.45388   58   51   53.00000   41.01559  22.6%  1626 5877s
  3301  1872   51.18608   61   48   53.00000   41.01559  22.6%  1627 5882s
  3302  1873   51.42234   62   42   53.00000   41.01559  22.6%  1628 5885s
  3306  1875   51.55370   65   50   53.00000   41.01559  22.6%  1629 5891s
  3313  1877   51.85249   68   43   53.00000   41.01559  22.6%  1627 5895s
  3323  1876   41.87650   37  150   53.00000   41.01597  22.6%  1630 5953s
  3324  1877   42.17022   38  164   53.00000   41.01597  22.6%  1634 5972s
  3325  1878   42.82035   39  156   53.00000   41.01597  22.6%  1638 5988s
  3326  1879   43.00449   40  155   53.00000   41.01597  22.6%  1640 6000s
  3327  1880   43.14279   41  149   53.00000   41.01597  22.6%  1643 6013s
  3328  1881   43.28498   42  148   53.00000   41.01597  22.6%  1646 6024s
  3329  1882   43.33765   43  148   53.00000   41.01597  22.6%  1647 6030s
  3330  1883   43.46201   44  141   53.00000   41.01597  22.6%  1650 6041s
  3331  1884   43.61542   45  129   53.00000   41.01597  22.6%  1653 6056s
  3333  1886   43.65766   47  121   53.00000   41.01597  22.6%  1654 6063s
  3334  1887   43.78466   48  107   53.00000   41.01597  22.6%  1656 6071s
  3335  1888   43.87601   49  102   53.00000   41.01597  22.6%  1657 6078s
  3336  1889   43.91364   50   95   53.00000   41.01597  22.6%  1658 6084s
  3337  1890   43.91434   51   95   53.00000   41.01597  22.6%  1657 6085s
  3339  1892   43.96015   53   84   53.00000   41.01597  22.6%  1658 6090s
  3342  1895   44.03348   56   89   53.00000   41.01597  22.6%  1657 6095s
  3344  1897   44.10982   58   90   53.00000   41.01597  22.6%  1658 6101s
  3345  1898   44.16694   59   90   53.00000   41.01597  22.6%  1659 6106s
  3347  1900   44.21801   61   94   53.00000   41.01597  22.6%  1660 6110s
  3349  1902   44.41594   63   93   53.00000   41.01597  22.6%  1661 6118s
  3350  1903   44.58590   64   88   53.00000   41.01597  22.6%  1663 6124s
  3351  1904   44.81393   65  104   53.00000   41.01597  22.6%  1665 6131s
  3352  1905   45.02687   66   93   53.00000   41.01597  22.6%  1667 6139s
  3353  1906   45.03181   67   92   53.00000   41.01597  22.6%  1667 6141s
  3354  1907   45.16112   68  100   53.00000   41.01597  22.6%  1668 6145s
  3357  1910   45.56208   71   96   53.00000   41.01597  22.6%  1669 6153s
  3358  1911   45.57789   72   93   53.00000   41.01597  22.6%  1669 6163s
  3359  1912   45.68157   73   93   53.00000   41.01597  22.6%  1670 6166s
  3360  1913   46.01204   74   94   53.00000   41.01597  22.6%  1671 6172s
  3363  1916   46.32472   77   93   53.00000   41.01597  22.6%  1671 6177s
  3365  1918   46.40920   79   90   53.00000   41.01597  22.6%  1672 6180s
  3367  1920   46.53006   81   93   53.00000   41.01597  22.6%  1672 6187s
  3369  1922   46.59907   83   92   53.00000   41.01597  22.6%  1672 6190s
  3371  1924   46.81876   85   93   53.00000   41.01597  22.6%  1672 6196s
  3372  1925   47.05139   86   87   53.00000   41.01597  22.6%  1673 6201s
  3374  1927   47.17314   88   85   53.00000   41.01597  22.6%  1673 6206s
  3376  1929   47.28917   90   78   53.00000   41.01597  22.6%  1674 6211s
  3378  1931   47.56930   92   80   53.00000   41.01597  22.6%  1674 6218s
  3379  1932   47.61756   93   80   53.00000   41.01597  22.6%  1674 6220s
  3383  1936   47.71843   97   76   53.00000   41.01597  22.6%  1674 6225s
  3385  1938   47.86236   99   73   53.00000   41.01597  22.6%  1674 6240s
  3388  1941   47.99629  102   65   53.00000   41.01597  22.6%  1673 6245s
  3393  1946   48.42301  107   57   53.00000   41.01597  22.6%  1672 6250s
  3402  1955   48.77177  116   55   53.00000   41.01597  22.6%  1669 6255s
  3419  1972   51.09753  133   53   53.00000   41.01597  22.6%  1663 6260s
  3430  1972   42.29616   37  156   53.00000   41.01816  22.6%  1666 6288s
  3431  1973   42.50368   38  147   53.00000   41.01816  22.6%  1668 6299s
  3432  1974   43.14442   39  150   53.00000   41.01816  22.6%  1673 6317s
  3433  1975   43.38839   40  135   53.00000   41.01816  22.6%  1676 6330s
  3434  1976   43.48498   41  136   53.00000   41.01816  22.6%  1677 6338s
  3435  1977   43.56738   42  134   53.00000   41.01816  22.6%  1679 6344s
  3436  1978   43.79914   43  120   53.00000   41.01816  22.6%  1680 6349s
  3437  1979   43.80486   44  119   53.00000   41.01816  22.6%  1680 6351s
  3438  1980   43.98375   45  111   53.00000   41.01816  22.6%  1681 6357s
  3439  1981   44.49026   44  110   53.00000   41.01816  22.6%  1685 6371s
  3441  1983   44.03885   47  119   53.00000   41.01816  22.6%  1685 6377s
  3442  1984   44.16894   48  113   53.00000   41.01816  22.6%  1686 6381s
  3443  1985   44.34550   49  101   53.00000   41.01816  22.6%  1687 6387s
  3444  1986   44.52968   50  110   53.00000   41.01816  22.6%  1689 6394s
  3445  1987   44.55262   51  108   53.00000   41.01816  22.6%  1689 6397s
  3446  1988   44.44120   50  110   53.00000   41.01816  22.6%  1691 6405s
  3448  1990   44.74162   53  111   53.00000   41.01816  22.6%  1693 6413s
  3449  1991   44.92971   52  101   53.00000   41.01816  22.6%  1695 6421s
  3450  1992   45.13270   51  104   53.00000   41.01816  22.6%  1697 6427s
  3451  1993   45.16667   53  112   53.00000   41.01816  22.6%  1698 6434s
  3452  1994   45.00407   53  101   53.00000   41.01816  22.6%  1699 6438s
  3453  1995   45.20160   54  118   53.00000   41.01816  22.6%  1701 6445s
  3454  1996   45.11855   54  104   53.00000   41.01816  22.6%  1703 6452s
  3456  1998   45.03176   55   94   53.00000   41.01816  22.6%  1703 6455s
  3458  2000   45.16199   57  104   53.00000   41.01816  22.6%  1704 6461s
  3460  2002   45.24806   59   93   53.00000   41.01816  22.6%  1704 6465s
  3461  2003   45.82453   57  110   53.00000   41.01816  22.6%  1706 6471s
  3464  2006   45.27959   61  112   53.00000   41.01816  22.6%  1706 6476s
  3466  2008   45.43461   62  121   53.00000   41.01816  22.6%  1706 6484s
  3467  2009   46.09357   60  102   53.00000   41.01816  22.6%  1708 6488s
  3469  2011   45.60736   63  109   53.00000   41.01816  22.6%  1708 6492s
  3471  2013   46.28369   63  108   53.00000   41.01816  22.6%  1709 6498s
  3472  2014   45.75221   65  118   53.00000   41.01816  22.6%  1709 6501s
  3473  2015   46.48110   65  109   53.00000   41.01816  22.6%  1710 6505s
  3476  2018   45.84367   67  117   53.00000   41.01816  22.6%  1711 6510s
  3478  2020   46.12831   69  116   53.00000   41.01816  22.6%  1713 6517s
  3479  2021   46.33106   69  109   53.00000   41.01816  22.6%  1717 6530s
  3481  2023   46.61281   70   96   53.00000   41.01816  22.6%  1720 6539s
  3482  2024   46.29087   68  114   53.00000   41.01816  22.6%  1719 6540s
  3485  2027   46.62194   71  106   53.00000   41.01816  22.6%  1720 6546s
  3487  2029   47.06618   71  100   53.00000   41.01816  22.6%  1722 6554s
  3488  2030   46.67987   71  105   53.00000   41.01816  22.6%  1723 6559s
  3489  2031   46.62728   72   98   53.00000   41.01816  22.6%  1723 6560s
  3491  2033   46.92304   73   97   53.00000   41.01816  22.6%  1725 6570s
  3493  2035   46.74222   75  101   53.00000   41.01816  22.6%  1726 6577s
  3494  2036   47.00422   76  100   53.00000   41.01816  22.6%  1726 6580s
  3495  2037   47.22213   75   90   53.00000   41.01816  22.6%  1727 6586s
  3497  2039   46.81577   77   99   53.00000   41.01816  22.6%  1728 6590s
  3500  2042   47.11422   79   83   53.00000   41.01816  22.6%  1729 6597s
  3501  2043   46.99886   78   90   53.00000   41.01816  22.6%  1730 6601s
  3502  2044   47.10506   78  104   53.00000   41.01816  22.6%  1731 6605s
  3504  2046   47.02573   79   91   53.00000   41.01816  22.6%  1731 6610s
  3507  2049   47.30943   82   91   53.00000   41.01816  22.6%  1732 6616s
  3508  2050   47.14184   82   87   53.00000   41.01816  22.6%  1732 6620s
  3512  2054   47.26276   86   89   53.00000   41.01816  22.6%  1732 6625s
  3514  2056   47.64146   86   80   53.00000   41.01816  22.6%  1733 6630s
  3516  2058   47.64983   87   78   53.00000   41.01816  22.6%  1734 6635s
  3520  2062   47.55631   89   77   53.00000   41.01816  22.6%  1734 6641s
  3521  2063   47.67007   88   87   53.00000   41.01816  22.6%  1735 6645s
  3524  2066   47.58877   91   81   53.00000   41.01816  22.6%  1735 6650s
  3528  2070   47.77919   93   73   53.00000   41.01816  22.6%  1735 6655s
  3531  2073   47.84097   95   66   53.00000   41.01816  22.6%  1735 6660s
  3535  2077   48.31296   96   62   53.00000   41.01816  22.6%  1735 6665s
  3539  2081   48.39710   94   60   53.00000   41.01816  22.6%  1736 6672s
  3540  2082   48.41205   98   73   53.00000   41.01816  22.6%  1737 6675s
  3547  2089   48.38869  103   66   53.00000   41.01816  22.6%  1735 6680s
  3551  2093   48.41015  104   71   53.00000   41.01816  22.6%  1735 6685s
  3553  2095   48.58698  105   67   53.00000   41.01816  22.6%  1737 6691s
  3555  2097   48.79855  106   54   53.00000   41.01816  22.6%  1737 6695s
  3560  2102   49.01211  106   68   53.00000   41.01816  22.6%  1737 6700s
  3568  2110   49.05371  114   56   53.00000   41.01816  22.6%  1735 6705s
  3575  2117   49.21708  119   60   53.00000   41.01816  22.6%  1734 6710s
  3589  2131   50.14730  130   60   53.00000   41.01816  22.6%  1729 6715s
  3600  2142   50.46905  137   57   53.00000   41.01816  22.6%  1727 6720s
  3604  2146   51.20429  138   65   53.00000   41.01816  22.6%  1727 6725s
  3610  2152   51.23565  140   50   53.00000   41.01816  22.6%  1728 6731s
  3618  2160   51.49226  142   53   53.00000   41.01816  22.6%  1726 6735s
  3630  2169   51.60958  149   57   53.00000   41.01816  22.6%  1722 6740s
  3642  2166   42.12582   34  162   53.00000   41.01826  22.6%  1724 6770s
  3643  2167   42.33445   35  154   53.00000   41.01826  22.6%  1728 6785s
  3644  2168   42.94633   36  152   53.00000   41.01826  22.6%  1731 6801s
  3645  2169   43.02502   37  156   53.00000   41.01826  22.6%  1733 6811s
  3646  2170   43.19270   38  148   53.00000   41.01826  22.6%  1736 6824s
  3647  2171   43.52327   39  141   53.00000   41.01826  22.6%  1739 6837s
  3649  2173   43.75071   41  137   53.00000   41.01826  22.6%  1741 6850s
  3650  2174   43.78623   42  130   53.00000   41.01826  22.6%  1742 6855s
  3653  2177   43.83244   45  121   53.00000   41.01826  22.6%  1743 6862s
  3654  2178   43.99210   46  130   53.00000   41.01826  22.6%  1745 6871s
  3655  2179   44.14760   47  117   53.00000   41.01826  22.6%  1747 6879s
  3656  2180   44.18096   48  117   53.00000   41.01826  22.6%  1747 6882s
  3658  2182   44.21594   50  108   53.00000   41.01826  22.6%  1747 6886s
  3659  2183   44.25124   51  104   53.00000   41.01826  22.6%  1748 6890s
  3661  2185   44.31206   53  107   53.00000   41.01826  22.6%  1749 6896s
  3662  2186   44.40822   54   96   53.00000   41.01826  22.6%  1750 6903s
  3664  2188   44.42751   56  105   53.00000   41.01826  22.6%  1750 6905s
  3665  2189   44.64333   57  104   53.00000   41.01826  22.6%  1751 6910s
  3667  2191   44.97254   59   90   53.00000   41.01826  22.6%  1752 6918s
  3668  2192   45.30056   60   88   53.00000   41.01826  22.6%  1754 6925s
  3673  2197   45.58213   65   78   53.00000   41.01826  22.6%  1754 6931s
  3674  2198   46.35396   66   77   53.00000   41.01826  22.6%  1754 6935s
  3677  2201   46.54325   69   82   53.00000   41.01826  22.6%  1755 6941s
  3680  2204   46.70176   72   86   53.00000   41.01826  22.6%  1755 6946s
  3684  2208   46.78296   76   79   53.00000   41.01826  22.6%  1754 6950s
  3687  2211   46.97110   79   84   53.00000   41.01826  22.6%  1755 6956s
  3691  2215   47.32302   83   75   53.00000   41.01826  22.6%  1755 6961s
  3696  2220   48.05529   88   68   53.00000   41.01826  22.6%  1754 6967s
  3699  2223   48.32429   91   71   53.00000   41.01826  22.6%  1754 6972s
  3701  2225   49.25944   93   80   53.00000   41.01826  22.6%  1755 6975s
  3707  2231   49.47560   99   80   53.00000   41.01826  22.6%  1753 6980s
  3713  2237   49.86364  105   69   53.00000   41.01826  22.6%  1752 6985s
  3721  2245   50.78206  113   62   53.00000   41.01826  22.6%  1750 6990s
  3732  2256   51.20537  124   65   53.00000   41.01826  22.6%  1747 6995s
  3745  2269   51.63577  137   51   53.00000   41.01826  22.6%  1743 7000s
  3757  2271   42.09712   34  152   53.00000   41.03464  22.6%  1746 7049s
  3758  2272   42.34900   35  155   53.00000   41.03464  22.6%  1751 7069s
  3759  2273   43.03398   35  156   53.00000   41.03464  22.6%  1761 7116s
  3760  2274   43.72953   36  131   53.00000   41.03464  22.6%  1765 7130s
  3761  2275   43.94729   37  130   53.00000   41.03464  22.6%  1768 7144s
  3762  2276   44.19953   38  123   53.00000   41.03464  22.6%  1771 7157s
  3763  2277   43.26293   36  150   53.00000   41.03464  22.6%  1775 7179s
  3764  2278   44.01001   38  129   53.00000   41.03464  22.6%  1777 7185s
  3766  2278   44.69012   39  131   53.00000   41.03464  22.6%  1779 7198s

Cutting planes:
  Gomory: 3
  Cover: 25
  Implied bound: 1267
  Clique: 4
  MIR: 2142
  Flow cover: 772
  Zero half: 1
  Network: 34

Explored 3767 nodes (6816172 simplex iterations) in 7200.01 seconds
Thread count was 1 (of 8 available processors)

Time limit reached
Best objective 5.300000000000e+01, best bound 4.200000000000e+01, gap 20.7547%
