
Gurobi 6.5.2 (linux64) logging started Fri Jan 26 12:22:03 2018

Changed value of parameter LogFile to data/mip_solutions/chen_grossmann_miller/reduced_transportation/unbalanced17_gurobi.log
   Prev: gurobi.log  Default: 
Changed value of parameter Threads to 1
   Prev: 0  Min: 0  Max: 1024  Default: 0
Optimize a model with 1528 rows, 180920 columns and 542383 nonzeros
Coefficient statistics:
  Matrix range    [1e+00, 1e+03]
  Objective range [1e+00, 1e+00]
  Bounds range    [1e+00, 1e+00]
  RHS range       [5e-01, 1e+03]
Presolve removed 695 rows and 150262 columns
Presolve time: 0.21s
Presolved: 833 rows, 30658 columns, 91358 nonzeros
Variable types: 30351 continuous, 307 integer (307 binary)

Root relaxation: objective 2.814596e+01, 9550 iterations, 0.59 seconds

    Nodes    |    Current Node    |     Objective Bounds      |     Work
 Expl Unexpl |  Obj  Depth IntInf | Incumbent    BestBd   Gap | It/Node Time

     0     0   28.14596    0   57          -   28.14596      -     -    0s
H    0     0                      66.0000000   28.14596  57.4%     -    1s
     0     0   28.77871    0   80   66.00000   28.77871  56.4%     -    1s
     0     0   29.97715    0   90   66.00000   29.97715  54.6%     -    2s
     0     0   30.26531    0   91   66.00000   30.26531  54.1%     -    3s
H    0     0                      63.0000000   30.26531  52.0%     -    3s
     0     0   31.29089    0  100   63.00000   31.29089  50.3%     -    4s
     0     0   31.43432    0   98   63.00000   31.43432  50.1%     -    5s
     0     0   31.64775    0   91   63.00000   31.64775  49.8%     -    6s
     0     0   31.72039    0   96   63.00000   31.72039  49.7%     -    7s
     0     0   31.88353    0  103   63.00000   31.88353  49.4%     -    8s
     0     0   32.03671    0  103   63.00000   32.03671  49.1%     -   10s
     0     0   32.37326    0  110   63.00000   32.37326  48.6%     -   11s
     0     0   32.57832    0  111   63.00000   32.57832  48.3%     -   12s
H    0     0                      62.0000000   32.57832  47.5%     -   12s
     0     0   32.85197    0  112   62.00000   32.85197  47.0%     -   13s
     0     0   32.89293    0  115   62.00000   32.89293  46.9%     -   14s
     0     0   32.96281    0  115   62.00000   32.96281  46.8%     -   15s
     0     0   33.02178    0  119   62.00000   33.02178  46.7%     -   15s
     0     0   33.12679    0  122   62.00000   33.12679  46.6%     -   16s
     0     0   33.20358    0  120   62.00000   33.20358  46.4%     -   17s
     0     0   33.37989    0  124   62.00000   33.37989  46.2%     -   19s
     0     0   33.68581    0  112   62.00000   33.68581  45.7%     -   21s
     0     0   33.74803    0  119   62.00000   33.74803  45.6%     -   22s
     0     0   33.75922    0  112   62.00000   33.75922  45.5%     -   23s
     0     0   33.75922    0  110   62.00000   33.75922  45.5%     -   28s
     0     2   33.75922    0  110   62.00000   33.75922  45.5%     -   35s
     7     9   33.95538    4  103   62.00000   33.82278  45.4%  2014   40s
    21    23   34.18315   15   94   62.00000   33.82278  45.4%  1440   45s
    34    36   34.56024   24   74   62.00000   33.82278  45.4%  1478   50s
    47    49   35.07256   32   80   62.00000   33.82278  45.4%  1373   55s
    83    81 infeasible   56        62.00000   33.82278  45.4%  1010   60s
   147   144   40.76808  101   45   62.00000   33.82278  45.4%   666   65s
H  183   176                      61.0000000   33.82278  44.6%   562   66s
H  189   182                      60.0000000   33.82278  43.6%   546   66s
H  189   182                      51.0000000   33.82278  33.7%   546   66s
   275   255   34.87146    3   99   51.00000   33.83935  33.6%   436   71s
   277   257   34.76989    4  105   51.00000   33.86387  33.6%   476   75s
   280   260   35.38440    6  109   51.00000   33.86387  33.6%   519   80s
   287   267   35.65081   11   96   51.00000   33.86387  33.6%   560   85s
   297   277   36.37080   19   75   51.00000   33.86387  33.6%   593   90s
   309   289   36.76736   28   57   51.00000   33.86387  33.6%   628   95s
H  325   257                      46.0000000   33.86387  26.4%   631  101s
   356   290   38.17578   60   48   46.00000   33.86387  26.4%   611  105s
   468   386   35.52405    6  114   46.00000   33.87085  26.4%   501  110s
   474   392   35.79701   11   99   46.00000   33.87085  26.4%   524  115s
   477   395   37.02228   13   82   46.00000   33.87085  26.4%   557  120s
   482   400   37.25277   16   83   46.00000   33.87085  26.4%   582  125s
   495   413   38.67459   27   84   46.00000   33.87085  26.4%   601  130s
   506   424   39.39859   35   61   46.00000   33.87085  26.4%   618  135s
   511   428   39.58705   97  110   46.00000   33.87085  26.4%   615  143s
   514   430   36.13267   16   71   46.00000   33.87085  26.4%   611  145s
   518   433   34.79787   28  114   46.00000   33.87085  26.4%   606  150s
   521   435   34.16165   13  115   46.00000   33.87085  26.4%   603  155s
   524   437   36.37080   20  113   46.00000   33.87085  26.4%   599  160s
   528   439   38.44385   81  111   46.00000   33.95549  26.2%   595  166s
   531   441   39.58705   97  116   46.00000   34.00330  26.1%   592  170s
   534   443   36.13267   16  114   46.00000   34.08925  25.9%   588  175s
   538   446   34.79787   28  115   46.00000   34.16147  25.7%   584  180s
   542   449   42.99858  133  124   46.00000   34.23402  25.6%   580  185s
   548   453   38.44385   81  127   46.00000   34.27727  25.5%   573  191s
   551   455   39.58705   97  125   46.00000   34.35034  25.3%   570  195s
   556   458   34.83877    7  120   46.00000   34.45890  25.1%   565  200s
   560   461   37.60803   46  121   46.00000   34.55059  24.9%   561  206s
   563   463   42.67147  109  125   46.00000   34.58286  24.8%   558  210s
   567   465   34.62584    4  128   46.00000   34.62584  24.7%   554  215s
   572   469   39.87809   88  123   46.00000   34.64958  24.7%   549  220s
   577   472   35.28105   39  126   46.00000   34.66253  24.6%   544  225s
   582   475   42.99858  133  126   46.00000   34.68327  24.6%   540  230s
   586   478   44.37505  152  121   46.00000   34.71357  24.5%   536  235s
   591   481   39.58705   97  128   46.00000   34.72553  24.5%   532  240s
   596   485   34.83877    7  127   46.00000   34.80139  24.3%   527  246s
   601   488   34.82568   13  131   46.00000   34.82568  24.3%   523  250s
   606   491   44.37505  152  122   46.00000   34.85591  24.2%   518  256s
   610   494   34.87641   10  113   46.00000   34.87641  24.2%   515  260s
   615   497   38.34422   82  132   46.00000   34.88888  24.2%   511  265s
   620   501   37.60803   46  122   46.00000   34.90034  24.1%   507  270s
H  621   474                      45.0000000   34.90300  22.4%   506  273s
   624   476   36.37080   20  128   45.00000   34.90601  22.4%   503  275s
   629   480   35.13984   37  128   45.00000   34.91206  22.4%   499  280s
   636   484   34.91766    7  129   45.00000   34.91766  22.4%   494  285s
   641   488   34.92004   13  126   45.00000   34.92004  22.4%   490  290s
   646   491   44.37505  152  124   45.00000   34.92340  22.4%   486  295s
   651   494   39.58705   97  125   45.00000   34.95494  22.3%   483  300s
   656   498   34.96217    7  122   45.00000   34.96217  22.3%   479  306s
   660   500   37.60803   46  122   45.00000   34.96521  22.3%   476  311s
   664   503   36.37080   20  125   45.00000   34.97583  22.3%   473  315s
   669   506   35.13984   37  129   45.00000   34.98301  22.3%   470  320s
   674   510   36.13267   16  120   45.00000   35.00683  22.2%   466  326s
   678   512   35.02019   28  129   45.00000   35.02019  22.2%   463  330s
   682   515   42.99858  133  124   45.00000   35.03059  22.2%   461  335s
   685   517   37.20653   52  127   45.00000   35.07881  22.0%   459  340s
   688   519   38.44385   81  126   45.00000   35.11339  22.0%   457  345s
   693   522   39.37687   35  129   45.00000   35.13053  21.9%   453  350s
   697   525   35.28105   39  133   45.00000   35.14488  21.9%   451  355s
   702   528   42.99858  133  132   45.00000   35.15887  21.9%   447  360s
   708   532   38.44385   81  137   45.00000   35.17970  21.8%   444  365s
   715   538   38.34422   82  110   45.00000   35.18834  21.8%   879  385s
   720   541   37.60803   46   94   45.00000   35.18834  21.8%   873  390s
   724   544   36.37080   20  119   45.00000   35.18834  21.8%   868  395s
   728   547   38.44385   81  107   45.00000   35.18834  21.8%   864  401s
   731   549   39.58705   97  108   45.00000   35.18834  21.8%   860  406s
   735   551   38.34422   82  120   45.00000   35.18834  21.8%   855  411s
   738   553   35.18834   28  123   45.00000   35.18834  21.8%   852  415s
   742   556   42.99858  133  130   45.00000   35.18834  21.8%   847  421s
   744   557   36.37080   20  127   45.00000   35.18834  21.8%   845  425s
   748   560   38.44385   81  128   45.00000   35.18834  21.8%   841  430s
   753   563   39.37687   35  135   45.00000   35.18834  21.8%   835  435s
   758   567   35.18834   28  129   45.00000   35.18834  21.8%   830  441s
   760   568   37.60803   46  133   45.00000   35.18834  21.8%   827  445s
   764   571   36.37080   20  141   45.00000   35.18834  21.8%   823  451s
   767   573   35.18834    4  126   45.00000   35.18834  21.8%   820  455s
   771   575   39.58705   97  133   45.00000   35.18834  21.8%   816  460s
   775   578   38.34422   82  134   45.00000   35.18834  21.8%   811  466s
   778   580   35.18834   28  135   45.00000   35.18834  21.8%   808  470s
   782   583   42.99858  133  134   45.00000   35.18834  21.8%   804  476s
   784   584   36.37080   20  138   45.00000   35.23099  21.7%   802  480s
   789   587   35.25554   37  135   45.00000   35.25554  21.7%   797  485s
   793   590   39.37687   35  137   45.00000   35.26783  21.6%   793  490s
   796   592   35.28663    7  134   45.00000   35.28663  21.6%   790  496s
   801   595   35.31145   13  137   45.00000   35.31145  21.5%   785  500s
   806   599   44.37505  152  141   45.00000   35.32021  21.5%   780  505s
   811   602   39.58705   97  141   45.00000   35.32844  21.5%   775  510s
   816   605   35.33968    7  143   45.00000   35.33968  21.5%   771  515s
   821   609   35.34481   13  135   45.00000   35.34481  21.5%   766  520s
   826   612   44.37505  152  140   45.00000   35.34830  21.4%   761  525s
   832   616   39.87809   88  138   45.00000   35.35292  21.4%   756  530s
   837   619   35.35935   39  139   45.00000   35.35935  21.4%   751  535s
   843   623   42.67147  109  140   45.00000   35.36168  21.4%   746  540s
   848   627   38.44385   81  140   45.00000   35.36283  21.4%   741  552s
   850   628   35.36283   10  140   45.00000   35.36283  21.4%   740  562s
   851   631   35.36287   31  139   45.00000   35.36287  21.4%  1015  571s
   852   631   35.66241   31  122   45.00000   35.36287  21.4%  1024  583s
   853   632   35.36299   32  137   45.00000   35.36299  21.4%  1023  592s
   854   633   35.77271   32  125   45.00000   35.36299  21.4%  1031  602s
   855   633   35.36396   33  131   45.00000   35.36396  21.4%  1030  610s
   856   634   35.89822   33  119   45.00000   35.36396  21.4%  1048  624s
   857   635   35.36402   34  130   45.00000   35.36402  21.4%  1046  627s
   858   635   35.94589   34  122   45.00000   35.36402  21.4%  1059  634s
   859   636   35.74508   35  112   45.00000   35.36402  21.4%  1070  639s
   860   637   35.38674   35  125   45.00000   35.38674  21.4%  1073  642s
   861   637   35.43976   36  106   45.00000   35.38674  21.4%  1078  645s
   864   639   35.84930   37  115   45.00000   35.39190  21.4%  1087  652s
   866   641   35.39853   38  130   45.00000   35.39853  21.3%  1091  655s
   868   642   35.54983   39  114   45.00000   35.43976  21.2%  1107  662s
   870   643   35.78562   40  110   45.00000   35.43976  21.2%  1119  668s
   871   644   35.51116   41  114   45.00000   35.43976  21.2%  1124  670s
   873   645   35.55306   42  104   45.00000   35.43976  21.2%  1136  676s
   875   647   35.55158   43  115   45.00000   35.43976  21.2%  1143  680s
   877   648   35.56816   44  110   45.00000   35.43976  21.2%  1154  685s
   880   650   35.96451   45  119   45.00000   35.43976  21.2%  1171  693s
   882   651   36.13779   46  104   45.00000   35.43976  21.2%  1176  696s
   884   653   35.70510   47  108   45.00000   35.43976  21.2%  1186  702s
   885   653   35.80170   48  116   45.00000   35.43976  21.2%  1191  706s
   888   655   35.92967   49  112   45.00000   35.43976  21.2%  1201  712s
   890   657   36.64825   50   98   45.00000   35.43976  21.2%  1207  715s
   891   657   36.42280   51  100   45.00000   35.43976  21.2%  1216  720s
   894   659   36.77325   52  103   45.00000   35.43976  21.2%  1230  727s
   896   661   36.86706   53  110   45.00000   35.43976  21.2%  1235  730s
   900   663   36.60635   55  101   45.00000   35.43976  21.2%  1243  735s
   902   665   37.21881   56   98   45.00000   35.43976  21.2%  1248  740s
   908   669   37.36070   59   96   45.00000   35.43976  21.2%  1248  745s
   909   669   36.61701   60   98   45.00000   35.43976  21.2%  1247  750s
   912   671   36.91415   61  100   45.00000   35.43976  21.2%  1251  755s
   918   675   36.82372   64   91   45.00000   35.43976  21.2%  1254  760s
   924   679   37.01662   67   91   45.00000   35.43976  21.2%  1256  765s
   930   683   37.25530   70   82   45.00000   35.43976  21.2%  1259  770s
H  931   648                      44.0000000   35.43976  19.5%  1258  772s
   936   653   37.72550   73   78   44.00000   35.43976  19.5%  1258  775s
   944   659   37.75145   77   80   44.00000   35.43976  19.5%  1258  780s
H  958   634                      43.0000000   35.43976  17.6%  1249  786s
   966   641   37.44085   88   66   43.00000   35.43976  17.6%  1252  790s
   978   649   37.75280   94   74   43.00000   35.43976  17.6%  1251  795s
   996   661   38.32172  103   50   43.00000   35.43976  17.6%  1242  800s
  1023   677   38.42973  117   67   43.00000   35.43976  17.6%  1221  805s
  1060   700   39.84650  135   51   43.00000   35.43976  17.6%  1190  810s
  1103   721   35.44307   37  105   43.00000   35.44161  17.6%  1151  871s
  1104   721   35.97229   38  111   43.00000   35.44161  17.6%  1159  878s
  1105   722   35.75250   38  123   43.00000   35.44161  17.6%  1167  885s
  1107   723   36.12384   39  110   43.00000   35.44161  17.6%  1174  893s
  1108   724   35.84089   40  109   43.00000   35.44161  17.6%  1178  896s
  1109   725   36.39378   40  108   43.00000   35.44161  17.6%  1200  908s
  1110   725   35.93683   41  106   43.00000   35.44161  17.6%  1203  911s
  1112   727   36.08476   42  109   43.00000   35.44161  17.6%  1211  916s
  1113   727   36.34441   42  104   43.00000   35.44161  17.6%  1217  921s
  1116   729   36.10310   44   97   43.00000   35.44161  17.6%  1222  925s
  1119   731   36.37674   45   85   43.00000   35.44161  17.6%  1233  931s
  1122   733   36.32840   47  100   43.00000   35.44161  17.6%  1239  936s
  1126   736   36.43325   49   93   43.00000   35.44161  17.6%  1243  940s
  1129   738   37.04658   50   97   43.00000   35.44161  17.6%  1252  946s
  1134   741   36.54976   53   97   43.00000   35.44161  17.6%  1257  950s
  1138   744   36.87873   55  103   43.00000   35.44161  17.6%  1264  956s
  1141   746   37.19242   56  104   43.00000   35.44161  17.6%  1277  963s
  1143   747   37.46523   57  101   43.00000   35.44161  17.6%  1280  965s
  1147   750   37.07995   59   99   43.00000   35.44161  17.6%  1285  971s
  1149   751   37.41610   60   90   43.00000   35.44161  17.6%  1290  975s
  1154   755   37.10315   63  105   43.00000   35.44161  17.6%  1296  983s
  1155   755   37.19374   63   90   43.00000   35.44161  17.6%  1298  985s
  1160   759   37.45224   66   86   43.00000   35.44161  17.6%  1304  990s
  1165   762   38.05995   68   89   43.00000   35.44161  17.6%  1309  995s
  1171   766   38.09979   71   75   43.00000   35.44161  17.6%  1314 1000s
  1179   771   38.66041   75   97   43.00000   35.44161  17.6%  1312 1005s
  1189   778   39.62412   80   78   43.00000   35.44161  17.6%  1311 1010s
  1200   783   40.67177   86   80   43.00000   35.44161  17.6%  1308 1015s
  1207   788   40.99121   89   79   43.00000   35.44161  17.6%  1309 1020s
  1219   793 infeasible   95        43.00000   35.44161  17.6%  1306 1025s
  1234   794     cutoff  103        43.00000   35.44161  17.6%  1303 1030s
  1236   793   36.10931   37  115   43.00000   35.45627  17.5%  1311 1036s
  1238   795   36.76942   38   95   43.00000   35.45627  17.5%  1321 1043s
  1239   795   36.13572   39  112   43.00000   35.45627  17.5%  1322 1045s
  1241   797   36.21817   40  104   43.00000   35.45627  17.5%  1330 1050s
  1243   798   36.42046   41  109   43.00000   35.45627  17.5%  1338 1057s
  1245   799   36.54629   42  106   43.00000   35.45627  17.5%  1343 1061s
  1249   802   36.56569   44  109   43.00000   35.45627  17.5%  1348 1066s
  1251   803   36.75036   45  113   43.00000   35.45627  17.5%  1354 1071s
  1253   805   36.92308   46  100   43.00000   35.45627  17.5%  1361 1076s
  1256   807   37.05676   47  106   43.00000   35.45627  17.5%  1365 1080s
  1261   810   36.93019   50  111   43.00000   35.45627  17.5%  1368 1085s
  1266   813   37.84553   52   94   43.00000   35.45627  17.5%  1372 1090s
  1270   816   37.43275   54   95   43.00000   35.45627  17.5%  1377 1095s
  1276   820   38.04622   57   98   43.00000   35.45627  17.5%  1380 1100s
  1281   823   37.81839   60   94   43.00000   35.45627  17.5%  1383 1105s
  1287   827   37.93403   63   90   43.00000   35.45627  17.5%  1386 1110s
  1292   831   38.43621   65   94   43.00000   35.45627  17.5%  1391 1115s
  1297   834   38.84849   68   89   43.00000   35.45627  17.5%  1394 1120s
  1306   838   39.39464   72   80   43.00000   35.45627  17.5%  1395 1125s
  1312   842   39.98794   75   68   43.00000   35.45627  17.5%  1398 1130s
  1318   846   40.20647   78   73   43.00000   35.45627  17.5%  1401 1135s
  1326   849   39.78384   82   82   43.00000   35.45627  17.5%  1403 1140s
  1334   854   41.16136   86   87   43.00000   35.45627  17.5%  1407 1147s
  1336   855   40.98091   87   71   43.00000   35.45627  17.5%  1406 1150s
  1351   857   41.78416   95   63   43.00000   35.45627  17.5%  1401 1155s
  1355   854   35.56608   39  131   43.00000   35.45666  17.5%  1404 1185s
  1356   854   35.98005   40  132   43.00000   35.45666  17.5%  1412 1191s
  1358   856   36.37687   41  124   43.00000   35.45666  17.5%  1421 1199s
  1359   856   36.58862   42  128   43.00000   35.45666  17.5%  1435 1210s
  1362   858   36.39750   43  125   43.00000   35.45666  17.5%  1438 1216s
  1364   860   36.70572   44  122   43.00000   35.45666  17.5%  1446 1222s
  1366   861   36.55018   46  119   43.00000   35.45666  17.5%  1450 1227s
  1367   862   36.80893   45   98   43.00000   35.45666  17.5%  1455 1230s
  1370   864   36.84246   48  105   43.00000   35.45666  17.5%  1459 1236s
  1372   865   36.93835   47  106   43.00000   35.45666  17.5%  1466 1242s
  1373   866   37.00488   49  106   43.00000   35.45666  17.5%  1471 1246s
  1375   867   37.18973   50  112   43.00000   35.45666  17.5%  1475 1250s
  1378   869   37.26252   50   99   43.00000   35.45666  17.5%  1483 1256s
  1383   872   37.23866   53  115   43.00000   35.45666  17.5%  1487 1263s
  1385   874   37.54941   54  106   43.00000   35.45666  17.5%  1491 1266s
  1387   875   37.14203   56  103   43.00000   35.45666  17.5%  1496 1270s
  1390   877   37.17226   57  105   43.00000   35.45666  17.5%  1500 1276s
  1392   878   37.29268   58  105   43.00000   35.45666  17.5%  1504 1280s
  1394   880   37.30532   57  109   43.00000   35.45666  17.5%  1509 1285s
  1396   881   37.37090   59  111   43.00000   35.45666  17.5%  1515 1290s
  1399   883   37.73905   59  102   43.00000   35.45666  17.5%  1521 1297s
  1402   885   38.15589   60   99   43.00000   35.45666  17.5%  1525 1301s
  1404   886   38.16992   62  115   43.00000   35.45666  17.5%  1529 1305s
  1409   888   38.23967   65  102   43.00000   35.45666  17.5%  1529 1310s
  1411   889   38.44434   64   84   43.00000   35.45666  17.5%  1536 1315s
  1416   892   38.39112   70   94   43.00000   35.45666  17.5%  1536 1320s
  1419   894   38.48381   71   89   43.00000   35.45666  17.5%  1542 1325s
  1424   898   38.56671   75   96   43.00000   35.45666  17.5%  1541 1330s
  1430   902   38.74498   79  102   43.00000   35.45666  17.5%  1544 1335s
  1436   906   39.52180   83   94   43.00000   35.45666  17.5%  1546 1340s
  1441   909   39.39663   86  102   43.00000   35.45666  17.5%  1550 1346s
  1449   912   39.66067   91   99   43.00000   35.45666  17.5%  1548 1350s
  1458   918   39.87037   93   94   43.00000   35.45666  17.5%  1546 1355s
  1472   928   40.35614  101   82   43.00000   35.45666  17.5%  1538 1360s
  1485   936   40.61824  107   88   43.00000   35.45666  17.5%  1533 1365s
  1501   942   41.40555  112   75   43.00000   35.45666  17.5%  1525 1370s
  1525   941   41.99887  121   66   43.00000   35.45666  17.5%  1510 1377s
  1529   938   36.35944   39  125   43.00000   35.55212  17.3%  1516 1388s
  1530   938   36.38807   40  119   43.00000   35.55212  17.3%  1517 1398s
  1532   940   36.45108   42  115   43.00000   35.55212  17.3%  1517 1400s
  1534   941   36.63138   43  119   43.00000   35.55212  17.3%  1522 1406s
  1535   942   36.72300   42  106   43.00000   35.55212  17.3%  1527 1410s
  1537   943   36.77990   44   97   43.00000   35.55212  17.3%  1533 1417s
  1538   944   36.82206   45  105   43.00000   35.55212  17.3%  1535 1420s
  1541   946   36.87350   44  112   43.00000   35.55212  17.3%  1541 1427s
  1542   946   37.36354   45  113   43.00000   35.55212  17.3%  1544 1431s
  1545   948   37.08459   47  106   43.00000   35.55212  17.3%  1549 1436s
  1546   949   37.22834   46  107   43.00000   35.55212  17.3%  1552 1440s
  1550   952   37.63145   47  102   43.00000   35.55212  17.3%  1558 1448s
  1552   953   37.27978   48  106   43.00000   35.55212  17.3%  1558 1451s
  1555   955   37.40916   47   98   43.00000   35.55212  17.3%  1561 1456s
  1557   956   37.65678   49  100   43.00000   35.55212  17.3%  1565 1461s
  1559   958   38.19010   48  102   43.00000   35.55212  17.3%  1569 1465s
  1562   960   37.98581   50  104   43.00000   35.55212  17.3%  1572 1470s
  1565   962   37.84588   53  102   43.00000   35.55212  17.3%  1575 1477s
  1566   962   38.11759   51   96   43.00000   35.55212  17.3%  1581 1485s
  1569   964   38.19062   55   91   43.00000   35.55212  17.3%  1583 1491s
  1571   966   37.99237   55  105   43.00000   35.55212  17.3%  1586 1496s
  1572   966   38.23280   55   95   43.00000   35.55212  17.3%  1588 1500s
  1574   968   38.15903   56   95   43.00000   35.55212  17.3%  1591 1505s
  1576   969   38.60052   56   91   43.00000   35.55212  17.3%  1595 1512s
  1579   971   38.44289   58   95   43.00000   35.55212  17.3%  1596 1517s
  1582   973   38.70615   59   96   43.00000   35.55212  17.3%  1597 1522s
  1583   974   39.04931   60  106   43.00000   35.55212  17.3%  1601 1529s
  1584   974   38.65965   61   92   43.00000   35.55212  17.3%  1603 1531s
  1590   978   38.55836   66  103   43.00000   35.55212  17.3%  1601 1535s
  1591   979   38.94766   65  104   43.00000   35.55212  17.3%  1604 1540s
  1595   982   38.93474   67   96   43.00000   35.55212  17.3%  1605 1546s
  1599   984   38.74535   71  102   43.00000   35.55212  17.3%  1606 1551s
  1601   986   38.84724   72  107   43.00000   35.55212  17.3%  1608 1556s
  1603   987   39.56714   70  102   43.00000   35.55212  17.3%  1610 1560s
  1605   988   39.52028   72   98   43.00000   35.55212  17.3%  1613 1565s
  1609   991   39.21434   73   92   43.00000   35.55212  17.3%  1613 1570s
  1615   995   39.50895   77   81   43.00000   35.55212  17.3%  1612 1575s
  1618   997   39.60550   75   85   43.00000   35.55212  17.3%  1614 1580s
  1624  1001   39.78917   78   77   43.00000   35.55212  17.3%  1614 1586s
  1630  1005   39.72677   84   89   43.00000   35.55212  17.3%  1611 1590s
  1632  1006   40.07784   83   81   43.00000   35.55212  17.3%  1615 1595s
  1636  1009   40.12592   85   91   43.00000   35.55212  17.3%  1615 1600s
  1642  1013   40.26258   89   97   43.00000   35.55212  17.3%  1614 1605s
  1648  1017   40.47938   93   85   43.00000   35.55212  17.3%  1613 1610s
  1655  1022   40.46338   98   87   43.00000   35.55212  17.3%  1611 1615s
  1660  1025   40.55826   99   92   43.00000   35.55212  17.3%  1610 1620s
  1669  1029 infeasible  103        43.00000   35.55212  17.3%  1607 1625s
  1681  1037   40.90484  110   73   43.00000   35.55212  17.3%  1600 1630s
  1687  1041   40.97398  112   73   43.00000   35.55212  17.3%  1599 1635s
  1695  1042   41.56794  112   73   43.00000   35.55212  17.3%  1599 1640s
  1704  1040   36.17392   40  113   43.00000   35.55322  17.3%  1606 1665s
  1705  1041   36.41111   41  114   43.00000   35.55322  17.3%  1611 1670s
  1706  1042   37.17638   41  114   43.00000   35.55322  17.3%  1616 1677s
  1707  1042   36.48830   42  121   43.00000   35.55322  17.3%  1619 1681s
  1709  1044   36.62833   44  121   43.00000   35.55322  17.3%  1621 1685s
  1711  1045   37.38021   45  115   43.00000   35.55322  17.3%  1627 1693s
  1712  1046   36.55999   44  113   43.00000   35.55322  17.3%  1629 1695s
  1714  1047   37.25226   45  120   43.00000   35.55322  17.3%  1636 1705s
  1717  1049   37.64111   48   83   43.00000   35.55322  17.3%  1639 1710s
  1719  1050   37.63513   48   93   43.00000   35.55322  17.3%  1644 1715s
  1722  1050   37.59877   48  102   43.00000   35.55322  17.3%  1648 1721s
  1725  1052   37.84146   49   86   43.00000   35.55322  17.3%  1653 1727s
  1727  1054   37.75056   50  101   43.00000   35.55322  17.3%  1657 1731s
  1729  1055   37.87912   50  104   43.00000   35.55322  17.3%  1659 1735s
  1731  1056   37.94259   51   88   43.00000   35.55322  17.3%  1662 1740s
  1734  1058   38.02365   52  107   43.00000   35.55322  17.3%  1666 1745s
  1740  1062   38.19733   55   91   43.00000   35.55322  17.3%  1668 1751s
  1741  1063   38.40038   55   75   43.00000   35.55322  17.3%  1671 1765s
  1743  1064   38.42846   53   84   43.00000   35.55322  17.3%  1678 1772s
  1746  1066   38.72453   57   83   43.00000   35.55322  17.3%  1680 1776s
  1748  1068   38.40097   56   72   43.00000   35.55322  17.3%  1683 1780s
  1751  1070   38.54140   58   83   43.00000   35.55322  17.3%  1687 1785s
  1757  1072   38.55442   59   78   43.00000   35.55322  17.3%  1689 1790s
  1768  1079   38.86092   69   88   43.00000   35.55322  17.3%  1687 1798s
  1770  1080   39.21954   69   78   43.00000   35.55322  17.3%  1691 1801s
  1777  1085   39.38640   73   77   43.00000   35.55322  17.3%  1690 1805s
  1782  1088   39.23731   75   73   43.00000   35.55322  17.3%  1693 1810s
  1787  1092   39.41266   76   70   43.00000   35.55322  17.3%  1697 1815s
  1790  1094   39.41295   78   76   43.00000   35.55322  17.3%  1702 1820s
  1795  1097   39.68955   80   63   43.00000   35.55322  17.3%  1704 1825s
  1807  1105   40.05913   89   56   43.00000   35.55322  17.3%  1701 1830s
  1822  1115   40.24312   98   53   43.00000   35.55322  17.3%  1693 1835s
  1838  1126   40.92166  105   45   43.00000   35.55322  17.3%  1688 1840s
  1850  1134   41.16210  109   42   43.00000   35.55322  17.3%  1684 1845s
  1867  1144   41.22677  115   39   43.00000   35.55322  17.3%  1678 1850s
  1877  1146   41.28320  117   45   43.00000   35.55322  17.3%  1675 1855s
  1903  1147   41.60366  132   31   43.00000   35.55322  17.3%  1657 1860s
  1911  1144   36.28136   43  111   43.00000   35.55508  17.3%  1661 1869s
  1912  1145   36.33936   44  116   43.00000   35.55508  17.3%  1663 1871s
  1913  1146   37.05374   45  107   43.00000   35.55508  17.3%  1673 1881s
  1914  1146   37.17085   46   94   43.00000   35.55508  17.3%  1676 1885s
  1916  1148   37.88250   48   75   43.00000   35.55508  17.3%  1681 1891s
  1918  1149   38.26634   50   84   43.00000   35.55508  17.3%  1685 1895s
  1922  1152   38.52796   54   80   43.00000   35.55508  17.3%  1687 1900s
  1929  1156   39.57048   61   74   43.00000   35.55508  17.3%  1688 1905s
  1932  1158   39.99463   64   84   43.00000   35.55508  17.3%  1688 1910s
  1943  1162   41.40272   73   81   43.00000   35.55508  17.3%  1685 1915s
  1959  1160     cutoff   81        43.00000   35.55508  17.3%  1678 1920s
  1962  1158   36.57075   43  117   43.00000   35.56085  17.3%  1686 1929s
  1964  1160   36.65602   45  113   43.00000   35.56085  17.3%  1689 1933s
  1965  1160   36.84463   46  117   43.00000   35.56085  17.3%  1692 1937s
  1966  1161   36.96105   47  125   43.00000   35.56085  17.3%  1694 1940s
  1969  1163   37.39177   50  100   43.00000   35.56085  17.3%  1698 1946s
  1973  1166   37.74935   54  108   43.00000   35.56085  17.3%  1702 1952s
  1974  1166   37.92633   55  109   43.00000   35.56085  17.3%  1704 1955s
  1979  1170   38.36932   60  110   43.00000   35.56085  17.3%  1706 1960s
  1983  1172   38.97514   64  107   43.00000   35.56085  17.3%  1707 1965s
  1989  1176   39.69594   70   95   43.00000   35.56085  17.3%  1708 1971s
  1993  1179   40.46875   74   92   43.00000   35.56085  17.3%  1709 1975s
  2001  1184   40.83194   82   83   43.00000   35.56085  17.3%  1706 1980s
  2013  1184 infeasible   40        43.00000   35.56609  17.3%  1702 1985s
  2014  1185   36.22276   40  114   43.00000   35.66380  17.1%  1707 1992s
  2015  1186   36.52839   41   99   43.00000   35.66380  17.1%  1709 1995s
  2016  1186   37.05207   42   99   43.00000   35.66380  17.1%  1712 2000s
  2017  1187   37.15898   43  105   43.00000   35.66380  17.1%  1716 2005s
  2019  1188   37.48619   45   90   43.00000   35.66380  17.1%  1719 2011s
  2021  1190   37.95054   47   79   43.00000   35.66380  17.1%  1723 2015s
  2025  1192   38.58104   51   74   43.00000   35.66380  17.1%  1725 2020s
  2035  1199   38.88764   61   85   43.00000   35.66380  17.1%  1722 2025s
  2043  1204   39.34591   69   72   43.00000   35.66380  17.1%  1721 2032s
  2052  1208   41.23699   77   68   43.00000   35.66380  17.1%  1716 2035s
  2070  1214   41.99913   90   71   43.00000   35.66380  17.1%  1708 2042s
  2075  1210   36.07751   32  130   43.00000   35.70521  17.0%  1711 2070s
  2076  1210   36.31520   33  131   43.00000   35.70521  17.0%  1715 2076s
  2078  1212   36.92022   35  113   43.00000   35.70521  17.0%  1722 2085s
  2080  1213   36.59146   36  119   43.00000   35.70521  17.0%  1725 2091s
  2082  1214   37.10789   37  120   43.00000   35.70521  17.0%  1729 2096s
  2083  1215   36.83737   38  106   43.00000   35.70521  17.0%  1732 2100s
  2084  1216   37.32989   39  103   43.00000   35.70521  17.0%  1736 2105s
  2086  1217   37.32649   40  102   43.00000   35.70521  17.0%  1739 2110s
  2089  1219   37.67799   42   99   43.00000   35.70521  17.0%  1744 2118s
  2090  1220   37.41183   41  113   43.00000   35.70521  17.0%  1746 2120s
  2093  1222   37.70271   43   82   43.00000   35.70521  17.0%  1752 2128s
  2095  1223   37.55354   43  100   43.00000   35.70521  17.0%  1753 2131s
  2097  1224   37.79025   45   94   43.00000   35.70521  17.0%  1758 2137s
  2098  1225   37.83225   43   98   43.00000   35.70521  17.0%  1761 2140s
  2100  1226   37.68871   45   91   43.00000   35.70521  17.0%  1765 2146s
  2105  1230   37.92581   48   90   43.00000   35.70521  17.0%  1766 2150s
  2111  1234   38.10634   54   91   43.00000   35.70521  17.0%  1767 2155s
  2113  1235   38.56565   53  100   43.00000   35.70521  17.0%  1770 2160s
  2117  1238   38.57731   58   99   43.00000   35.70521  17.0%  1772 2165s
  2119  1239   38.66260   56   68   43.00000   35.70521  17.0%  1774 2170s
  2124  1242   39.27887   58   79   43.00000   35.70521  17.0%  1777 2177s
  2127  1244   39.65325   62   74   43.00000   35.70521  17.0%  1777 2180s
  2132  1248   39.17732   65   76   43.00000   35.70521  17.0%  1779 2185s
  2135  1250   38.95833   66   79   43.00000   35.70521  17.0%  1781 2190s
  2147  1258   39.49648   76   73   43.00000   35.70521  17.0%  1779 2196s
  2150  1260   39.75841   77   68   43.00000   35.70521  17.0%  1781 2201s
  2153  1262   39.69850   79   83   43.00000   35.70521  17.0%  1783 2205s
  2161  1267   40.57539   80   75   43.00000   35.70521  17.0%  1782 2211s
  2163  1268   40.56485   82   74   43.00000   35.70521  17.0%  1786 2215s
  2168  1272   40.92837   85   76   43.00000   35.70521  17.0%  1787 2220s
  2180  1280   40.85765   96   86   43.00000   35.70521  17.0%  1782 2225s
  2185  1283   41.47732   97   88   43.00000   35.70521  17.0%  1785 2230s
  2198  1292   41.26207  106   84   43.00000   35.70521  17.0%  1780 2235s
  2204  1294   41.27332  108   74   43.00000   35.70521  17.0%  1782 2240s
  2208  1296   41.87375  107   72   43.00000   35.70521  17.0%  1783 2245s
  2221  1303   41.80339  114   83   43.00000   35.70521  17.0%  1779 2250s
  2235  1298   36.14147   48  103   43.00000   35.70714  17.0%  1775 2270s
  2236  1299   36.51421   49  106   43.00000   35.70714  17.0%  1781 2278s
  2237  1300   36.81270   50  104   43.00000   35.70714  17.0%  1784 2283s
  2238  1300   37.13035   51  100   43.00000   35.70714  17.0%  1789 2290s
  2240  1302   37.36224   53   90   43.00000   35.70714  17.0%  1794 2298s
  2242  1303   37.44499   55   90   43.00000   35.70714  17.0%  1796 2302s
  2243  1304   37.53644   56  106   43.00000   35.70714  17.0%  1799 2306s
  2246  1306   37.62935   59  108   43.00000   35.70714  17.0%  1802 2311s
  2251  1309   37.77749   64  108   43.00000   35.70714  17.0%  1801 2315s
  2255  1312   38.34266   68  109   43.00000   35.70714  17.0%  1803 2320s
  2260  1315   39.39760   73   90   43.00000   35.70714  17.0%  1804 2325s
  2266  1319   39.71364   79   83   43.00000   35.70714  17.0%  1804 2330s
  2276  1326   40.05944   89   69   43.00000   35.70714  17.0%  1801 2335s
  2285  1330   41.98666   97   69   43.00000   35.70714  17.0%  1799 2340s
  2289  1326   36.61550   48  117   43.00000   35.70796  17.0%  1805 2350s
  2290  1327   37.12425   49  105   43.00000   35.70796  17.0%  1808 2355s
  2291  1328   37.29860   50   97   43.00000   35.70796  17.0%  1810 2361s
  2293  1329   37.37920   52  106   43.00000   35.70796  17.0%  1810 2365s
  2296  1331   37.47583   53   93   43.00000   35.70796  17.0%  1813 2372s
  2297  1332   37.79457   53  101   43.00000   35.70796  17.0%  1815 2378s
  2298  1332   38.55460   54   98   43.00000   35.70796  17.0%  1817 2382s
  2300  1334   37.59360   54   93   43.00000   35.70796  17.0%  1819 2388s
  2302  1335   38.07594   54   84   43.00000   35.70796  17.0%  1822 2394s
  2303  1336   39.08733   55  102   43.00000   35.70796  17.0%  1824 2401s
  2305  1337   38.11498   55   92   43.00000   35.70796  17.0%  1826 2406s
  2306  1338   39.21505   56   84   43.00000   35.70796  17.0%  1830 2413s
  2307  1338   39.48105   56   85   43.00000   35.70796  17.0%  1832 2417s
  2309  1340   39.62933   58   90   43.00000   35.70796  17.0%  1832 2420s
  2313  1342   39.72543   59   87   43.00000   35.70796  17.0%  1833 2426s
  2316  1344   40.42583   58   64   43.00000   35.70796  17.0%  1834 2435s
  2317  1345   40.08010   59   62   43.00000   35.70796  17.0%  1837 2440s
  2321  1348   39.97400   61   79   43.00000   35.70796  17.0%  1837 2446s
  2324  1350   39.97770   60   97   43.00000   35.70796  17.0%  1837 2450s
  2326  1351   40.22186   64   84   43.00000   35.70796  17.0%  1838 2455s
  2329  1353   41.01724   66   83   43.00000   35.70796  17.0%  1840 2461s
  2333  1356   40.65377   66   90   43.00000   35.70796  17.0%  1840 2465s
  2336  1358   41.49528   68   85   43.00000   35.70796  17.0%  1841 2471s
  2338  1358   41.52167   68   81   43.00000   35.70796  17.0%  1843 2476s
  2342  1359   41.80990   69   52   43.00000   35.70796  17.0%  1843 2481s
  2346  1357   41.43850   69   71   43.00000   35.70796  17.0%  1843 2485s
  2351  1357     cutoff   71        43.00000   35.70796  17.0%  1843 2491s
  2353  1354     cutoff   71        43.00000   35.70796  17.0%  1844 2495s
  2356  1354     cutoff   70        43.00000   35.70796  17.0%  1845 2500s
  2360  1353   41.59288   73   75   43.00000   35.70796  17.0%  1845 2505s
  2365  1352     cutoff   74        43.00000   35.70796  17.0%  1846 2511s
  2368  1352   41.96572   77   69   43.00000   35.70796  17.0%  1847 2515s
  2373  1348     cutoff   78        43.00000   35.70796  17.0%  1849 2522s
  2376  1346   36.27180   42  127   43.00000   35.70796  17.0%  1852 2551s
  2377  1347   36.70198   43  109   43.00000   35.70796  17.0%  1857 2561s
  2379  1348   37.40585   45  101   43.00000   35.70796  17.0%  1862 2570s
  2382  1350   37.64445   48   91   43.00000   35.70796  17.0%  1865 2576s
  2384  1352   37.84093   50   83   43.00000   35.70796  17.0%  1870 2584s
  2385  1352   37.94551   51   87   43.00000   35.70796  17.0%  1873 2588s
  2387  1354   37.97379   53   83   43.00000   35.70796  17.0%  1875 2591s
  2390  1356   38.53928   56   72   43.00000   35.70796  17.0%  1877 2595s
  2393  1358   39.53592   59   69   43.00000   35.70796  17.0%  1881 2601s
  2396  1360   40.00000   62   78   43.00000   35.70796  17.0%  1887 2609s
  2397  1360   40.00000   63   73   43.00000   35.70796  17.0%  1887 2610s
  2409  1368   40.03763   75   59   43.00000   35.70796  17.0%  1883 2615s
  2419  1375   41.11571   85   37   43.00000   35.70796  17.0%  1882 2620s
  2443  1379   36.41388   42  103   43.00000   35.74508  16.9%  1873 2630s
  2444  1380   36.80994   43  101   43.00000   35.74508  16.9%  1876 2636s
  2447  1382   37.00281   46  100   43.00000   35.74508  16.9%  1878 2641s
  2450  1384   37.56732   49   85   43.00000   35.74508  16.9%  1881 2647s
  2453  1386   37.83683   52   94   43.00000   35.74508  16.9%  1882 2650s
  2457  1388   38.95734   56   89   43.00000   35.74508  16.9%  1884 2657s
  2463  1392   39.41285   62   73   43.00000   35.74508  16.9%  1883 2660s
  2472  1398   40.06522   71   93   43.00000   35.74508  16.9%  1881 2666s
  2484  1404   41.07441   82   70   43.00000   35.74508  16.9%  1875 2670s
  2499  1406   41.91677   90   69   43.00000   35.74508  16.9%  1869 2675s
  2505  1402   36.20153   36  119   43.00000   35.74548  16.9%  1871 2689s
  2506  1403   36.45787   37  106   43.00000   35.74548  16.9%  1875 2696s
  2507  1404   36.77307   38  109   43.00000   35.74548  16.9%  1877 2701s
  2510  1406   36.96020   41  109   43.00000   35.74548  16.9%  1879 2707s
  2511  1406   37.08448   42   99   43.00000   35.74548  16.9%  1880 2711s
  2512  1407   37.51795   43   92   43.00000   35.74548  16.9%  1882 2715s
  2514  1408   38.06051   45  102   43.00000   35.74548  16.9%  1884 2720s
  2517  1410   38.35593   48   91   43.00000   35.74548  16.9%  1885 2725s
  2522  1414   38.53572   53   85   43.00000   35.74548  16.9%  1885 2730s
  2528  1418   39.06106   59   95   43.00000   35.74548  16.9%  1886 2737s
  2530  1419   39.37385   61   93   43.00000   35.74548  16.9%  1888 2740s
  2537  1424   40.41104   68   90   43.00000   35.74548  16.9%  1887 2745s
  2545  1432   41.70342   76   78   43.00000   35.74548  16.9%  1885 2750s
  2552  1429   36.22233   36  132   43.00000   35.75134  16.9%  1889 2768s
  2553  1430   36.35721   37  117   43.00000   35.75134  16.9%  1893 2774s
  2554  1431   36.47634   38  110   43.00000   35.75134  16.9%  1895 2779s
  2555  1432   36.68053   39  112   43.00000   35.75134  16.9%  1899 2784s
  2556  1433   36.83027   40  106   43.00000   35.75134  16.9%  1901 2787s
  2558  1435   36.90070   42  110   43.00000   35.75134  16.9%  1901 2790s
  2560  1437   37.21676   44  116   43.00000   35.75134  16.9%  1903 2795s
  2564  1441   37.58972   48  101   43.00000   35.75134  16.9%  1905 2800s
  2568  1445   37.78800   52   93   43.00000   35.75134  16.9%  1906 2806s
  2572  1449   37.93283   56   95   43.00000   35.75134  16.9%  1906 2810s
  2576  1453   38.24903   60  103   43.00000   35.75134  16.9%  1907 2815s
  2579  1456   39.23276   63   97   43.00000   35.75134  16.9%  1911 2822s
  2582  1459   39.50030   66   98   43.00000   35.75134  16.9%  1912 2826s
  2585  1460   40.31772   68   93   43.00000   35.75134  16.9%  1914 2830s
  2592  1467   41.24006   75   75   43.00000   35.75134  16.9%  1913 2837s
  2597  1472   41.36490   80   90   43.00000   35.75134  16.9%  1911 2840s
  2605  1479   41.99409   88   71   43.00000   35.75134  16.9%  1910 2845s
  2608  1476     cutoff   87        43.00000   35.75134  16.9%  1913 2850s
  2609  1477   36.59853   32  124   43.00000   35.77285  16.8%  1932 2882s
  2610  1478   36.71579   33  125   43.00000   35.77285  16.8%  1934 2886s
  2611  1479   37.22243   34  112   43.00000   35.77285  16.8%  1938 2893s
  2612  1480   37.25434   35  105   43.00000   35.77285  16.8%  1939 2895s
  2614  1482   38.02716   37   85   43.00000   35.77285  16.8%  1943 2902s
  2616  1484   38.18409   39   87   43.00000   35.77285  16.8%  1944 2906s
  2618  1486   38.65554   41   80   43.00000   35.77285  16.8%  1946 2911s
  2619  1487   38.81809   42   88   43.00000   35.77285  16.8%  1947 2916s
  2623  1491   39.28938   46   88   43.00000   35.77285  16.8%  1948 2921s
  2629  1497   39.62229   52   77   43.00000   35.77285  16.8%  1947 2925s
  2635  1503   40.04427   58   73   43.00000   35.77285  16.8%  1947 2931s
  2638  1504   40.66591   60   72   43.00000   35.77285  16.8%  1948 2935s
  2643  1509   41.16271   65   75   43.00000   35.77285  16.8%  1950 2941s
  2646  1512   41.25202   68   63   43.00000   35.77285  16.8%  1949 2949s
  2647  1513   41.42915   69   82   43.00000   35.77285  16.8%  1950 2950s
  2653  1511     cutoff   70        43.00000   35.77285  16.8%  1949 2955s
  2654  1512   36.13967   33  135   43.00000   35.78562  16.8%  1954 2968s
  2655  1513   36.33784   34  128   43.00000   35.78562  16.8%  1957 2976s
  2656  1514   36.72408   34  114   43.00000   35.78562  16.8%  1961 2985s
  2657  1515   36.69335   35  108   43.00000   35.78562  16.8%  1965 2994s
  2658  1516   36.36487   35  133   43.00000   35.78562  16.8%  1966 2998s
  2659  1517   36.39018   36  131   43.00000   35.78562  16.8%  1967 3000s
  2660  1518   36.95780   36  116   43.00000   35.78562  16.8%  1973 3014s
  2661  1519   36.48644   37  111   43.00000   35.78562  16.8%  1975 3019s
  2662  1520   36.78598   37  115   43.00000   35.78562  16.8%  1978 3026s
  2663  1521   37.04415   38  115   43.00000   35.78562  16.8%  1980 3030s
  2665  1523   37.07480   39  117   43.00000   35.78562  16.8%  1983 3039s
  2666  1524   37.05255   39  123   43.00000   35.78562  16.8%  1987 3047s
  2668  1526   37.66374   40  111   43.00000   35.78562  16.8%  1991 3056s
  2669  1527   37.30483   41  122   43.00000   35.78562  16.8%  1994 3061s
  2670  1528   37.11140   41  123   43.00000   35.78562  16.8%  1995 3065s
  2672  1530   37.65459   42  121   43.00000   35.78562  16.8%  1999 3074s
  2673  1531   37.91178   43  128   43.00000   35.78562  16.8%  2002 3081s
  2674  1532   37.39667   43  119   43.00000   35.78562  16.8%  2004 3086s
  2676  1532   37.82435   44  111   43.00000   35.78562  16.8%  2009 3098s
  2677  1533   37.84159   45  105   43.00000   35.78562  16.8%  2010 3100s
  2679  1535   37.90672   46  112   43.00000   35.78562  16.8%  2014 3109s
  2680  1536   38.40061   46  106   43.00000   35.78562  16.8%  2018 3116s
  2681  1537   37.98568   47   90   43.00000   35.78562  16.8%  2020 3121s
  2682  1538   38.06746   47  124   43.00000   35.78562  16.8%  2023 3127s
  2683  1539   38.13150   48  104   43.00000   35.78562  16.8%  2024 3130s
  2684  1540   38.12544   48   87   43.00000   35.78562  16.8%  2028 3137s
  2686  1542   38.54390   49   97   43.00000   35.78562  16.8%  2031 3143s
  2688  1544   38.90933   50  110   43.00000   35.78562  16.8%  2033 3148s
  2689  1545   38.49386   51   95   43.00000   35.78562  16.8%  2035 3151s
  2691  1547   38.35946   52   96   43.00000   35.78562  16.8%  2036 3155s
  2693  1549   38.47052   53   94   43.00000   35.78562  16.8%  2039 3161s
  2695  1551   38.63465   54   91   43.00000   35.78562  16.8%  2042 3167s
  2696  1552   38.72339   54   85   43.00000   35.78562  16.8%  2044 3172s
  2698  1554   39.19146   55   84   43.00000   35.78562  16.8%  2047 3177s
  2700  1556   39.42317   56   87   43.00000   35.78562  16.8%  2049 3184s
  2701  1557   38.77238   57   87   43.00000   35.78562  16.8%  2049 3185s
  2702  1558   39.28252   57   89   43.00000   35.78562  16.8%  2053 3192s
  2704  1560   39.28595   58   75   43.00000   35.78562  16.8%  2056 3198s
  2705  1561   38.83771   59   81   43.00000   35.78562  16.8%  2056 3200s
  2708  1564   39.14127   60   82   43.00000   35.78562  16.8%  2058 3205s
  2711  1567   38.92243   62   90   43.00000   35.78562  16.8%  2061 3211s
  2713  1569   38.95826   63   88   43.00000   35.78562  16.8%  2062 3215s
  2714  1570   39.60245   63   82   43.00000   35.78562  16.8%  2064 3221s
  2716  1572   39.25724   64   84   43.00000   35.78562  16.8%  2067 3229s
  2717  1573   39.46507   65   83   43.00000   35.78562  16.8%  2067 3230s
  2719  1575   39.47520   66   87   43.00000   35.78562  16.8%  2068 3235s
  2721  1577   39.51143   67   84   43.00000   35.78562  16.8%  2070 3241s
  2724  1580   39.85218   68   78   43.00000   35.78562  16.8%  2073 3250s
  2726  1582   39.99927   69   74   43.00000   35.78562  16.8%  2075 3257s
  2727  1583   39.59661   70   80   43.00000   35.78562  16.8%  2075 3262s
  2728  1584   40.26712   70   84   43.00000   35.78562  16.8%  2077 3267s
  2730  1586   40.06823   71   70   43.00000   35.78562  16.8%  2078 3272s
  2732  1588   39.99823   72   79   43.00000   35.78562  16.8%  2080 3278s
  2733  1589   40.12846   73   69   43.00000   35.78562  16.8%  2082 3281s
  2734  1590   40.08154   73   70   43.00000   35.78562  16.8%  2083 3285s
  2737  1593   40.27346   75   70   43.00000   35.78562  16.8%  2084 3290s
  2738  1594   40.51075   75   57   43.00000   35.78562  16.8%  2086 3295s
  2742  1598   40.51555   77   60   43.00000   35.78562  16.8%  2086 3301s
  2745  1601   40.58357   79   68   43.00000   35.78562  16.8%  2087 3305s
  2749  1605   40.61227   81   76   43.00000   35.78562  16.8%  2086 3310s
  2752  1608   41.40578   82   76   43.00000   35.78562  16.8%  2089 3317s
  2754  1608 infeasible   83        43.00000   35.78562  16.8%  2089 3320s
  2757  1611   41.07889   85   73   43.00000   35.78562  16.8%  2089 3326s
  2760  1614   41.50407   86   57   43.00000   35.78562  16.8%  2089 3330s
  2764  1618   41.93523   88   69   43.00000   35.78562  16.8%  2090 3335s
  2767  1621   41.14834   90   71   43.00000   35.78562  16.8%  2091 3340s
  2770  1622     cutoff   91        43.00000   35.78562  16.8%  2092 3345s
  2774  1626   41.93615   93   79   43.00000   35.78562  16.8%  2093 3351s
  2779  1629   41.26942   96   73   43.00000   35.78562  16.8%  2092 3355s
  2784  1632   41.60541   98   75   43.00000   35.78562  16.8%  2092 3361s
  2789  1629     cutoff   99        43.00000   35.78562  16.8%  2092 3365s
  2791  1629   36.55562   41  103   43.00000   35.78578  16.8%  2096 3380s
  2793  1631   36.74585   43   98   43.00000   35.78578  16.8%  2097 3386s
  2796  1634   36.92025   46  101   43.00000   35.78578  16.8%  2098 3391s
  2798  1636   37.02520   48   91   43.00000   35.78578  16.8%  2100 3396s
  2801  1639   37.30146   51   95   43.00000   35.78578  16.8%  2103 3402s
  2802  1640   37.53945   52   95   43.00000   35.78578  16.8%  2104 3405s
  2803  1641   37.93548   53   97   43.00000   35.78578  16.8%  2107 3411s
  2804  1642   38.38342   54   88   43.00000   35.78578  16.8%  2109 3416s
  2806  1644   38.66489   56   89   43.00000   35.78578  16.8%  2110 3421s
  2807  1645   39.24362   57  101   43.00000   35.78578  16.8%  2111 3426s
  2809  1647   40.10273   59  103   43.00000   35.78578  16.8%  2113 3432s
  2810  1648   40.23718   60  100   43.00000   35.78578  16.8%  2113 3439s
  2811  1649   40.94476   61  100   43.00000   35.78578  16.8%  2118 3451s
  2813  1651   41.16834   63   87   43.00000   35.78578  16.8%  2119 3456s
  2815  1653   41.55568   65   75   43.00000   35.78578  16.8%  2120 3460s
  2818  1652     cutoff   67        43.00000   35.78578  16.8%  2120 3466s
  2822  1654   41.57946   67   89   43.00000   35.78578  16.8%  2120 3470s
  2825  1651     cutoff   67        43.00000   35.78578  16.8%  2121 3477s
  2827  1651   36.38764   41  121   43.00000   35.84930  16.6%  2127 3503s
  2828  1652   36.65683   42  106   43.00000   35.84930  16.6%  2129 3509s
  2829  1653   36.79060   43  105   43.00000   35.84930  16.6%  2130 3512s
  2830  1654   36.86924   44  107   43.00000   35.84930  16.6%  2131 3515s
  2831  1655   37.40110   45  105   43.00000   35.84930  16.6%  2134 3521s
  2834  1658   37.52465   48   98   43.00000   35.84930  16.6%  2135 3527s
  2835  1659   37.57840   49   95   43.00000   35.84930  16.6%  2137 3530s
  2836  1660   38.01673   50   92   43.00000   35.84930  16.6%  2139 3535s
  2837  1661   38.28714   51   92   43.00000   35.84930  16.6%  2141 3540s
  2840  1664   38.90410   54   93   43.00000   35.84930  16.6%  2143 3546s
  2842  1666   39.91645   56   72   43.00000   35.84930  16.6%  2145 3552s
  2846  1670   40.78151   60   70   43.00000   35.84930  16.6%  2146 3557s
  2849  1673   40.94074   63   67   43.00000   35.84930  16.6%  2149 3562s
  2850  1674   41.13884   64   53   43.00000   35.84930  16.6%  2151 3566s
  2853  1677   41.35217   67   55   43.00000   35.84930  16.6%  2155 3573s
  2856  1680   41.50265   70   53   43.00000   35.84930  16.6%  2154 3575s
  2867  1689   41.71044   80   44   43.00000   35.84930  16.6%  2150 3580s
  2875  1689   36.41510   38  139   43.00000   35.84933  16.6%  2151 3596s
  2876  1690   36.57736   39  125   43.00000   35.84933  16.6%  2154 3602s
  2877  1691   37.01249   40  109   43.00000   35.84933  16.6%  2159 3612s
  2878  1692   36.68549   40  126   43.00000   35.84933  16.6%  2161 3618s
  2879  1693   36.73647   41  133   43.00000   35.84933  16.6%  2163 3622s
  2880  1694   37.17958   41  114   43.00000   35.84933  16.6%  2167 3631s
  2881  1695   37.33062   42  110   43.00000   35.84933  16.6%  2169 3635s
  2882  1696   37.41309   43  112   43.00000   35.84933  16.6%  2172 3642s
  2883  1697   37.69190   43  105   43.00000   35.84933  16.6%  2175 3648s
  2884  1698   37.42145   44  111   43.00000   35.84933  16.6%  2176 3650s
  2885  1699   37.67966   45  118   43.00000   35.84933  16.6%  2178 3655s
  2887  1701   37.57964   46  101   43.00000   35.84933  16.6%  2180 3661s
  2889  1703   37.65849   47  102   43.00000   35.84933  16.6%  2185 3670s
  2891  1705   37.68638   48  102   43.00000   35.84933  16.6%  2186 3676s
  2893  1707   37.77210   50   94   43.00000   35.84933  16.6%  2188 3680s
  2897  1711   37.82857   53   94   43.00000   35.84933  16.6%  2189 3685s
  2899  1713   38.25113   54   93   43.00000   35.84933  16.6%  2191 3691s
  2900  1714   38.39398   55   81   43.00000   35.84933  16.6%  2193 3696s
  2902  1716   38.26855   56   87   43.00000   35.84933  16.6%  2195 3700s
  2904  1718   38.65179   57   83   43.00000   35.84933  16.6%  2198 3705s
  2906  1720   38.71154   56   75   43.00000   35.84933  16.6%  2201 3712s
  2907  1721   39.12985   56   68   43.00000   35.84933  16.6%  2203 3716s
  2909  1723   38.70595   58   81   43.00000   35.84933  16.6%  2204 3720s
  2912  1726   38.97362   58   83   43.00000   35.84933  16.6%  2205 3725s
  2914  1728   39.13323   60   85   43.00000   35.84933  16.6%  2207 3730s
  2917  1731   38.99941   59   87   43.00000   35.84933  16.6%  2208 3735s
  2921  1735   39.61900   60   85   43.00000   35.84933  16.6%  2208 3742s
  2924  1738   39.74843   63   91   43.00000   35.84933  16.6%  2209 3746s
  2927  1741   39.93730   65   82   43.00000   35.84933  16.6%  2209 3750s
  2934  1748   40.07225   69   83   43.00000   35.84933  16.6%  2207 3755s
  2937  1751   40.74992   68   54   43.00000   35.84933  16.6%  2210 3762s
  2941  1755   40.60382   71   85   43.00000   35.84933  16.6%  2209 3766s
  2945  1757   40.59523   75   68   43.00000   35.84933  16.6%  2208 3770s
  2951  1763   40.90586   79   79   43.00000   35.84933  16.6%  2207 3775s
  2967  1779   41.03922   93   75   43.00000   35.84933  16.6%  2198 3780s
  2972  1784   41.31333   95   78   43.00000   35.84933  16.6%  2196 3786s
  2990  1787   37.15322   38  118   43.00000   35.89642  16.5%  2192 3801s
  2991  1788   37.17138   39  121   43.00000   35.89642  16.5%  2193 3812s
  2993  1790   37.23483   41  117   43.00000   35.89642  16.5%  2193 3817s
  2994  1791   37.31696   42  116   43.00000   35.89642  16.5%  2194 3822s
  2995  1792   37.57523   43  114   43.00000   35.89642  16.5%  2195 3827s
  2996  1793   38.04713   44  119   43.00000   35.89642  16.5%  2199 3840s
  2998  1795   38.14241   46  114   43.00000   35.89642  16.5%  2199 3845s
  3000  1797   38.32541   48   98   43.00000   35.89642  16.5%  2200 3852s
  3001  1798   38.53803   49   93   43.00000   35.89642  16.5%  2201 3856s
  3002  1799   38.72248   50   83   43.00000   35.89642  16.5%  2203 3861s
  3003  1800   38.81354   51   93   43.00000   35.89642  16.5%  2203 3865s
  3004  1801   39.05996   52   96   43.00000   35.89642  16.5%  2205 3870s
  3006  1803   39.24193   54   96   43.00000   35.89642  16.5%  2205 3878s
  3008  1805   39.71246   56   81   43.00000   35.89642  16.5%  2205 3881s
  3013  1810   40.14089   61   87   43.00000   35.89642  16.5%  2204 3886s
  3016  1813   40.65879   64   97   43.00000   35.89642  16.5%  2203 3890s
  3023  1813   36.59466   45  117   43.00000   35.89822  16.5%  2205 3908s
  3024  1814   36.84875   46  114   43.00000   35.89822  16.5%  2208 3919s
  3025  1815   37.09658   47  107   43.00000   35.89822  16.5%  2211 3926s
  3026  1816   37.38844   48  105   43.00000   35.89822  16.5%  2214 3933s
  3027  1817   37.73209   49   88   43.00000   35.89822  16.5%  2218 3942s
  3029  1819   37.92032   51   77   43.00000   35.89822  16.5%  2220 3947s
  3031  1819   38.50138   52   81   43.00000   35.89822  16.5%  2224 3954s
  3032  1820   38.59781   53   89   43.00000   35.89822  16.5%  2226 3959s
  3033  1821   38.69687   54   93   43.00000   35.89822  16.5%  2229 3965s
  3037  1825   38.82461   58   95   43.00000   35.89822  16.5%  2230 3972s
  3039  1827   39.14702   60   86   43.00000   35.89822  16.5%  2234 3979s
  3040  1828   39.34939   61   93   43.00000   35.89822  16.5%  2235 3982s
  3041  1829   39.48482   62   88   43.00000   35.89822  16.5%  2237 3986s
  3045  1829   40.92519   64   75   43.00000   35.89822  16.5%  2237 3990s
  3050  1834   41.34156   69   75   43.00000   35.89822  16.5%  2237 3995s
  3053  1837   41.76093   72   78   43.00000   35.89822  16.5%  2238 4002s
  3054  1836     cutoff   73        43.00000   35.89822  16.5%  2240 4005s
  3059  1833     cutoff   71        43.00000   35.89822  16.5%  2240 4010s
  3060  1834   36.43158   34  134   43.00000   35.90128  16.5%  2244 4025s
  3061  1835   36.58266   35  117   43.00000   35.90128  16.5%  2247 4032s
  3062  1836   37.01172   36  113   43.00000   35.90128  16.5%  2249 4038s
  3063  1837   37.06498   37  117   43.00000   35.90128  16.5%  2250 4041s
  3064  1838   37.19965   38  114   43.00000   35.90128  16.5%  2252 4046s
  3065  1839   37.56790   39  114   43.00000   35.90128  16.5%  2256 4055s
  3067  1841   38.30987   41  108   43.00000   35.90128  16.5%  2260 4065s
  3070  1844   38.48816   44   98   43.00000   35.90128  16.5%  2261 4070s
  3072  1846   38.82737   46   93   43.00000   35.90128  16.5%  2262 4075s
  3076  1850   39.15828   50   95   43.00000   35.90128  16.5%  2262 4080s
  3080  1854   39.43138   54   99   43.00000   35.90128  16.5%  2262 4086s
  3083  1857   40.18951   57   86   43.00000   35.90128  16.5%  2263 4091s
  3088  1862   40.35927   62   72   43.00000   35.90128  16.5%  2262 4095s
  3095  1869   41.26655   69   69   43.00000   35.90128  16.5%  2260 4100s
  3100  1868     cutoff   71        43.00000   35.90128  16.5%  2261 4105s
  3102  1868   36.60215   44  120   43.00000   35.90159  16.5%  2267 4120s
  3103  1869   36.92675   45   88   43.00000   35.90159  16.5%  2271 4128s
  3104  1870   36.64698   45  118   43.00000   35.90159  16.5%  2272 4132s
  3105  1871   37.00499   46  107   43.00000   35.90159  16.5%  2273 4136s
  3106  1872   37.43379   47   97   43.00000   35.90159  16.5%  2276 4142s
  3107  1873   37.56456   48   90   43.00000   35.90159  16.5%  2277 4145s
  3109  1875   37.81112   48   75   43.00000   35.90159  16.5%  2279 4151s
  3110  1876   37.87856   49   85   43.00000   35.90159  16.5%  2281 4156s
  3111  1877   37.32288   47  102   43.00000   35.90159  16.5%  2283 4161s
  3112  1878   37.75877   49   91   43.00000   35.90159  16.5%  2285 4166s
  3114  1880   38.41736   51   71   43.00000   35.90159  16.5%  2289 4174s
  3115  1881   37.98022   50  106   43.00000   35.90159  16.5%  2290 4178s
  3116  1882   38.70507   51   92   43.00000   35.90159  16.5%  2291 4183s
  3117  1883   37.98614   51  100   43.00000   35.90159  16.5%  2291 4185s
  3118  1884   38.47818   52   89   43.00000   35.90159  16.5%  2292 4190s
  3120  1886   38.36419   53   79   43.00000   35.90159  16.5%  2295 4199s
  3121  1887   38.89196   53  100   43.00000   35.90159  16.5%  2296 4206s
  3123  1889   38.11646   53   87   43.00000   35.90159  16.5%  2299 4215s
  3124  1890   38.44432   54   91   43.00000   35.90159  16.5%  2306 4234s
  3125  1891   38.38534   54   64   43.00000   35.90159  16.5%  2306 4237s
  3126  1892   39.19462   54   86   43.00000   35.90159  16.5%  2308 4244s
  3127  1893   39.27739   55   95   43.00000   35.90159  16.5%  2308 4247s
  3128  1894   39.52507   55   72   43.00000   35.90159  16.5%  2310 4251s
  3131  1897   39.61260   56   90   43.00000   35.90159  16.5%  2310 4258s
  3132  1898   39.72819   57   80   43.00000   35.90159  16.5%  2311 4261s
  3134  1900   39.80884   56   77   43.00000   35.90159  16.5%  2312 4266s
  3135  1901   40.14253   57   77   43.00000   35.90159  16.5%  2312 4270s
  3138  1904   40.38384   59   75   43.00000   35.90159  16.5%  2314 4277s
  3140  1906   40.39082   60   82   43.00000   35.90159  16.5%  2313 4280s
  3143  1909   40.75975   61   70   43.00000   35.90159  16.5%  2315 4288s
  3144  1910   40.60819   61   79   43.00000   35.90159  16.5%  2316 4293s
  3146  1912   40.80388   63   75   43.00000   35.90159  16.5%  2317 4298s
  3148  1914   41.47596   64   66   43.00000   35.90159  16.5%  2318 4303s
  3149  1915   41.53866   65   80   43.00000   35.90159  16.5%  2318 4305s
  3153  1917   40.97020   65   78   43.00000   35.90159  16.5%  2319 4312s
  3154  1918   41.53968   66   68   43.00000   35.90159  16.5%  2320 4317s
  3156  1920   41.35068   66   78   43.00000   35.90159  16.5%  2321 4322s
  3157  1919     cutoff   68        43.00000   35.90159  16.5%  2322 4325s
  3161  1921     cutoff   69        43.00000   35.90159  16.5%  2322 4331s
  3163  1921   41.67127   69   80   43.00000   35.90159  16.5%  2322 4335s
  3166  1920     cutoff   71        43.00000   35.90159  16.5%  2323 4340s
  3169  1921 infeasible   73        43.00000   35.90159  16.5%  2324 4347s
  3170  1920     cutoff   73        43.00000   35.90159  16.5%  2325 4350s
  3172  1920   36.90695   33  117   43.00000   35.90309  16.5%  2353 4444s
  3173  1921   37.02474   34  134   43.00000   35.90309  16.5%  2355 4455s
  3174  1922   37.08625   35  130   43.00000   35.90309  16.5%  2357 4464s
  3175  1923   37.32910   36  128   43.00000   35.90309  16.5%  2359 4472s
  3176  1924   37.58608   37  109   43.00000   35.90309  16.5%  2363 4484s
  3177  1925   38.12272   38  111   43.00000   35.90309  16.5%  2365 4493s
  3178  1926   38.47956   39   96   43.00000   35.90309  16.5%  2366 4498s
  3179  1927   38.56883   40   87   43.00000   35.90309  16.5%  2367 4502s
  3180  1928   38.60688   41   80   43.00000   35.90309  16.5%  2368 4505s
  3182  1930   38.78870   43   84   43.00000   35.90309  16.5%  2369 4511s
  3184  1932   38.97236   45   76   43.00000   35.90309  16.5%  2368 4515s
  3188  1936   39.17191   49   65   43.00000   35.90309  16.5%  2368 4520s
  3192  1940   39.34637   53   76   43.00000   35.90309  16.5%  2366 4526s
  3197  1945   39.53656   58   79   43.00000   35.90309  16.5%  2365 4530s
  3201  1949   39.77206   62   70   43.00000   35.90309  16.5%  2364 4535s
  3207  1953   40.30874   67   70   43.00000   35.90309  16.5%  2361 4540s
  3212  1958   40.58950   72   74   43.00000   35.90309  16.5%  2360 4545s
  3218  1964   41.05001   78   75   43.00000   35.90309  16.5%  2358 4550s
  3225  1967   41.96299   82   79   43.00000   35.90309  16.5%  2355 4555s
  3230  1966   36.78433   45  102   43.00000   35.91756  16.5%  2358 4573s
  3231  1967   37.20442   46   98   43.00000   35.91756  16.5%  2361 4580s
  3233  1969   37.59158   48   86   43.00000   35.91756  16.5%  2363 4587s
  3234  1970   38.12811   49   86   43.00000   35.91756  16.5%  2364 4590s
  3237  1973   38.89052   52   72   43.00000   35.91756  16.5%  2367 4598s
  3238  1974   39.02715   53   88   43.00000   35.91756  16.5%  2368 4601s
  3240  1976   39.60688   55   80   43.00000   35.91756  16.5%  2370 4606s
  3242  1978   39.68870   57   71   43.00000   35.91756  16.5%  2370 4610s
  3245  1981   40.62699   60   68   43.00000   35.91756  16.5%  2373 4617s
  3246  1982   41.40559   61   67   43.00000   35.91756  16.5%  2376 4624s
  3247  1983   41.61695   62   54   43.00000   35.91756  16.5%  2378 4627s
  3250  1984     cutoff   65        43.00000   35.91756  16.5%  2378 4631s
  3252  1984   41.79295   64   48   43.00000   35.91756  16.5%  2381 4636s
  3255  1982     cutoff   65        43.00000   35.91756  16.5%  2386 4645s
  3256  1983   36.75258   44   96   43.00000   35.92973  16.4%  2389 4654s
  3257  1984   37.02783   45   92   43.00000   35.92973  16.4%  2391 4660s
  3258  1985   37.52744   46   97   43.00000   35.92973  16.4%  2394 4668s
  3259  1986   37.67558   47   81   43.00000   35.92973  16.4%  2397 4674s
  3260  1987   38.01500   48   84   43.00000   35.92973  16.4%  2398 4678s
  3261  1988   38.55467   49   92   43.00000   35.92973  16.4%  2400 4683s
  3262  1989   38.63486   50   89   43.00000   35.92973  16.4%  2401 4686s
  3263  1990   39.08040   51   98   43.00000   35.92973  16.4%  2402 4690s
  3265  1992   39.60414   53   81   43.00000   35.92973  16.4%  2404 4696s
  3267  1994   39.84057   55   75   43.00000   35.92973  16.4%  2405 4701s
  3271  1998   39.99695   59   60   43.00000   35.92973  16.4%  2405 4707s
  3275  2002   40.13728   63   72   43.00000   35.92973  16.4%  2404 4711s
  3278  2005   40.71898   66   74   43.00000   35.92973  16.4%  2405 4716s
  3285  2003     cutoff   69        43.00000   35.92973  16.4%  2404 4722s
  3286  2004   37.68544   50  115   43.00000   35.93683  16.4%  2410 4736s
  3287  2005   37.91170   51  105   43.00000   35.93683  16.4%  2413 4742s
  3288  2006   38.27919   52  107   43.00000   35.93683  16.4%  2417 4751s
  3289  2007   38.74726   53   86   43.00000   35.93683  16.4%  2419 4756s
  3290  2008   39.02164   54   95   43.00000   35.93683  16.4%  2421 4761s
  3292  2010   39.36008   56   88   43.00000   35.93683  16.4%  2422 4766s
  3294  2012   40.15718   58   78   43.00000   35.93683  16.4%  2424 4772s
  3295  2013   40.33396   59   81   43.00000   35.93683  16.4%  2425 4775s
  3298  2016   40.57603   62   85   43.00000   35.93683  16.4%  2426 4781s
  3301  2019   40.89115   65   83   43.00000   35.93683  16.4%  2427 4787s
  3303  2021   41.03973   67   78   43.00000   35.93683  16.4%  2427 4790s
  3309  2021     cutoff   71        43.00000   35.93683  16.4%  2427 4796s
  3311  2021   41.56521   68   66   43.00000   35.93683  16.4%  2428 4802s
  3313  2023   41.63277   70   59   43.00000   35.93683  16.4%  2427 4805s
  3320  2030   41.77503   77   63   43.00000   35.93683  16.4%  2424 4811s
  3322  2032   41.89962   79   64   43.00000   35.93683  16.4%  2425 4816s
  3325  2031     cutoff   81        43.00000   35.93683  16.4%  2426 4820s
  3327  2029     cutoff   79        43.00000   35.93683  16.4%  2428 4826s
  3328  2030   41.96513   78   58   43.00000   35.93683  16.4%  2428 4835s
  3330  2028     cutoff   79        43.00000   35.93683  16.4%  2430 4841s
  3333  2028     cutoff   79        43.00000   35.93683  16.4%  2431 4845s
  3336  2027     cutoff   79        43.00000   35.93683  16.4%  2431 4850s
  3338  2027   36.79542   42  110   43.00000   35.93695  16.4%  2436 4864s
  3339  2028   37.10713   43   98   43.00000   35.93695  16.4%  2438 4871s
  3340  2029   37.27590   44   99   43.00000   35.93695  16.4%  2439 4877s
  3341  2030   37.72539   45   85   43.00000   35.93695  16.4%  2441 4882s
  3343  2032   38.19837   47   92   43.00000   35.93695  16.4%  2442 4888s
  3344  2033   38.43738   48   83   43.00000   35.93695  16.4%  2443 4892s
  3346  2035   38.59772   50   76   43.00000   35.93695  16.4%  2445 4898s
  3347  2036   38.68191   51   84   43.00000   35.93695  16.4%  2446 4901s
  3349  2038   38.81486   53   70   43.00000   35.93695  16.4%  2446 4905s
  3354  2043   38.99040   58   71   43.00000   35.93695  16.4%  2446 4910s
  3355  2044   39.00371   59   64   43.00000   35.93695  16.4%  2445 4915s
  3361  2050   39.46405   65   83   43.00000   35.93695  16.4%  2444 4921s
  3363  2052   40.88074   67   56   43.00000   35.93695  16.4%  2445 4925s
  3369  2054     cutoff   72        43.00000   35.93695  16.4%  2445 4931s
  3375  2054   36.31071   42  120   43.00000   35.93926  16.4%  2446 4944s
  3376  2055   36.52058   43   97   43.00000   35.93926  16.4%  2448 4950s
  3378  2057   36.76910   45  102   43.00000   35.93926  16.4%  2450 4957s
  3379  2058   36.99769   46  100   43.00000   35.93926  16.4%  2451 4962s
  3380  2059   37.17555   47   96   43.00000   35.93926  16.4%  2453 4967s
  3381  2060   37.35997   48   85   43.00000   35.93926  16.4%  2454 4971s
  3382  2061   38.48357   49   75   43.00000   35.93926  16.4%  2458 4988s
  3383  2062   38.56697   50   75   43.00000   35.93926  16.4%  2458 4991s
  3384  2063   38.69722   51   74   43.00000   35.93926  16.4%  2459 4996s
  3386  2063   39.31129   52   70   43.00000   35.93926  16.4%  2460 5002s
  3387  2064   39.71728   53   75   43.00000   35.93926  16.4%  2461 5005s
  3390  2067   40.35214   56   73   43.00000   35.93926  16.4%  2462 5011s
  3394  2069   40.87567   59   73   43.00000   35.93926  16.4%  2461 5015s
  3398  2073   41.26151   63   78   43.00000   35.93926  16.4%  2463 5022s
  3400  2075   41.79133   65   84   43.00000   35.93926  16.4%  2465 5029s
  3401  2076   41.86093   66   83   43.00000   35.93926  16.4%  2465 5030s
  3403  2074     cutoff   67        43.00000   35.93926  16.4%  2467 5038s
  3404  2073     cutoff   66        43.00000   35.93926  16.4%  2467 5040s
  3406  2075   41.78631   66   71   43.00000   35.93926  16.4%  2468 5047s
  3409  2078   41.90985   69   60   43.00000   35.93926  16.4%  2467 5054s
  3410  2079   41.96597   70   59   43.00000   35.93926  16.4%  2467 5055s
  3413  2076     cutoff   70        43.00000   35.93926  16.4%  2468 5063s
  3414  2077   41.96936   69   64   43.00000   35.93926  16.4%  2469 5065s
  3417  2076   37.54798   50  116   43.00000   35.94604  16.4%  2473 5087s
  3418  2077   37.73553   51  102   43.00000   35.94604  16.4%  2474 5092s
  3420  2079   37.60077   52  107   43.00000   35.94604  16.4%  2473 5095s
  3422  2081   37.72917   54  105   43.00000   35.94604  16.4%  2474 5100s
  3425  2084   38.02827   57   94   43.00000   35.94604  16.4%  2475 5107s
  3426  2085   38.38238   55   96   43.00000   35.94604  16.4%  2477 5114s
  3427  2086   38.25119   56  101   43.00000   35.94604  16.4%  2478 5117s
  3428  2087   38.80560   57   96   43.00000   35.94604  16.4%  2479 5121s
  3431  2090   38.25062   60   97   43.00000   35.94604  16.4%  2479 5126s
  3432  2091   38.45054   60   85   43.00000   35.94604  16.4%  2480 5131s
  3433  2092   38.57534   58   85   43.00000   35.94604  16.4%  2481 5137s
  3434  2093   38.48677   61   92   43.00000   35.94604  16.4%  2481 5140s
  3435  2094   38.69434   59  101   43.00000   35.94604  16.4%  2483 5145s
  3436  2095   38.72142   61   83   43.00000   35.94604  16.4%  2483 5151s
  3437  2096   38.76623   61   90   43.00000   35.94604  16.4%  2484 5155s
  3439  2098   39.14911   62   94   43.00000   35.94604  16.4%  2486 5166s
  3440  2099   39.05566   62  102   43.00000   35.94604  16.4%  2487 5170s
  3443  2102   39.75191   63   84   43.00000   35.94604  16.4%  2487 5175s
  3444  2103   39.40824   62   86   43.00000   35.94604  16.4%  2489 5181s
  3446  2105   39.65131   63   86   43.00000   35.94604  16.4%  2490 5189s
  3447  2106   39.70051   62   90   43.00000   35.94604  16.4%  2491 5193s
  3448  2107   39.54931   63   83   43.00000   35.94604  16.4%  2491 5195s
  3451  2110   39.70395   64   94   43.00000   35.94604  16.4%  2492 5201s
  3454  2113   39.86049   65   80   43.00000   35.94604  16.4%  2492 5206s
  3456  2115   39.96103   65   88   43.00000   35.94604  16.4%  2493 5211s
  3457  2116   40.24203   66   81   43.00000   35.94604  16.4%  2494 5215s
  3459  2118   40.35550   66   74   43.00000   35.94604  16.4%  2494 5220s
  3461  2120   40.05314   68   75   43.00000   35.94604  16.4%  2495 5225s
  3463  2122   40.45453   68   83   43.00000   35.94604  16.4%  2496 5236s
  3465  2124   40.24525   70   80   43.00000   35.94604  16.4%  2496 5240s
  3468  2127   40.52551   73   78   43.00000   35.94604  16.4%  2497 5245s
  3470  2129   40.88889   72   85   43.00000   35.94604  16.4%  2498 5252s
  3472  2131   40.58733   75   78   43.00000   35.94604  16.4%  2498 5255s
  3477  2136   40.98338   78   71   43.00000   35.94604  16.4%  2498 5262s
  3478  2137   41.03870   77   79   43.00000   35.94604  16.4%  2499 5265s
  3483  2142   41.05517   82   78   43.00000   35.94604  16.4%  2498 5271s
  3488  2147   41.08604   84   74   43.00000   35.94604  16.4%  2496 5275s
  3490  2149   41.28566   86   54   43.00000   35.94604  16.4%  2495 5281s
  3494  2153   41.68579   87   70   43.00000   35.94604  16.4%  2494 5285s
  3502  2154   36.55331   35  136   43.00000   35.94674  16.4%  2496 5313s
  3503  2155   36.75713   36  125   43.00000   35.94674  16.4%  2499 5323s
  3504  2156   37.04352   37  118   43.00000   35.94674  16.4%  2502 5338s
  3505  2157   37.11562   38  103   43.00000   35.94674  16.4%  2503 5344s
  3506  2158   37.36875   39   93   43.00000   35.94674  16.4%  2507 5357s
  3507  2159   37.81761   40   98   43.00000   35.94674  16.4%  2510 5366s
  3509  2161   37.95306   42  102   43.00000   35.94674  16.4%  2511 5371s
  3511  2163   38.15910   44   99   43.00000   35.94674  16.4%  2512 5376s
  3514  2166   38.27011   47   95   43.00000   35.94674  16.4%  2513 5382s
  3515  2167   39.28772   48   79   43.00000   35.94674  16.4%  2515 5388s
  3517  2169   39.52364   50   77   43.00000   35.94674  16.4%  2515 5391s
  3520  2172   39.66424   53   85   43.00000   35.94674  16.4%  2516 5397s
  3523  2175   39.87301   56   89   43.00000   35.94674  16.4%  2516 5401s
  3526  2178   40.15297   59   82   43.00000   35.94674  16.4%  2516 5405s
  3529  2181   40.55540   62   80   43.00000   35.94674  16.4%  2518 5411s
  3534  2186   40.79431   67   85   43.00000   35.94674  16.4%  2517 5415s
  3538  2190   41.18408   71   76   43.00000   35.94674  16.4%  2517 5420s
  3544  2196   41.76975   77   65   43.00000   35.94674  16.4%  2515 5427s
  3551  2195   36.99046   35  115   43.00000   35.96464  16.4%  2517 5442s
  3552  2196   37.14594   36  104   43.00000   35.96464  16.4%  2520 5449s
  3553  2197   37.24458   37  124   43.00000   35.96464  16.4%  2521 5455s
  3555  2199   37.49181   39  120   43.00000   35.96464  16.4%  2524 5466s
  3556  2200   37.60774   40  107   43.00000   35.96464  16.4%  2526 5472s
  3557  2201   37.73283   41   91   43.00000   35.96464  16.4%  2527 5475s
  3558  2202   38.17755   42   85   43.00000   35.96464  16.4%  2529 5480s
  3560  2204   38.69558   44   85   43.00000   35.96464  16.4%  2532 5488s
  3561  2205   39.22899   45   87   43.00000   35.96464  16.4%  2533 5492s
  3564  2208   39.27920   48   75   43.00000   35.96464  16.4%  2532 5495s
  3567  2211   40.22611   51   54   43.00000   35.96464  16.4%  2535 5503s
  3568  2212   40.24026   52   67   43.00000   35.96464  16.4%  2536 5505s
  3571  2215   41.05148   55   43   43.00000   35.96464  16.4%  2537 5512s
  3572  2216   41.18875   56   53   43.00000   35.96464  16.4%  2540 5517s
  3575  2219   41.52736   59   49   43.00000   35.96464  16.4%  2540 5521s
  3579  2221     cutoff   63        43.00000   35.96464  16.4%  2541 5525s
  3589  2229     cutoff   72        43.00000   35.96464  16.4%  2537 5531s
  3600  2232   37.05887   46  122   43.00000   35.96532  16.4%  2541 5558s
  3601  2233   37.30261   47  108   43.00000   35.96532  16.4%  2548 5583s
  3602  2234   37.38917   48   96   43.00000   35.96532  16.4%  2550 5591s
  3603  2235   37.87193   49  101   43.00000   35.96532  16.4%  2552 5600s
  3604  2236   37.95137   50  101   43.00000   35.96532  16.4%  2552 5606s
  3605  2237   38.28528   51  102   43.00000   35.96532  16.4%  2553 5613s
  3606  2238   38.42007   52   96   43.00000   35.96532  16.4%  2554 5617s
  3607  2239   38.46031   53   94   43.00000   35.96532  16.4%  2554 5621s
  3609  2241   38.55295   55  100   43.00000   35.96532  16.4%  2555 5628s
  3611  2243   38.65786   57   89   43.00000   35.96532  16.4%  2555 5632s
  3612  2244   38.73243   58   81   43.00000   35.96532  16.4%  2555 5635s
  3615  2247   38.90658   61   89   43.00000   35.96532  16.4%  2555 5641s
  3618  2250   39.01633   64   75   43.00000   35.96532  16.4%  2555 5646s
  3621  2253   39.11777   67   82   43.00000   35.96532  16.4%  2555 5650s
  3624  2256   39.55767   70   78   43.00000   35.96532  16.4%  2557 5659s
  3625  2257   39.57734   71   83   43.00000   35.96532  16.4%  2557 5660s
  3628  2260   39.90796   74   79   43.00000   35.96532  16.4%  2558 5665s
  3631  2263   40.12795   77   97   43.00000   35.96532  16.4%  2558 5670s
  3637  2269   40.73560   83   80   43.00000   35.96532  16.4%  2557 5675s
  3645  2275   41.72394   90   74   43.00000   35.96532  16.4%  2555 5680s
  3653  2274   37.31113   46  118   43.00000   35.97268  16.3%  2556 5702s
  3654  2275   37.36977   47   98   43.00000   35.97268  16.3%  2557 5709s
  3655  2276   37.81040   48   92   43.00000   35.97268  16.3%  2560 5724s
  3656  2277   37.92863   49   83   43.00000   35.97268  16.3%  2561 5728s
  3657  2278   38.10957   50  104   43.00000   35.97268  16.3%  2562 5733s
  3658  2279   38.57626   51   96   43.00000   35.97268  16.3%  2563 5738s
  3659  2280   38.80258   52   88   43.00000   35.97268  16.3%  2564 5741s
  3660  2281   38.90587   53   84   43.00000   35.97268  16.3%  2565 5745s
  3662  2283   39.06895   55   91   43.00000   35.97268  16.3%  2567 5751s
  3663  2284   39.71169   56   77   43.00000   35.97268  16.3%  2569 5758s
  3665  2286   39.75601   58   77   43.00000   35.97268  16.3%  2569 5760s
  3668  2289   39.93875   61   78   43.00000   35.97268  16.3%  2570 5766s
  3671  2292   40.09725   64   58   43.00000   35.97268  16.3%  2571 5771s
  3674  2295   40.22430   67   82   43.00000   35.97268  16.3%  2571 5775s
  3679  2300   40.82831   72   81   43.00000   35.97268  16.3%  2570 5780s
  3681  2302   41.21039   74   82   43.00000   35.97268  16.3%  2570 5785s
  3687  2304     cutoff   79        43.00000   35.97268  16.3%  2569 5790s
  3691  2302     cutoff   78        43.00000   35.97268  16.3%  2569 5796s
  3692  2303   36.43494   39  133   43.00000   35.97284  16.3%  2573 5814s
  3693  2304   36.71991   40  124   43.00000   35.97284  16.3%  2575 5822s
  3694  2305   37.59967   40   94   43.00000   35.97284  16.3%  2578 5832s
  3695  2306   36.93172   41  104   43.00000   35.97284  16.3%  2581 5840s
  3696  2307   36.75087   41  124   43.00000   35.97284  16.3%  2581 5845s
  3698  2309   37.33818   42  109   43.00000   35.97284  16.3%  2583 5860s
  3699  2310   37.48500   43  103   43.00000   35.97284  16.3%  2586 5871s
  3701  2312   37.09859   44  102   43.00000   35.97284  16.3%  2586 5878s
  3702  2313   37.45523   44  104   43.00000   35.97284  16.3%  2588 5885s
  3705  2316   37.56843   46  105   43.00000   35.97284  16.3%  2589 5891s
  3706  2317   37.77167   46   94   43.00000   35.97284  16.3%  2590 5896s
  3710  2319   37.98298   48  114   43.00000   35.97284  16.3%  2591 5907s
  3712  2321   38.10511   49   89   43.00000   35.97284  16.3%  2593 5913s
  3713  2322   37.97044   50   86   43.00000   35.97284  16.3%  2593 5917s
  3715  2324   38.27322   51  105   43.00000   35.97284  16.3%  2596 5927s
  3717  2326   38.40800   52  107   43.00000   35.97284  16.3%  2597 5932s
  3718  2327   38.74967   52  100   43.00000   35.97284  16.3%  2599 5938s
  3719  2328   38.49204   53  107   43.00000   35.97284  16.3%  2599 5940s
  3721  2330   38.60031   54  103   43.00000   35.97284  16.3%  2600 5946s
  3723  2332   38.63778   55   92   43.00000   35.97284  16.3%  2601 5950s
  3725  2334   39.20202   56   78   43.00000   35.97284  16.3%  2604 5960s
  3727  2336   39.33126   57   76   43.00000   35.97284  16.3%  2605 5965s
  3729  2338   39.48023   58   77   43.00000   35.97284  16.3%  2606 5970s
  3733  2342   39.54826   60   64   43.00000   35.97284  16.3%  2606 5975s
  3736  2345   39.73514   61   73   43.00000   35.97284  16.3%  2606 5981s
  3738  2347   39.94160   62   64   43.00000   35.97284  16.3%  2608 5987s
  3741  2350   39.90347   64   70   43.00000   35.97284  16.3%  2607 5990s
  3744  2353   40.51946   65   59   43.00000   35.97284  16.3%  2608 5995s
  3747  2356   40.12546   67   76   43.00000   35.97284  16.3%  2608 6001s
  3748  2357   40.54978   67   62   43.00000   35.97284  16.3%  2609 6005s
  3751  2360   41.17900   69   54   43.00000   35.97284  16.3%  2609 6010s
  3756  2361     cutoff   71        43.00000   35.97284  16.3%  2607 6015s
  3759  2360   36.69758   39  114   43.00000   36.01807  16.2%  2610 6031s
  3760  2361   36.82255   40  110   43.00000   36.01807  16.2%  2611 6036s
  3762  2363   37.28636   42  113   43.00000   36.01807  16.2%  2614 6047s
  3763  2364   37.25985   42   97   43.00000   36.01807  16.2%  2615 6052s
  3765  2366   37.56710   43   97   43.00000   36.01807  16.2%  2617 6059s
  3766  2367   37.85573   44  106   43.00000   36.01807  16.2%  2618 6064s
  3767  2368   37.34801   43  110   43.00000   36.01807  16.2%  2619 6067s
  3769  2370   37.71238   44   89   43.00000   36.01807  16.2%  2619 6071s
  3771  2372   38.15479   45  110   43.00000   36.01807  16.2%  2621 6081s
  3773  2374   37.62502   43   93   43.00000   36.01807  16.2%  2623 6089s
  3774  2373 infeasible   46        43.00000   36.01807  16.2%  2623 6091s
  3775  2374   39.24626   45   86   43.00000   36.01807  16.2%  2626 6100s
  3777  2376   39.80595   46   91   43.00000   36.01807  16.2%  2628 6107s
  3778  2377   40.15387   47   66   43.00000   36.01807  16.2%  2628 6110s
  3780  2379   40.53740   48   65   43.00000   36.01807  16.2%  2630 6117s
  3782  2381   40.72465   49   81   43.00000   36.01807  16.2%  2631 6122s
  3786  2385   41.07510   51   72   43.00000   36.01807  16.2%  2630 6125s
  3788  2387   41.20741   51   75   43.00000   36.01807  16.2%  2631 6130s
  3791  2388   41.06954   51   79   43.00000   36.01807  16.2%  2631 6137s
  3793  2388     cutoff   54        43.00000   36.01807  16.2%  2632 6143s
  3794  2389   41.86692   54   74   43.00000   36.01807  16.2%  2632 6145s
  3797  2390   41.99421   56   76   43.00000   36.01807  16.2%  2633 6150s
  3801  2388   36.74194   34  127   43.00000   36.07772  16.1%  2636 6168s
  3802  2389   36.92749   35  126   43.00000   36.07772  16.1%  2638 6175s
  3803  2390   37.32021   36  106   43.00000   36.07772  16.1%  2640 6183s
  3804  2391   37.44887   37   99   43.00000   36.07772  16.1%  2642 6190s
  3805  2392   37.63997   38   95   43.00000   36.07772  16.1%  2644 6197s
  3806  2393   37.85825   39   96   43.00000   36.07772  16.1%  2645 6202s
  3808  2395   37.98873   41  100   43.00000   36.07772  16.1%  2646 6206s
  3810  2397   38.08059   43  102   43.00000   36.07772  16.1%  2646 6210s
  3813  2400   38.30048   46   86   43.00000   36.07772  16.1%  2646 6216s
  3815  2402   38.93458   48   98   43.00000   36.07772  16.1%  2647 6223s
  3816  2403   39.44103   49   92   43.00000   36.07772  16.1%  2649 6228s
  3818  2403   40.10226   50   90   43.00000   36.07772  16.1%  2648 6231s
  3820  2405   40.60690   52   94   43.00000   36.07772  16.1%  2650 6238s
  3821  2406   40.63431   53   96   43.00000   36.07772  16.1%  2650 6240s
  3823  2408   41.50269   55   86   43.00000   36.07772  16.1%  2651 6245s
  3826  2411   41.89560   58   83   43.00000   36.07772  16.1%  2651 6250s
  3830  2411     cutoff   61        43.00000   36.07772  16.1%  2651 6257s
  3832  2409     cutoff   59        43.00000   36.07772  16.1%  2652 6261s
  3833  2410   36.84925   49  119   43.00000   36.07856  16.1%  2658 6282s
  3834  2411   37.33661   50  112   43.00000   36.07856  16.1%  2661 6293s
  3835  2412   37.55375   51  106   43.00000   36.07856  16.1%  2663 6300s
  3836  2413   37.72441   52  103   43.00000   36.07856  16.1%  2664 6305s
  3838  2413   38.35064   53  107   43.00000   36.07856  16.1%  2665 6310s
  3840  2415   38.50323   55  105   43.00000   36.07856  16.1%  2667 6317s
  3841  2416   38.63124   56   95   43.00000   36.07856  16.1%  2668 6324s
  3842  2417   38.65593   57   97   43.00000   36.07856  16.1%  2668 6325s
  3844  2419   38.76516   59   96   43.00000   36.07856  16.1%  2668 6330s
  3845  2420   39.53444   60   84   43.00000   36.07856  16.1%  2670 6336s
  3848  2423   39.93320   63   80   43.00000   36.07856  16.1%  2669 6340s
  3850  2425   40.40895   65   86   43.00000   36.07856  16.1%  2670 6347s
  3852  2427   40.61782   67   85   43.00000   36.07856  16.1%  2670 6350s
  3856  2431   40.88310   71   77   43.00000   36.07856  16.1%  2669 6355s
  3861  2434   41.83908   75   78   43.00000   36.07856  16.1%  2667 6360s
  3866  2431     cutoff   75        43.00000   36.07856  16.1%  2666 6365s
  3868  2431   37.14926   49  121   43.00000   36.07904  16.1%  2672 6393s
  3869  2432   37.27467   50  114   43.00000   36.07904  16.1%  2674 6401s
  3870  2433   37.75791   51  103   43.00000   36.07904  16.1%  2676 6409s
  3871  2434   37.79679   52  106   43.00000   36.07904  16.1%  2676 6412s
  3872  2435   37.93434   53  110   43.00000   36.07904  16.1%  2677 6416s
  3873  2436   38.46107   54  110   43.00000   36.07904  16.1%  2679 6423s
  3874  2437   38.57571   55  100   43.00000   36.07904  16.1%  2680 6426s
  3876  2439   39.01862   57   84   43.00000   36.07904  16.1%  2682 6433s
  3877  2440   39.05839   58   93   43.00000   36.07904  16.1%  2682 6435s
  3879  2442   39.79826   60   79   43.00000   36.07904  16.1%  2684 6442s
  3880  2443   39.82797   61   90   43.00000   36.07904  16.1%  2684 6445s
  3882  2445   40.02216   63   99   43.00000   36.07904  16.1%  2685 6450s
  3886  2449   40.24707   67  100   43.00000   36.07904  16.1%  2684 6455s
  3888  2451   40.52693   69  106   43.00000   36.07904  16.1%  2685 6461s
  3892  2455   40.65777   73  109   43.00000   36.07904  16.1%  2683 6466s
  3896  2457   41.59306   76  107   43.00000   36.07904  16.1%  2682 6470s
  3899  2456     cutoff   78        43.00000   36.07904  16.1%  2682 6475s
  3901  2456   41.84336   76   87   43.00000   36.07904  16.1%  2682 6480s
  3906  2455     cutoff   78        43.00000   36.07904  16.1%  2681 6486s
  3908  2455   36.68096   33  123   43.00000   36.12384  16.0%  2685 6500s
  3909  2456   36.73534   34  107   43.00000   36.12384  16.0%  2686 6505s
  3910  2457   37.15949   35  112   43.00000   36.12384  16.0%  2687 6512s
  3911  2458   37.46804   36  103   43.00000   36.12384  16.0%  2688 6518s
  3912  2459   37.65215   37  108   43.00000   36.12384  16.0%  2690 6523s
  3913  2460   38.09872   38  102   43.00000   36.12384  16.0%  2691 6532s
  3914  2461   38.56338   39   97   43.00000   36.12384  16.0%  2692 6537s
  3915  2462   38.90229   40   88   43.00000   36.12384  16.0%  2693 6543s
  3916  2463   39.07849   41   74   43.00000   36.12384  16.0%  2694 6548s
  3917  2464   39.58968   42   79   43.00000   36.12384  16.0%  2695 6555s
  3919  2466   39.73437   44   80   43.00000   36.12384  16.0%  2695 6560s
  3922  2469   39.98851   47   83   43.00000   36.12384  16.0%  2696 6567s
  3925  2472   40.03457   50   73   43.00000   36.12384  16.0%  2694 6570s
  3928  2475   40.23225   53   70   43.00000   36.12384  16.0%  2694 6578s
  3929  2476   41.84159   54   85   43.00000   36.12384  16.0%  2695 6584s
  3930  2475     cutoff   55        43.00000   36.12384  16.0%  2696 6586s
  3932  2475   40.77899   54   74   43.00000   36.12384  16.0%  2696 6592s
  3934  2477   40.87110   56   76   43.00000   36.12384  16.0%  2696 6595s
  3938  2481   41.18015   60   86   43.00000   36.12384  16.0%  2696 6601s
  3940  2483   41.41408   62   71   43.00000   36.12384  16.0%  2696 6605s
  3944  2482     cutoff   65        43.00000   36.12384  16.0%  2696 6611s
  3947  2482   36.50066   40  105   43.00000   36.12400  16.0%  2697 6625s
  3949  2484   36.79388   42   97   43.00000   36.12400  16.0%  2699 6634s
  3950  2485   37.17092   43  105   43.00000   36.12400  16.0%  2701 6642s
  3951  2486   37.32724   44   98   43.00000   36.12400  16.0%  2701 6645s
  3953  2488   37.44698   46   98   43.00000   36.12400  16.0%  2702 6651s
  3954  2489   37.50689   47   91   43.00000   36.12400  16.0%  2703 6656s
  3955  2490   37.80035   46   90   43.00000   36.12400  16.0%  2704 6662s
  3957  2492   37.63301   49   93   43.00000   36.12400  16.0%  2705 6667s
  3959  2494   37.87009   49   85   43.00000   36.12400  16.0%  2705 6673s
  3961  2496   37.66420   51   91   43.00000   36.12400  16.0%  2705 6675s
  3963  2498   38.01365   53   91   43.00000   36.12400  16.0%  2706 6681s
  3964  2499   38.54789   52   85   43.00000   36.12400  16.0%  2707 6686s
  3965  2500   38.50881   51   92   43.00000   36.12400  16.0%  2709 6694s
  3966  2501   38.62009   53   92   43.00000   36.12400  16.0%  2710 6698s
  3967  2502   38.09584   54   91   43.00000   36.12400  16.0%  2710 6701s
  3968  2503   38.23932   55   95   43.00000   36.12400  16.0%  2711 6705s
  3969  2504   38.50861   56   93   43.00000   36.12400  16.0%  2712 6711s
  3970  2505   38.58594   55   74   43.00000   36.12400  16.0%  2714 6717s
  3971  2506   38.95256   54   78   43.00000   36.12400  16.0%  2715 6720s
  3973  2508   39.06396   57   94   43.00000   36.12400  16.0%  2716 6726s
  3975  2510   38.90628   57   90   43.00000   36.12400  16.0%  2717 6733s
  3976  2511   39.15421   56   77   43.00000   36.12400  16.0%  2718 6737s
  3978  2513   39.03309   58   78   43.00000   36.12400  16.0%  2718 6741s
  3980  2515   39.39694   57   73   43.00000   36.12400  16.0%  2719 6746s
  3982  2517   39.14856   60   77   43.00000   36.12400  16.0%  2719 6751s
  3985  2520   39.20358   61   59   43.00000   36.12400  16.0%  2718 6755s
  3989  2524   39.26091   65   62   43.00000   36.12400  16.0%  2717 6760s
  3993  2528   39.66344   67   69   43.00000   36.12400  16.0%  2716 6765s
  3998  2531   39.89420   70   53   43.00000   36.12400  16.0%  2716 6771s
  4002  2535   40.38047   72   54   43.00000   36.12400  16.0%  2715 6775s
  4006  2539   40.56612   73   53   43.00000   36.12400  16.0%  2716 6781s
  4012  2545   40.53063   79   69   43.00000   36.12400  16.0%  2713 6785s
  4015  2548   40.78066   78   57   43.00000   36.12400  16.0%  2713 6790s
  4022  2555   41.16379   81   72   43.00000   36.12400  16.0%  2711 6797s
  4026  2559   41.17866   85   63   43.00000   36.12400  16.0%  2710 6800s
  4037  2559   41.88121   87   61   43.00000   36.12400  16.0%  2706 6807s
  4039  2557 infeasible   88        43.00000   36.12400  16.0%  2706 6810s
  4040  2558   36.80578   40  101   43.00000   36.13779  16.0%  2709 6822s
  4041  2559   36.89386   41  100   43.00000   36.13779  16.0%  2710 6829s
  4042  2560   37.02486   42   96   43.00000   36.13779  16.0%  2711 6834s
  4043  2561   37.04200   43   97   43.00000   36.13779  16.0%  2711 6836s
  4045  2563   37.39451   45   96   43.00000   36.13779  16.0%  2712 6842s
  4046  2564   37.89019   46   94   43.00000   36.13779  16.0%  2713 6847s
  4047  2565   37.97184   47   78   43.00000   36.13779  16.0%  2714 6852s
  4048  2566   38.22056   48   96   43.00000   36.13779  16.0%  2716 6860s
  4049  2567   38.40540   49   82   43.00000   36.13779  16.0%  2717 6865s
  4050  2568   38.86666   50   76   43.00000   36.13779  16.0%  2718 6870s
  4053  2571   38.99684   53   74   43.00000   36.13779  16.0%  2719 6879s
  4054  2572   39.04712   54   65   43.00000   36.13779  16.0%  2719 6882s
  4055  2573   39.11191   55   72   43.00000   36.13779  16.0%  2719 6886s
  4058  2576   39.29311   58   77   43.00000   36.13779  16.0%  2719 6892s
  4060  2578   39.47856   60   72   43.00000   36.13779  16.0%  2719 6896s
  4064  2580   41.45569   63   58   43.00000   36.13779  16.0%  2718 6903s
  4066  2582   41.97078   65   72   43.00000   36.13779  16.0%  2721 6910s
  4069  2579     cutoff   65        43.00000   36.13779  16.0%  2722 6918s
  4071  2579   37.15949   47  111   43.00000   36.13779  16.0%  2727 6935s
  4072  2580   37.36412   48  113   43.00000   36.13779  16.0%  2728 6942s
  4073  2581   37.65334   49  114   43.00000   36.13779  16.0%  2729 6948s
  4074  2582   37.87210   50   87   43.00000   36.13779  16.0%  2730 6954s
  4075  2583   38.00133   51   82   43.00000   36.13779  16.0%  2731 6958s
  4076  2584   38.11975   52   91   43.00000   36.13779  16.0%  2731 6961s
  4077  2585   38.56114   53   82   43.00000   36.13779  16.0%  2733 6966s
  4078  2586   38.70363   54   80   43.00000   36.13779  16.0%  2734 6970s
  4082  2590   38.85548   58   74   43.00000   36.13779  16.0%  2733 6975s
  4084  2592   39.67582   60   84   43.00000   36.13779  16.0%  2735 6984s
  4085  2593   39.74564   61   79   43.00000   36.13779  16.0%  2736 6987s
  4087  2595   39.89808   63   78   43.00000   36.13779  16.0%  2737 6992s
  4090  2598   40.04729   66   76   43.00000   36.13779  16.0%  2737 6996s
  4093  2601   40.24663   69   82   43.00000   36.13779  16.0%  2737 7000s
  4096  2604   41.43212   72   81   43.00000   36.13779  16.0%  2738 7005s
  4101  2609   41.84341   77   73   43.00000   36.13779  16.0%  2737 7010s
  4106  2606     cutoff   77        43.00000   36.13779  16.0%  2736 7015s
  4107  2607   36.91821   47  113   43.00000   36.14194  15.9%  2740 7029s
  4108  2608   37.45548   48  111   43.00000   36.14194  15.9%  2743 7039s
  4109  2609   37.54827   49  104   43.00000   36.14194  15.9%  2744 7045s
  4110  2610   38.01091   50   95   43.00000   36.14194  15.9%  2746 7052s
  4111  2611   38.30882   51  100   43.00000   36.14194  15.9%  2747 7057s
  4112  2612   38.40898   52   97   43.00000   36.14194  15.9%  2747 7061s
  4114  2614   38.59373   54  102   43.00000   36.14194  15.9%  2748 7065s
  4117  2617   38.89729   57   98   43.00000   36.14194  15.9%  2748 7073s
  4119  2619   39.20968   59   97   43.00000   36.14194  15.9%  2748 7076s
  4121  2621   40.14322   61   86   43.00000   36.14194  15.9%  2749 7081s
  4124  2624   40.42224   64   90   43.00000   36.14194  15.9%  2750 7088s
  4126  2626   40.51409   66   83   43.00000   36.14194  15.9%  2749 7090s
  4131  2631   40.75950   71   77   43.00000   36.14194  15.9%  2748 7095s
  4137  2637   41.35070   77   70   43.00000   36.14194  15.9%  2747 7100s
  4146  2646   41.97805   86   61   43.00000   36.14194  15.9%  2743 7105s
  4151  2643   36.47015   49  115   43.00000   36.16661  15.9%  2743 7139s
  4152  2644   36.92783   50  109   43.00000   36.16661  15.9%  2755 7188s
  4153  2645   37.08188   51  113   43.00000   36.16661  15.9%  2757 7194s
  4154  2646   37.14286   52   95   43.00000   36.16661  15.9%  2757 7198s

Cutting planes:
  Gomory: 1
  Cover: 32
  Implied bound: 1341
  Clique: 2
  MIR: 2240
  Flow cover: 991
  Network: 37

Explored 4155 nodes (11531612 simplex iterations) in 7200.01 seconds
Thread count was 1 (of 8 available processors)

Time limit reached
Best objective 4.300000000000e+01, best bound 3.700000000000e+01, gap 13.9535%
