
Log started (V12.6.3.0) Fri Jun  9 11:49:56 2017

New value for default parallel thread count: 1

Problem '/tmp/tmplLjKbH.pyomo.lp' read.
Read time = 0.05 sec. (5.17 ticks)

Problem name         : /tmp/tmplLjKbH.pyomo.lp
Objective sense      : Minimize
Variables            :   52934  [Nneg: 52801,  Binary: 132,  General Integer: 1]
Objective nonzeros   :       1
Linear constraints   :   25674  [Less: 132,  Equal: 25542]
  Nonzeros           :  183736
  RHS nonzeros       :     200

Variables            : Min LB: 0.000000         Max UB: 1.000000       
Objective nonzeros   : Min   : 1.000000         Max   : 1.000000       
Linear constraints   :
  Nonzeros           : Min   : 1.000000         Max   : 1380.000       
  RHS nonzeros       : Min   : 1.000000         Max   : 755.0000       
Tried aggregator 2 times.
MIP Presolve eliminated 25356 rows and 47907 columns.
Aggregator did 5 substitutions.
Reduced MIP has 313 rows, 5022 columns, and 14803 nonzeros.
Reduced MIP has 118 binaries, 0 generals, 0 SOSs, and 0 indicators.
Presolve time = 0.03 sec. (41.55 ticks)
Tried aggregator 1 time.
Reduced MIP has 313 rows, 5022 columns, and 14803 nonzeros.
Reduced MIP has 118 binaries, 0 generals, 0 SOSs, and 0 indicators.
Presolve time = 0.00 sec. (4.80 ticks)
Probing time = 0.00 sec. (0.48 ticks)
MIP emphasis: balance optimality and feasibility.
MIP search method: dynamic search.
Parallel mode: none, using 1 thread.
Root relaxation solution time = 0.03 sec. (53.75 ticks)

        Nodes                                         Cuts/
   Node  Left     Objective  IInf  Best Integer    Best Bound    ItCnt     Gap

      0     0       17.8160    30                     17.8160     2092         
*     0+    0                           36.0000       17.8160            50.51%
      0     0       19.0369    42       36.0000     Cuts: 178     3626   47.12%
      0     0       19.4862    37       36.0000     Cuts: 178     4613   45.87%
      0     0       20.1153    47       36.0000     Cuts: 178     5250   44.12%
*     0+    0                           31.0000       20.1153            35.11%
      0     0       20.5378    48       31.0000     Cuts: 178     6099   33.75%
      0     0       20.7364    48       31.0000     Cuts: 178     6859   33.11%
      0     0       20.8597    41       31.0000     Cuts: 178     7448   32.71%
      0     0       21.2241    41       31.0000     Cuts: 178     8913   31.54%
      0     0       21.4048    48       31.0000     Cuts: 178    10164   30.95%
      0     0       21.4696    40       31.0000     Cuts: 178    11745   30.74%
      0     0       21.4857    43       31.0000     Cuts: 178    12144   30.69%
      0     0       21.5058    44       31.0000     Cuts: 178    12418   30.63%
      0     0       21.5456    42       31.0000     Cuts: 178    13241   30.50%
      0     0       21.6623    36       31.0000     Cuts: 178    14257   30.12%
      0     0       21.6781    33       31.0000     Cuts: 178    14732   30.07%
      0     0       21.6829    32       31.0000     Cuts: 178    15118   30.06%
      0     0       21.7072    35       31.0000     Cuts: 178    15706   29.98%
      0     0       21.7160    37       31.0000     Cuts: 178    16130   29.95%
      0     0       21.7273    36       31.0000     Cuts: 178    16424   29.91%
      0     0       21.7458    37       31.0000     Cuts: 178    16938   29.85%
      0     0       21.7712    40       31.0000     Cuts: 178    17512   29.77%
      0     0       21.7831    35       31.0000     Cuts: 178    18043   29.73%
      0     0       21.7837    33       31.0000     Cuts: 178    18359   29.73%
      0     0       21.7883    43       31.0000     Cuts: 178    20656   29.72%
*     0+    0                           26.0000       21.7883            16.20%
      0     2       21.7883    42       26.0000       21.7883    20656   16.20%
Elapsed time = 3.12 sec. (5291.71 ticks, tree = 0.01 MB, solutions = 3)
      4     6       21.8888    20       26.0000       21.7891    23825   16.20%
      5     7       21.8565    35       26.0000       21.8551    24261   15.94%
      6     8       21.8901    16       26.0000       21.8551    24356   15.94%
      7     7    infeasible             26.0000       21.8551    26061   15.94%
      8     8       22.0508    14       26.0000       21.8551    26598   15.94%
      9     9       22.1330    15       26.0000       21.8551    26778   15.94%
     10    10       22.0956    16       26.0000       21.8551    27060   15.94%
     11    11       22.0968    17       26.0000       21.8551    27132   15.94%
     12    12       22.1684    13       26.0000       21.8551    27282   15.94%
     20    18       22.7635    15       26.0000       21.8551    29519   15.94%
Elapsed time = 3.64 sec. (6272.85 ticks, tree = 0.12 MB, solutions = 3)
     69    42       22.0870    40       26.0000       21.8694    40272   15.89%
     70    43       22.3409    30       26.0000       21.8694    41249   15.89%
     71    44       23.0105    37       26.0000       21.8694    41825   15.89%
     72    43        cutoff             26.0000       21.8694    42582   15.89%
     73    44       23.9517    36       26.0000       21.8694    42593   15.89%
     74    45       24.0360    35       26.0000       21.8694    42740   15.89%
     75    46       24.0360    31       26.0000       21.8694    42769   15.89%
     76    47       24.1837    35       26.0000       21.8694    42829   15.89%
     77    48       24.1837    30       26.0000       21.8694    42925   15.89%
     78    49       24.1837    28       26.0000       21.8694    42988   15.89%
Elapsed time = 4.33 sec. (7543.56 ticks, tree = 0.36 MB, solutions = 3)
*   100+   33                           25.0000       21.8694            12.52%
    123    48       22.6713    24       25.0000       21.9384    49784   12.25%
    124    49       22.6734    21       25.0000       21.9384    49801   12.25%
    125    50       23.0222    11       25.0000       21.9384    49939   12.25%
    126    51       23.3733    17       25.0000       21.9384    50060   12.25%
    127    52       23.6667    11       25.0000       21.9384    50114   12.25%
    128    53       23.7333    10       25.0000       21.9384    50368   12.25%
    129    54       23.7921    14       25.0000       21.9384    50463   12.25%
    130    53        cutoff             25.0000       21.9384    50503   12.25%
    131    53       23.8339    13       25.0000       21.9384    50563   12.25%
    132    54       23.8532    14       25.0000       21.9384    50754   12.25%
Elapsed time = 4.90 sec. (8587.07 ticks, tree = 0.41 MB, solutions = 4)
    181    85       22.6583    28       25.0000       22.0026    58124   11.99%
    182    86       22.6583    25       25.0000       22.0026    58134   11.99%
    183    87       22.8860    28       25.0000       22.0026    59023   11.99%
    184    88       22.9681    22       25.0000       22.0026    59159   11.99%
    185    89       23.0630    20       25.0000       22.0026    59702   11.99%
    186    90       23.0630    22       25.0000       22.0026    59828   11.99%
    187    91       23.0688    19       25.0000       22.0026    59899   11.99%
    188    92       23.0771    16       25.0000       22.0026    59919   11.99%
    189    92       23.1766    20       25.0000       22.0026    59996   11.99%
    190    93       23.2036    17       25.0000       22.0026    60025   11.99%
Elapsed time = 5.53 sec. (9739.07 ticks, tree = 0.74 MB, solutions = 4)
    219   109       23.6802    18       25.0000       22.1246    69043   11.50%
    220   110       23.7815    20       25.0000       22.1246    69291   11.50%
    221   111       23.8986    18       25.0000       22.1246    69422   11.50%
    222   112       23.9447    14       25.0000       22.1246    69499   11.50%
    223   111        cutoff             25.0000       22.1246    69596   11.50%
    224   110        cutoff             25.0000       22.1246    69616   11.50%
    225   109        cutoff             25.0000       22.1315    70189   11.47%
    226   108    infeasible             25.0000       22.1438    70189   11.42%
    227   109       22.6882    21       25.0000       22.1462    70562   11.42%
    228   110       23.0612    35       25.0000       22.1462    71255   11.42%
Elapsed time = 6.18 sec. (10930.91 ticks, tree = 0.90 MB, solutions = 4)
    290   143       22.5339    29       25.0000       22.3621    81176   10.55%
    291   144       22.5848    29       25.0000       22.3621    81810   10.55%
    292   143        cutoff             25.0000       22.3621    83841   10.55%
    293   144       23.2506    21       25.0000       22.3621    85024   10.55%
    294   145       22.6007    29       25.0000       22.3621    85341   10.55%
    295   146       23.2508    26       25.0000       22.3621    86279   10.55%
    296   145        cutoff             25.0000       22.3621    86733   10.55%
    297   146       23.3824    20       25.0000       22.3621    87367   10.55%
    298   147       23.3886    20       25.0000       22.3621    87709   10.55%
    299   148       23.5831    22       25.0000       22.3621    88289   10.55%
Elapsed time = 7.15 sec. (12728.94 ticks, tree = 1.26 MB, solutions = 4)
    320   165       23.8022    23       25.0000       22.3815    95117   10.47%
    321   166       23.8775    24       25.0000       22.3815    95503   10.47%
    322   167       23.8775    23       25.0000       22.3815    95565   10.47%
    323   166        cutoff             25.0000       22.3815    95566   10.47%
    324   167       23.8775    24       25.0000       22.3815    95953   10.47%
    325   168       23.8775    22       25.0000       22.3815    96024   10.47%
    326   169       23.8809    20       25.0000       22.3815    96379   10.47%
    327   168        cutoff             25.0000       22.3815    96548   10.47%
    328   169       23.8921    15       25.0000       22.3815    96696   10.47%
    329   170       23.8938    15       25.0000       22.3815    96718   10.47%
Elapsed time = 7.78 sec. (13896.09 ticks, tree = 1.48 MB, solutions = 4)
    362   189       23.4782    36       25.0000       22.6410   105514    9.44%
    363   190       23.6752    34       25.0000       22.6410   106537    9.44%
    364   191       23.7355    32       25.0000       22.6410   106917    9.44%
    365   192       23.8596    28       25.0000       22.6410   107268    9.44%
    366   193       23.9050    25       25.0000       22.6410   107313    9.44%
    367   194       23.9339    26       25.0000       22.6410   107444    9.44%
    368   194       23.9495    21       25.0000       22.6410   107501    9.44%
    369   193        cutoff             25.0000       22.6410   107502    9.44%
    370   194       22.6430    22       25.0000       22.6410   108095    9.44%
    371   195       23.0000    17       25.0000       22.6410   108583    9.44%
Elapsed time = 8.58 sec. (15360.14 ticks, tree = 1.72 MB, solutions = 4)
    445   254       22.6613    23       25.0000       22.6583   117468    9.37%
    446   255       22.6856    25       25.0000       22.6583   117766    9.37%
    447   256       22.6898    22       25.0000       22.6583   117860    9.37%
    448   257       22.7962    24       25.0000       22.6583   118016    9.37%
    449   258       23.0016    29       25.0000       22.6583   118462    9.37%
    450   259       23.2617    23       25.0000       22.6583   118893    9.37%
    451   258        cutoff             25.0000       22.6583   118894    9.37%
    452   259       23.4661    22       25.0000       22.6583   119749    9.37%
    453   258        cutoff             25.0000       22.6583   119751    9.37%
    454   259       23.5401    19       25.0000       22.6583   119899    9.37%
Elapsed time = 9.30 sec. (16669.50 ticks, tree = 2.41 MB, solutions = 4)
    493   280       23.4987    29       25.0000       22.6617   129074    9.35%
    494   281       23.6369    36       25.0000       22.6617   129541    9.35%
    495   282       23.7469    34       25.0000       22.6617   129774    9.35%
    496   283       23.7469    34       25.0000       22.6617   129806    9.35%
    497   284       23.7817    28       25.0000       22.6617   130154    9.35%
    498   285       23.8499    27       25.0000       22.6617   130259    9.35%
    499   284        cutoff             25.0000       22.6617   130344    9.35%
    500   285       23.8891    25       25.0000       22.6617   130362    9.35%
    501   286       23.9444    26       25.0000       22.6617   130402    9.35%
    627   356       23.7319    18       25.0000       22.6882   154492    9.25%
Elapsed time = 11.42 sec. (20484.23 ticks, tree = 3.51 MB, solutions = 4)
    901   488       23.0110    25       25.0000       22.8938   189332    8.42%
    902   489       23.6743    20       25.0000       22.8938   190394    8.42%
    903   488        cutoff             25.0000       22.8938   190626    8.42%
    904   488       23.9177    21       25.0000       22.8938   191411    8.42%
    905   488       23.9322    30       25.0000       22.8938   192890    8.42%
    906   487        cutoff             25.0000       22.8938   192891    8.42%
    907   488       23.5324    26       25.0000       22.8956   195153    8.42%
    908   489       23.5734    24       25.0000       22.8956   195394    8.42%
    909   490       23.6808    26       25.0000       22.8956   195657    8.42%
    910   491       23.6855    25       25.0000       22.8956   195686    8.42%
Elapsed time = 14.05 sec. (25054.61 ticks, tree = 5.24 MB, solutions = 4)
   1072   539       23.5091    10       25.0000       23.0008   228899    8.00%
   1073   540       23.5807    10       25.0000       23.0008   228996    8.00%
   1074   540       23.7503    12       25.0000       23.0008   229154    8.00%
   1075   540       23.8198     6       25.0000       23.0008   229298    8.00%
   1076   540       23.9210    18       25.0000       23.0008   229381    8.00%
   1077   539        cutoff             25.0000       23.0008   229391    8.00%
   1078   540       23.0069     8       25.0000       23.0011   229633    8.00%
   1079   541       23.1333     5       25.0000       23.0011   229737    8.00%
   1080   542       23.3170     8       25.0000       23.0011   229990    8.00%
   1081   542       23.3865     7       25.0000       23.0011   230207    8.00%
Elapsed time = 16.40 sec. (29098.68 ticks, tree = 6.02 MB, solutions = 4)
   1287   629       23.6697    30       25.0000       23.0743   263826    7.70%
   1288   630       23.7863    27       25.0000       23.0743   263967    7.70%
   1289   631       23.7863    23       25.0000       23.0743   263999    7.70%
   1290   631       23.7863    18       25.0000       23.0743   264259    7.70%
   1291   632       23.9383    24       25.0000       23.0743   264539    7.70%
   1292   632       23.9383    22       25.0000       23.0743   264630    7.70%
   1293   631        cutoff             25.0000       23.0743   264632    7.70%
   1294   632       23.2562    11       25.0000       23.0774   265607    7.69%
   1295   633       23.2562    10       25.0000       23.0774   265624    7.69%
   1296   633       23.3895     8       25.0000       23.0774   265825    7.69%
Elapsed time = 18.72 sec. (33171.52 ticks, tree = 7.37 MB, solutions = 4)
   1514   701       23.8114    28       25.0000       23.1740   300588    7.30%
   1515   701       23.8729    29       25.0000       23.1740   300729    7.30%
   1516   701       23.9698    28       25.0000       23.1740   300862    7.30%
   1517   702       23.9698    27       25.0000       23.1740   301033    7.30%
   1518   701       23.9698    25       25.0000       23.1740   301043    7.30%
   1519   700       23.9698    25       25.0000       23.1740   301272    7.30%
   1520   701       23.3741    16       25.0000       23.1766   301665    7.29%
   1521   700        cutoff             25.0000       23.1766   301694    7.29%
   1522   700       23.8377    14       25.0000       23.1766   301723    7.29%
   1523   699       23.8377    14       25.0000       23.1766   301853    7.29%
Elapsed time = 21.07 sec. (37289.93 ticks, tree = 8.46 MB, solutions = 4)
   1709   740       23.8622    14       25.0000       23.2342   337430    7.06%
   1710   739        cutoff             25.0000       23.2342   337463    7.06%
   1711   740       23.8622    14       25.0000       23.2342   337738    7.06%
   1712   739       23.8622    13       25.0000       23.2342   337742    7.06%
   1713   738        cutoff             25.0000       23.2342   337746    7.06%
   1714   739       23.7045    14       25.0000       23.2343   338450    7.06%
   1715   740       23.7224    13       25.0000       23.2343   338504    7.06%
   1716   741       23.7625    12       25.0000       23.2343   338587    7.06%
   1717   742       23.9390    15       25.0000       23.2343   339081    7.06%
   1718   743       23.9550    16       25.0000       23.2343   339160    7.06%
Elapsed time = 23.38 sec. (41279.02 ticks, tree = 9.27 MB, solutions = 4)
   1868   768       23.5905    15       25.0000       23.2815   374330    6.87%
   1869   767        cutoff             25.0000       23.2815   374331    6.87%
   1870   766        cutoff             25.0000       23.2815   374361    6.87%
   1871   767       23.9931    17       25.0000       23.2830   375319    6.87%
   1872   768       23.9931    15       25.0000       23.2830   375321    6.87%
   1873   767        cutoff             25.0000       23.2830   375338    6.87%
   1874   766        cutoff             25.0000       23.2830   375342    6.87%
   1875   767       23.6395    23       25.0000       23.2857   376016    6.86%
   1876   768       23.6697    19       25.0000       23.2857   376132    6.86%
   1877   769       23.6697    15       25.0000       23.2857   376239    6.86%
Elapsed time = 25.74 sec. (45391.66 ticks, tree = 9.82 MB, solutions = 4)
   1996   779       22.1879    34       25.0000       23.3101   403413    6.76%
   1997   779       22.1910    33       25.0000       23.3101   403489    6.76%
   1998   780       22.3088    24       25.0000       23.3101   403784    6.76%
   1999   781       22.3216    19       25.0000       23.3101   403884    6.76%
   2000   782       23.3238    27       25.0000       23.3101   404774    6.76%
   2001   782       22.4594    18       25.0000       23.3101   405021    6.76%
   2002   670        cutoff             25.0000       23.3101   405685    6.76%
   2003   670       23.0000    18       25.0000       23.3101   405708    6.76%
   2004   670       23.0000    17       25.0000       23.3101   405800    6.76%
   2005   671       23.0000    18       25.0000       23.3101   406008    6.76%
Elapsed time = 29.56 sec. (51537.29 ticks, tree = 8.60 MB, solutions = 4)
   2120   272       23.5219     9       25.0000       23.3101   432146    6.76%
   2121   273       23.5256    10       25.0000       23.3101   432170    6.76%
   2122   273       23.5256     8       25.0000       23.3101   432212    6.76%
   2123   274       23.5422    11       25.0000       23.3101   432245    6.76%
   2124   275       23.7036    15       25.0000       23.3101   432476    6.76%
   2125   275       23.7444    10       25.0000       23.3101   432620    6.76%
   2126   270        cutoff             25.0000       23.3101   432647    6.76%
   2127   270       24.0000    17       25.0000       23.3101   432984    6.76%
   2128   269       24.0000    14       25.0000       23.3101   433140    6.76%
   2129   264       24.0000    14       25.0000       23.3101   433241    6.76%
Elapsed time = 31.67 sec. (55469.49 ticks, tree = 3.08 MB, solutions = 4)
   2232   161       24.0000    14       25.0000       23.3680   462275    6.53%
   2233   158        cutoff             25.0000       23.3680   462280    6.53%
   2234   155        cutoff             25.0000       23.3680   462284    6.53%
   2235   152        cutoff             25.0000       23.3681   462297    6.53%
   2236   153       23.5818    20       25.0000       23.3766   463131    6.49%
   2237   153       23.6270    12       25.0000       23.3766   463266    6.49%
   2238   154       23.6498    12       25.0000       23.3766   463431    6.49%
   2239   152        cutoff             25.0000       23.3766   463443    6.49%
   2240   150        cutoff             25.0000       23.3766   463445    6.49%
   2241   148        cutoff             25.0000       23.3800   463516    6.48%
Elapsed time = 33.91 sec. (59540.69 ticks, tree = 1.58 MB, solutions = 4)
   2438    47       24.0000    19       25.0000       23.9222   494769    4.31%
   2439    47       24.0000    15       25.0000       23.9222   494868    4.31%
   2440    48       24.0000    15       25.0000       23.9222   494933    4.31%
   2441    47        cutoff             25.0000       23.9222   494970    4.31%
   2442    46        cutoff             25.0000       23.9222   495549    4.31%
   2443    45        cutoff             25.0000       23.9294   495658    4.28%
   2444    44        cutoff             25.0000       23.9294   495904    4.28%
   2445    43        cutoff             25.0000       23.9333   495938    4.27%
   2446    42        cutoff             25.0000       23.9333   496075    4.27%
   2447    41        cutoff             25.0000       23.9333   496081    4.27%
Elapsed time = 36.37 sec. (63495.94 ticks, tree = 0.41 MB, solutions = 4)

Cover cuts applied:  16
Implied bound cuts applied:  297
Flow cuts applied:  38
Mixed integer rounding cuts applied:  132
Lift and project cuts applied:  8
Gomory fractional cuts applied:  1

Root node processing (before b&c):
  Real time             =    3.12 sec. (5292.77 ticks)
Sequential b&c:
  Real time             =   33.29 sec. (58285.78 ticks)
                          ------------
Total (root+branch&cut) =   36.42 sec. (63578.54 ticks)

Solution pool: 4 solutions saved.

MIP - Integer optimal, tolerance (0.04/1e-06):  Objective =  2.5000000000e+01
Current MIP best bound =  2.4000000000e+01 (gap = 1, 4.00%)
Solution time =   36.42 sec.  Iterations = 496809  Nodes = 2460 (29)
Deterministic time = 63578.69 ticks  (1745.90 ticks/sec)


Incumbent solution written to file '/tmp/tmpvrgUT4.cplex.sol'.

Log started (V12.6.3.0) Mon Jun 19 13:08:22 2017

New value for default parallel thread count: 1

Problem '/tmp/tmpl6q5JR.pyomo.lp' read.
Read time = 0.06 sec. (5.17 ticks)

Problem name         : /tmp/tmpl6q5JR.pyomo.lp
Objective sense      : Minimize
Variables            :   52934  [Nneg: 52801,  Binary: 132,  General Integer: 1]
Objective nonzeros   :       1
Linear constraints   :   25674  [Less: 132,  Equal: 25542]
  Nonzeros           :  183736
  RHS nonzeros       :     200

Variables            : Min LB: 0.000000         Max UB: 1.000000       
Objective nonzeros   : Min   : 1.000000         Max   : 1.000000       
Linear constraints   :
  Nonzeros           : Min   : 1.000000         Max   : 1380.000       
  RHS nonzeros       : Min   : 1.000000         Max   : 755.0000       
Tried aggregator 2 times.
MIP Presolve eliminated 25356 rows and 47907 columns.
Aggregator did 5 substitutions.
Reduced MIP has 313 rows, 5022 columns, and 14803 nonzeros.
Reduced MIP has 118 binaries, 0 generals, 0 SOSs, and 0 indicators.
Presolve time = 0.04 sec. (41.55 ticks)
Tried aggregator 1 time.
Reduced MIP has 313 rows, 5022 columns, and 14803 nonzeros.
Reduced MIP has 118 binaries, 0 generals, 0 SOSs, and 0 indicators.
Presolve time = 0.00 sec. (4.80 ticks)
Probing time = 0.00 sec. (0.48 ticks)
MIP emphasis: balance optimality and feasibility.
MIP search method: dynamic search.
Parallel mode: none, using 1 thread.
Root relaxation solution time = 0.04 sec. (53.75 ticks)

        Nodes                                         Cuts/
   Node  Left     Objective  IInf  Best Integer    Best Bound    ItCnt     Gap

      0     0       17.8160    30                     17.8160     2092         
*     0+    0                           36.0000       17.8160            50.51%
      0     0       19.0369    42       36.0000     Cuts: 178     3626   47.12%
      0     0       19.4862    37       36.0000     Cuts: 178     4613   45.87%
      0     0       20.1153    47       36.0000     Cuts: 178     5250   44.12%
*     0+    0                           31.0000       20.1153            35.11%
      0     0       20.5378    48       31.0000     Cuts: 178     6099   33.75%
      0     0       20.7364    48       31.0000     Cuts: 178     6859   33.11%
      0     0       20.8597    41       31.0000     Cuts: 178     7448   32.71%
      0     0       21.2241    41       31.0000     Cuts: 178     8913   31.54%
      0     0       21.4048    48       31.0000     Cuts: 178    10164   30.95%
      0     0       21.4696    40       31.0000     Cuts: 178    11745   30.74%
      0     0       21.4857    43       31.0000     Cuts: 178    12144   30.69%
      0     0       21.5058    44       31.0000     Cuts: 178    12418   30.63%
      0     0       21.5456    42       31.0000     Cuts: 178    13241   30.50%
      0     0       21.6623    36       31.0000     Cuts: 178    14257   30.12%
      0     0       21.6781    33       31.0000     Cuts: 178    14732   30.07%
      0     0       21.6829    32       31.0000     Cuts: 178    15118   30.06%
      0     0       21.7072    35       31.0000     Cuts: 178    15706   29.98%
      0     0       21.7160    37       31.0000     Cuts: 178    16130   29.95%
      0     0       21.7273    36       31.0000     Cuts: 178    16424   29.91%
      0     0       21.7458    37       31.0000     Cuts: 178    16938   29.85%
      0     0       21.7712    40       31.0000     Cuts: 178    17512   29.77%
      0     0       21.7831    35       31.0000     Cuts: 178    18043   29.73%
      0     0       21.7837    33       31.0000     Cuts: 178    18359   29.73%
      0     0       21.7883    43       31.0000     Cuts: 178    20656   29.72%
*     0+    0                           26.0000       21.7883            16.20%
      0     2       21.7883    42       26.0000       21.7883    20656   16.20%
Elapsed time = 3.34 sec. (5291.71 ticks, tree = 0.01 MB, solutions = 3)
      4     6       21.8888    20       26.0000       21.7891    23825   16.20%
      5     7       21.8565    35       26.0000       21.8551    24261   15.94%
      6     8       21.8901    16       26.0000       21.8551    24356   15.94%
      7     7    infeasible             26.0000       21.8551    26061   15.94%
      8     8       22.0508    14       26.0000       21.8551    26598   15.94%
      9     9       22.1330    15       26.0000       21.8551    26778   15.94%
     10    10       22.0956    16       26.0000       21.8551    27060   15.94%
     11    11       22.0968    17       26.0000       21.8551    27132   15.94%
     12    12       22.1684    13       26.0000       21.8551    27282   15.94%
     20    18       22.7635    15       26.0000       21.8551    29519   15.94%
Elapsed time = 3.89 sec. (6272.85 ticks, tree = 0.12 MB, solutions = 3)
     69    42       22.0870    40       26.0000       21.8694    40272   15.89%
     70    43       22.3409    30       26.0000       21.8694    41249   15.89%
     71    44       23.0105    37       26.0000       21.8694    41825   15.89%
     72    43        cutoff             26.0000       21.8694    42582   15.89%
     73    44       23.9517    36       26.0000       21.8694    42593   15.89%
     74    45       24.0360    35       26.0000       21.8694    42740   15.89%
     75    46       24.0360    31       26.0000       21.8694    42769   15.89%
     76    47       24.1837    35       26.0000       21.8694    42829   15.89%
     77    48       24.1837    30       26.0000       21.8694    42925   15.89%
     78    49       24.1837    28       26.0000       21.8694    42988   15.89%
Elapsed time = 4.63 sec. (7543.56 ticks, tree = 0.36 MB, solutions = 3)
*   100+   33                           25.0000       21.8694            12.52%
    123    48       22.6713    24       25.0000       21.9384    49784   12.25%
    124    49       22.6734    21       25.0000       21.9384    49801   12.25%
    125    50       23.0222    11       25.0000       21.9384    49939   12.25%
    126    51       23.3733    17       25.0000       21.9384    50060   12.25%
    127    52       23.6667    11       25.0000       21.9384    50114   12.25%
    128    53       23.7333    10       25.0000       21.9384    50368   12.25%
    129    54       23.7921    14       25.0000       21.9384    50463   12.25%
    130    53        cutoff             25.0000       21.9384    50503   12.25%
    131    53       23.8339    13       25.0000       21.9384    50563   12.25%
    132    54       23.8532    14       25.0000       21.9384    50754   12.25%
Elapsed time = 5.22 sec. (8587.07 ticks, tree = 0.41 MB, solutions = 4)
    181    85       22.6583    28       25.0000       22.0026    58124   11.99%
    182    86       22.6583    25       25.0000       22.0026    58134   11.99%
    183    87       22.8860    28       25.0000       22.0026    59023   11.99%
    184    88       22.9681    22       25.0000       22.0026    59159   11.99%
    185    89       23.0630    20       25.0000       22.0026    59702   11.99%
    186    90       23.0630    22       25.0000       22.0026    59828   11.99%
    187    91       23.0688    19       25.0000       22.0026    59899   11.99%
    188    92       23.0771    16       25.0000       22.0026    59919   11.99%
    189    92       23.1766    20       25.0000       22.0026    59996   11.99%
    190    93       23.2036    17       25.0000       22.0026    60025   11.99%
Elapsed time = 5.88 sec. (9739.07 ticks, tree = 0.74 MB, solutions = 4)
    219   109       23.6802    18       25.0000       22.1246    69043   11.50%
    220   110       23.7815    20       25.0000       22.1246    69291   11.50%
    221   111       23.8986    18       25.0000       22.1246    69422   11.50%
    222   112       23.9447    14       25.0000       22.1246    69499   11.50%
    223   111        cutoff             25.0000       22.1246    69596   11.50%
    224   110        cutoff             25.0000       22.1246    69616   11.50%
    225   109        cutoff             25.0000       22.1315    70189   11.47%
    226   108    infeasible             25.0000       22.1438    70189   11.42%
    227   109       22.6882    21       25.0000       22.1462    70562   11.42%
    228   110       23.0612    35       25.0000       22.1462    71255   11.42%
Elapsed time = 6.57 sec. (10930.91 ticks, tree = 0.90 MB, solutions = 4)
    290   143       22.5339    29       25.0000       22.3621    81176   10.55%
    291   144       22.5848    29       25.0000       22.3621    81810   10.55%
    292   143        cutoff             25.0000       22.3621    83841   10.55%
    293   144       23.2506    21       25.0000       22.3621    85024   10.55%
    294   145       22.6007    29       25.0000       22.3621    85341   10.55%
    295   146       23.2508    26       25.0000       22.3621    86279   10.55%
    296   145        cutoff             25.0000       22.3621    86733   10.55%
    297   146       23.3824    20       25.0000       22.3621    87367   10.55%
    298   147       23.3886    20       25.0000       22.3621    87709   10.55%
    299   148       23.5831    22       25.0000       22.3621    88289   10.55%
Elapsed time = 7.60 sec. (12728.94 ticks, tree = 1.26 MB, solutions = 4)
    320   165       23.8022    23       25.0000       22.3815    95117   10.47%
    321   166       23.8775    24       25.0000       22.3815    95503   10.47%
    322   167       23.8775    23       25.0000       22.3815    95565   10.47%
    323   166        cutoff             25.0000       22.3815    95566   10.47%
    324   167       23.8775    24       25.0000       22.3815    95953   10.47%
    325   168       23.8775    22       25.0000       22.3815    96024   10.47%
    326   169       23.8809    20       25.0000       22.3815    96379   10.47%
    327   168        cutoff             25.0000       22.3815    96548   10.47%
    328   169       23.8921    15       25.0000       22.3815    96696   10.47%
    329   170       23.8938    15       25.0000       22.3815    96718   10.47%
Elapsed time = 8.28 sec. (13896.09 ticks, tree = 1.48 MB, solutions = 4)
    362   189       23.4782    36       25.0000       22.6410   105514    9.44%
    363   190       23.6752    34       25.0000       22.6410   106537    9.44%
    364   191       23.7355    32       25.0000       22.6410   106917    9.44%
    365   192       23.8596    28       25.0000       22.6410   107268    9.44%
    366   193       23.9050    25       25.0000       22.6410   107313    9.44%
    367   194       23.9339    26       25.0000       22.6410   107444    9.44%
    368   194       23.9495    21       25.0000       22.6410   107501    9.44%
    369   193        cutoff             25.0000       22.6410   107502    9.44%
    370   194       22.6430    22       25.0000       22.6410   108095    9.44%
    371   195       23.0000    17       25.0000       22.6410   108583    9.44%
Elapsed time = 9.12 sec. (15360.14 ticks, tree = 1.72 MB, solutions = 4)
    445   254       22.6613    23       25.0000       22.6583   117468    9.37%
    446   255       22.6856    25       25.0000       22.6583   117766    9.37%
    447   256       22.6898    22       25.0000       22.6583   117860    9.37%
    448   257       22.7962    24       25.0000       22.6583   118016    9.37%
    449   258       23.0016    29       25.0000       22.6583   118462    9.37%
    450   259       23.2617    23       25.0000       22.6583   118893    9.37%
    451   258        cutoff             25.0000       22.6583   118894    9.37%
    452   259       23.4661    22       25.0000       22.6583   119749    9.37%
    453   258        cutoff             25.0000       22.6583   119751    9.37%
    454   259       23.5401    19       25.0000       22.6583   119899    9.37%
Elapsed time = 9.88 sec. (16669.50 ticks, tree = 2.41 MB, solutions = 4)
    493   280       23.4987    29       25.0000       22.6617   129074    9.35%
    494   281       23.6369    36       25.0000       22.6617   129541    9.35%
    495   282       23.7469    34       25.0000       22.6617   129774    9.35%
    496   283       23.7469    34       25.0000       22.6617   129806    9.35%
    497   284       23.7817    28       25.0000       22.6617   130154    9.35%
    498   285       23.8499    27       25.0000       22.6617   130259    9.35%
    499   284        cutoff             25.0000       22.6617   130344    9.35%
    500   285       23.8891    25       25.0000       22.6617   130362    9.35%
    501   286       23.9444    26       25.0000       22.6617   130402    9.35%
    627   356       23.7319    18       25.0000       22.6882   154492    9.25%
Elapsed time = 12.14 sec. (20484.23 ticks, tree = 3.51 MB, solutions = 4)
    901   488       23.0110    25       25.0000       22.8938   189332    8.42%
    902   489       23.6743    20       25.0000       22.8938   190394    8.42%
    903   488        cutoff             25.0000       22.8938   190626    8.42%
    904   488       23.9177    21       25.0000       22.8938   191411    8.42%
    905   488       23.9322    30       25.0000       22.8938   192890    8.42%
    906   487        cutoff             25.0000       22.8938   192891    8.42%
    907   488       23.5324    26       25.0000       22.8956   195153    8.42%
    908   489       23.5734    24       25.0000       22.8956   195394    8.42%
    909   490       23.6808    26       25.0000       22.8956   195657    8.42%
    910   491       23.6855    25       25.0000       22.8956   195686    8.42%
Elapsed time = 15.06 sec. (25054.61 ticks, tree = 5.24 MB, solutions = 4)
   1072   539       23.5091    10       25.0000       23.0008   228899    8.00%
   1073   540       23.5807    10       25.0000       23.0008   228996    8.00%
   1074   540       23.7503    12       25.0000       23.0008   229154    8.00%
   1075   540       23.8198     6       25.0000       23.0008   229298    8.00%
   1076   540       23.9210    18       25.0000       23.0008   229381    8.00%
   1077   539        cutoff             25.0000       23.0008   229391    8.00%
   1078   540       23.0069     8       25.0000       23.0011   229633    8.00%
   1079   541       23.1333     5       25.0000       23.0011   229737    8.00%
   1080   542       23.3170     8       25.0000       23.0011   229990    8.00%
   1081   542       23.3865     7       25.0000       23.0011   230207    8.00%
Elapsed time = 17.84 sec. (29098.68 ticks, tree = 6.02 MB, solutions = 4)
   1287   629       23.6697    30       25.0000       23.0743   263826    7.70%
   1288   630       23.7863    27       25.0000       23.0743   263967    7.70%
   1289   631       23.7863    23       25.0000       23.0743   263999    7.70%
   1290   631       23.7863    18       25.0000       23.0743   264259    7.70%
   1291   632       23.9383    24       25.0000       23.0743   264539    7.70%
   1292   632       23.9383    22       25.0000       23.0743   264630    7.70%
   1293   631        cutoff             25.0000       23.0743   264632    7.70%
   1294   632       23.2562    11       25.0000       23.0774   265607    7.69%
   1295   633       23.2562    10       25.0000       23.0774   265624    7.69%
   1296   633       23.3895     8       25.0000       23.0774   265825    7.69%
Elapsed time = 20.60 sec. (33171.52 ticks, tree = 7.37 MB, solutions = 4)
   1514   701       23.8114    28       25.0000       23.1740   300588    7.30%
   1515   701       23.8729    29       25.0000       23.1740   300729    7.30%
   1516   701       23.9698    28       25.0000       23.1740   300862    7.30%
   1517   702       23.9698    27       25.0000       23.1740   301033    7.30%
   1518   701       23.9698    25       25.0000       23.1740   301043    7.30%
   1519   700       23.9698    25       25.0000       23.1740   301272    7.30%
   1520   701       23.3741    16       25.0000       23.1766   301665    7.29%
   1521   700        cutoff             25.0000       23.1766   301694    7.29%
   1522   700       23.8377    14       25.0000       23.1766   301723    7.29%
   1523   699       23.8377    14       25.0000       23.1766   301853    7.29%
Elapsed time = 23.51 sec. (37289.93 ticks, tree = 8.46 MB, solutions = 4)
   1709   740       23.8622    14       25.0000       23.2342   337430    7.06%
   1710   739        cutoff             25.0000       23.2342   337463    7.06%
   1711   740       23.8622    14       25.0000       23.2342   337738    7.06%
   1712   739       23.8622    13       25.0000       23.2342   337742    7.06%
   1713   738        cutoff             25.0000       23.2342   337746    7.06%
   1714   739       23.7045    14       25.0000       23.2343   338450    7.06%
   1715   740       23.7224    13       25.0000       23.2343   338504    7.06%
   1716   741       23.7625    12       25.0000       23.2343   338587    7.06%
   1717   742       23.9390    15       25.0000       23.2343   339081    7.06%
   1718   743       23.9550    16       25.0000       23.2343   339160    7.06%
Elapsed time = 26.15 sec. (41279.02 ticks, tree = 9.27 MB, solutions = 4)
   1868   768       23.5905    15       25.0000       23.2815   374330    6.87%
   1869   767        cutoff             25.0000       23.2815   374331    6.87%
   1870   766        cutoff             25.0000       23.2815   374361    6.87%
   1871   767       23.9931    17       25.0000       23.2830   375319    6.87%
   1872   768       23.9931    15       25.0000       23.2830   375321    6.87%
   1873   767        cutoff             25.0000       23.2830   375338    6.87%
   1874   766        cutoff             25.0000       23.2830   375342    6.87%
   1875   767       23.6395    23       25.0000       23.2857   376016    6.86%
   1876   768       23.6697    19       25.0000       23.2857   376132    6.86%
   1877   769       23.6697    15       25.0000       23.2857   376239    6.86%
Elapsed time = 28.86 sec. (45391.66 ticks, tree = 9.82 MB, solutions = 4)
   1996   779       22.1879    34       25.0000       23.3101   403413    6.76%
   1997   779       22.1910    33       25.0000       23.3101   403489    6.76%
   1998   780       22.3088    24       25.0000       23.3101   403784    6.76%
   1999   781       22.3216    19       25.0000       23.3101   403884    6.76%
   2000   782       23.3238    27       25.0000       23.3101   404774    6.76%
   2001   782       22.4594    18       25.0000       23.3101   405021    6.76%
   2002   670        cutoff             25.0000       23.3101   405685    6.76%
   2003   670       23.0000    18       25.0000       23.3101   405708    6.76%
   2004   670       23.0000    17       25.0000       23.3101   405800    6.76%
   2005   671       23.0000    18       25.0000       23.3101   406008    6.76%
Elapsed time = 33.69 sec. (51537.29 ticks, tree = 8.60 MB, solutions = 4)
   2120   272       23.5219     9       25.0000       23.3101   432146    6.76%
   2121   273       23.5256    10       25.0000       23.3101   432170    6.76%
   2122   273       23.5256     8       25.0000       23.3101   432212    6.76%
   2123   274       23.5422    11       25.0000       23.3101   432245    6.76%
   2124   275       23.7036    15       25.0000       23.3101   432476    6.76%
   2125   275       23.7444    10       25.0000       23.3101   432620    6.76%
   2126   270        cutoff             25.0000       23.3101   432647    6.76%
   2127   270       24.0000    17       25.0000       23.3101   432984    6.76%
   2128   269       24.0000    14       25.0000       23.3101   433140    6.76%
   2129   264       24.0000    14       25.0000       23.3101   433241    6.76%
Elapsed time = 36.39 sec. (55469.49 ticks, tree = 3.08 MB, solutions = 4)
   2232   161       24.0000    14       25.0000       23.3680   462275    6.53%
   2233   158        cutoff             25.0000       23.3680   462280    6.53%
   2234   155        cutoff             25.0000       23.3680   462284    6.53%
   2235   152        cutoff             25.0000       23.3681   462297    6.53%
   2236   153       23.5818    20       25.0000       23.3766   463131    6.49%
   2237   153       23.6270    12       25.0000       23.3766   463266    6.49%
   2238   154       23.6498    12       25.0000       23.3766   463431    6.49%
   2239   152        cutoff             25.0000       23.3766   463443    6.49%
   2240   150        cutoff             25.0000       23.3766   463445    6.49%
   2241   148        cutoff             25.0000       23.3800   463516    6.48%
Elapsed time = 39.23 sec. (59540.69 ticks, tree = 1.58 MB, solutions = 4)
   2438    47       24.0000    19       25.0000       23.9222   494769    4.31%
   2439    47       24.0000    15       25.0000       23.9222   494868    4.31%
   2440    48       24.0000    15       25.0000       23.9222   494933    4.31%
   2441    47        cutoff             25.0000       23.9222   494970    4.31%
   2442    46        cutoff             25.0000       23.9222   495549    4.31%
   2443    45        cutoff             25.0000       23.9294   495658    4.28%
   2444    44        cutoff             25.0000       23.9294   495904    4.28%
   2445    43        cutoff             25.0000       23.9333   495938    4.27%
   2446    42        cutoff             25.0000       23.9333   496075    4.27%
   2447    41        cutoff             25.0000       23.9333   496081    4.27%
Elapsed time = 41.64 sec. (63495.94 ticks, tree = 0.41 MB, solutions = 4)

Cover cuts applied:  16
Implied bound cuts applied:  297
Flow cuts applied:  38
Mixed integer rounding cuts applied:  132
Lift and project cuts applied:  8
Gomory fractional cuts applied:  1

Root node processing (before b&c):
  Real time             =    3.34 sec. (5292.77 ticks)
Sequential b&c:
  Real time             =   38.35 sec. (58285.78 ticks)
                          ------------
Total (root+branch&cut) =   41.69 sec. (63578.54 ticks)

Solution pool: 4 solutions saved.

MIP - Integer optimal, tolerance (0.04/1e-06):  Objective =  2.5000000000e+01
Current MIP best bound =  2.4000000000e+01 (gap = 1, 4.00%)
Solution time =   41.69 sec.  Iterations = 496809  Nodes = 2460 (29)
Deterministic time = 63578.69 ticks  (1525.10 ticks/sec)


Incumbent solution written to file '/tmp/tmpSaEyZc.cplex.sol'.

Log started (V12.6.3.0) Mon Jul 24 16:47:34 2017

New value for default parallel thread count: 1

Problem '/tmp/tmpdgfq_D.pyomo.lp' read.
Read time = 0.05 sec. (5.17 ticks)

Problem name         : /tmp/tmpdgfq_D.pyomo.lp
Objective sense      : Minimize
Variables            :   52934  [Nneg: 52801,  Binary: 132,  General Integer: 1]
Objective nonzeros   :       1
Linear constraints   :   25674  [Less: 132,  Equal: 25542]
  Nonzeros           :  183736
  RHS nonzeros       :     200

Variables            : Min LB: 0.000000         Max UB: 1.000000       
Objective nonzeros   : Min   : 1.000000         Max   : 1.000000       
Linear constraints   :
  Nonzeros           : Min   : 1.000000         Max   : 1380.000       
  RHS nonzeros       : Min   : 1.000000         Max   : 755.0000       
Tried aggregator 2 times.
MIP Presolve eliminated 25356 rows and 47907 columns.
Aggregator did 5 substitutions.
Reduced MIP has 313 rows, 5022 columns, and 14803 nonzeros.
Reduced MIP has 118 binaries, 0 generals, 0 SOSs, and 0 indicators.
Presolve time = 0.03 sec. (41.55 ticks)
Tried aggregator 1 time.
Reduced MIP has 313 rows, 5022 columns, and 14803 nonzeros.
Reduced MIP has 118 binaries, 0 generals, 0 SOSs, and 0 indicators.
Presolve time = 0.00 sec. (4.80 ticks)
Probing time = 0.00 sec. (0.48 ticks)
MIP emphasis: balance optimality and feasibility.
MIP search method: dynamic search.
Parallel mode: none, using 1 thread.
Root relaxation solution time = 0.03 sec. (53.75 ticks)

        Nodes                                         Cuts/
   Node  Left     Objective  IInf  Best Integer    Best Bound    ItCnt     Gap

      0     0       17.8160    30                     17.8160     2092         
*     0+    0                           36.0000       17.8160            50.51%
      0     0       19.0369    42       36.0000     Cuts: 178     3626   47.12%
      0     0       19.4862    37       36.0000     Cuts: 178     4613   45.87%
      0     0       20.1153    47       36.0000     Cuts: 178     5250   44.12%
*     0+    0                           31.0000       20.1153            35.11%
      0     0       20.5378    48       31.0000     Cuts: 178     6099   33.75%
      0     0       20.7364    48       31.0000     Cuts: 178     6859   33.11%
      0     0       20.8597    41       31.0000     Cuts: 178     7448   32.71%
      0     0       21.2241    41       31.0000     Cuts: 178     8913   31.54%
      0     0       21.4048    48       31.0000     Cuts: 178    10164   30.95%
      0     0       21.4696    40       31.0000     Cuts: 178    11745   30.74%
      0     0       21.4857    43       31.0000     Cuts: 178    12144   30.69%
      0     0       21.5058    44       31.0000     Cuts: 178    12418   30.63%
      0     0       21.5456    42       31.0000     Cuts: 178    13241   30.50%
      0     0       21.6623    36       31.0000     Cuts: 178    14257   30.12%
      0     0       21.6781    33       31.0000     Cuts: 178    14732   30.07%
      0     0       21.6829    32       31.0000     Cuts: 178    15118   30.06%
      0     0       21.7072    35       31.0000     Cuts: 178    15706   29.98%
      0     0       21.7160    37       31.0000     Cuts: 178    16130   29.95%
      0     0       21.7273    36       31.0000     Cuts: 178    16424   29.91%
      0     0       21.7458    37       31.0000     Cuts: 178    16938   29.85%
      0     0       21.7712    40       31.0000     Cuts: 178    17512   29.77%
      0     0       21.7831    35       31.0000     Cuts: 178    18043   29.73%
      0     0       21.7837    33       31.0000     Cuts: 178    18359   29.73%

Cover cuts applied:  10
Implied bound cuts applied:  115
Flow cuts applied:  24
Mixed integer rounding cuts applied:  87
Gomory fractional cuts applied:  1

Root node processing (before b&c):
  Real time             =    2.00 sec. (3405.98 ticks)
Sequential b&c:
  Real time             =    0.00 sec. (0.00 ticks)
                          ------------
Total (root+branch&cut) =    2.00 sec. (3405.98 ticks)

Solution pool: 2 solutions saved.

MIP - Time limit exceeded, integer feasible:  Objective =  3.1000000000e+01
Current MIP best bound =  2.1783735767e+01 (gap = 9.21626, 29.73%)
Solution time =    2.00 sec.  Iterations = 18359  Nodes = 0 (1)
Deterministic time = 3406.13 ticks  (1701.98 ticks/sec)


Incumbent solution written to file '/tmp/tmpvJbfaV.cplex.sol'.

Log started (V12.6.3.0) Mon Jul 24 17:00:47 2017

New value for default parallel thread count: 1

Problem '/tmp/tmpoIFqnw.pyomo.lp' read.
Read time = 0.05 sec. (5.17 ticks)

Problem name         : /tmp/tmpoIFqnw.pyomo.lp
Objective sense      : Minimize
Variables            :   52934  [Nneg: 52801,  Binary: 132,  General Integer: 1]
Objective nonzeros   :       1
Linear constraints   :   25674  [Less: 132,  Equal: 25542]
  Nonzeros           :  183736
  RHS nonzeros       :     200

Variables            : Min LB: 0.000000         Max UB: 1.000000       
Objective nonzeros   : Min   : 1.000000         Max   : 1.000000       
Linear constraints   :
  Nonzeros           : Min   : 1.000000         Max   : 1380.000       
  RHS nonzeros       : Min   : 1.000000         Max   : 755.0000       
Tried aggregator 2 times.
MIP Presolve eliminated 25356 rows and 47907 columns.
Aggregator did 5 substitutions.
Reduced MIP has 313 rows, 5022 columns, and 14803 nonzeros.
Reduced MIP has 118 binaries, 0 generals, 0 SOSs, and 0 indicators.
Presolve time = 0.03 sec. (41.55 ticks)
Tried aggregator 1 time.
Reduced MIP has 313 rows, 5022 columns, and 14803 nonzeros.
Reduced MIP has 118 binaries, 0 generals, 0 SOSs, and 0 indicators.
Presolve time = 0.00 sec. (4.80 ticks)
Probing time = 0.00 sec. (0.48 ticks)
MIP emphasis: balance optimality and feasibility.
MIP search method: dynamic search.
Parallel mode: none, using 1 thread.
Root relaxation solution time = 0.03 sec. (53.75 ticks)

        Nodes                                         Cuts/
   Node  Left     Objective  IInf  Best Integer    Best Bound    ItCnt     Gap

      0     0       17.8160    30                     17.8160     2092         
*     0+    0                           36.0000       17.8160            50.51%
      0     0       19.0369    42       36.0000     Cuts: 178     3626   47.12%
      0     0       19.4862    37       36.0000     Cuts: 178     4613   45.87%
      0     0       20.1153    47       36.0000     Cuts: 178     5250   44.12%
*     0+    0                           31.0000       20.1153            35.11%
      0     0       20.5378    48       31.0000     Cuts: 178     6099   33.75%
      0     0       20.7364    48       31.0000     Cuts: 178     6859   33.11%
      0     0       20.8597    41       31.0000     Cuts: 178     7448   32.71%
      0     0       21.2241    41       31.0000     Cuts: 178     8913   31.54%
      0     0       21.4048    48       31.0000     Cuts: 178    10164   30.95%
      0     0       21.4696    40       31.0000     Cuts: 178    11745   30.74%
      0     0       21.4857    43       31.0000     Cuts: 178    12144   30.69%
      0     0       21.5058    44       31.0000     Cuts: 178    12418   30.63%
      0     0       21.5456    42       31.0000     Cuts: 178    13241   30.50%
      0     0       21.6623    36       31.0000     Cuts: 178    14257   30.12%
      0     0       21.6781    33       31.0000     Cuts: 178    14732   30.07%
      0     0       21.6829    32       31.0000     Cuts: 178    15118   30.06%
      0     0       21.7072    35       31.0000     Cuts: 178    15706   29.98%
      0     0       21.7160    37       31.0000     Cuts: 178    16130   29.95%
      0     0       21.7273    36       31.0000     Cuts: 178    16424   29.91%
      0     0       21.7458    37       31.0000     Cuts: 178    16938   29.85%
      0     0       21.7712    40       31.0000     Cuts: 178    17512   29.77%
      0     0       21.7831    35       31.0000     Cuts: 178    18043   29.73%
      0     0       21.7837    33       31.0000     Cuts: 178    18359   29.73%
      0     0       21.7883    43       31.0000     Cuts: 178    20656   29.72%
*     0+    0                           26.0000       21.7883            16.20%

Cover cuts applied:  10
Implied bound cuts applied:  99
Flow cuts applied:  17
Mixed integer rounding cuts applied:  75
Gomory fractional cuts applied:  1

Root node processing (before b&c):
  Real time             =    3.00 sec. (5095.57 ticks)
Sequential b&c:
  Real time             =    0.00 sec. (0.00 ticks)
                          ------------
Total (root+branch&cut) =    3.00 sec. (5095.57 ticks)

Solution pool: 3 solutions saved.

MIP - Time limit exceeded, integer feasible:  Objective =  2.6000000000e+01
Current MIP best bound =  2.1788256576e+01 (gap = 4.21174, 16.20%)
Solution time =    3.00 sec.  Iterations = 20656  Nodes = 0 (1)
Deterministic time = 5095.72 ticks  (1697.07 ticks/sec)


Incumbent solution written to file '/tmp/tmpDtsGNL.cplex.sol'.

Log started (V12.6.3.0) Thu Jul 27 14:26:26 2017

New value for default parallel thread count: 1

Problem '/tmp/tmpjeqFH1.pyomo.lp' read.
Read time = 0.05 sec. (5.17 ticks)

Problem name         : /tmp/tmpjeqFH1.pyomo.lp
Objective sense      : Minimize
Variables            :   52934  [Nneg: 52801,  Binary: 132,  General Integer: 1]
Objective nonzeros   :       1
Linear constraints   :   25674  [Less: 132,  Equal: 25542]
  Nonzeros           :  183736
  RHS nonzeros       :     200

Variables            : Min LB: 0.000000         Max UB: 1.000000       
Objective nonzeros   : Min   : 1.000000         Max   : 1.000000       
Linear constraints   :
  Nonzeros           : Min   : 1.000000         Max   : 1380.000       
  RHS nonzeros       : Min   : 1.000000         Max   : 755.0000       
Tried aggregator 2 times.
MIP Presolve eliminated 25356 rows and 47907 columns.
Aggregator did 5 substitutions.
Reduced MIP has 313 rows, 5022 columns, and 14803 nonzeros.
Reduced MIP has 118 binaries, 0 generals, 0 SOSs, and 0 indicators.
Presolve time = 0.03 sec. (41.55 ticks)
Tried aggregator 1 time.
Reduced MIP has 313 rows, 5022 columns, and 14803 nonzeros.
Reduced MIP has 118 binaries, 0 generals, 0 SOSs, and 0 indicators.
Presolve time = 0.00 sec. (4.80 ticks)
Probing time = 0.00 sec. (0.48 ticks)
MIP emphasis: balance optimality and feasibility.
MIP search method: dynamic search.
Parallel mode: none, using 1 thread.
Root relaxation solution time = 0.03 sec. (53.75 ticks)

        Nodes                                         Cuts/
   Node  Left     Objective  IInf  Best Integer    Best Bound    ItCnt     Gap

      0     0       17.8160    30                     17.8160     2092         
*     0+    0                           36.0000       17.8160            50.51%
      0     0       19.0369    42       36.0000     Cuts: 178     3626   47.12%
      0     0       19.4862    37       36.0000     Cuts: 178     4613   45.87%
      0     0       20.1153    47       36.0000     Cuts: 178     5250   44.12%
*     0+    0                           31.0000       20.1153            35.11%
      0     0       20.5378    48       31.0000     Cuts: 178     6099   33.75%
      0     0       20.7364    48       31.0000     Cuts: 178     6859   33.11%
      0     0       20.8597    41       31.0000     Cuts: 178     7448   32.71%
      0     0       21.2241    41       31.0000     Cuts: 178     8913   31.54%
      0     0       21.4048    48       31.0000     Cuts: 178    10164   30.95%
      0     0       21.4696    40       31.0000     Cuts: 178    11745   30.74%
      0     0       21.4857    43       31.0000     Cuts: 178    12144   30.69%
      0     0       21.5058    44       31.0000     Cuts: 178    12418   30.63%
      0     0       21.5456    42       31.0000     Cuts: 178    13241   30.50%
      0     0       21.6623    36       31.0000     Cuts: 178    14257   30.12%
      0     0       21.6781    33       31.0000     Cuts: 178    14732   30.07%
      0     0       21.6829    32       31.0000     Cuts: 178    15118   30.06%
      0     0       21.7072    35       31.0000     Cuts: 178    15706   29.98%
      0     0       21.7160    37       31.0000     Cuts: 178    16130   29.95%
      0     0       21.7273    36       31.0000     Cuts: 178    16424   29.91%
      0     0       21.7458    37       31.0000     Cuts: 178    16938   29.85%
      0     0       21.7712    40       31.0000     Cuts: 178    17512   29.77%
      0     0       21.7831    35       31.0000     Cuts: 178    18043   29.73%
      0     0       21.7837    33       31.0000     Cuts: 178    18359   29.73%
      0     0       21.7883    43       31.0000     Cuts: 178    20656   29.72%
*     0+    0                           26.0000       21.7883            16.20%
      0     2       21.7883    42       26.0000       21.7883    20656   16.20%
Elapsed time = 3.13 sec. (5291.71 ticks, tree = 0.01 MB, solutions = 3)
      4     6       21.8888    20       26.0000       21.7891    23825   16.20%
      5     7       21.8565    35       26.0000       21.8551    24261   15.94%
      6     8       21.8901    16       26.0000       21.8551    24356   15.94%
      7     7    infeasible             26.0000       21.8551    26061   15.94%
      8     8       22.0508    14       26.0000       21.8551    26598   15.94%
      9     9       22.1330    15       26.0000       21.8551    26778   15.94%
     10    10       22.0956    16       26.0000       21.8551    27060   15.94%
     11    11       22.0968    17       26.0000       21.8551    27132   15.94%
     12    12       22.1684    13       26.0000       21.8551    27282   15.94%
     20    18       22.7635    15       26.0000       21.8551    29519   15.94%
Elapsed time = 3.65 sec. (6272.85 ticks, tree = 0.12 MB, solutions = 3)
     69    42       22.0870    40       26.0000       21.8694    40272   15.89%
     70    43       22.3409    30       26.0000       21.8694    41249   15.89%
     71    44       23.0105    37       26.0000       21.8694    41825   15.89%
     72    43        cutoff             26.0000       21.8694    42582   15.89%
     73    44       23.9517    36       26.0000       21.8694    42593   15.89%
     74    45       24.0360    35       26.0000       21.8694    42740   15.89%
     75    46       24.0360    31       26.0000       21.8694    42769   15.89%
     76    47       24.1837    35       26.0000       21.8694    42829   15.89%
     77    48       24.1837    30       26.0000       21.8694    42925   15.89%
     78    49       24.1837    28       26.0000       21.8694    42988   15.89%
Elapsed time = 4.34 sec. (7543.56 ticks, tree = 0.36 MB, solutions = 3)
*   100+   33                           25.0000       21.8694            12.52%
    123    48       22.6713    24       25.0000       21.9384    49784   12.25%
    124    49       22.6734    21       25.0000       21.9384    49801   12.25%
    125    50       23.0222    11       25.0000       21.9384    49939   12.25%
    126    51       23.3733    17       25.0000       21.9384    50060   12.25%
    127    52       23.6667    11       25.0000       21.9384    50114   12.25%
    128    53       23.7333    10       25.0000       21.9384    50368   12.25%
    129    54       23.7921    14       25.0000       21.9384    50463   12.25%
    130    53        cutoff             25.0000       21.9384    50503   12.25%
    131    53       23.8339    13       25.0000       21.9384    50563   12.25%
    132    54       23.8532    14       25.0000       21.9384    50754   12.25%
Elapsed time = 4.91 sec. (8587.07 ticks, tree = 0.41 MB, solutions = 4)
    181    85       22.6583    28       25.0000       22.0026    58124   11.99%
    182    86       22.6583    25       25.0000       22.0026    58134   11.99%
    183    87       22.8860    28       25.0000       22.0026    59023   11.99%
    184    88       22.9681    22       25.0000       22.0026    59159   11.99%
    185    89       23.0630    20       25.0000       22.0026    59702   11.99%
    186    90       23.0630    22       25.0000       22.0026    59828   11.99%
    187    91       23.0688    19       25.0000       22.0026    59899   11.99%
    188    92       23.0771    16       25.0000       22.0026    59919   11.99%
    189    92       23.1766    20       25.0000       22.0026    59996   11.99%
    190    93       23.2036    17       25.0000       22.0026    60025   11.99%
Elapsed time = 5.54 sec. (9739.07 ticks, tree = 0.74 MB, solutions = 4)
    219   109       23.6802    18       25.0000       22.1246    69043   11.50%
    220   110       23.7815    20       25.0000       22.1246    69291   11.50%
    221   111       23.8986    18       25.0000       22.1246    69422   11.50%
    222   112       23.9447    14       25.0000       22.1246    69499   11.50%
    223   111        cutoff             25.0000       22.1246    69596   11.50%
    224   110        cutoff             25.0000       22.1246    69616   11.50%
    225   109        cutoff             25.0000       22.1315    70189   11.47%
    226   108    infeasible             25.0000       22.1438    70189   11.42%
    227   109       22.6882    21       25.0000       22.1462    70562   11.42%
    228   110       23.0612    35       25.0000       22.1462    71255   11.42%
Elapsed time = 6.19 sec. (10930.91 ticks, tree = 0.90 MB, solutions = 4)
    290   143       22.5339    29       25.0000       22.3621    81176   10.55%
    291   144       22.5848    29       25.0000       22.3621    81810   10.55%
    292   143        cutoff             25.0000       22.3621    83841   10.55%
    293   144       23.2506    21       25.0000       22.3621    85024   10.55%
    294   145       22.6007    29       25.0000       22.3621    85341   10.55%
    295   146       23.2508    26       25.0000       22.3621    86279   10.55%
    296   145        cutoff             25.0000       22.3621    86733   10.55%
    297   146       23.3824    20       25.0000       22.3621    87367   10.55%
    298   147       23.3886    20       25.0000       22.3621    87709   10.55%
    299   148       23.5831    22       25.0000       22.3621    88289   10.55%
Elapsed time = 7.16 sec. (12728.94 ticks, tree = 1.26 MB, solutions = 4)
    320   165       23.8022    23       25.0000       22.3815    95117   10.47%
    321   166       23.8775    24       25.0000       22.3815    95503   10.47%
    322   167       23.8775    23       25.0000       22.3815    95565   10.47%
    323   166        cutoff             25.0000       22.3815    95566   10.47%
    324   167       23.8775    24       25.0000       22.3815    95953   10.47%
    325   168       23.8775    22       25.0000       22.3815    96024   10.47%
    326   169       23.8809    20       25.0000       22.3815    96379   10.47%
    327   168        cutoff             25.0000       22.3815    96548   10.47%
    328   169       23.8921    15       25.0000       22.3815    96696   10.47%
    329   170       23.8938    15       25.0000       22.3815    96718   10.47%
Elapsed time = 7.79 sec. (13896.09 ticks, tree = 1.48 MB, solutions = 4)
    362   189       23.4782    36       25.0000       22.6410   105514    9.44%
    363   190       23.6752    34       25.0000       22.6410   106537    9.44%
    364   191       23.7355    32       25.0000       22.6410   106917    9.44%
    365   192       23.8596    28       25.0000       22.6410   107268    9.44%
    366   193       23.9050    25       25.0000       22.6410   107313    9.44%
    367   194       23.9339    26       25.0000       22.6410   107444    9.44%
    368   194       23.9495    21       25.0000       22.6410   107501    9.44%
    369   193        cutoff             25.0000       22.6410   107502    9.44%
    370   194       22.6430    22       25.0000       22.6410   108095    9.44%
    371   195       23.0000    17       25.0000       22.6410   108583    9.44%
Elapsed time = 8.58 sec. (15360.14 ticks, tree = 1.72 MB, solutions = 4)
    445   254       22.6613    23       25.0000       22.6583   117468    9.37%
    446   255       22.6856    25       25.0000       22.6583   117766    9.37%
    447   256       22.6898    22       25.0000       22.6583   117860    9.37%
    448   257       22.7962    24       25.0000       22.6583   118016    9.37%
    449   258       23.0016    29       25.0000       22.6583   118462    9.37%
    450   259       23.2617    23       25.0000       22.6583   118893    9.37%
    451   258        cutoff             25.0000       22.6583   118894    9.37%
    452   259       23.4661    22       25.0000       22.6583   119749    9.37%
    453   258        cutoff             25.0000       22.6583   119751    9.37%
    454   259       23.5401    19       25.0000       22.6583   119899    9.37%
Elapsed time = 9.30 sec. (16669.50 ticks, tree = 2.41 MB, solutions = 4)
    493   280       23.4987    29       25.0000       22.6617   129074    9.35%
    494   281       23.6369    36       25.0000       22.6617   129541    9.35%
    495   282       23.7469    34       25.0000       22.6617   129774    9.35%
    496   283       23.7469    34       25.0000       22.6617   129806    9.35%
    497   284       23.7817    28       25.0000       22.6617   130154    9.35%
    498   285       23.8499    27       25.0000       22.6617   130259    9.35%
    499   284        cutoff             25.0000       22.6617   130344    9.35%
    500   285       23.8891    25       25.0000       22.6617   130362    9.35%
    501   286       23.9444    26       25.0000       22.6617   130402    9.35%
    627   356       23.7319    18       25.0000       22.6882   154492    9.25%
Elapsed time = 11.42 sec. (20484.23 ticks, tree = 3.51 MB, solutions = 4)
    901   488       23.0110    25       25.0000       22.8938   189332    8.42%
    902   489       23.6743    20       25.0000       22.8938   190394    8.42%
    903   488        cutoff             25.0000       22.8938   190626    8.42%
    904   488       23.9177    21       25.0000       22.8938   191411    8.42%
    905   488       23.9322    30       25.0000       22.8938   192890    8.42%
    906   487        cutoff             25.0000       22.8938   192891    8.42%
    907   488       23.5324    26       25.0000       22.8956   195153    8.42%
    908   489       23.5734    24       25.0000       22.8956   195394    8.42%
    909   490       23.6808    26       25.0000       22.8956   195657    8.42%
    910   491       23.6855    25       25.0000       22.8956   195686    8.42%
Elapsed time = 14.00 sec. (25054.61 ticks, tree = 5.24 MB, solutions = 4)
   1072   539       23.5091    10       25.0000       23.0008   228899    8.00%
   1073   540       23.5807    10       25.0000       23.0008   228996    8.00%
   1074   540       23.7503    12       25.0000       23.0008   229154    8.00%
   1075   540       23.8198     6       25.0000       23.0008   229298    8.00%
   1076   540       23.9210    18       25.0000       23.0008   229381    8.00%
   1077   539        cutoff             25.0000       23.0008   229391    8.00%
   1078   540       23.0069     8       25.0000       23.0011   229633    8.00%
   1079   541       23.1333     5       25.0000       23.0011   229737    8.00%
   1080   542       23.3170     8       25.0000       23.0011   229990    8.00%
   1081   542       23.3865     7       25.0000       23.0011   230207    8.00%
Elapsed time = 16.30 sec. (29098.68 ticks, tree = 6.02 MB, solutions = 4)
   1287   629       23.6697    30       25.0000       23.0743   263826    7.70%
   1288   630       23.7863    27       25.0000       23.0743   263967    7.70%
   1289   631       23.7863    23       25.0000       23.0743   263999    7.70%
   1290   631       23.7863    18       25.0000       23.0743   264259    7.70%
   1291   632       23.9383    24       25.0000       23.0743   264539    7.70%
   1292   632       23.9383    22       25.0000       23.0743   264630    7.70%
   1293   631        cutoff             25.0000       23.0743   264632    7.70%
   1294   632       23.2562    11       25.0000       23.0774   265607    7.69%
   1295   633       23.2562    10       25.0000       23.0774   265624    7.69%
   1296   633       23.3895     8       25.0000       23.0774   265825    7.69%
Elapsed time = 18.62 sec. (33171.52 ticks, tree = 7.37 MB, solutions = 4)
   1514   701       23.8114    28       25.0000       23.1740   300588    7.30%
   1515   701       23.8729    29       25.0000       23.1740   300729    7.30%
   1516   701       23.9698    28       25.0000       23.1740   300862    7.30%
   1517   702       23.9698    27       25.0000       23.1740   301033    7.30%
   1518   701       23.9698    25       25.0000       23.1740   301043    7.30%
   1519   700       23.9698    25       25.0000       23.1740   301272    7.30%
   1520   701       23.3741    16       25.0000       23.1766   301665    7.29%
   1521   700        cutoff             25.0000       23.1766   301694    7.29%
   1522   700       23.8377    14       25.0000       23.1766   301723    7.29%
   1523   699       23.8377    14       25.0000       23.1766   301853    7.29%
Elapsed time = 20.98 sec. (37289.93 ticks, tree = 8.46 MB, solutions = 4)
   1709   740       23.8622    14       25.0000       23.2342   337430    7.06%
   1710   739        cutoff             25.0000       23.2342   337463    7.06%
   1711   740       23.8622    14       25.0000       23.2342   337738    7.06%
   1712   739       23.8622    13       25.0000       23.2342   337742    7.06%
   1713   738        cutoff             25.0000       23.2342   337746    7.06%
   1714   739       23.7045    14       25.0000       23.2343   338450    7.06%
   1715   740       23.7224    13       25.0000       23.2343   338504    7.06%
   1716   741       23.7625    12       25.0000       23.2343   338587    7.06%
   1717   742       23.9390    15       25.0000       23.2343   339081    7.06%
   1718   743       23.9550    16       25.0000       23.2343   339160    7.06%
Elapsed time = 23.28 sec. (41279.02 ticks, tree = 9.27 MB, solutions = 4)
   1868   768       23.5905    15       25.0000       23.2815   374330    6.87%
   1869   767        cutoff             25.0000       23.2815   374331    6.87%
   1870   766        cutoff             25.0000       23.2815   374361    6.87%
   1871   767       23.9931    17       25.0000       23.2830   375319    6.87%
   1872   768       23.9931    15       25.0000       23.2830   375321    6.87%
   1873   767        cutoff             25.0000       23.2830   375338    6.87%
   1874   766        cutoff             25.0000       23.2830   375342    6.87%
   1875   767       23.6395    23       25.0000       23.2857   376016    6.86%
   1876   768       23.6697    19       25.0000       23.2857   376132    6.86%
   1877   769       23.6697    15       25.0000       23.2857   376239    6.86%
Elapsed time = 25.65 sec. (45391.66 ticks, tree = 9.82 MB, solutions = 4)
   1996   779       22.1879    34       25.0000       23.3101   403413    6.76%
   1997   779       22.1910    33       25.0000       23.3101   403489    6.76%
   1998   780       22.3088    24       25.0000       23.3101   403784    6.76%
   1999   781       22.3216    19       25.0000       23.3101   403884    6.76%
   2000   782       23.3238    27       25.0000       23.3101   404774    6.76%
   2001   782       22.4594    18       25.0000       23.3101   405021    6.76%
   2002   670        cutoff             25.0000       23.3101   405685    6.76%
   2003   670       23.0000    18       25.0000       23.3101   405708    6.76%
   2004   670       23.0000    17       25.0000       23.3101   405800    6.76%
   2005   671       23.0000    18       25.0000       23.3101   406008    6.76%
Elapsed time = 29.47 sec. (51537.29 ticks, tree = 8.60 MB, solutions = 4)
   2120   272       23.5219     9       25.0000       23.3101   432146    6.76%
   2121   273       23.5256    10       25.0000       23.3101   432170    6.76%
   2122   273       23.5256     8       25.0000       23.3101   432212    6.76%
   2123   274       23.5422    11       25.0000       23.3101   432245    6.76%
   2124   275       23.7036    15       25.0000       23.3101   432476    6.76%
   2125   275       23.7444    10       25.0000       23.3101   432620    6.76%
   2126   270        cutoff             25.0000       23.3101   432647    6.76%
   2127   270       24.0000    17       25.0000       23.3101   432984    6.76%
   2128   269       24.0000    14       25.0000       23.3101   433140    6.76%
   2129   264       24.0000    14       25.0000       23.3101   433241    6.76%
Elapsed time = 31.57 sec. (55469.49 ticks, tree = 3.08 MB, solutions = 4)
   2232   161       24.0000    14       25.0000       23.3680   462275    6.53%
   2233   158        cutoff             25.0000       23.3680   462280    6.53%
   2234   155        cutoff             25.0000       23.3680   462284    6.53%
   2235   152        cutoff             25.0000       23.3681   462297    6.53%
   2236   153       23.5818    20       25.0000       23.3766   463131    6.49%
   2237   153       23.6270    12       25.0000       23.3766   463266    6.49%
   2238   154       23.6498    12       25.0000       23.3766   463431    6.49%
   2239   152        cutoff             25.0000       23.3766   463443    6.49%
   2240   150        cutoff             25.0000       23.3766   463445    6.49%
   2241   148        cutoff             25.0000       23.3800   463516    6.48%
Elapsed time = 33.77 sec. (59540.69 ticks, tree = 1.58 MB, solutions = 4)
   2438    47       24.0000    19       25.0000       23.9222   494769    4.31%
   2439    47       24.0000    15       25.0000       23.9222   494868    4.31%
   2440    48       24.0000    15       25.0000       23.9222   494933    4.31%
   2441    47        cutoff             25.0000       23.9222   494970    4.31%
   2442    46        cutoff             25.0000       23.9222   495549    4.31%
   2443    45        cutoff             25.0000       23.9294   495658    4.28%
   2444    44        cutoff             25.0000       23.9294   495904    4.28%
   2445    43        cutoff             25.0000       23.9333   495938    4.27%
   2446    42        cutoff             25.0000       23.9333   496075    4.27%
   2447    41        cutoff             25.0000       23.9333   496081    4.27%
Elapsed time = 36.03 sec. (63495.94 ticks, tree = 0.41 MB, solutions = 4)

Cover cuts applied:  16
Implied bound cuts applied:  297
Flow cuts applied:  38
Mixed integer rounding cuts applied:  132
Lift and project cuts applied:  8
Gomory fractional cuts applied:  1

Root node processing (before b&c):
  Real time             =    3.13 sec. (5292.77 ticks)
Sequential b&c:
  Real time             =   32.94 sec. (58285.78 ticks)
                          ------------
Total (root+branch&cut) =   36.08 sec. (63578.54 ticks)

Solution pool: 4 solutions saved.

MIP - Integer optimal, tolerance (0.04/1e-06):  Objective =  2.5000000000e+01
Current MIP best bound =  2.4000000000e+01 (gap = 1, 4.00%)
Solution time =   36.08 sec.  Iterations = 496809  Nodes = 2460 (29)
Deterministic time = 63578.69 ticks  (1762.40 ticks/sec)


Incumbent solution written to file '/tmp/tmp2ELmlP.cplex.sol'.
