
Gurobi 6.5.2 (linux64) logging started Tue Jun  6 12:38:58 2017

Changed value of parameter LogFile to test_cases/mip_solutions/furman_sahinidis/transshipment/22sp1_gurobi.log
   Prev: gurobi.log  Default: 
Changed value of parameter Threads to 1
   Prev: 0  Min: 0  Max: 1024  Default: 0
Optimize a model with 556 rows, 2810 columns and 8037 nonzeros
Coefficient statistics:
  Matrix range    [1e+00, 2e+03]
  Objective range [1e+00, 1e+00]
  Bounds range    [1e+00, 1e+00]
  RHS range       [1e+00, 2e+03]
Presolve removed 312 rows and 2070 columns
Presolve time: 0.00s
Presolved: 244 rows, 740 columns, 1940 nonzeros
Variable types: 627 continuous, 113 integer (113 binary)

Root relaxation: objective 1.648461e+01, 773 iterations, 0.01 seconds

    Nodes    |    Current Node    |     Objective Bounds      |     Work
 Expl Unexpl |  Obj  Depth IntInf | Incumbent    BestBd   Gap | It/Node Time

     0     0   16.48461    0   25          -   16.48461      -     -    0s
H    0     0                      33.0000000   16.48461  50.0%     -    0s
     0     0   17.18064    0   34   33.00000   17.18064  47.9%     -    0s
     0     0   17.34617    0   37   33.00000   17.34617  47.4%     -    0s
     0     0   18.21207    0   36   33.00000   18.21207  44.8%     -    0s
     0     0   18.22646    0   37   33.00000   18.22646  44.8%     -    0s
     0     0   18.35371    0   43   33.00000   18.35371  44.4%     -    0s
     0     0   18.42390    0   45   33.00000   18.42390  44.2%     -    0s
     0     0   18.52715    0   46   33.00000   18.52715  43.9%     -    0s
     0     0   18.56771    0   50   33.00000   18.56771  43.7%     -    0s
     0     0   18.62948    0   45   33.00000   18.62948  43.5%     -    0s
     0     0   18.75109    0   46   33.00000   18.75109  43.2%     -    0s
     0     0   18.77890    0   50   33.00000   18.77890  43.1%     -    0s
     0     0   18.78268    0   47   33.00000   18.78268  43.1%     -    0s
     0     0   18.79465    0   49   33.00000   18.79465  43.0%     -    0s
     0     0   18.80449    0   49   33.00000   18.80449  43.0%     -    0s
     0     0   18.81196    0   51   33.00000   18.81196  43.0%     -    0s
     0     0   18.81196    0   48   33.00000   18.81196  43.0%     -    0s
H    0     0                      32.0000000   18.81196  41.2%     -    0s
H    0     0                      31.0000000   18.81196  39.3%     -    0s
     0     2   18.81503    0   48   31.00000   18.81503  39.3%     -    0s
H   31    30                      30.0000000   18.97539  36.7%   130    0s
H   32    31                      29.0000000   18.97539  34.6%   127    0s
H   36    33                      27.0000000   18.97539  29.7%   117    0s
H  130   106                      26.0000000   19.00785  26.9%  60.5    0s
H  333   272                      25.0000000   19.14946  23.4%  62.3    1s
   871   606   20.71177   21   40   25.00000   19.83906  20.6%  96.1    5s
  1923   979   20.43507   21   47   25.00000   20.15234  19.4%   101   10s
  2731  1542   23.94987   48   15   25.00000   20.21953  19.1%   104   15s
  3686  2157   21.78711   31   29   25.00000   20.30305  18.8%   103   20s
  4626  2818   22.08493   33   22   25.00000   20.36808  18.5%   102   25s
  5610  3500   23.15224   34   11   25.00000   20.40626  18.4%   102   30s
  6503  4058   21.11977   25   33   25.00000   20.45261  18.2%   103   35s
  7440  4666   22.33020   35   24   25.00000   20.48720  18.1%   103   40s
  8269  5197   21.11971   23   39   25.00000   20.52909  17.9%   104   45s
  9075  5735   21.94856   28   37   25.00000   20.54693  17.8%   105   50s
  9987  6333   21.40665   31   23   25.00000   20.57396  17.7%   104   55s
 10203  6481   21.61359   34   48   25.00000   20.58038  17.7%   105   62s
 10234  6502   21.51378   26   62   25.00000   20.58038  17.7%   104   65s
 10293  6541   23.26065   46   53   25.00000   20.58038  17.7%   104   70s
 10368  6591   20.61257   24   60   25.00000   20.58038  17.7%   103   75s
 10415  6624   20.80988   31   48   25.00000   20.58038  17.7%   112   80s
 10852  6853   23.78100   73   11   25.00000   20.65242  17.4%   113   85s
 11707  7191   21.15978   32   46   25.00000   20.82115  16.7%   113   90s
 12294  7390   21.18049   38   30   25.00000   20.90471  16.4%   114   95s
 12886  7620   21.57008   32   46   25.00000   20.94895  16.2%   116  100s
 13402  7796   21.25768   34   53   25.00000   20.99676  16.0%   117  105s
 13846  7964   21.79458   38   37   25.00000   21.00000  16.0%   119  110s
 14264  8117   21.96757   43   33   25.00000   21.00007  16.0%   120  115s
 14623  8244   22.13411   39   30   25.00000   21.01330  15.9%   120  120s
 15160  8445   22.81458   46   17   25.00000   21.03217  15.9%   121  125s
 15767  8658   22.17406   47   28   25.00000   21.06366  15.7%   121  130s
 16212  8776   23.11140   46   42   25.00000   21.09177  15.6%   123  135s
 16771  8953     cutoff   51        25.00000   21.10467  15.6%   123  140s
 17211  9075   23.50000   48    7   25.00000   21.11672  15.5%   124  145s
 17481  9157   22.05255   49   30   25.00000   21.13026  15.5%   125  150s
 17941  9307   22.35143   47   27   25.00000   21.14928  15.4%   126  155s
 18342  9425   22.99990   67   24   25.00000   21.15654  15.4%   127  160s
 18821  9599   22.54127   63   13   25.00000   21.16818  15.3%   128  165s
 19349  9769   21.52842   39   27   25.00000   21.18137  15.3%   128  170s
 19894  9935   21.37064   38   35   25.00000   21.19023  15.2%   128  175s
 20195 10030   22.12226   45   13   25.00000   21.19683  15.2%   129  180s
 20656 10161   22.28079   47   29   25.00000   21.20251  15.2%   129  185s
 21168 10342   23.08883   54   23   25.00000   21.21368  15.1%   130  190s
 21713 10497   23.19792   56   26   25.00000   21.22218  15.1%   130  195s
 22137 10600   23.00000   47   26   25.00000   21.23125  15.1%   130  200s
 22537 10722   21.54000   39   30   25.00000   21.23857  15.0%   131  205s
 23006 10883   22.63224   56   32   25.00000   21.24710  15.0%   131  210s
 23353 10992   22.88338   59   20   25.00000   21.25407  15.0%   132  215s
 23833 11119   22.00000   47   23   25.00000   21.26331  14.9%   132  220s
 24332 11280 infeasible   57        25.00000   21.26801  14.9%   132  225s
 24832 11446   22.40497   50   11   25.00000   21.27103  14.9%   132  230s
 25238 11589   23.30562   49   31   25.00000   21.28069  14.9%   133  235s
 25651 11716   23.49531   64    7   25.00000   21.28846  14.8%   133  240s
 26072 11852   23.00000   43   20   25.00000   21.29277  14.8%   133  245s
 26530 11990   22.47633   45   20   25.00000   21.29882  14.8%   134  250s
 26919 12074   21.44455   34   27   25.00000   21.30275  14.8%   134  255s
 27377 12230   21.70827   38   30   25.00000   21.31117  14.8%   134  260s
 27829 12346   22.34345   41   37   25.00000   21.31726  14.7%   134  265s
 28209 12446   22.00000   37   39   25.00000   21.32371  14.7%   135  270s
 28661 12580   22.17452   51   26   25.00000   21.32918  14.7%   135  275s
 29114 12721   22.47950   50   39   25.00000   21.33168  14.7%   135  280s
 29532 12837     cutoff   54        25.00000   21.33704  14.7%   135  285s
 29963 12949   22.59992   44   25   25.00000   21.34305  14.6%   136  290s
 30274 13042   21.60883   37   36   25.00000   21.35133  14.6%   136  295s
 30645 13250     cutoff   57        25.00000   21.35615  14.6%   136  300s
 31044 13492     cutoff   68        25.00000   21.36068  14.6%   136  305s
 31409 13698   22.00000   40   30   25.00000   21.36287  14.5%   136  310s
 31713 13909   23.86969   51   17   25.00000   21.36359  14.5%   137  315s
 32096 14150   22.00000   37   25   25.00000   21.36705  14.5%   137  320s
 32497 14407   21.64978   41   37   25.00000   21.37080  14.5%   137  325s
 32830 14629   22.35226   39   28   25.00000   21.37544  14.5%   138  330s
 33171 14842   23.15426   44   29   25.00000   21.38020  14.5%   138  335s
 33696 15186   22.28316   44   38   25.00000   21.38581  14.5%   138  340s
 34007 15329   21.93513   39   40   25.00000   21.38905  14.4%   138  345s
 34420 15598   23.65320   50   13   25.00000   21.39285  14.4%   138  350s
 34841 15835   21.68191   36   41   25.00000   21.39740  14.4%   138  355s
 35160 16021   21.50428   38   27   25.00000   21.40188  14.4%   138  360s
 35472 16172   23.10897   42   35   25.00000   21.40492  14.4%   139  365s
 35772 16355   22.72393   52   16   25.00000   21.40855  14.4%   139  370s
 36162 16571   21.65970   35   43   25.00000   21.41108  14.4%   139  375s
 36534 16805   22.92132   45   34   25.00000   21.41520  14.3%   139  380s
 36936 17013   21.51083   40   41   25.00000   21.41862  14.3%   140  385s
 37316 17249   23.88145   60   25   25.00000   21.42060  14.3%   140  390s
 37680 17469   22.00000   39   19   25.00000   21.42360  14.3%   140  395s
 37893 17586   22.06462   43   14   25.00000   21.42530  14.3%   140  400s
 38291 17822   22.24053   38   37   25.00000   21.42978  14.3%   140  405s
 38594 18026   23.50000   44   22   25.00000   21.43208  14.3%   141  410s
 39052 18280   23.18954   52   20   25.00000   21.43570  14.3%   141  415s
 39416 18501   22.84810   45   28   25.00000   21.43938  14.2%   141  420s
 39791 18732   22.83639   48   20   25.00000   21.44174  14.2%   141  425s
 40121 18938   22.56646   45   32   25.00000   21.44407  14.2%   141  430s
 40343 19085   21.95394   39   44   25.00000   21.44813  14.2%   141  435s
 40661 19287   22.00000   41   28   25.00000   21.45082  14.2%   141  440s
 41035 19519   22.03454   47   24   25.00000   21.45470  14.2%   142  445s
 41446 19801   23.30082   47   12   25.00000   21.45728  14.2%   142  450s
 41866 20029   22.65494   43   29   25.00000   21.46121  14.2%   142  455s
 42327 20323   21.81189   35   38   25.00000   21.46522  14.1%   142  460s
 42707 20573   23.60260   53   23   25.00000   21.46853  14.1%   142  465s
 43143 20829   24.00000   46   20   25.00000   21.47082  14.1%   142  470s
 43525 21060   21.85004   39   23   25.00000   21.47365  14.1%   142  475s
 43995 21353   21.84824   41   44   25.00000   21.47651  14.1%   142  480s
 44439 21587   22.45112   51   36   25.00000   21.47919  14.1%   142  485s
 44903 21878   21.79830   39   36   25.00000   21.48154  14.1%   141  490s
 45251 22080   22.56773   48   26   25.00000   21.48385  14.1%   142  495s
 45457 22217   21.78328   38   40   25.00000   21.48454  14.1%   142  500s
 45888 22459   23.57262   55   16   25.00000   21.48862  14.0%   142  505s
 46287 22696   22.35752   42   32   25.00000   21.49152  14.0%   142  510s
 46680 22902   21.66667   45   31   25.00000   21.49401  14.0%   142  515s
 46999 23106   23.38236   59   16   25.00000   21.49593  14.0%   142  520s
 47440 23352   22.08247   42   18   25.00000   21.50000  14.0%   142  525s
 47870 23608   23.28995   48   12   25.00000   21.50000  14.0%   142  530s
 48218 23836   23.11007   41   18   25.00000   21.50000  14.0%   142  535s
 48622 24098   22.99062   54   13   25.00000   21.50220  14.0%   142  540s
 49105 24353   22.35991   44   23   25.00000   21.50693  14.0%   142  545s
 49447 24590   24.00000   49    7   25.00000   21.50811  14.0%   142  550s
 49797 24805   21.85418   38   37   25.00000   21.50947  14.0%   142  555s
 50105 25002   22.53520   40   34   25.00000   21.51163  14.0%   143  560s
 50374 25173   23.19702   46   13   25.00000   21.51354  13.9%   143  565s
 50775 25431     cutoff   47        25.00000   21.51558  13.9%   143  570s
 51193 25687     cutoff   51        25.00000   21.51830  13.9%   143  575s
 51602 25904   21.55385   39   39   25.00000   21.52059  13.9%   143  580s
 52020 26196   22.00842   35   43   25.00000   21.52253  13.9%   143  585s
 52547 26514   21.89884   42   21   25.00000   21.52637  13.9%   142  590s
 53024 26805   22.35476   47   34   25.00000   21.52878  13.9%   142  595s
 53493 27067   22.56253   52   20   25.00000   21.53028  13.9%   142  600s
 53941 27347   22.33994   41   36   25.00000   21.53185  13.9%   142  605s
 54352 27598   24.00000   63   15   25.00000   21.53371  13.9%   142  610s
 54652 27767   22.06471   41   11   25.00000   21.53538  13.9%   142  615s
 55030 28022   22.25884   48   28   25.00000   21.53810  13.8%   142  620s
 55468 28285   22.68603   45   12   25.00000   21.54066  13.8%   142  625s
 55922 28564   22.24413   38   32   25.00000   21.54328  13.8%   142  630s
 56287 28787   23.12143   54   28   25.00000   21.54530  13.8%   142  635s
 56608 28981     cutoff   59        25.00000   21.54760  13.8%   143  640s
 56968 29179     cutoff   56        25.00000   21.55011  13.8%   143  645s
 57418 29465     cutoff   70        25.00000   21.55246  13.8%   143  650s
 57795 29697   22.07624   41   30   25.00000   21.55586  13.8%   143  655s
 58230 29953   22.54938   43   28   25.00000   21.55906  13.8%   143  660s
 58579 30158   22.59850   42   29   25.00000   21.56132  13.8%   143  665s
 58944 30383   22.13832   37   40   25.00000   21.56359  13.7%   143  670s
 59380 30609   22.01377   40   38   25.00000   21.56558  13.7%   143  675s
 59742 30822   23.45982   47   21   25.00000   21.56659  13.7%   143  680s
 60101 31018   22.39821   40   32   25.00000   21.56759  13.7%   143  685s
 60516 31260   22.35004   42   26   25.00000   21.56973  13.7%   143  691s
 60797 31439   21.86276   40   28   25.00000   21.57023  13.7%   143  695s
 61170 31648   22.34378   37   33   25.00000   21.57120  13.7%   143  700s
 61585 31893   22.99783   50   16   25.00000   21.57238  13.7%   143  705s
 62015 32149   21.66686   38   33   25.00000   21.57509  13.7%   143  710s
 62532 32462   22.53023   48   27   25.00000   21.57759  13.7%   143  715s
 62935 32711   23.04009   51   16   25.00000   21.57905  13.7%   143  720s
 63277 32883   22.33022   44   19   25.00000   21.58120  13.7%   143  725s
 63751 33153   22.06024   42   26   25.00000   21.58261  13.7%   143  730s
 64098 33344   22.62400   42   27   25.00000   21.58463  13.7%   143  735s
 64423 33506   22.83963   46   17   25.00000   21.58660  13.7%   143  740s
 64843 33755   22.08856   46   13   25.00000   21.58871  13.6%   143  745s
 65108 33898   23.82347   48   15   25.00000   21.58968  13.6%   144  750s
 65443 34069     cutoff   60        25.00000   21.59183  13.6%   144  755s
 65769 34275   22.00000   40   22   25.00000   21.59281  13.6%   144  760s
 66244 34588   21.97248   39   33   25.00000   21.59410  13.6%   144  765s
 66615 34816     cutoff   57        25.00000   21.59637  13.6%   144  770s
 67042 35073   23.41259   62   20   25.00000   21.59803  13.6%   144  775s
 67571 35384   22.14158   46   26   25.00000   21.60048  13.6%   144  780s
 67916 35542   22.74136   50   12   25.00000   21.60092  13.6%   144  785s
 68239 35725   22.31923   54    6   25.00000   21.60247  13.6%   144  790s
 68626 35949   22.36744   41   34   25.00000   21.60343  13.6%   144  795s
 69028 36208   23.28710   63   17   25.00000   21.60587  13.6%   144  800s
 69467 36479   23.50832   58   28   25.00000   21.60714  13.6%   144  805s
 69905 36737   21.77851   40   40   25.00000   21.60864  13.6%   144  810s
 70320 36999   23.07746   57    9   25.00000   21.61065  13.6%   144  815s
 70768 37254   23.07921   49   29   25.00000   21.61192  13.6%   144  820s
 71181 37506   22.21955   45   25   25.00000   21.61302  13.5%   144  825s
 71669 37788   23.29949   55    8   25.00000   21.61480  13.5%   143  830s
 72165 38083   23.50000   49   19   25.00000   21.61718  13.5%   143  835s
 72478 38239   23.74178   54   16   25.00000   21.61871  13.5%   144  840s
 72975 38547   21.91811   38   31   25.00000   21.62090  13.5%   143  845s
 73358 38763   22.59734   54   29   25.00000   21.62231  13.5%   144  850s
 73745 38951   22.59272   45   29   25.00000   21.62353  13.5%   144  855s
 74160 39191     cutoff   60        25.00000   21.62523  13.5%   144  860s
 74554 39403   22.36142   41   34   25.00000   21.62841  13.5%   144  865s
 74824 39575   22.61743   47   19   25.00000   21.62911  13.5%   144  870s
 75261 39792   23.54541   54   22   25.00000   21.63142  13.5%   144  875s
 75695 40035   23.71499   56   14   25.00000   21.63238  13.5%   144  880s
 76002 40214   22.48846   47   26   25.00000   21.63359  13.5%   144  885s
 76452 40470   22.49774   44   31   25.00000   21.63552  13.5%   144  890s
 76924 40749   22.41495   45   47   25.00000   21.63769  13.4%   143  895s
 77294 40930   21.98162   39   42   25.00000   21.63883  13.4%   144  900s
 77682 41171   22.03467   35   44   25.00000   21.64086  13.4%   144  905s
 78106 41423     cutoff   56        25.00000   21.64269  13.4%   144  910s
 78490 41658   24.00000   51   12   25.00000   21.64528  13.4%   144  915s
 78904 41881     cutoff   53        25.00000   21.64684  13.4%   144  920s
 79300 42110   22.96066   45   30   25.00000   21.64761  13.4%   144  925s
 79784 42377   22.39418   43   31   25.00000   21.64854  13.4%   144  930s
 80259 42663   22.16421   37   45   25.00000   21.64958  13.4%   144  935s
 80703 42907     cutoff   63        25.00000   21.65142  13.4%   144  940s
 81059 43129   22.77731   45   35   25.00000   21.65243  13.4%   144  945s
 81518 43387   22.03653   43   38   25.00000   21.65410  13.4%   143  950s
 81976 43676   22.37791   42   19   25.00000   21.65540  13.4%   143  955s
 82315 43898   22.78931   42   26   25.00000   21.65663  13.4%   143  960s
 82744 44114   23.00000   45   20   25.00000   21.65793  13.4%   143  965s
 83130 44348   23.83589   66    8   25.00000   21.65910  13.4%   143  970s
 83625 44642     cutoff   61        25.00000   21.66085  13.4%   143  975s
 84143 44954   23.14965   52   14   25.00000   21.66310  13.3%   143  980s
 84502 45148   22.59070   44   24   25.00000   21.66473  13.3%   143  986s
 84849 45359   21.81840   45   30   25.00000   21.66551  13.3%   143  990s
 85241 45601   22.07250   42   34   25.00000   21.66667  13.3%   143  995s
 85624 45827   23.30096   51   27   25.00000   21.66691  13.3%   143 1000s
 85875 45963   21.85222   34   40   25.00000   21.66735  13.3%   143 1006s
 86209 46163   22.09042   45   40   25.00000   21.66789  13.3%   143 1010s
 86671 46427   21.83491   43   46   25.00000   21.67060  13.3%   143 1015s
 87068 46673   22.53560   45   39   25.00000   21.67168  13.3%   143 1020s
 87465 46892   23.80767   53   18   25.00000   21.67293  13.3%   143 1025s
 87808 47083   22.01073   42   38   25.00000   21.67443  13.3%   143 1030s
 88162 47287   22.15163   41   17   25.00000   21.67539  13.3%   143 1035s
 88634 47583   22.00000   37   22   25.00000   21.67715  13.3%   143 1040s
 88981 47770   22.14612   45   39   25.00000   21.67842  13.3%   144 1045s
 89463 48076   23.20901   48   12   25.00000   21.68107  13.3%   143 1050s
 89887 48333   22.18221   39   36   25.00000   21.68240  13.3%   143 1055s
 90178 48489   22.11251   38   32   25.00000   21.68314  13.3%   144 1060s
 90529 48704   23.18035   46   17   25.00000   21.68460  13.3%   144 1065s
 90946 48962   22.32427   45   30   25.00000   21.68531  13.3%   144 1072s
 91213 49125   22.03798   42   31   25.00000   21.68600  13.3%   143 1075s
 91700 49413   22.19822   46   22   25.00000   21.68828  13.2%   143 1080s
 92159 49700   23.91402   53   10   25.00000   21.68997  13.2%   143 1085s
 92498 49899   22.41172   55   15   25.00000   21.69120  13.2%   143 1090s
 92991 50187     cutoff   54        25.00000   21.69307  13.2%   143 1095s
 93358 50380   23.94096   60   17   25.00000   21.69457  13.2%   143 1100s
 93812 50641   22.00000   46   27   25.00000   21.69634  13.2%   143 1105s
 94338 50978   24.00000   55   14   25.00000   21.69746  13.2%   143 1110s
 94805 51267   23.08013   49   28   25.00000   21.69885  13.2%   143 1115s
 95249 51525   24.00000   62    9   25.00000   21.69981  13.2%   143 1120s
 95651 51739   23.43170   52   16   25.00000   21.70112  13.2%   143 1125s
 96114 51993   22.36267   40   29   25.00000   21.70301  13.2%   143 1130s
 96545 52252   22.16946   47   28   25.00000   21.70392  13.2%   143 1135s
 97044 52554   22.92613   57   31   25.00000   21.70590  13.2%   143 1140s
 97499 52841   22.35349   45   35   25.00000   21.70685  13.2%   143 1145s
 97857 53029   22.35567   45   18   25.00000   21.70750  13.2%   143 1150s
 98309 53293   23.72684   55   11   25.00000   21.70865  13.2%   143 1155s
 98712 53531   23.04796   43   38   25.00000   21.71024  13.2%   143 1160s
 99100 53780   23.23581   47   31   25.00000   21.71079  13.2%   143 1165s
 99524 54015   22.03034   38   31   25.00000   21.71214  13.2%   143 1170s
 99959 54274   23.07386   54   24   25.00000   21.71328  13.1%   143 1175s
 100443 54561   24.00000   58    2   25.00000   21.71490  13.1%   143 1180s
 100959 54850   23.08410   53   17   25.00000   21.71719  13.1%   143 1185s
 101297 55046   22.45383   43   25   25.00000   21.71815  13.1%   143 1190s
 101737 55304   21.90224   36   24   25.00000   21.71864  13.1%   143 1195s
 102231 55608   22.36434   49   21   25.00000   21.72039  13.1%   143 1200s
 102642 55837   23.23713   54   19   25.00000   21.72249  13.1%   143 1205s
 103026 56061   22.26254   49   18   25.00000   21.72402  13.1%   143 1210s
 103426 56296   23.00000   48   21   25.00000   21.72516  13.1%   143 1215s
 103746 56422   23.06443   52   17   25.00000   21.72601  13.1%   143 1220s
 104216 56696   22.00000   41   19   25.00000   21.72725  13.1%   143 1225s
 104680 56985   24.00000   44   16   25.00000   21.72861  13.1%   143 1230s
 105060 57199   23.01185   49   11   25.00000   21.73012  13.1%   143 1235s
 105457 57427   22.32897   40   33   25.00000   21.73162  13.1%   143 1240s
 106030 57739   23.72729   55   21   25.00000   21.73320  13.1%   143 1245s
 106420 57978   22.82591   46   12   25.00000   21.73447  13.1%   143 1250s
 106691 58126     cutoff   63        25.00000   21.73537  13.1%   143 1255s
 107159 58378   23.30512   46   31   25.00000   21.73675  13.1%   143 1260s
 107544 58627   23.15072   52   13   25.00000   21.73810  13.0%   143 1265s
 107714 58715   22.32721   42   39   25.00000   21.73838  13.0%   143 1270s
 108090 58916   22.54234   56   31   25.00000   21.73928  13.0%   143 1275s
 108534 59146   22.67197   49   23   25.00000   21.74037  13.0%   143 1280s
 108906 59321   22.52466   43   31   25.00000   21.74226  13.0%   143 1285s
 109469 59673   23.48166   62   21   25.00000   21.74462  13.0%   143 1290s
 109934 59952   23.08832   43   29   25.00000   21.74564  13.0%   143 1295s
 110374 60187   22.27295   44   32   25.00000   21.74671  13.0%   143 1300s
 110833 60463   24.00000   55   14   25.00000   21.74796  13.0%   143 1305s
 111290 60723   23.08860   51   36   25.00000   21.74890  13.0%   143 1310s
 111741 60980   22.88229   46   28   25.00000   21.74999  13.0%   143 1315s
 112192 61254   23.11922   42   17   25.00000   21.75037  13.0%   143 1320s
 112587 61457   22.60252   50   22   25.00000   21.75141  13.0%   143 1325s
 112839 61618   22.00000   37   32   25.00000   21.75206  13.0%   143 1330s
 113220 61861   23.68234   63   13   25.00000   21.75348  13.0%   143 1335s
 113696 62108   22.70286   38   30   25.00000   21.75446  13.0%   143 1340s
 114205 62380   23.00000   48   22   25.00000   21.75569  13.0%   143 1345s
 114541 62581   23.77062   46   30   25.00000   21.75703  13.0%   143 1350s
 114998 62829   22.50358   39   39   25.00000   21.75851  13.0%   143 1355s
 115364 63021   23.39500   54   14   25.00000   21.75946  13.0%   143 1360s
 115822 63312   22.31764   42   32   25.00000   21.76061  13.0%   143 1365s
 116320 63573   22.35574   44   22   25.00000   21.76155  13.0%   143 1370s
 116761 63807   22.00669   39   49   25.00000   21.76251  12.9%   143 1375s
 117167 64038   23.97644   50   34   25.00000   21.76349  12.9%   143 1380s
 117647 64318   23.66644   55   17   25.00000   21.76407  12.9%   143 1385s
 117856 64419   23.57389   50   32   25.00000   21.76481  12.9%   143 1391s
 118169 64586   22.50000   48   18   25.00000   21.76569  12.9%   143 1395s
 118642 64851   22.57611   58   39   25.00000   21.76672  12.9%   143 1400s
 119104 65104   22.64190   48   29   25.00000   21.76743  12.9%   142 1405s
 119521 65315   22.38046   39   28   25.00000   21.76811  12.9%   143 1410s
 120035 65630     cutoff   57        25.00000   21.76905  12.9%   142 1415s
 120341 65805   23.13786   52   16   25.00000   21.76985  12.9%   142 1420s
 120855 66112   24.00000   48    9   25.00000   21.77107  12.9%   142 1425s
 121277 66329   23.57204   45   45   25.00000   21.77217  12.9%   142 1430s
 121726 66574   23.00000   47   30   25.00000   21.77317  12.9%   142 1435s
 122271 66832   23.47904   60   17   25.00000   21.77434  12.9%   142 1440s
 122646 67015     cutoff   64        25.00000   21.77513  12.9%   142 1445s
 122929 67169   22.00000   44   23   25.00000   21.77570  12.9%   142 1450s
 123344 67400   21.98551   41   28   25.00000   21.77689  12.9%   142 1455s
 123812 67681   22.45312   46   25   25.00000   21.77824  12.9%   142 1460s
 124336 67963   22.09344   39   28   25.00000   21.77949  12.9%   142 1465s
 124925 68319     cutoff   46        25.00000   21.78110  12.9%   142 1470s
 125497 68630   22.42715   45   32   25.00000   21.78207  12.9%   142 1475s
 126012 68953   22.09380   43   30   25.00000   21.78412  12.9%   142 1480s
 126414 69186   23.42566   39    9   25.00000   21.78544  12.9%   142 1485s
 126809 69413   23.01513   50   24   25.00000   21.78617  12.9%   142 1490s
 127261 69684   22.40493   50   25   25.00000   21.78695  12.9%   142 1495s
 127673 69920     cutoff   63        25.00000   21.78812  12.8%   142 1500s
 128000 70101   22.61437   45   37   25.00000   21.78892  12.8%   142 1506s
 128338 70317   22.09502   39   30   25.00000   21.78992  12.8%   142 1510s
 128842 70601   22.70200   58   29   25.00000   21.79132  12.8%   142 1515s
 129310 70850   23.00016   59   15   25.00000   21.79308  12.8%   142 1520s
 129850 71175   22.42029   46   30   25.00000   21.79417  12.8%   142 1525s
 130436 71471   22.47237   53   22   25.00000   21.79563  12.8%   141 1530s
 130973 71803   23.53358   52   11   25.00000   21.79686  12.8%   141 1535s
 131361 72008   22.50000   44   28   25.00000   21.79780  12.8%   141 1540s
 131827 72270   23.10317   47   31   25.00000   21.79887  12.8%   141 1545s
 132318 72535   22.80320   59    6   25.00000   21.80001  12.8%   141 1550s
 132696 72731   23.11834   63    7   25.00000   21.80116  12.8%   141 1555s
 133170 73017   23.17114   54   37   25.00000   21.80223  12.8%   141 1560s
 133613 73259   23.00000   47   25   25.00000   21.80311  12.8%   141 1565s
 134075 73539   23.02519   55    9   25.00000   21.80379  12.8%   141 1570s
 134569 73829   22.07988   42   26   25.00000   21.80502  12.8%   141 1575s
 134963 74005   23.00000   44    7   25.00000   21.80590  12.8%   141 1580s
 135371 74247     cutoff   55        25.00000   21.80661  12.8%   141 1585s
 135821 74521   23.46251   56   16   25.00000   21.80778  12.8%   141 1590s
 136254 74761   22.84414   48    7   25.00000   21.80898  12.8%   141 1595s
 136729 75032   22.34248   41   32   25.00000   21.81014  12.8%   141 1600s
 137227 75317   22.32520   50   29   25.00000   21.81117  12.8%   141 1605s
 137631 75563   22.31630   40   26   25.00000   21.81251  12.7%   141 1610s
 138088 75819   22.14258   48   42   25.00000   21.81371  12.7%   141 1615s
 138521 76036   22.34949   39   31   25.00000   21.81477  12.7%   141 1620s
 139057 76348   23.38849   48    2   25.00000   21.81592  12.7%   141 1625s
 139507 76570   23.35014   48   19   25.00000   21.81683  12.7%   141 1630s
 139930 76807   22.27332   39   42   25.00000   21.81770  12.7%   141 1635s
 140354 76999   22.64793   42   29   25.00000   21.81872  12.7%   141 1640s
 140843 77280   22.95582   40   37   25.00000   21.81963  12.7%   141 1645s
 141376 77584   23.20119   67   17   25.00000   21.82103  12.7%   141 1650s
 141922 77906   23.69522   50    8   25.00000   21.82222  12.7%   140 1655s
 142408 78171   23.26660   56    5   25.00000   21.82321  12.7%   140 1660s
 142900 78457   23.05327   44   26   25.00000   21.82465  12.7%   140 1665s
 143280 78675   23.73783   55   15   25.00000   21.82545  12.7%   140 1670s
 143713 78915   22.69484   41   24   25.00000   21.82661  12.7%   140 1675s
 144192 79187   21.91689   41   39   25.00000   21.82753  12.7%   140 1680s
 144629 79416   23.88766   50   29   25.00000   21.82857  12.7%   140 1685s
 145132 79746   23.02104   44   27   25.00000   21.82959  12.7%   140 1690s
 145643 80035   23.81686   52   19   25.00000   21.83072  12.7%   140 1695s
 146100 80296   23.20197   46   27   25.00000   21.83199  12.7%   140 1700s
 146519 80510   22.38739   42   24   25.00000   21.83281  12.7%   140 1705s
 146911 80726   23.71966   65    7   25.00000   21.83341  12.7%   140 1710s
 147401 80967   22.02419   42   24   25.00000   21.83448  12.7%   140 1715s
 147815 81190   22.17186   44   28   25.00000   21.83531  12.7%   140 1720s
 148275 81459   23.98781   50   21   25.00000   21.83614  12.7%   140 1725s
 148287 81461   22.03909   43   39   25.00000   21.83628  12.7%   140 1730s
 148859 81733   23.84001   48   28   25.00000   21.83683  12.7%   140 1735s
 149365 82027     cutoff   55        25.00000   21.83765  12.6%   140 1740s
 149849 82270   22.14444   38   41   25.00000   21.83888  12.6%   140 1745s
 150235 82482   23.96125   61    9   25.00000   21.83957  12.6%   140 1750s
 150648 82687   22.14697   45   35   25.00000   21.84026  12.6%   140 1755s
 151067 82926   23.92180   50   22   25.00000   21.84113  12.6%   140 1760s
 151571 83203   22.30797   40   37   25.00000   21.84220  12.6%   140 1765s
 151982 83424   23.40029   48   16   25.00000   21.84299  12.6%   140 1770s
 152409 83658   22.37507   49   22   25.00000   21.84356  12.6%   140 1775s
 152905 83926   23.90423   68   18   25.00000   21.84447  12.6%   140 1780s
 153300 84146   23.99085   53   29   25.00000   21.84541  12.6%   140 1785s
 153627 84326   22.68429   53   17   25.00000   21.84603  12.6%   140 1790s
 154102 84615   24.00000   50   10   25.00000   21.84689  12.6%   140 1795s

Cutting planes:
  Gomory: 27
  Cover: 24
  Implied bound: 408
  MIR: 943
  Flow cover: 1050
  Flow path: 35
  Zero half: 40
  Network: 96

Explored 154601 nodes (21622279 simplex iterations) in 1800.01 seconds
Thread count was 1 (of 8 available processors)

Time limit reached
Best objective 2.500000000000e+01, best bound 2.200000000000e+01, gap 12.0000%

Gurobi 6.5.2 (linux64) logging started Mon Jul 24 16:43:36 2017

Changed value of parameter LogFile to data/mip_solutions/furman_sahinidis/transshipment/22sp1_gurobi.log
   Prev: gurobi.log  Default: 
Changed value of parameter Threads to 1
   Prev: 0  Min: 0  Max: 1024  Default: 0
Optimize a model with 556 rows, 2810 columns and 8037 nonzeros
Coefficient statistics:
  Matrix range    [1e+00, 2e+03]
  Objective range [1e+00, 1e+00]
  Bounds range    [1e+00, 1e+00]
  RHS range       [1e+00, 2e+03]
Presolve removed 312 rows and 2070 columns
Presolve time: 0.00s
Presolved: 244 rows, 740 columns, 1940 nonzeros
Variable types: 627 continuous, 113 integer (113 binary)

Root relaxation: objective 1.648461e+01, 773 iterations, 0.01 seconds

    Nodes    |    Current Node    |     Objective Bounds      |     Work
 Expl Unexpl |  Obj  Depth IntInf | Incumbent    BestBd   Gap | It/Node Time

     0     0   16.48461    0   25          -   16.48461      -     -    0s
H    0     0                      33.0000000   16.48461  50.0%     -    0s
     0     0   17.18064    0   34   33.00000   17.18064  47.9%     -    0s
     0     0   17.34617    0   37   33.00000   17.34617  47.4%     -    0s
     0     0   18.21207    0   36   33.00000   18.21207  44.8%     -    0s
     0     0   18.22646    0   37   33.00000   18.22646  44.8%     -    0s
     0     0   18.35371    0   43   33.00000   18.35371  44.4%     -    0s
     0     0   18.42390    0   45   33.00000   18.42390  44.2%     -    0s
     0     0   18.52715    0   46   33.00000   18.52715  43.9%     -    0s
     0     0   18.56771    0   50   33.00000   18.56771  43.7%     -    0s
     0     0   18.62948    0   45   33.00000   18.62948  43.5%     -    0s
     0     0   18.75109    0   46   33.00000   18.75109  43.2%     -    0s
     0     0   18.77890    0   50   33.00000   18.77890  43.1%     -    0s
     0     0   18.78268    0   47   33.00000   18.78268  43.1%     -    0s
     0     0   18.79465    0   49   33.00000   18.79465  43.0%     -    0s
     0     0   18.80449    0   49   33.00000   18.80449  43.0%     -    0s
     0     0   18.81196    0   51   33.00000   18.81196  43.0%     -    0s
     0     0   18.81196    0   48   33.00000   18.81196  43.0%     -    0s
H    0     0                      32.0000000   18.81196  41.2%     -    0s
H    0     0                      31.0000000   18.81196  39.3%     -    0s
     0     2   18.81503    0   48   31.00000   18.81503  39.3%     -    0s
H   31    30                      30.0000000   18.97539  36.7%   130    0s
H   32    31                      29.0000000   18.97539  34.6%   127    0s
H   36    33                      27.0000000   18.97539  29.7%   117    0s
H  130   106                      26.0000000   19.00785  26.9%  60.5    0s
H  333   272                      25.0000000   19.14946  23.4%  62.3    1s

Cutting planes:
  Gomory: 4
  Cover: 14
  Implied bound: 67
  MIR: 62
  Flow cover: 103
  Flow path: 2
  Zero half: 3
  Network: 9

Explored 519 nodes (45315 simplex iterations) in 2.01 seconds
Thread count was 1 (of 8 available processors)

Time limit reached
Best objective 2.500000000000e+01, best bound 2.000000000000e+01, gap 20.0000%

Gurobi 6.5.2 (linux64) logging started Mon Jul 24 16:45:14 2017

Changed value of parameter LogFile to data/mip_solutions/furman_sahinidis/transshipment/22sp1_gurobi.log
   Prev: gurobi.log  Default: 
Changed value of parameter Threads to 1
   Prev: 0  Min: 0  Max: 1024  Default: 0
Optimize a model with 556 rows, 2810 columns and 8037 nonzeros
Coefficient statistics:
  Matrix range    [1e+00, 2e+03]
  Objective range [1e+00, 1e+00]
  Bounds range    [1e+00, 1e+00]
  RHS range       [1e+00, 2e+03]
Presolve removed 312 rows and 2070 columns
Presolve time: 0.00s
Presolved: 244 rows, 740 columns, 1940 nonzeros
Variable types: 627 continuous, 113 integer (113 binary)

Root relaxation: objective 1.648461e+01, 773 iterations, 0.01 seconds

    Nodes    |    Current Node    |     Objective Bounds      |     Work
 Expl Unexpl |  Obj  Depth IntInf | Incumbent    BestBd   Gap | It/Node Time

     0     0   16.48461    0   25          -   16.48461      -     -    0s
H    0     0                      33.0000000   16.48461  50.0%     -    0s
     0     0   17.18064    0   34   33.00000   17.18064  47.9%     -    0s
     0     0   17.34617    0   37   33.00000   17.34617  47.4%     -    0s
     0     0   18.21207    0   36   33.00000   18.21207  44.8%     -    0s
     0     0   18.22646    0   37   33.00000   18.22646  44.8%     -    0s
     0     0   18.35371    0   43   33.00000   18.35371  44.4%     -    0s
     0     0   18.42390    0   45   33.00000   18.42390  44.2%     -    0s
     0     0   18.52715    0   46   33.00000   18.52715  43.9%     -    0s
     0     0   18.56771    0   50   33.00000   18.56771  43.7%     -    0s
     0     0   18.62948    0   45   33.00000   18.62948  43.5%     -    0s
     0     0   18.75109    0   46   33.00000   18.75109  43.2%     -    0s
     0     0   18.77890    0   50   33.00000   18.77890  43.1%     -    0s
     0     0   18.78268    0   47   33.00000   18.78268  43.1%     -    0s
     0     0   18.79465    0   49   33.00000   18.79465  43.0%     -    0s
     0     0   18.80449    0   49   33.00000   18.80449  43.0%     -    0s
     0     0   18.81196    0   51   33.00000   18.81196  43.0%     -    0s
     0     0   18.81196    0   48   33.00000   18.81196  43.0%     -    0s
H    0     0                      32.0000000   18.81196  41.2%     -    0s
H    0     0                      31.0000000   18.81196  39.3%     -    0s
     0     2   18.81503    0   48   31.00000   18.81503  39.3%     -    0s
H   31    30                      30.0000000   18.97539  36.7%   130    0s
H   32    31                      29.0000000   18.97539  34.6%   127    0s
H   36    33                      27.0000000   18.97539  29.7%   117    0s
H  130   106                      26.0000000   19.00785  26.9%  60.5    0s
H  333   272                      25.0000000   19.14946  23.4%  62.3    1s

Cutting planes:
  Gomory: 2
  Cover: 18
  Implied bound: 52
  MIR: 55
  Flow cover: 112
  Flow path: 2
  Zero half: 3
  Network: 9

Explored 516 nodes (44554 simplex iterations) in 2.00 seconds
Thread count was 1 (of 8 available processors)

Time limit reached
Best objective 2.500000000000e+01, best bound 2.000000000000e+01, gap 20.0000%

Gurobi 6.5.2 (linux64) logging started Mon Jul 24 16:57:58 2017

Changed value of parameter LogFile to data/mip_solutions/furman_sahinidis/transshipment/22sp1_gurobi.log
   Prev: gurobi.log  Default: 
Changed value of parameter Threads to 1
   Prev: 0  Min: 0  Max: 1024  Default: 0
Optimize a model with 556 rows, 2810 columns and 8037 nonzeros
Coefficient statistics:
  Matrix range    [1e+00, 2e+03]
  Objective range [1e+00, 1e+00]
  Bounds range    [1e+00, 1e+00]
  RHS range       [1e+00, 2e+03]
Presolve removed 312 rows and 2070 columns
Presolve time: 0.00s
Presolved: 244 rows, 740 columns, 1940 nonzeros
Variable types: 627 continuous, 113 integer (113 binary)

Root relaxation: objective 1.648461e+01, 773 iterations, 0.01 seconds

    Nodes    |    Current Node    |     Objective Bounds      |     Work
 Expl Unexpl |  Obj  Depth IntInf | Incumbent    BestBd   Gap | It/Node Time

     0     0   16.48461    0   25          -   16.48461      -     -    0s
H    0     0                      33.0000000   16.48461  50.0%     -    0s
     0     0   17.18064    0   34   33.00000   17.18064  47.9%     -    0s
     0     0   17.34617    0   37   33.00000   17.34617  47.4%     -    0s
     0     0   18.21207    0   36   33.00000   18.21207  44.8%     -    0s
     0     0   18.22646    0   37   33.00000   18.22646  44.8%     -    0s
     0     0   18.35371    0   43   33.00000   18.35371  44.4%     -    0s
     0     0   18.42390    0   45   33.00000   18.42390  44.2%     -    0s
     0     0   18.52715    0   46   33.00000   18.52715  43.9%     -    0s
     0     0   18.56771    0   50   33.00000   18.56771  43.7%     -    0s
     0     0   18.62948    0   45   33.00000   18.62948  43.5%     -    0s
     0     0   18.75109    0   46   33.00000   18.75109  43.2%     -    0s
     0     0   18.77890    0   50   33.00000   18.77890  43.1%     -    0s
     0     0   18.78268    0   47   33.00000   18.78268  43.1%     -    0s
     0     0   18.79465    0   49   33.00000   18.79465  43.0%     -    0s
     0     0   18.80449    0   49   33.00000   18.80449  43.0%     -    0s
     0     0   18.81196    0   51   33.00000   18.81196  43.0%     -    0s
     0     0   18.81196    0   48   33.00000   18.81196  43.0%     -    0s
H    0     0                      32.0000000   18.81196  41.2%     -    0s
H    0     0                      31.0000000   18.81196  39.3%     -    0s
     0     2   18.81503    0   48   31.00000   18.81503  39.3%     -    0s
H   31    30                      30.0000000   18.97539  36.7%   130    0s
H   32    31                      29.0000000   18.97539  34.6%   127    0s
H   36    33                      27.0000000   18.97539  29.7%   117    0s
H  130   106                      26.0000000   19.00785  26.9%  60.5    0s
H  333   272                      25.0000000   19.14946  23.4%  62.3    1s

Cutting planes:
  Gomory: 3
  Cover: 11
  Implied bound: 97
  MIR: 33
  Flow cover: 88
  Flow path: 1
  Zero half: 6
  Network: 8

Explored 553 nodes (54995 simplex iterations) in 3.00 seconds
Thread count was 1 (of 8 available processors)

Time limit reached
Best objective 2.500000000000e+01, best bound 2.000000000000e+01, gap 20.0000%

Gurobi 6.5.2 (linux64) logging started Wed Jul 26 12:24:49 2017

Changed value of parameter LogFile to data/mip_solutions/furman_sahinidis/transshipment/22sp1_gurobi.log
   Prev: gurobi.log  Default: 
Changed value of parameter Threads to 1
   Prev: 0  Min: 0  Max: 1024  Default: 0
Optimize a model with 556 rows, 2810 columns and 8037 nonzeros
Coefficient statistics:
  Matrix range    [1e+00, 2e+03]
  Objective range [1e+00, 1e+00]
  Bounds range    [1e+00, 1e+00]
  RHS range       [1e+00, 2e+03]
Presolve removed 312 rows and 2070 columns
Presolve time: 0.01s
Presolved: 244 rows, 740 columns, 1940 nonzeros
Variable types: 627 continuous, 113 integer (113 binary)

Root relaxation: objective 1.648461e+01, 773 iterations, 0.01 seconds

    Nodes    |    Current Node    |     Objective Bounds      |     Work
 Expl Unexpl |  Obj  Depth IntInf | Incumbent    BestBd   Gap | It/Node Time

     0     0   16.48461    0   25          -   16.48461      -     -    0s
H    0     0                      33.0000000   16.48461  50.0%     -    0s
     0     0   17.18064    0   34   33.00000   17.18064  47.9%     -    0s
     0     0   17.34617    0   37   33.00000   17.34617  47.4%     -    0s
     0     0   18.21207    0   36   33.00000   18.21207  44.8%     -    0s
     0     0   18.22646    0   37   33.00000   18.22646  44.8%     -    0s
     0     0   18.35371    0   43   33.00000   18.35371  44.4%     -    0s
     0     0   18.42390    0   45   33.00000   18.42390  44.2%     -    0s
     0     0   18.52715    0   46   33.00000   18.52715  43.9%     -    0s
     0     0   18.56771    0   50   33.00000   18.56771  43.7%     -    0s
     0     0   18.62948    0   45   33.00000   18.62948  43.5%     -    0s
     0     0   18.75109    0   46   33.00000   18.75109  43.2%     -    0s
     0     0   18.77890    0   50   33.00000   18.77890  43.1%     -    0s
     0     0   18.78268    0   47   33.00000   18.78268  43.1%     -    0s
     0     0   18.79465    0   49   33.00000   18.79465  43.0%     -    0s
     0     0   18.80449    0   49   33.00000   18.80449  43.0%     -    0s
     0     0   18.81196    0   51   33.00000   18.81196  43.0%     -    0s
     0     0   18.81196    0   48   33.00000   18.81196  43.0%     -    0s
H    0     0                      32.0000000   18.81196  41.2%     -    0s
H    0     0                      31.0000000   18.81196  39.3%     -    0s
     0     2   18.81503    0   48   31.00000   18.81503  39.3%     -    0s
H   31    30                      30.0000000   18.97539  36.7%   130    0s
H   32    31                      29.0000000   18.97539  34.6%   127    0s
H   36    33                      27.0000000   18.97539  29.7%   117    0s
H  130   106                      26.0000000   19.00785  26.9%  60.5    0s
H  333   272                      25.0000000   19.14946  23.4%  62.3    1s
   877   610   21.09709   25   37   25.00000   19.83906  20.6%  96.4    5s
  1922   979   20.23060   20   51   25.00000   20.15234  19.4%   101   10s
  2731  1542   23.94987   48   15   25.00000   20.21953  19.1%   104   15s
  3747  2202   20.91739   25   35   25.00000   20.30633  18.8%   103   20s
  4699  2871   21.44933   31   31   25.00000   20.37098  18.5%   102   25s
  5610  3500   23.15224   34   11   25.00000   20.40626  18.4%   102   30s
  6506  4061   21.91648   28   23   25.00000   20.45261  18.2%   103   35s
  7440  4666   22.33020   35   24   25.00000   20.48720  18.1%   103   40s
  8257  5195   22.68887   38   28   25.00000   20.52521  17.9%   104   45s
  9065  5725   20.75132   23   36   25.00000   20.54693  17.8%   104   50s
  9979  6325   21.40440   28   35   25.00000   20.57396  17.7%   104   55s
 10203  6481   21.61359   34   48   25.00000   20.58038  17.7%   105   62s
 10234  6502   21.51378   26   62   25.00000   20.58038  17.7%   104   65s
 10292  6540   21.16395   23   55   25.00000   20.58038  17.7%   104   70s
 10367  6590   22.07351   33   62   25.00000   20.58038  17.7%   103   75s
 10414  6624   20.60486   31   48   25.00000   20.58038  17.7%   112   80s
 10837  6844   22.94671   68   19   25.00000   20.65242  17.4%   113   85s
 11707  7191   21.15978   32   46   25.00000   20.82115  16.7%   113   90s
 12294  7390   21.18049   38   30   25.00000   20.90471  16.4%   114   95s
 12890  7622   22.00000   34   31   25.00000   20.94895  16.2%   116  100s
 13415  7804   22.31892   47   14   25.00000   20.99676  16.0%   117  105s
 13855  7970   22.26299   43   36   25.00000   21.00000  16.0%   119  110s
 14284  8123   21.39205   32   51   25.00000   21.00335  16.0%   120  115s
 14650  8261   23.83207   66   16   25.00000   21.01330  15.9%   120  120s
 15191  8454   21.28486   38   42   25.00000   21.03421  15.9%   121  125s
 15791  8664   22.11260   39   36   25.00000   21.06528  15.7%   121  130s
 16214  8777   23.26419   48   39   25.00000   21.09177  15.6%   123  135s
 16772  8953   21.51946   37   40   25.00000   21.10786  15.6%   123  140s
 17212  9076   24.00000   48    8   25.00000   21.11672  15.5%   124  145s
 17489  9162   22.65972   55   21   25.00000   21.13026  15.5%   125  150s
 17943  9308   22.34642   48   37   25.00000   21.14928  15.4%   126  155s
 18365  9430   21.37124   34   35   25.00000   21.15765  15.4%   127  160s
 18839  9603   23.96998   76    8   25.00000   21.16818  15.3%   128  165s
 19362  9778   22.32927   52   18   25.00000   21.18137  15.3%   128  170s
 19900  9939   21.85725   44   39   25.00000   21.19023  15.2%   128  175s
 20203 10036   23.79258   53   25   25.00000   21.19683  15.2%   129  180s
 20660 10163   22.52830   50   19   25.00000   21.20251  15.2%   130  185s
 21183 10341   21.30037   36   38   25.00000   21.21637  15.1%   130  190s
 21728 10500   22.11289   43   22   25.00000   21.22227  15.1%   130  195s
 22139 10601   23.00000   49   23   25.00000   21.23125  15.1%   130  200s
 22537 10722   21.54000   39   30   25.00000   21.23857  15.0%   131  205s
 23009 10885   23.09318   59   27   25.00000   21.24710  15.0%   131  210s
 23362 10992     cutoff   65        25.00000   21.25407  15.0%   132  215s
 23834 11119   22.13950   48   31   25.00000   21.26331  14.9%   132  220s
 24333 11281   21.55407   36   31   25.00000   21.26809  14.9%   132  225s
 24847 11456   23.20474   60   11   25.00000   21.27103  14.9%   132  230s
 25252 11584     cutoff   52        25.00000   21.28069  14.9%   133  235s
 25662 11713   21.67837   39   32   25.00000   21.28872  14.8%   133  240s
 26093 11866   23.37250   64   12   25.00000   21.29277  14.8%   133  245s
 26538 11995   23.55064   49   25   25.00000   21.29882  14.8%   134  250s
 26921 12075   22.00000   36   20   25.00000   21.30275  14.8%   134  255s
 27384 12235   22.18912   41   24   25.00000   21.31117  14.8%   134  260s
 27845 12355   23.69067   49   25   25.00000   21.31726  14.7%   134  265s
 28263 12474   21.57390   37   45   25.00000   21.32374  14.7%   135  270s
 28716 12588   21.69894   41   30   25.00000   21.32960  14.7%   135  275s
 29202 12739   22.00000   40   39   25.00000   21.33257  14.7%   135  280s
 29564 12850   21.80059   44   30   25.00000   21.33753  14.6%   135  285s
 30004 12971   24.00000   64   10   25.00000   21.34305  14.6%   136  290s
 30335 13091   23.00000   47   20   25.00000   21.35159  14.6%   136  295s
 30700 13274   22.75405   45   36   25.00000   21.35719  14.6%   136  300s
 31104 13525   21.75275   39   39   25.00000   21.36097  14.6%   136  305s
 31469 13740   22.05665   41   23   25.00000   21.36307  14.5%   137  310s
 31835 13984   24.00000   61    6   25.00000   21.36417  14.5%   137  315s
 32190 14236   23.49217   63   10   25.00000   21.36713  14.5%   137  320s
 32595 14483   21.82283   38   40   25.00000   21.37156  14.5%   137  325s
 32928 14688   22.62872   48   18   25.00000   21.37613  14.5%   138  330s
 33379 14985   21.90943   47   29   25.00000   21.38344  14.5%   138  335s
 33851 15245   22.98359   42   27   25.00000   21.38822  14.4%   138  340s
 34191 15441   22.53813   48   24   25.00000   21.38984  14.4%   138  345s
 34587 15679   21.76145   46   28   25.00000   21.39480  14.4%   138  350s
 34988 15926   22.54603   51   16   25.00000   21.40040  14.4%   138  355s
 35314 16084   22.00000   38   29   25.00000   21.40331  14.4%   138  360s
 35635 16271     cutoff   56        25.00000   21.40666  14.4%   139  365s
 35962 16447   21.92742   42   33   25.00000   21.40997  14.4%   139  370s
 36381 16723   23.19334   48   12   25.00000   21.41354  14.3%   139  375s
 36764 16921   23.50000   51   26   25.00000   21.41672  14.3%   140  380s
 37154 17159   21.94229   39   33   25.00000   21.42015  14.3%   140  385s
 37559 17404   23.04620   50   18   25.00000   21.42285  14.3%   140  390s
 37789 17532   22.37573   44   31   25.00000   21.42412  14.3%   140  395s
 38195 17768   22.04139   39   42   25.00000   21.42938  14.3%   140  400s
 38529 17985   22.42046   41   33   25.00000   21.43166  14.3%   141  405s
 38953 18237   23.05706   50   17   25.00000   21.43527  14.3%   141  410s
 39346 18463   22.42290   48   30   25.00000   21.43829  14.2%   141  415s
 39721 18691   21.94823   40   30   25.00000   21.44153  14.2%   141  420s
 40060 18908   22.16614   44   24   25.00000   21.44334  14.2%   141  425s
 40289 19054   22.84000   48   27   25.00000   21.44758  14.2%   141  430s
 40603 19265   22.57464   43   29   25.00000   21.45045  14.2%   141  435s
 40970 19469   21.59269   39   30   25.00000   21.45416  14.2%   142  440s
 41374 19748   23.24905   71   20   25.00000   21.45695  14.2%   142  445s
 41803 19993   22.33315   43   25   25.00000   21.46121  14.2%   142  450s
 42271 20297   24.00000   50   14   25.00000   21.46395  14.1%   142  455s
 42677 20551   21.74918   42   31   25.00000   21.46833  14.1%   142  460s
 43129 20823     cutoff   63        25.00000   21.47009  14.1%   142  465s
 43524 21059     cutoff   55        25.00000   21.47343  14.1%   142  470s
 44000 21358   22.58888   46   34   25.00000   21.47651  14.1%   142  475s
 44463 21601   22.52612   47   36   25.00000   21.47943  14.1%   142  480s
 44909 21884   23.30710   42   30   25.00000   21.48154  14.1%   142  485s
 45268 22088   22.31630   35   30   25.00000   21.48404  14.1%   142  490s
 45509 22259   23.16898   57   13   25.00000   21.48509  14.1%   142  495s
 45953 22487   21.66632   41   36   25.00000   21.48901  14.0%   142  500s
 46366 22739   23.58780   58    7   25.00000   21.49165  14.0%   142  505s
 46736 22934   22.28769   39   29   25.00000   21.49439  14.0%   142  510s
 47121 23170   22.09418   48   37   25.00000   21.49779  14.0%   142  515s
 47606 23448   23.45649   49   24   25.00000   21.50000  14.0%   142  520s
 47992 23680   21.66919   38   24   25.00000   21.50000  14.0%   142  525s
 48364 23944   22.00000   38   35   25.00000   21.50000  14.0%   142  530s
 48770 24178   22.76892   56   11   25.00000   21.50327  14.0%   142  535s
 49208 24416   22.08347   39   37   25.00000   21.50743  14.0%   142  540s
 49529 24623   23.20701   48   17   25.00000   21.50837  14.0%   142  545s
 49859 24843   23.00000   47   33   25.00000   21.51017  14.0%   142  550s
 50228 25081   21.65117   34   36   25.00000   21.51257  13.9%   143  555s
 50519 25257   22.36315   55   19   25.00000   21.51453  13.9%   143  560s
 50974 25554   23.36924   48   26   25.00000   21.51715  13.9%   143  565s
 51385 25794   21.86007   44   17   25.00000   21.51987  13.9%   143  570s
 51844 26064   21.52707   38   38   25.00000   21.52217  13.9%   143  575s
 52314 26400   23.15983   43   11   25.00000   21.52488  13.9%   142  580s
 52824 26679   23.04579   49   16   25.00000   21.52754  13.9%   142  585s
 53322 26965   22.23596   45   35   25.00000   21.52993  13.9%   142  590s
 53786 27258   23.99951   55   19   25.00000   21.53128  13.9%   142  595s
 54228 27510   22.06861   43   30   25.00000   21.53347  13.9%   142  600s
 54581 27720   22.00000   39   32   25.00000   21.53519  13.9%   142  605s
 54928 27951   22.46673   43   41   25.00000   21.53758  13.8%   142  610s
 55388 28231     cutoff   53        25.00000   21.54014  13.8%   142  615s
 55779 28463   21.78879   39   45   25.00000   21.54259  13.8%   142  620s
 56178 28718   22.90751   48   35   25.00000   21.54488  13.8%   142  625s
 56514 28923     cutoff   59        25.00000   21.54698  13.8%   142  630s
 56908 29142   21.90145   39   37   25.00000   21.55008  13.8%   143  635s
 57252 29359   22.18528   39   39   25.00000   21.55181  13.8%   143  640s
 57717 29645   21.80177   39   43   25.00000   21.55489  13.8%   143  645s
 58107 29883 infeasible   60        25.00000   21.55760  13.8%   143  650s
 58426 30063   22.00000   44   23   25.00000   21.56071  13.8%   143  655s
 58823 30309   22.21681   47   27   25.00000   21.56223  13.8%   143  660s
 59221 30511   21.60592   39   33   25.00000   21.56498  13.7%   143  665s
 59633 30749   22.17584   40   35   25.00000   21.56590  13.7%   143  670s
 60011 30981     cutoff   58        25.00000   21.56725  13.7%   143  675s
 60410 31208     cutoff   55        25.00000   21.56909  13.7%   143  680s
 60734 31399   22.00000   34   44   25.00000   21.57019  13.7%   143  685s
 61103 31617   22.86477   41   22   25.00000   21.57108  13.7%   143  690s
 61504 31853   24.00000   59    8   25.00000   21.57220  13.7%   143  695s
 61916 32087   24.00000   52   20   25.00000   21.57443  13.7%   143  700s
 62442 32401   24.00000   55   15   25.00000   21.57720  13.7%   143  705s
 62855 32654   23.50000   47   18   25.00000   21.57870  13.7%   143  710s
 63237 32857   22.24231   40   26   25.00000   21.58096  13.7%   143  715s
 63617 33075   22.00000   45   25   25.00000   21.58228  13.7%   143  720s
 64032 33311   22.00000   41   32   25.00000   21.58418  13.7%   143  725s
 64360 33477   22.00000   38   33   25.00000   21.58653  13.7%   143  730s
 64747 33691   22.00000   43   28   25.00000   21.58849  13.6%   143  735s
 65050 33862   24.00000   50   10   25.00000   21.58943  13.6%   143  740s
 65384 34046     cutoff   49        25.00000   21.59178  13.6%   144  745s
 65709 34241   22.11526   48   29   25.00000   21.59249  13.6%   144  750s
 66184 34553   22.55969   41   19   25.00000   21.59395  13.6%   144  755s
 66569 34785   23.06221   44   13   25.00000   21.59636  13.6%   144  760s
 66951 35013   23.46567   55   10   25.00000   21.59765  13.6%   144  765s
 67465 35323   23.04518   59    9   25.00000   21.60008  13.6%   144  770s
 67812 35480   22.01071   46   23   25.00000   21.60088  13.6%   144  775s
 68239 35725   22.31923   54    6   25.00000   21.60247  13.6%   144  781s
 68562 35903   22.78188   43   25   25.00000   21.60330  13.6%   144  785s
 68916 36136   23.32344   53   23   25.00000   21.60547  13.6%   144  790s
 69403 36440   23.98158   53   19   25.00000   21.60687  13.6%   144  795s
 69869 36723   23.67669   48   21   25.00000   21.60858  13.6%   144  800s
 70247 36951   23.00000   44    5   25.00000   21.61039  13.6%   144  805s
 70699 37209   22.55041   42   25   25.00000   21.61178  13.6%   144  810s
 71131 37480   23.10501   45   30   25.00000   21.61297  13.5%   144  815s
 71583 37736   23.06032   49   12   25.00000   21.61438  13.5%   144  820s
 72113 38050   22.87307   49   36   25.00000   21.61710  13.5%   143  825s
 72451 38224   22.83840   48   27   25.00000   21.61854  13.5%   144  830s
 72950 38531   22.43546   46   22   25.00000   21.62030  13.5%   143  835s
 73319 38736   21.92631   42   26   25.00000   21.62197  13.5%   143  840s
 73725 38945   23.27983   43   33   25.00000   21.62345  13.5%   144  845s
 74112 39165   24.00000   48   22   25.00000   21.62522  13.5%   144  850s
 74501 39381   23.95163   56   20   25.00000   21.62796  13.5%   144  855s
 74779 39546   23.15280   52   10   25.00000   21.62909  13.5%   144  860s
 75223 39771   23.65377   60   20   25.00000   21.63103  13.5%   144  865s
 75666 40006   22.61489   42   31   25.00000   21.63238  13.5%   144  870s
 75975 40197   23.44805   49   20   25.00000   21.63345  13.5%   144  875s
 76430 40456   23.39317   46   20   25.00000   21.63550  13.5%   144  880s
 76913 40744   23.69905   51   29   25.00000   21.63751  13.4%   143  885s
 77274 40920   21.69006   39   42   25.00000   21.63870  13.4%   144  890s
 77613 41139   22.19682   43   27   25.00000   21.64043  13.4%   144  895s
 78089 41414   21.85772   43   32   25.00000   21.64269  13.4%   144  900s
 78470 41638   23.00000   40   31   25.00000   21.64528  13.4%   144  905s
 78878 41871     cutoff   54        25.00000   21.64662  13.4%   144  910s
 79289 42099   21.88119   39   43   25.00000   21.64761  13.4%   144  915s
 79764 42367   21.95759   39   39   25.00000   21.64851  13.4%   144  920s
 80234 42656   22.18706   42   31   25.00000   21.64955  13.4%   144  925s
 80702 42908   24.00000   62    9   25.00000   21.65142  13.4%   144  930s
 81059 43129   22.77731   45   35   25.00000   21.65243  13.4%   144  935s
 81518 43387   22.03653   43   38   25.00000   21.65410  13.4%   143  940s
 81976 43676   22.37791   42   19   25.00000   21.65540  13.4%   143  945s
 82318 43901   23.43847   45   27   25.00000   21.65663  13.4%   143  950s
 82773 44135   22.39587   43   37   25.00000   21.65795  13.4%   143  955s
 83191 44393   23.52053   51   20   25.00000   21.65954  13.4%   143  960s
 83657 44660     cutoff   69        25.00000   21.66120  13.4%   143  965s
 84183 44972   22.31571   48   28   25.00000   21.66344  13.3%   143  970s
 84502 45148   22.59070   44   24   25.00000   21.66473  13.3%   143  975s
 84880 45376   21.90138   37   40   25.00000   21.66561  13.3%   143  980s
 85248 45608   23.16267   46   31   25.00000   21.66667  13.3%   143  985s
 85647 45832   22.66110   48   29   25.00000   21.66694  13.3%   143  990s
 85875 45963   21.85222   34   40   25.00000   21.66735  13.3%   143  996s
 86233 46175   22.82605   44   28   25.00000   21.66789  13.3%   143 1000s
 86681 46437   23.60388   48   23   25.00000   21.67060  13.3%   143 1005s
 87089 46694   23.77132   52   23   25.00000   21.67168  13.3%   143 1010s
 87502 46907   23.91984   56   23   25.00000   21.67321  13.3%   143 1015s
 87831 47094   21.81286   38   43   25.00000   21.67449  13.3%   143 1020s
 88196 47313   23.44688   47   15   25.00000   21.67544  13.3%   143 1025s
 88642 47591   22.48641   45   35   25.00000   21.67715  13.3%   143 1030s
 89006 47792   23.70256   69   11   25.00000   21.67842  13.3%   144 1035s
 89480 48085   23.36847   49   27   25.00000   21.68109  13.3%   143 1040s
 89891 48337   22.42385   43   35   25.00000   21.68240  13.3%   143 1045s
 90193 48504   23.40000   45   16   25.00000   21.68314  13.3%   144 1050s
 90575 48738   22.39428   48   28   25.00000   21.68463  13.3%   144 1055s
 90946 48962   22.32427   45   30   25.00000   21.68531  13.3%   144 1061s
 91287 49173   22.86618   47   16   25.00000   21.68623  13.3%   143 1065s
 91768 49453   22.00516   38   31   25.00000   21.68864  13.2%   143 1070s
 92230 49733   21.82608   41   31   25.00000   21.69016  13.2%   143 1075s
 92620 49984   22.14413   45   33   25.00000   21.69176  13.2%   143 1080s
 93069 50225   22.47132   38   40   25.00000   21.69333  13.2%   143 1085s
 93490 50469   23.00000   51   17   25.00000   21.69488  13.2%   143 1090s
 93938 50726   22.15273   47   40   25.00000   21.69655  13.2%   143 1095s
 94449 51050   22.36361   40   33   25.00000   21.69790  13.2%   143 1100s
 94911 51329   22.00000   43   24   25.00000   21.69902  13.2%   143 1105s
 95376 51586   22.71095   41   26   25.00000   21.70039  13.2%   143 1110s
 95787 51813   23.39566   59   19   25.00000   21.70137  13.2%   143 1115s
 96244 52059   21.80190   42   30   25.00000   21.70327  13.2%   143 1120s
 96673 52330     cutoff   49        25.00000   21.70435  13.2%   143 1125s
 97172 52639     cutoff   52        25.00000   21.70613  13.2%   143 1130s
 97571 52877   23.87235   50   15   25.00000   21.70692  13.2%   143 1135s
 97975 53101   23.48930   47   28   25.00000   21.70762  13.2%   143 1140s
 98424 53356   23.27449   57   16   25.00000   21.70886  13.2%   143 1145s
 98877 53639   23.37061   39   32   25.00000   21.71068  13.2%   143 1150s
 99255 53868     cutoff   53        25.00000   21.71134  13.2%   143 1155s
 99645 54076   21.79993   33   29   25.00000   21.71265  13.1%   143 1160s
 100140 54386   23.71990   54   28   25.00000   21.71410  13.1%   143 1165s
 100644 54673   22.54952   47   22   25.00000   21.71587  13.1%   143 1170s
 101090 54924   23.19372   46   28   25.00000   21.71761  13.1%   143 1175s
 101393 55103     cutoff   56        25.00000   21.71829  13.1%   143 1180s
 101861 55385     cutoff   51        25.00000   21.71908  13.1%   143 1185s
 102378 55681   22.77251   46    9   25.00000   21.72149  13.1%   143 1190s
 102720 55879     cutoff   50        25.00000   21.72278  13.1%   143 1195s
 103189 56152   22.88627   48   19   25.00000   21.72440  13.1%   143 1200s
 103543 56349     cutoff   51        25.00000   21.72537  13.1%   143 1205s
 103915 56527   23.09435   45   37   25.00000   21.72669  13.1%   143 1210s
 104350 56774   23.05705   55   30   25.00000   21.72781  13.1%   143 1215s
 104857 57088   22.30096   43   19   25.00000   21.72944  13.1%   143 1220s
 105212 57277     cutoff   56        25.00000   21.73077  13.1%   143 1225s
 105697 57543   23.00000   49    5   25.00000   21.73200  13.1%   143 1230s
 106196 57849   22.87564   38   33   25.00000   21.73347  13.1%   143 1235s
 106544 58044   23.76048   50   16   25.00000   21.73508  13.1%   143 1240s
 106956 58261   23.46569   60   19   25.00000   21.73632  13.1%   143 1245s
 107351 58510   23.88493   50   21   25.00000   21.73746  13.1%   143 1250s
 107714 58715   22.32721   42   39   25.00000   21.73838  13.0%   143 1257s
 107910 58825     cutoff   49        25.00000   21.73906  13.0%   143 1260s
 108336 59022   21.78184   38   35   25.00000   21.73998  13.0%   143 1265s
 108755 59241   22.00024   38   17   25.00000   21.74169  13.0%   143 1270s
 109290 59562   23.37217   50   20   25.00000   21.74388  13.0%   143 1275s
 109820 59887   24.00000   61   11   25.00000   21.74544  13.0%   143 1280s
 110234 60108   22.66980   48   21   25.00000   21.74635  13.0%   143 1285s
 110668 60361   23.96653   51   20   25.00000   21.74758  13.0%   143 1290s
 111181 60658   22.52367   52   14   25.00000   21.74877  13.0%   143 1295s
 111647 60920   23.62498   61   20   25.00000   21.74988  13.0%   143 1300s
 112147 61229   22.26059   40   38   25.00000   21.75033  13.0%   143 1305s
 112537 61435     cutoff   47        25.00000   21.75134  13.0%   143 1310s
 112785 61579   22.00408   38   30   25.00000   21.75201  13.0%   143 1315s
 113167 61815   23.09560   49   15   25.00000   21.75341  13.0%   143 1320s
 113664 62086   22.61505   42   18   25.00000   21.75442  13.0%   143 1325s
 114164 62363   23.47314   48   26   25.00000   21.75567  13.0%   143 1330s
 114535 62577   22.34941   41   33   25.00000   21.75703  13.0%   143 1335s
 114988 62826   23.40652   58   13   25.00000   21.75849  13.0%   143 1340s
 115364 63021   23.39500   54   14   25.00000   21.75946  13.0%   143 1345s
 115828 63318   23.42693   46   26   25.00000   21.76061  13.0%   143 1350s
 116336 63580   22.46875   44   37   25.00000   21.76155  13.0%   143 1355s
 116769 63815   23.63743   47   26   25.00000   21.76251  12.9%   143 1360s
 117186 64044   22.13001   40   32   25.00000   21.76358  12.9%   143 1365s
 117689 64337   24.00000   56    9   25.00000   21.76431  12.9%   143 1370s
 117856 64419   23.57389   50   32   25.00000   21.76481  12.9%   143 1375s
 118231 64619   22.36613   43   32   25.00000   21.76584  12.9%   143 1380s
 118690 64872   22.36690   45   25   25.00000   21.76682  12.9%   143 1385s
 119148 65130   22.93644   42   32   25.00000   21.76746  12.9%   143 1390s
 119572 65346   23.00000   57    7   25.00000   21.76811  12.9%   143 1395s
 120103 65676   23.00000   56   12   25.00000   21.76930  12.9%   142 1400s
 120412 65850   23.05842   50   17   25.00000   21.76994  12.9%   142 1405s
 120944 66152   22.00000   48   26   25.00000   21.77143  12.9%   142 1410s
 121431 66416   22.35814   45   22   25.00000   21.77232  12.9%   142 1415s
 121847 66633   22.69191   46   10   25.00000   21.77351  12.9%   142 1420s
 122367 66866     cutoff   49        25.00000   21.77454  12.9%   142 1425s
 122820 67105   23.27424   47   22   25.00000   21.77546  12.9%   142 1430s
 123115 67284   23.66612   50   15   25.00000   21.77636  12.9%   142 1435s
 123561 67535   23.25892   45   15   25.00000   21.77738  12.9%   142 1440s
 124048 67802   23.06267   51   10   25.00000   21.77861  12.9%   142 1445s
 124567 68093   22.53604   42   20   25.00000   21.78002  12.9%   142 1450s
 125227 68469     cutoff   50        25.00000   21.78162  12.9%   142 1455s
 125782 68792   22.22967   41   39   25.00000   21.78329  12.9%   142 1460s
 126237 69100   22.15965   48   32   25.00000   21.78498  12.9%   142 1465s
 126660 69321   23.03699   48   18   25.00000   21.78589  12.9%   142 1470s
 127108 69576   22.01122   38   30   25.00000   21.78682  12.9%   142 1475s
 127535 69849   23.34843   44   15   25.00000   21.78760  12.8%   142 1480s
 127941 70061   22.22478   44   43   25.00000   21.78879  12.8%   142 1485s
 128197 70224   24.00000   53    6   25.00000   21.78955  12.8%   142 1490s
 128707 70513   22.58723   45   32   25.00000   21.79111  12.8%   142 1495s
 129201 70786   22.25437   43   25   25.00000   21.79283  12.8%   142 1500s
 129751 71114   22.37389   40   34   25.00000   21.79397  12.8%   141 1505s
 130300 71404   23.98227   57   15   25.00000   21.79513  12.8%   141 1510s
 130873 71738     cutoff   62        25.00000   21.79670  12.8%   141 1515s
 131262 71935   22.39232   47   27   25.00000   21.79764  12.8%   141 1520s
 131799 72254   23.00000   43   15   25.00000   21.79876  12.8%   141 1525s
 132234 72498   22.32419   41   21   25.00000   21.80000  12.8%   141 1530s
 132651 72708   22.96257   44   22   25.00000   21.80106  12.8%   141 1535s
 133116 72975   22.02973   39   37   25.00000   21.80221  12.8%   141 1540s
 133598 73253   22.71200   54   22   25.00000   21.80295  12.8%   141 1545s
 134075 73539   23.02519   55    9   25.00000   21.80379  12.8%   141 1550s
 134539 73815   23.44001   66    4   25.00000   21.80472  12.8%   141 1555s
 134947 74001   23.31659   49   32   25.00000   21.80589  12.8%   141 1560s
 135369 74249   23.72629   54   19   25.00000   21.80661  12.8%   141 1565s
 135834 74524   22.28884   41   28   25.00000   21.80783  12.8%   141 1570s
 136285 74772   22.26913   49   27   25.00000   21.80919  12.8%   141 1575s
 136770 75061   23.25511   45   34   25.00000   21.81034  12.8%   141 1580s
 137255 75338   23.57663   45   14   25.00000   21.81120  12.8%   141 1585s
 137694 75602     cutoff   63        25.00000   21.81252  12.7%   141 1590s
 138142 75831   23.60486   65   10   25.00000   21.81374  12.7%   141 1596s
 138618 76100   22.54216   47    7   25.00000   21.81513  12.7%   141 1600s
 139158 76411   23.84960   69    9   25.00000   21.81610  12.7%   141 1605s
 139580 76615   24.00000   55    8   25.00000   21.81688  12.7%   141 1610s
 140036 76836   22.27088   51   25   25.00000   21.81785  12.7%   141 1615s
 140472 77075   21.84489   45   21   25.00000   21.81900  12.7%   141 1620s
 140970 77353   22.00000   44   10   25.00000   21.82028  12.7%   141 1625s
 141483 77637   22.32605   50   31   25.00000   21.82132  12.7%   141 1630s
 142058 77953     cutoff   54        25.00000   21.82260  12.7%   140 1635s
 142565 78274   22.35769   38   23   25.00000   21.82381  12.7%   140 1640s
 143006 78516   22.56264   42   10   25.00000   21.82488  12.7%   140 1645s
 143378 78733   23.16819   57   31   25.00000   21.82561  12.7%   140 1650s
 143826 78983   23.15754   51   24   25.00000   21.82689  12.7%   140 1655s
 144294 79247   23.15496   49   30   25.00000   21.82775  12.7%   140 1660s
 144784 79510   23.06639   50   18   25.00000   21.82903  12.7%   140 1665s
 145322 79855   23.56185   48   22   25.00000   21.83003  12.7%   140 1670s
 145835 80161   23.78272   49   28   25.00000   21.83118  12.7%   140 1675s
 146276 80374   22.52669   48   27   25.00000   21.83228  12.7%   140 1680s
 146664 80583   23.00000   46   20   25.00000   21.83317  12.7%   140 1685s
 147103 80834     cutoff   54        25.00000   21.83391  12.7%   140 1690s
 147571 81060   22.65040   45   22   25.00000   21.83509  12.7%   140 1695s
 148029 81308   23.00000   48   13   25.00000   21.83557  12.7%   140 1700s
 148287 81461   22.03909   43   39   25.00000   21.83628  12.7%   140 1707s
 148554 81557   23.28036   50    9   25.00000   21.83637  12.7%   140 1710s
 149166 81911   22.41888   42   31   25.00000   21.83738  12.7%   140 1715s
 149616 82155   23.14232   54   18   25.00000   21.83843  12.6%   140 1720s
 150056 82397     cutoff   56        25.00000   21.83919  12.6%   140 1725s
 150470 82609   23.72612   62   14   25.00000   21.83987  12.6%   140 1730s
 150925 82852   23.30116   46   22   25.00000   21.84099  12.6%   140 1735s
 151397 83099   23.15189   49   19   25.00000   21.84203  12.6%   140 1740s
 151870 83356     cutoff   52        25.00000   21.84270  12.6%   140 1745s
 152307 83592   21.89671   38   38   25.00000   21.84344  12.6%   140 1750s
 152766 83848   22.54198   45   31   25.00000   21.84428  12.6%   140 1755s
 153170 84081     cutoff   66        25.00000   21.84519  12.6%   140 1760s
 153451 84217   22.51278   42   37   25.00000   21.84560  12.6%   140 1765s
 153969 84544   23.30660   50   22   25.00000   21.84667  12.6%   140 1770s
 154465 84818   23.07086   46   28   25.00000   21.84743  12.6%   140 1775s
 154935 85091     cutoff   59        25.00000   21.84828  12.6%   140 1780s
 155461 85384   22.81634   44   26   25.00000   21.84923  12.6%   140 1785s
 155939 85654   22.89775   45   23   25.00000   21.84972  12.6%   140 1790s
 156342 85855   23.00000   50   19   25.00000   21.85102  12.6%   140 1795s

Cutting planes:
  Gomory: 27
  Cover: 24
  Implied bound: 408
  MIR: 943
  Flow cover: 1050
  Flow path: 35
  Zero half: 40
  Network: 96

Explored 156827 nodes (21919154 simplex iterations) in 1800.01 seconds
Thread count was 1 (of 8 available processors)

Time limit reached
Best objective 2.500000000000e+01, best bound 2.200000000000e+01, gap 12.0000%
