
Gurobi 6.5.2 (linux64) logging started Tue Jun  6 14:47:21 2017

Changed value of parameter LogFile to test_cases/mip_solutions/furman_sahinidis/transshipment/23sp1_gurobi.log
   Prev: gurobi.log  Default: 
Changed value of parameter Threads to 1
   Prev: 0  Min: 0  Max: 1024  Default: 0
Optimize a model with 603 rows, 3082 columns and 8879 nonzeros
Coefficient statistics:
  Matrix range    [1e+00, 2e+03]
  Objective range [1e+00, 1e+00]
  Bounds range    [1e+00, 1e+00]
  RHS range       [1e+00, 3e+03]
Presolve removed 290 rows and 1910 columns
Presolve time: 0.00s
Presolved: 313 rows, 1172 columns, 3163 nonzeros
Variable types: 1029 continuous, 143 integer (143 binary)

Root relaxation: objective 1.340360e+01, 918 iterations, 0.01 seconds

    Nodes    |    Current Node    |     Objective Bounds      |     Work
 Expl Unexpl |  Obj  Depth IntInf | Incumbent    BestBd   Gap | It/Node Time

     0     0   13.40360    0   17          -   13.40360      -     -    0s
H    0     0                      24.0000000   13.40360  44.2%     -    0s
     0     0   14.26482    0   29   24.00000   14.26482  40.6%     -    0s
     0     0   14.26482    0   30   24.00000   14.26482  40.6%     -    0s
     0     0   14.30005    0   44   24.00000   14.30005  40.4%     -    0s
     0     0   14.31078    0   38   24.00000   14.31078  40.4%     -    0s
     0     0   14.36134    0   39   24.00000   14.36134  40.2%     -    0s
     0     0   14.40933    0   46   24.00000   14.40933  40.0%     -    0s
     0     0   14.49659    0   46   24.00000   14.49659  39.6%     -    0s
     0     0   14.60455    0   39   24.00000   14.60455  39.1%     -    0s
     0     0   14.61264    0   38   24.00000   14.61264  39.1%     -    0s
     0     0   14.62877    0   41   24.00000   14.62877  39.0%     -    0s
     0     0   14.63107    0   41   24.00000   14.63107  39.0%     -    0s
H    0     0                      23.0000000   14.63107  36.4%     -    0s
     0     0   14.63228    0   42   23.00000   14.63228  36.4%     -    0s
     0     0   14.64011    0   39   23.00000   14.64011  36.3%     -    0s
     0     0   14.64109    0   45   23.00000   14.64109  36.3%     -    0s
     0     0   14.64230    0   45   23.00000   14.64230  36.3%     -    0s
     0     0   14.64230    0   41   23.00000   14.64230  36.3%     -    0s
     0     2   14.65039    0   41   23.00000   14.65039  36.3%     -    0s
   548   479   16.79683   50   54   23.00000   14.88584  35.3%  81.4    5s
   898   679   15.42760   20   37   23.00000   14.95283  35.0%   136   10s
  1230   857   15.08972   20   42   23.00000   14.96679  34.9%   156   15s
  1871  1148   15.33196   15   72   23.00000   15.06653  34.5%   153   20s
  2274  1445   16.00538   21   44   23.00000   15.09129  34.4%   161   25s
  2780  1876   15.78959   30   40   23.00000   15.11396  34.3%   158   30s
  3281  2307   15.32613   21   50   23.00000   15.13144  34.2%   158   35s
  3648  2606   17.52694   44   30   23.00000   15.15603  34.1%   162   40s
  4141  3032   15.58452   26   43   23.00000   15.16121  34.1%   163   45s
  4512  3325   20.19546   68   18   23.00000   15.16586  34.1%   165   50s
  4955  3686   16.29840   37   38   23.00000   15.17778  34.0%   165   55s
  5573  4169   16.77677   51   26   23.00000   15.19230  33.9%   162   60s
  6055  4552   15.28931   30   34   23.00000   15.21097  33.9%   161   65s
  6574  4975   16.87221   40   30   23.00000   15.22379  33.8%   160   70s
  7131  5438   16.51618   39   22   23.00000   15.23857  33.7%   158   75s
  7664  5864   18.21871   53   19   23.00000   15.24957  33.7%   158   80s
  8273  6371   18.33392   55   30   23.00000   15.26070  33.6%   156   85s
  8934  6915   16.13063   31   23   23.00000   15.26475  33.6%   155   90s
  9637  7449   15.68598   28   47   23.00000   15.27511  33.6%   154   95s
 10203  7929   16.67589   52   41   23.00000   15.28056  33.6%   152  107s
 10221  7941   21.16242   66   56   23.00000   15.28056  33.6%   152  110s
 10249  7960   20.98837   75   72   23.00000   15.28056  33.6%   151  115s
 10278  7979   17.90166   50   60   23.00000   15.28056  33.6%   151  120s
 10306  7998   16.84807   39   60   23.00000   15.28056  33.6%   150  125s
 10334  8016   18.24695   63   79   23.00000   15.39763  33.1%   150  130s
 10357  8032   19.36125   47   84   23.00000   15.52002  32.5%   150  135s
 10380  8047   20.05043   75   68   23.00000   15.59452  32.2%   149  140s
 10404  8063   15.63975   30   69   23.00000   15.63975  32.0%   149  145s
 10415  8072   15.92047   27   50   23.00000   15.64219  32.0%   164  150s
 10568  8152   21.52166  104    4   23.00000   15.64219  32.0%   164  155s
 10649  8199   17.49087   62   19   23.00000   15.64946  32.0%   165  160s
 10753  8254   16.03412   25   48   23.00000   15.70201  31.7%   165  165s
 10896  8334   16.37524   29   65   23.00000   15.70201  31.7%   166  170s
 11070  8421   16.03018   31   48   23.00000   15.70346  31.7%   167  175s
 11407  8575   16.54540   42   41   23.00000   15.70502  31.7%   168  180s
 11751  8707   16.71946   39   38   23.00000   15.73848  31.6%   169  185s
 11970  8815   16.29477   32   36   23.00000   15.74148  31.6%   170  190s
 12228  8935   16.34349   51   36   23.00000   15.74578  31.5%   172  195s
 12488  9063   16.75182   44   26   23.00000   15.76928  31.4%   173  200s
 12732  9173   16.03075   29   54   23.00000   15.78710  31.4%   174  205s
 13000  9328   15.96674   34   35   23.00000   15.78882  31.4%   174  210s
 13167  9403   16.13485   38   56   23.00000   15.79277  31.3%   176  215s
 13419  9496   16.58721   46   23   23.00000   15.79620  31.3%   177  220s
 13660  9617   16.24620   38   57   23.00000   15.80082  31.3%   177  225s
 13881  9722   16.40774   32   45   23.00000   15.80196  31.3%   178  230s
 14065  9813   16.23302   31   49   23.00000   15.80717  31.3%   179  235s
 14197  9875   17.73470   61   22   23.00000   15.80766  31.3%   181  240s
 14364  9954   16.27899   44   24   23.00000   15.81083  31.3%   182  245s
 14649 10084   16.60955   48   34   23.00000   15.81113  31.3%   182  250s
 14835 10181   16.06342   43   50   23.00000   15.82445  31.2%   182  255s
 15022 10276   17.54425   50   42   23.00000   15.82742  31.2%   183  260s
 15203 10351   16.03355   37   48   23.00000   15.82859  31.2%   184  265s
 15373 10433   17.70250   54   20   23.00000   15.82944  31.2%   185  270s
 15476 10485   16.10318   38   59   23.00000   15.83104  31.2%   185  277s
 15549 10518   16.05608   36   54   23.00000   15.83300  31.2%   186  280s
 15726 10620   17.28386   54   32   23.00000   15.83394  31.2%   187  285s
 15933 10724   16.41316   36   44   23.00000   15.83699  31.1%   189  290s
 16134 10823   16.34067   36   36   23.00000   15.84520  31.1%   189  295s
 16291 10888   17.00117   55   37   23.00000   15.84540  31.1%   191  300s
 16403 10946   16.79419   33   42   23.00000   15.84620  31.1%   192  305s
 16591 11046   16.00653   32   61   23.00000   15.84681  31.1%   193  310s
 16818 11157   16.57036   45   27   23.00000   15.85518  31.1%   194  315s
 17001 11252   16.37772   27   46   23.00000   15.85697  31.1%   195  320s
 17168 11342   16.32327   41   49   23.00000   15.85705  31.1%   196  325s
 17353 11458   21.22884   64   11   23.00000   15.86005  31.0%   197  330s
 17547 11530   16.37578   34   55   23.00000   15.86269  31.0%   197  335s
 17729 11618   16.19068   33   51   23.00000   15.86406  31.0%   198  340s
 17860 11678   16.27930   41   34   23.00000   15.86546  31.0%   198  345s
 18123 11805   16.90039   46   26   23.00000   15.87080  31.0%   198  350s
 18359 11906   17.30563   59   30   23.00000   15.87287  31.0%   198  355s
 18529 11988   17.33737   47   33   23.00000   15.87353  31.0%   199  360s
 18696 12072   16.03099   37   49   23.00000   15.87695  31.0%   199  365s
 18851 12155   17.58230   56   15   23.00000   15.87753  31.0%   200  370s
 19105 12287   20.27995   75   21   23.00000   15.87945  31.0%   200  375s
 19281 12368   16.58716   49   48   23.00000   15.88281  30.9%   200  380s
 19376 12407   16.78727   54   33   23.00000   15.88282  30.9%   201  385s
 19625 12524   16.85107   37   46   23.00000   15.88594  30.9%   201  390s
 19730 12586   18.59832   61   14   23.00000   15.88618  30.9%   202  395s
 19950 12691   16.72223   42   30   23.00000   15.88711  30.9%   202  400s
 20034 12735   16.96012   44   30   23.00000   15.88741  30.9%   203  405s
 20194 12810   16.55635   47   41   23.00000   15.88772  30.9%   204  410s
 20376 12889   19.34090   67   15   23.00000   15.89010  30.9%   204  415s
 20547 12963   21.01310   85   12   23.00000   15.89085  30.9%   205  420s
 20690 13023   17.79863   48   19   23.00000   15.89261  30.9%   205  425s
 20923 13107   17.28105   56   19   23.00000   15.89508  30.9%   205  430s
 21181 13211   16.15088   38   43   23.00000   15.89779  30.9%   205  435s
 21323 13289   22.00000   69    6   23.00000   15.89876  30.9%   206  440s
 21457 13341   18.07165   61   14   23.00000   15.90373  30.9%   207  445s
 21620 13421   16.82892   51   20   23.00000   15.90552  30.8%   207  450s
 21777 13502   18.42230   61   13   23.00000   15.90711  30.8%   208  455s
 21942 13582   20.03599   75   12   23.00000   15.91015  30.8%   208  460s
 22075 13633   21.77208   76   16   23.00000   15.91157  30.8%   209  465s
 22189 13687   17.65886   58   19   23.00000   15.91395  30.8%   209  470s
 22394 13801   19.00809   73   15   23.00000   15.91519  30.8%   209  475s
 22570 13875   15.99840   35   56   23.00000   15.91996  30.8%   209  480s
 22700 13934   17.23935   38   40   23.00000   15.92047  30.8%   209  485s
 22892 14043   18.09854   48   19   23.00000   15.92047  30.8%   210  490s
 23092 14146   17.43757   55   13   23.00000   15.92475  30.8%   210  496s
 23241 14221   17.61469   41   26   23.00000   15.92513  30.8%   210  500s
 23449 14301   16.31380   36   56   23.00000   15.92889  30.7%   210  505s
 23604 14373   17.45355   45   23   23.00000   15.93082  30.7%   210  510s
 23779 14442   16.81458   36   30   23.00000   15.93239  30.7%   211  515s
 23976 14545   16.44913   39   48   23.00000   15.93534  30.7%   211  520s
 24112 14613   16.15825   41   60   23.00000   15.93626  30.7%   211  525s
 24249 14661     cutoff   75        23.00000   15.93645  30.7%   212  530s
 24383 14734   18.66945   67   12   23.00000   15.93774  30.7%   213  535s
 24582 14805   16.23990   42   37   23.00000   15.93934  30.7%   213  540s
 24729 14874   17.61605   47   24   23.00000   15.94212  30.7%   213  546s
 24838 14927   16.93201   48   35   23.00000   15.94249  30.7%   213  550s
 25080 15039   21.32648   85    4   23.00000   15.94625  30.7%   213  555s
 25215 15075   16.13983   36   54   23.00000   15.94730  30.7%   214  560s
 25357 15146   17.51363   49   27   23.00000   15.94882  30.7%   214  565s
 25477 15207   17.92495   56   32   23.00000   15.94933  30.7%   215  570s
 25618 15271   17.83586   44   18   23.00000   15.95036  30.7%   215  575s
 25768 15345   17.00000   44   23   23.00000   15.95108  30.6%   215  580s
 26020 15458   19.75694   68   11   23.00000   15.95242  30.6%   215  585s
 26092 15499   19.15953   58   25   23.00000   15.95268  30.6%   216  590s
 26222 15558   17.08604   54   28   23.00000   15.95425  30.6%   216  595s
 26417 15644   16.04427   28   42   23.00000   15.95458  30.6%   216  600s
 26514 15690   17.47832   45   31   23.00000   15.95461  30.6%   217  605s
 26686 15770   17.45608   44   25   23.00000   15.95655  30.6%   217  610s
 26819 15827   16.76365   44   33   23.00000   15.95666  30.6%   217  615s
 26967 15897   16.62110   34   49   23.00000   15.95744  30.6%   218  620s
 27021 15933   18.72596   57   14   23.00000   15.95744  30.6%   218  625s
 27197 15994   16.66667   41   39   23.00000   15.95979  30.6%   219  630s
 27411 16098   16.84458   43   36   23.00000   15.96283  30.6%   219  635s
 27623 16182   16.35034   47   32   23.00000   15.96359  30.6%   219  640s
 27868 16293   16.11761   35   46   23.00000   15.96464  30.6%   218  645s
 28032 16384   17.87372   51   16   23.00000   15.96516  30.6%   219  650s
 28174 16438   16.79511   41   32   23.00000   15.96708  30.6%   219  655s
 28366 16533   17.70499   68   16   23.00000   15.96833  30.6%   220  660s
 28518 16609   18.60316   58    8   23.00000   15.96880  30.6%   220  665s
 28730 16714   17.06627   48   30   23.00000   15.96927  30.6%   220  670s
 28942 16822   16.01085   33   37   23.00000   15.96987  30.6%   220  675s
 29041 16863   16.72748   45   37   23.00000   15.97038  30.6%   221  680s
 29196 16928   16.97514   54   32   23.00000   15.97120  30.6%   221  685s
 29426 17027   17.10547   58   17   23.00000   15.97182  30.6%   221  690s
 29684 17159   17.46385   57   27   23.00000   15.97226  30.6%   221  695s
 29875 17253   16.30557   49   45   23.00000   15.97347  30.6%   221  700s
 30012 17316   21.50183   72   10   23.00000   15.97382  30.5%   221  705s
 30243 17394   21.66798   97   12   23.00000   15.97412  30.5%   221  710s
 30437 17487   18.72832   66    7   23.00000   15.97524  30.5%   221  715s
 30659 17598   21.42112   88    8   23.00000   15.97643  30.5%   221  720s
 30838 17677   16.19867   39   51   23.00000   15.97842  30.5%   222  725s
 30937 17734   16.82516   45   38   23.00000   15.97912  30.5%   222  730s
 31112 17806   16.32569   34   56   23.00000   15.97922  30.5%   223  735s
 31272 17883   18.07207   64   25   23.00000   15.98024  30.5%   223  740s
 31507 17999   16.29363   38   33   23.00000   15.98097  30.5%   223  745s
 31695 18077   17.05184   44   30   23.00000   15.98301  30.5%   223  750s
 31856 18155   18.83202   75   19   23.00000   15.98454  30.5%   223  755s
 32025 18232   16.69950   48   37   23.00000   15.98524  30.5%   223  760s
 32238 18336   16.57535   39   28   23.00000   15.98585  30.5%   223  765s
 32480 18452   16.58170   42   37   23.00000   15.98761  30.5%   223  770s
 32660 18537   16.01099   39   68   23.00000   15.98952  30.5%   223  775s
 32803 18601   16.17989   26   50   23.00000   15.99088  30.5%   223  780s
 32924 18669   16.56773   37   37   23.00000   15.99116  30.5%   224  785s
 33138 18789   19.17646   72   14   23.00000   15.99212  30.5%   224  790s
 33413 18909   16.09560   34   33   23.00000   15.99473  30.5%   224  795s
 33635 19023   20.49753   74    8   23.00000   15.99663  30.4%   224  800s
 33842 19115   17.84613   43   33   23.00000   15.99776  30.4%   223  805s
 33968 19165   16.54286   41   46   23.00000   15.99801  30.4%   224  810s
 34177 19265   16.46366   41   49   23.00000   15.99864  30.4%   224  815s
 34359 19358   16.66404   45   43   23.00000   15.99901  30.4%   224  820s
 34577 19469   20.91892   89   10   23.00000   16.00000  30.4%   224  825s
 34665 19526   19.73584   41   16   23.00000   16.00000  30.4%   224  830s
 34747 19582   16.01837   33   51   23.00000   16.00000  30.4%   225  835s
 34773 19608   16.76291   45   37   23.00000   16.00000  30.4%   226  840s
 34869 19678   16.24809   39   56   23.00000   16.00000  30.4%   226  845s
 34975 19766   17.27104   44   28   23.00000   16.00000  30.4%   226  850s
 35101 19866   16.03718   35   47   23.00000   16.00000  30.4%   227  855s
 35236 19973   16.27007   36   40   23.00000   16.00085  30.4%   227  860s
 35376 20101     cutoff   69        23.00000   16.00148  30.4%   227  865s
 35511 20202   17.24996   54   35   23.00000   16.00257  30.4%   227  870s
 35659 20323   18.19754   53   17   23.00000   16.00301  30.4%   227  875s
 35822 20462   18.06307   38   21   23.00000   16.00550  30.4%   228  880s
 35984 20585   16.42120   35   61   23.00000   16.00615  30.4%   228  885s
 36098 20680   18.61415   72   20   23.00000   16.00630  30.4%   228  890s
 36329 20861   16.42540   36   39   23.00000   16.00671  30.4%   228  895s
 36535 21029   21.17133   75   18   23.00000   16.00717  30.4%   228  900s
 36708 21160   19.28652   52   20   23.00000   16.00796  30.4%   228  905s
 36890 21285   17.74165   47   31   23.00000   16.00910  30.4%   228  910s
 37031 21414   17.92426   50   23   23.00000   16.00930  30.4%   228  915s
 37233 21563   18.71670   62   16   23.00000   16.00984  30.4%   228  920s
 37405 21693   19.55253   65   22   23.00000   16.01123  30.4%   228  925s
 37633 21865   16.83145   41   33   23.00000   16.01241  30.4%   228  930s
 37787 21980   18.65468   66   27   23.00000   16.01251  30.4%   229  935s
 38000 22125   17.27372   45   23   23.00000   16.01299  30.4%   229  940s
 38181 22262   17.51902   53   23   23.00000   16.01342  30.4%   229  945s
 38402 22440   16.37040   33   31   23.00000   16.01487  30.4%   229  950s
 38565 22569   18.00000   58   28   23.00000   16.01518  30.4%   229  955s
 38768 22742   16.81111   42   45   23.00000   16.01768  30.4%   229  960s
 38948 22888   16.79743   45   25   23.00000   16.01838  30.4%   229  965s
 39128 23034   18.46571   60   30   23.00000   16.02013  30.3%   229  970s
 39330 23183   18.83391   65   20   23.00000   16.02040  30.3%   229  975s
 39476 23311   18.61812   71   13   23.00000   16.02060  30.3%   229  980s
 39699 23485   16.08420   37   41   23.00000   16.02090  30.3%   228  987s
 39745 23531   19.12186   55   20   23.00000   16.02090  30.3%   229  990s
 39885 23627   16.97857   55   32   23.00000   16.02166  30.3%   229  995s
 40077 23782   16.71390   41   40   23.00000   16.02192  30.3%   229 1000s
 40251 23925   17.00000   45   36   23.00000   16.02245  30.3%   229 1005s
 40461 24093   16.78446   50   36   23.00000   16.02321  30.3%   229 1010s
 40665 24261   19.21745   71   14   23.00000   16.02370  30.3%   229 1015s
 40839 24388   17.91135   56   21   23.00000   16.02436  30.3%   229 1020s
 41013 24527   16.35234   39   40   23.00000   16.02591  30.3%   229 1025s
 41178 24668   18.48510   60   16   23.00000   16.02627  30.3%   229 1030s
 41492 24901   16.17713   30   52   23.00000   16.02716  30.3%   229 1035s
 41701 25070   22.00000  108    2   23.00000   16.02763  30.3%   229 1040s
 41856 25165   16.40620   31   47   23.00000   16.02878  30.3%   229 1045s
 42036 25320   19.16545   75   12   23.00000   16.02921  30.3%   229 1050s
 42274 25500   16.19734   38   40   23.00000   16.03038  30.3%   229 1055s
 42576 25742   16.76076   40   30   23.00000   16.03075  30.3%   229 1060s
 42713 25856   17.42995   44   33   23.00000   16.03100  30.3%   229 1065s
 42871 25982   16.39359   39   41   23.00000   16.03161  30.3%   229 1070s
 43081 26139   16.41963   38   41   23.00000   16.03319  30.3%   229 1075s
 43289 26297   16.09315   45   56   23.00000   16.03360  30.3%   229 1080s
 43387 26383   17.24170   59   33   23.00000   16.03366  30.3%   229 1085s
 43589 26545   16.60539   38   42   23.00000   16.03455  30.3%   229 1090s
 43771 26680   16.58701   41   39   23.00000   16.03500  30.3%   229 1095s
 43971 26846   19.31017   62   14   23.00000   16.03597  30.3%   229 1100s
 44169 27005   18.15387   53   23   23.00000   16.03680  30.3%   229 1105s
 44322 27131   17.49366   43   32   23.00000   16.03705  30.3%   229 1110s
 44467 27244   18.07185   56   27   23.00000   16.03736  30.3%   229 1115s
 44592 27345   17.11180   50   45   23.00000   16.03744  30.3%   230 1120s
 44771 27472   16.37107   36   42   23.00000   16.03844  30.3%   230 1130s
 44918 27587   18.18260   50   14   23.00000   16.03957  30.3%   229 1135s
 45203 27820   20.28964  110    3   23.00000   16.04079  30.3%   229 1140s
 45433 27998   16.30590   33   44   23.00000   16.04225  30.3%   229 1145s
 45616 28150   17.43244   44   34   23.00000   16.04271  30.2%   229 1150s
 45801 28306   18.60500   68   31   23.00000   16.04366  30.2%   229 1155s
 46075 28506   16.28922   39   47   23.00000   16.04430  30.2%   229 1160s
 46317 28680   16.84285   40   44   23.00000   16.04473  30.2%   229 1165s
 46502 28808   19.09272   60   15   23.00000   16.04594  30.2%   229 1170s
 46710 28950   20.05815   70    8   23.00000   16.04647  30.2%   229 1175s
 46839 29056   18.17490   56   36   23.00000   16.04673  30.2%   229 1180s
 47036 29210   17.98311   61   24   23.00000   16.04755  30.2%   229 1185s
 47197 29346   17.20235   48   31   23.00000   16.04794  30.2%   229 1190s
 47420 29502   17.87919   53   29   23.00000   16.04898  30.2%   229 1195s
 47541 29584   20.54227   45   11   23.00000   16.04973  30.2%   229 1200s
 47741 29733   16.52587   39   43   23.00000   16.05024  30.2%   229 1205s
 47937 29899   17.50931   68   23   23.00000   16.05095  30.2%   229 1210s
 48158 30046   17.04820   46   30   23.00000   16.05178  30.2%   229 1215s
 48334 30188   17.46875   49   28   23.00000   16.05314  30.2%   229 1220s
 48544 30341   16.62127   40   43   23.00000   16.05331  30.2%   229 1225s
 48764 30511   16.47686   48   52   23.00000   16.05370  30.2%   229 1230s
 48917 30628   18.11806   61   21   23.00000   16.05395  30.2%   229 1235s
 49110 30778   20.31951   79   10   23.00000   16.05442  30.2%   229 1240s
 49341 30961   17.11623   37   33   23.00000   16.05610  30.2%   229 1245s
 49542 31116   16.91149   52   24   23.00000   16.05652  30.2%   229 1250s
 49670 31217   19.00615   71   18   23.00000   16.05681  30.2%   229 1255s
 49842 31351   21.49688  107    2   23.00000   16.05700  30.2%   229 1261s
 50016 31465   17.06824   52   22   23.00000   16.05897  30.2%   229 1265s
 50278 31678   16.60360   42   36   23.00000   16.06032  30.2%   229 1270s
 50434 31791   16.41174   39   35   23.00000   16.06076  30.2%   229 1275s
 50637 31962   19.89909   69   19   23.00000   16.06108  30.2%   229 1280s
 50838 32109   17.06677   42   31   23.00000   16.06134  30.2%   229 1285s
 51027 32270   17.81264   72   27   23.00000   16.06142  30.2%   229 1290s
 51216 32417   19.34677   56   17   23.00000   16.06192  30.2%   229 1295s
 51462 32583   19.99611   84   21   23.00000   16.06222  30.2%   229 1300s
 51671 32746   18.71564   81   12   23.00000   16.06248  30.2%   229 1305s
 51893 32922   16.97403   46   37   23.00000   16.06339  30.2%   229 1310s
 52125 33097   16.31487   34   44   23.00000   16.06413  30.2%   228 1315s
 52265 33200   17.08696   51   36   23.00000   16.06427  30.2%   228 1320s
 52422 33323   18.49360   54   23   23.00000   16.06543  30.2%   228 1325s
 52615 33476   16.69077   49   31   23.00000   16.06595  30.1%   228 1330s
 52802 33630   17.38599   57   24   23.00000   16.06660  30.1%   228 1335s
 53016 33808   16.68223   30   56   23.00000   16.06691  30.1%   228 1340s
 53140 33916   17.73189   53   41   23.00000   16.06724  30.1%   229 1345s
 53362 34068   16.11416   37   48   23.00000   16.06769  30.1%   229 1350s
 53552 34232   16.44087   42   35   23.00000   16.06778  30.1%   228 1355s
 53769 34399   18.59037   75   25   23.00000   16.06834  30.1%   228 1360s
 53947 34531   16.08369   32   36   23.00000   16.06930  30.1%   228 1365s
 54151 34681   16.40151   48   46   23.00000   16.06967  30.1%   228 1370s
 54331 34839   17.06096   53   30   23.00000   16.07000  30.1%   229 1375s
 54517 34992   19.93013   77   14   23.00000   16.07090  30.1%   228 1380s
 54775 35180   16.40342   42   46   23.00000   16.07145  30.1%   228 1385s
 54915 35284   16.29015   37   51   23.00000   16.07153  30.1%   228 1393s
 55021 35352   16.66667   43   32   23.00000   16.07189  30.1%   228 1395s
 55203 35496   16.70385   42   32   23.00000   16.07203  30.1%   228 1400s
 55368 35625   16.49901   35   36   23.00000   16.07222  30.1%   228 1405s
 55519 35745   17.23470   52   19   23.00000   16.07341  30.1%   228 1410s
 55730 35913   16.12457   35   45   23.00000   16.07435  30.1%   228 1415s
 55981 36120   18.00000   41   21   23.00000   16.07536  30.1%   228 1420s
 56163 36258   18.74740   41   20   23.00000   16.07623  30.1%   228 1425s
 56351 36393   18.60470   60   13   23.00000   16.07642  30.1%   228 1430s
 56572 36563   16.27182   32   52   23.00000   16.07718  30.1%   228 1435s
 56717 36708   19.81859   76   15   23.00000   16.07718  30.1%   228 1440s
 56976 36903   17.56344   51   25   23.00000   16.07823  30.1%   228 1445s
 57186 37075   19.49647   70   28   23.00000   16.07868  30.1%   228 1450s
 57360 37196   17.42371   56   35   23.00000   16.07884  30.1%   228 1455s
 57584 37367   16.09500   39   38   23.00000   16.07922  30.1%   228 1460s
 57816 37567   20.36052   71   17   23.00000   16.07929  30.1%   228 1465s
 58072 37745   17.43557   60   27   23.00000   16.07942  30.1%   228 1470s
 58208 37851   21.00000   55   11   23.00000   16.07983  30.1%   228 1475s
 58417 37980   16.38976   40   33   23.00000   16.08015  30.1%   228 1480s
 58632 38155   19.70813   65   28   23.00000   16.08036  30.1%   228 1485s
 58807 38288   16.10606   33   45   23.00000   16.08060  30.1%   228 1490s
 59009 38446   16.33226   42   42   23.00000   16.08141  30.1%   227 1495s
 59209 38602   16.78037   35   29   23.00000   16.08205  30.1%   227 1500s
 59396 38753   17.09718   50   28   23.00000   16.08242  30.1%   228 1505s
 59591 38905   17.07323   48   25   23.00000   16.08358  30.1%   227 1510s
 59767 39047   16.75942   40   38   23.00000   16.08413  30.1%   227 1515s
 59963 39201   16.63203   39   25   23.00000   16.08416  30.1%   227 1520s
 60022 39250   17.08294   50   25   23.00000   16.08416  30.1%   228 1525s
 60223 39416   16.24249   37   48   23.00000   16.08430  30.1%   228 1530s
 60439 39572   21.05290   63    2   23.00000   16.08449  30.1%   228 1535s
 60600 39683   16.56405   38   28   23.00000   16.08501  30.1%   228 1540s
 60826 39861   17.87044   54   18   23.00000   16.08525  30.1%   228 1545s
 61052 40047   16.65998   37   47   23.00000   16.08562  30.1%   227 1550s
 61195 40158   16.75514   43   27   23.00000   16.08571  30.1%   228 1555s
 61451 40374   16.16020   33   40   23.00000   16.08603  30.1%   228 1560s
 61593 40490   17.02255   40   37   23.00000   16.08606  30.1%   228 1565s
 61775 40646   16.52171   38   39   23.00000   16.08633  30.1%   228 1570s
 61953 40780   18.71992   69   28   23.00000   16.08706  30.1%   228 1575s
 62012 40830   16.52008   34   53   23.00000   16.08707  30.1%   228 1580s
 62063 40881   19.42396   53   16   23.00000   16.08707  30.1%   228 1585s
 62208 40995   17.00000   49   41   23.00000   16.08746  30.1%   228 1590s
 62365 41113   18.19060   58   20   23.00000   16.08775  30.1%   228 1595s
 62573 41279   18.44616   52   16   23.00000   16.08791  30.1%   228 1600s
 62773 41461   17.09407   48   31   23.00000   16.08836  30.1%   228 1605s
 62913 41576   18.39019   68   24   23.00000   16.08868  30.0%   229 1610s
 63076 41699   19.53448   86    9   23.00000   16.08885  30.0%   229 1615s
 63280 41857   19.50535   79    8   23.00000   16.08916  30.0%   229 1620s
 63491 42017   16.19774   34   48   23.00000   16.08936  30.0%   228 1625s
 63640 42140   21.44866   91    7   23.00000   16.08970  30.0%   228 1630s
 63803 42269   19.86159   67   25   23.00000   16.09068  30.0%   229 1635s
 63873 42331   18.38037   50   20   23.00000   16.09074  30.0%   229 1640s
 64004 42444   19.17831   78   10   23.00000   16.09115  30.0%   229 1645s
 64232 42629   16.14469   36   36   23.00000   16.09142  30.0%   229 1650s
 64396 42773   21.20504   74   17   23.00000   16.09184  30.0%   229 1656s
 64526 42868   16.18910   37   41   23.00000   16.09198  30.0%   229 1660s
 64708 43017   20.18196   63   16   23.00000   16.09254  30.0%   229 1665s
 64922 43189   16.29831   38   43   23.00000   16.09296  30.0%   229 1670s
 65057 43304   16.83049   50   24   23.00000   16.09323  30.0%   229 1677s
 65212 43413   16.32697   42   47   23.00000   16.09328  30.0%   229 1680s
 65380 43549   16.50000   34   38   23.00000   16.09380  30.0%   229 1685s
 65557 43698   19.72180   75   11   23.00000   16.09459  30.0%   229 1690s
 65814 43913   18.64463   50   23   23.00000   16.09504  30.0%   229 1695s
 65988 44053   16.56643   41   41   23.00000   16.09552  30.0%   229 1700s
 66182 44206   16.32485   41   39   23.00000   16.09560  30.0%   229 1705s
 66405 44389   18.22443   44   26   23.00000   16.09615  30.0%   229 1710s
 66592 44553   16.48740   45   40   23.00000   16.09657  30.0%   229 1715s
 66714 44642   17.25590   51   18   23.00000   16.09670  30.0%   229 1720s
 66908 44768   16.23781   36   41   23.00000   16.09681  30.0%   229 1725s
 67119 44938   16.81442   52   37   23.00000   16.09696  30.0%   229 1730s
 67325 45114   17.00000   47   41   23.00000   16.09710  30.0%   229 1735s
 67540 45291   21.91796  103    8   23.00000   16.09731  30.0%   229 1740s
 67713 45425   19.00000   49   18   23.00000   16.09753  30.0%   229 1745s
 67878 45551   21.78051   77   11   23.00000   16.09772  30.0%   229 1750s
 68043 45662   16.71201   39   37   23.00000   16.09783  30.0%   229 1755s
 68234 45837   20.06009   67   13   23.00000   16.09795  30.0%   229 1760s
 68367 45944   17.31150   57   24   23.00000   16.09814  30.0%   229 1765s
 68538 46076   16.29057   50   46   23.00000   16.09840  30.0%   229 1770s
 68668 46169   17.27138   50   41   23.00000   16.09888  30.0%   229 1775s
 68885 46325   16.76314   46   26   23.00000   16.09895  30.0%   229 1780s
 69111 46508   17.04395   44   39   23.00000   16.09941  30.0%   229 1785s
 69308 46657   16.15454   41   49   23.00000   16.09979  30.0%   229 1790s
 69513 46806   21.99388   92   17   23.00000   16.10009  30.0%   229 1795s

Cutting planes:
  Gomory: 82
  Cover: 12
  Implied bound: 732
  MIR: 801
  Flow cover: 1087
  Flow path: 24
  Zero half: 23
  Network: 50

Explored 69637 nodes (15975386 simplex iterations) in 1800.01 seconds
Thread count was 1 (of 8 available processors)

Time limit reached
Best objective 2.300000000000e+01, best bound 1.700000000000e+01, gap 26.0870%

Gurobi 6.5.2 (linux64) logging started Mon Jul 24 16:45:44 2017

Changed value of parameter LogFile to data/mip_solutions/furman_sahinidis/transshipment/23sp1_gurobi.log
   Prev: gurobi.log  Default: 
Changed value of parameter Threads to 1
   Prev: 0  Min: 0  Max: 1024  Default: 0
Optimize a model with 603 rows, 3082 columns and 8879 nonzeros
Coefficient statistics:
  Matrix range    [1e+00, 2e+03]
  Objective range [1e+00, 1e+00]
  Bounds range    [1e+00, 1e+00]
  RHS range       [1e+00, 3e+03]
Presolve removed 290 rows and 1910 columns
Presolve time: 0.00s
Presolved: 313 rows, 1172 columns, 3163 nonzeros
Variable types: 1029 continuous, 143 integer (143 binary)

Root relaxation: objective 1.340360e+01, 918 iterations, 0.01 seconds

    Nodes    |    Current Node    |     Objective Bounds      |     Work
 Expl Unexpl |  Obj  Depth IntInf | Incumbent    BestBd   Gap | It/Node Time

     0     0   13.40360    0   17          -   13.40360      -     -    0s
H    0     0                      24.0000000   13.40360  44.2%     -    0s
     0     0   14.26482    0   29   24.00000   14.26482  40.6%     -    0s
     0     0   14.26482    0   30   24.00000   14.26482  40.6%     -    0s
     0     0   14.30005    0   44   24.00000   14.30005  40.4%     -    0s
     0     0   14.31078    0   38   24.00000   14.31078  40.4%     -    0s
     0     0   14.36134    0   39   24.00000   14.36134  40.2%     -    0s
     0     0   14.40933    0   46   24.00000   14.40933  40.0%     -    0s
     0     0   14.49659    0   46   24.00000   14.49659  39.6%     -    0s
     0     0   14.60455    0   39   24.00000   14.60455  39.1%     -    0s
     0     0   14.61264    0   38   24.00000   14.61264  39.1%     -    0s
     0     0   14.62877    0   41   24.00000   14.62877  39.0%     -    0s
     0     0   14.63107    0   41   24.00000   14.63107  39.0%     -    0s
H    0     0                      23.0000000   14.63107  36.4%     -    0s
     0     0   14.63228    0   42   23.00000   14.63228  36.4%     -    0s
     0     0   14.64011    0   39   23.00000   14.64011  36.3%     -    0s
     0     0   14.64109    0   45   23.00000   14.64109  36.3%     -    0s
     0     0   14.64230    0   45   23.00000   14.64230  36.3%     -    0s
     0     0   14.64230    0   41   23.00000   14.64230  36.3%     -    0s
     0     2   14.65039    0   41   23.00000   14.65039  36.3%     -    0s

Cutting planes:
  Gomory: 4
  Cover: 10
  Implied bound: 161
  MIR: 64
  Flow cover: 145
  Flow path: 2
  Network: 9

Explored 351 nodes (35146 simplex iterations) in 2.00 seconds
Thread count was 1 (of 8 available processors)

Time limit reached
Best objective 2.300000000000e+01, best bound 1.500000000000e+01, gap 34.7826%

Gurobi 6.5.2 (linux64) logging started Mon Jul 24 16:58:34 2017

Changed value of parameter LogFile to data/mip_solutions/furman_sahinidis/transshipment/23sp1_gurobi.log
   Prev: gurobi.log  Default: 
Changed value of parameter Threads to 1
   Prev: 0  Min: 0  Max: 1024  Default: 0
Optimize a model with 603 rows, 3082 columns and 8879 nonzeros
Coefficient statistics:
  Matrix range    [1e+00, 2e+03]
  Objective range [1e+00, 1e+00]
  Bounds range    [1e+00, 1e+00]
  RHS range       [1e+00, 3e+03]
Presolve removed 290 rows and 1910 columns
Presolve time: 0.00s
Presolved: 313 rows, 1172 columns, 3163 nonzeros
Variable types: 1029 continuous, 143 integer (143 binary)

Root relaxation: objective 1.340360e+01, 918 iterations, 0.01 seconds

    Nodes    |    Current Node    |     Objective Bounds      |     Work
 Expl Unexpl |  Obj  Depth IntInf | Incumbent    BestBd   Gap | It/Node Time

     0     0   13.40360    0   17          -   13.40360      -     -    0s
H    0     0                      24.0000000   13.40360  44.2%     -    0s
     0     0   14.26482    0   29   24.00000   14.26482  40.6%     -    0s
     0     0   14.26482    0   30   24.00000   14.26482  40.6%     -    0s
     0     0   14.30005    0   44   24.00000   14.30005  40.4%     -    0s
     0     0   14.31078    0   38   24.00000   14.31078  40.4%     -    0s
     0     0   14.36134    0   39   24.00000   14.36134  40.2%     -    0s
     0     0   14.40933    0   46   24.00000   14.40933  40.0%     -    0s
     0     0   14.49659    0   46   24.00000   14.49659  39.6%     -    0s
     0     0   14.60455    0   39   24.00000   14.60455  39.1%     -    0s
     0     0   14.61264    0   38   24.00000   14.61264  39.1%     -    0s
     0     0   14.62877    0   41   24.00000   14.62877  39.0%     -    0s
     0     0   14.63107    0   41   24.00000   14.63107  39.0%     -    0s
H    0     0                      23.0000000   14.63107  36.4%     -    0s
     0     0   14.63228    0   42   23.00000   14.63228  36.4%     -    0s
     0     0   14.64011    0   39   23.00000   14.64011  36.3%     -    0s
     0     0   14.64109    0   45   23.00000   14.64109  36.3%     -    0s
     0     0   14.64230    0   45   23.00000   14.64230  36.3%     -    0s
     0     0   14.64230    0   41   23.00000   14.64230  36.3%     -    0s
     0     2   14.65039    0   41   23.00000   14.65039  36.3%     -    0s

Cutting planes:
  Gomory: 4
  Cover: 11
  Implied bound: 215
  MIR: 76
  Flow cover: 184
  Flow path: 4
  Network: 12

Explored 510 nodes (52034 simplex iterations) in 3.00 seconds
Thread count was 1 (of 8 available processors)

Time limit reached
Best objective 2.300000000000e+01, best bound 1.500000000000e+01, gap 34.7826%

Gurobi 6.5.2 (linux64) logging started Wed Jul 26 14:33:06 2017

Changed value of parameter LogFile to data/mip_solutions/furman_sahinidis/transshipment/23sp1_gurobi.log
   Prev: gurobi.log  Default: 
Changed value of parameter Threads to 1
   Prev: 0  Min: 0  Max: 1024  Default: 0
Optimize a model with 603 rows, 3082 columns and 8879 nonzeros
Coefficient statistics:
  Matrix range    [1e+00, 2e+03]
  Objective range [1e+00, 1e+00]
  Bounds range    [1e+00, 1e+00]
  RHS range       [1e+00, 3e+03]
Presolve removed 290 rows and 1910 columns
Presolve time: 0.01s
Presolved: 313 rows, 1172 columns, 3163 nonzeros
Variable types: 1029 continuous, 143 integer (143 binary)

Root relaxation: objective 1.340360e+01, 918 iterations, 0.01 seconds

    Nodes    |    Current Node    |     Objective Bounds      |     Work
 Expl Unexpl |  Obj  Depth IntInf | Incumbent    BestBd   Gap | It/Node Time

     0     0   13.40360    0   17          -   13.40360      -     -    0s
H    0     0                      24.0000000   13.40360  44.2%     -    0s
     0     0   14.26482    0   29   24.00000   14.26482  40.6%     -    0s
     0     0   14.26482    0   30   24.00000   14.26482  40.6%     -    0s
     0     0   14.30005    0   44   24.00000   14.30005  40.4%     -    0s
     0     0   14.31078    0   38   24.00000   14.31078  40.4%     -    0s
     0     0   14.36134    0   39   24.00000   14.36134  40.2%     -    0s
     0     0   14.40933    0   46   24.00000   14.40933  40.0%     -    0s
     0     0   14.49659    0   46   24.00000   14.49659  39.6%     -    0s
     0     0   14.60455    0   39   24.00000   14.60455  39.1%     -    0s
     0     0   14.61264    0   38   24.00000   14.61264  39.1%     -    0s
     0     0   14.62877    0   41   24.00000   14.62877  39.0%     -    0s
     0     0   14.63107    0   41   24.00000   14.63107  39.0%     -    0s
H    0     0                      23.0000000   14.63107  36.4%     -    0s
     0     0   14.63228    0   42   23.00000   14.63228  36.4%     -    0s
     0     0   14.64011    0   39   23.00000   14.64011  36.3%     -    0s
     0     0   14.64109    0   45   23.00000   14.64109  36.3%     -    0s
     0     0   14.64230    0   45   23.00000   14.64230  36.3%     -    0s
     0     0   14.64230    0   41   23.00000   14.64230  36.3%     -    0s
     0     2   14.65039    0   41   23.00000   14.65039  36.3%     -    0s
   548   479   16.79683   50   54   23.00000   14.88584  35.3%  81.4    5s
   898   679   15.42760   20   37   23.00000   14.95283  35.0%   136   10s
  1230   857   15.08972   20   42   23.00000   14.96679  34.9%   156   15s
  1871  1148   15.33196   15   72   23.00000   15.06653  34.5%   153   20s
  2274  1445   16.00538   21   44   23.00000   15.09129  34.4%   161   25s
  2782  1878   15.91537   31   36   23.00000   15.11396  34.3%   159   30s
  3282  2308   15.36662   22   48   23.00000   15.13144  34.2%   159   35s
  3670  2628   18.43909   52   12   23.00000   15.15603  34.1%   162   40s
  4148  3039   15.79701   29   42   23.00000   15.16121  34.1%   163   45s
  4512  3325   20.19546   68   18   23.00000   15.16586  34.1%   165   50s
  4985  3716   20.00000   67    6   23.00000   15.17778  34.0%   165   55s
  5634  4209   15.34819   24   38   23.00000   15.19322  33.9%   161   60s
  6101  4596   19.63532   75   14   23.00000   15.21097  33.9%   161   65s
  6623  5015   15.52349   21   46   23.00000   15.22412  33.8%   159   70s
  7157  5464   17.55479   52   18   23.00000   15.23857  33.7%   158   75s
  7705  5895   15.89463   38   21   23.00000   15.25069  33.7%   158   80s
  8321  6409   15.51923   13   42   23.00000   15.26168  33.6%   156   85s
  8957  6938   16.56166   36   20   23.00000   15.26475  33.6%   155   90s
  9666  7478   17.70883   57   19   23.00000   15.27511  33.6%   154   95s
 10203  7929   16.67589   52   41   23.00000   15.28056  33.6%   152  107s
 10224  7943   15.57820   30   58   23.00000   15.28056  33.6%   152  110s
 10252  7962   20.56184   64   73   23.00000   15.28056  33.6%   151  115s
 10280  7980   20.05043   75   63   23.00000   15.28056  33.6%   151  120s
 10307  7998   20.56791   77   64   23.00000   15.30588  33.5%   150  125s
 10336  8018   17.38812   42   69   23.00000   15.40032  33.0%   150  130s
 10358  8032   17.90166   50   80   23.00000   15.52065  32.5%   150  135s
 10380  8047   20.05043   75   68   23.00000   15.59452  32.2%   149  140s
 10404  8063   15.63975   30   69   23.00000   15.63975  32.0%   149  145s
 10415  8072   15.92047   27   50   23.00000   15.64219  32.0%   164  150s
 10568  8152   21.52166  104    4   23.00000   15.64219  32.0%   164  155s
 10649  8199   17.49087   62   19   23.00000   15.64946  32.0%   165  160s
 10754  8254   16.08648   26   65   23.00000   15.70201  31.7%   165  165s
 10900  8337   16.08872   32   74   23.00000   15.70201  31.7%   166  170s
 11097  8439   16.27410   46   47   23.00000   15.70346  31.7%   168  175s
 11523  8620   16.98692   49   37   23.00000   15.70796  31.7%   168  180s
 11833  8762   19.08396   84   12   23.00000   15.73848  31.6%   169  185s
 12039  8833   15.79308   31   61   23.00000   15.74167  31.6%   171  190s
 12369  9011   19.77049  102    4   23.00000   15.76645  31.5%   172  195s
 12599  9109   16.05621   29   43   23.00000   15.77461  31.4%   173  200s
 12761  9192   17.14323   48   27   23.00000   15.78710  31.4%   175  205s
 13055  9354   16.71951   35   44   23.00000   15.78961  31.3%   174  210s
 13201  9426   19.59097   72   17   23.00000   15.79277  31.3%   176  215s
 13464  9518   15.88675   34   45   23.00000   15.79668  31.3%   177  220s
 13734  9648   16.91382   53   32   23.00000   15.80124  31.3%   177  225s
 13938  9745   16.11072   30   44   23.00000   15.80255  31.3%   178  230s
 14093  9831   17.67497   43   30   23.00000   15.80717  31.3%   180  235s
 14252  9899   19.50299   65   15   23.00000   15.80839  31.3%   181  240s
 14480 10008 infeasible   59        23.00000   15.81083  31.3%   182  245s
 14769 10146   16.29035   39   41   23.00000   15.81570  31.2%   182  250s
 14923 10223   16.48131   42   44   23.00000   15.82526  31.2%   183  255s
 15106 10314   16.66538   37   43   23.00000   15.82838  31.2%   184  260s
 15290 10387   17.09648   53   26   23.00000   15.82909  31.2%   185  265s
 15476 10485   16.10318   38   59   23.00000   15.83104  31.2%   185  275s
 15592 10547   17.82877   58   19   23.00000   15.83300  31.2%   187  280s
 15844 10681   18.41068   54   23   23.00000   15.83679  31.1%   188  285s
 16009 10765   17.12351   56   24   23.00000   15.84132  31.1%   189  290s
 16209 10873   21.00000   62    3   23.00000   15.84520  31.1%   191  295s
 16337 10918   19.59135   75   19   23.00000   15.84540  31.1%   192  300s
 16499 11002   19.05654   72   23   23.00000   15.84660  31.1%   193  305s
 16706 11108   18.41494   76   22   23.00000   15.84841  31.1%   194  310s
 16951 11226   16.74057   49   39   23.00000   15.85678  31.1%   194  315s
 17046 11282   17.38629   49   25   23.00000   15.85697  31.1%   196  320s
 17301 11423   16.54309   40   38   23.00000   15.86005  31.0%   196  325s
 17492 11503   16.22085   40   59   23.00000   15.86269  31.0%   197  330s
 17638 11585   18.99787   62   24   23.00000   15.86307  31.0%   197  335s
 17813 11660   18.53374   60   21   23.00000   15.86442  31.0%   198  340s
 18068 11780   16.75194   47   26   23.00000   15.86838  31.0%   198  345s
 18333 11889   15.87691   33   59   23.00000   15.87287  31.0%   198  350s
 18507 11973   16.88470   36   34   23.00000   15.87353  31.0%   198  355s
 18652 12054   16.66293   51   28   23.00000   15.87533  31.0%   199  360s
 18826 12139   16.85085   50   26   23.00000   15.87753  31.0%   200  365s
 19079 12269   16.50876   49   41   23.00000   15.87945  31.0%   200  370s
 19273 12363   16.47247   45   37   23.00000   15.88281  30.9%   200  375s
 19371 12404   16.51056   49   40   23.00000   15.88282  30.9%   201  380s
 19606 12524   20.92125   74   15   23.00000   15.88572  30.9%   201  385s
 19704 12569   17.20860   45   19   23.00000   15.88618  30.9%   202  390s
 19949 12690   16.69413   41   28   23.00000   15.88711  30.9%   202  395s
 20029 12732   16.87301   41   32   23.00000   15.88741  30.9%   203  400s
 20190 12807   16.35692   43   45   23.00000   15.88772  30.9%   204  405s
 20372 12886   18.52611   63   19   23.00000   15.89010  30.9%   204  410s
 20547 12963   21.01310   85   12   23.00000   15.89085  30.9%   205  415s
 20694 13026   18.51799   52   19   23.00000   15.89261  30.9%   205  420s
 20939 13115   19.40906   71   16   23.00000   15.89508  30.9%   205  425s
 21184 13213   16.47322   41   45   23.00000   15.89779  30.9%   205  430s
 21362 13285   16.51012   42   42   23.00000   15.90151  30.9%   206  435s
 21481 13357   20.25774   68   14   23.00000   15.90373  30.9%   207  440s
 21691 13455   16.06724   33   52   23.00000   15.90581  30.8%   207  445s
 21812 13515   16.67853   26   50   23.00000   15.90796  30.8%   208  450s
 21971 13587   17.75194   42   26   23.00000   15.91094  30.8%   208  455s
 22104 13648   17.77588   63   25   23.00000   15.91368  30.8%   209  460s
 22203 13696   18.34771   66   14   23.00000   15.91395  30.8%   209  465s
 22437 13805   16.15761   36   41   23.00000   15.91650  30.8%   209  470s
 22596 13892   17.91178   61   25   23.00000   15.91996  30.8%   209  475s
 22754 13970   20.09113   92    3   23.00000   15.92047  30.8%   209  480s
 22963 14091   20.86270   84    3   23.00000   15.92047  30.8%   210  485s
 23107 14156   18.55908   67    7   23.00000   15.92475  30.8%   210  490s
 23288 14227     cutoff   62        23.00000   15.92513  30.8%   210  495s
 23468 14313   17.64170   55   30   23.00000   15.92889  30.7%   211  500s
 23663 14390   16.49341   49   41   23.00000   15.93114  30.7%   211  505s
 23839 14463   16.27934   45   40   23.00000   15.93533  30.7%   211  510s
 23979 14547   16.65130   42   39   23.00000   15.93534  30.7%   211  515s
 24156 14627   15.96880   34   53   23.00000   15.93645  30.7%   212  520s
 24312 14687   16.22432   31   49   23.00000   15.93774  30.7%   212  525s
 24400 14746   19.31019   75    4   23.00000   15.93774  30.7%   213  530s
 24636 14836   21.59231   92    6   23.00000   15.93934  30.7%   213  535s
 24729 14874   17.61605   47   24   23.00000   15.94212  30.7%   213  540s
 24888 14951   16.33176   39   29   23.00000   15.94372  30.7%   214  545s
 25101 15044   17.78087   38   24   23.00000   15.94639  30.7%   214  550s
 25227 15083   16.87200   48   32   23.00000   15.94730  30.7%   214  555s
 25384 15164   21.33086   76   19   23.00000   15.94882  30.7%   214  560s
 25550 15239   16.21844   36   43   23.00000   15.94969  30.7%   215  565s
 25665 15292   16.30342   39   38   23.00000   15.95107  30.6%   215  570s
 25838 15367   16.43069   41   39   23.00000   15.95232  30.6%   215  575s
 26045 15467   16.43967   41   49   23.00000   15.95268  30.6%   215  580s
 26132 15509   16.39280   36   35   23.00000   15.95279  30.6%   216  585s
 26285 15576   16.10257   41   59   23.00000   15.95458  30.6%   216  590s
 26427 15651   17.09989   38   26   23.00000   15.95458  30.6%   217  595s
 26559 15712   16.19977   37   52   23.00000   15.95499  30.6%   217  600s
 26735 15789     cutoff   85        23.00000   15.95655  30.6%   217  605s
 26862 15847   16.55808   37   40   23.00000   15.95674  30.6%   217  610s
 26971 15900   16.70782   35   40   23.00000   15.95744  30.6%   218  615s
 27069 15937     cutoff   80        23.00000   15.95744  30.6%   218  620s
 27227 16014   19.21274   71   18   23.00000   15.95979  30.6%   219  625s
 27452 16117   16.35110   36   57   23.00000   15.96288  30.6%   219  630s
 27655 16204   18.96296   79   14   23.00000   15.96359  30.6%   219  635s
 27883 16303   16.76418   45   20   23.00000   15.96464  30.6%   219  640s
 28038 16388   18.25000   53   18   23.00000   15.96516  30.6%   219  645s
 28186 16446   17.54258   53   18   23.00000   15.96708  30.6%   220  650s
 28405 16542   16.32185   31   50   23.00000   15.96853  30.6%   220  655s
 28526 16614   18.91832   62   11   23.00000   15.96880  30.6%   220  660s
 28733 16716   17.05243   50   32   23.00000   15.96927  30.6%   220  665s
 28943 16822   16.33066   34   36   23.00000   15.96987  30.6%   220  670s
 29041 16863   16.72748   45   37   23.00000   15.97038  30.6%   221  675s
 29209 16937   17.38516   67   18   23.00000   15.97120  30.6%   221  680s
 29439 17036   17.71218   71   17   23.00000   15.97182  30.6%   221  685s
 29686 17161   17.53055   59   22   23.00000   15.97226  30.6%   221  690s
 29876 17253   16.56940   50   37   23.00000   15.97347  30.6%   221  695s
 30017 17315   21.57569   75    8   23.00000   15.97382  30.5%   221  700s
 30248 17393 infeasible  101        23.00000   15.97412  30.5%   221  705s
 30434 17485   17.95257   64    8   23.00000   15.97524  30.5%   221  710s
 30644 17594   18.32727   76   13   23.00000   15.97643  30.5%   221  715s
 30836 17675   16.16797   37   50   23.00000   15.97842  30.5%   222  720s
 30928 17728   17.00000   44   35   23.00000   15.97912  30.5%   222  725s
 31058 17810   21.20903   76   16   23.00000   15.97912  30.5%   223  730s
 31252 17870   16.36999   44   28   23.00000   15.98024  30.5%   223  735s
 31460 17977   16.74708   54   30   23.00000   15.98040  30.5%   223  740s
 31635 18048   17.83012   57   21   23.00000   15.98244  30.5%   223  745s
 31819 18131   16.23970   38   36   23.00000   15.98454  30.5%   223  750s
 31956 18200   17.26037   56   17   23.00000   15.98511  30.5%   223  755s
 32155 18303   19.36488   71   20   23.00000   15.98576  30.5%   223  760s
 32390 18416   19.54298   76   13   23.00000   15.98727  30.5%   223  765s
 32602 18512   16.07077   34   44   23.00000   15.98936  30.5%   223  770s
 32741 18573   16.29500   38   47   23.00000   15.99062  30.5%   224  775s
 32860 18639   18.51113   55   18   23.00000   15.99088  30.5%   224  780s
 33066 18751   17.78878   53   16   23.00000   15.99171  30.5%   224  785s
 33288 18850   16.99374   52   32   23.00000   15.99430  30.5%   224  790s
 33543 18978   17.94859   59   19   23.00000   15.99646  30.5%   224  795s
 33799 19095   17.28680   55   14   23.00000   15.99713  30.4%   223  800s
 33931 19153   18.56713   57   21   23.00000   15.99800  30.4%   224  805s
 34136 19248   19.17662   62   17   23.00000   15.99814  30.4%   224  810s
 34309 19337   18.56942   62   25   23.00000   15.99867  30.4%   224  815s
 34511 19427   18.44737   50   28   23.00000   16.00000  30.4%   224  820s
 34654 19515   16.51649   30   46   23.00000   16.00000  30.4%   224  825s
 34741 19580   21.16032   81    7   23.00000   16.00000  30.4%   225  830s
 34755 19590   17.00000   39   34   23.00000   16.00000  30.4%   225  835s
 34866 19675   16.07386   36   55   23.00000   16.00000  30.4%   226  840s
 34961 19752   16.23550   30   55   23.00000   16.00000  30.4%   226  845s
 35056 19831   18.11313   49   35   23.00000   16.00000  30.4%   227  850s
 35182 19935   16.64504   44   42   23.00000   16.00018  30.4%   227  855s
 35334 20061   17.04884   49   33   23.00000   16.00148  30.4%   227  860s
 35494 20185   16.37823   37   41   23.00000   16.00257  30.4%   227  865s
 35621 20294   21.75772  102   12   23.00000   16.00287  30.4%   227  870s
 35810 20450   16.65012   33   33   23.00000   16.00550  30.4%   227  875s
 35929 20543   16.09636   37   55   23.00000   16.00613  30.4%   228  880s
 36066 20648   16.46972   40   36   23.00000   16.00630  30.4%   228  885s
 36205 20761   19.02096   66   21   23.00000   16.00651  30.4%   228  890s
 36443 20955   16.46932   39   28   23.00000   16.00708  30.4%   228  895s
 36634 21100   16.39288   44   42   23.00000   16.00792  30.4%   228  900s
 36828 21239   16.21168   46   48   23.00000   16.00837  30.4%   228  905s
 37011 21394   16.44925   40   36   23.00000   16.00930  30.4%   228  910s
 37153 21495   16.58056   40   40   23.00000   16.00932  30.4%   228  915s
 37331 21633   17.98007   47   28   23.00000   16.01115  30.4%   228  920s
 37534 21790   18.88555   70   32   23.00000   16.01153  30.4%   228  925s
 37735 21928   17.23608   51   31   23.00000   16.01251  30.4%   228  930s
 37928 22101   16.87098   41   31   23.00000   16.01279  30.4%   228  935s
 38105 22198   16.79145   41   37   23.00000   16.01308  30.4%   229  940s
 38294 22352   17.18168   43   29   23.00000   16.01466  30.4%   229  945s
 38461 22499   18.58817   62    7   23.00000   16.01487  30.4%   229  950s
 38639 22633   17.39767   52   29   23.00000   16.01693  30.4%   229  955s
 38883 22835   17.46569   61   30   23.00000   16.01837  30.4%   229  960s
 39065 22981   16.24849   43   50   23.00000   16.01852  30.4%   229  965s
 39251 23120   17.03898   51   34   23.00000   16.02028  30.3%   229  970s
 39416 23251   16.17406   40   37   23.00000   16.02060  30.3%   229  975s
 39647 23447   17.95820   65   21   23.00000   16.02086  30.3%   229  980s
 39704 23490   16.11040   37   44   23.00000   16.02090  30.3%   229  985s
 39851 23603     cutoff   90        23.00000   16.02155  30.3%   229  990s
 39978 23696   18.20779   62   16   23.00000   16.02191  30.3%   229  995s
 40196 23882   17.65805   55   25   23.00000   16.02220  30.3%   229 1000s
 40367 24021   18.44639   59   15   23.00000   16.02304  30.3%   229 1005s
 40611 24221   19.65621   75   18   23.00000   16.02367  30.3%   229 1010s
 40777 24351   19.32510   54   15   23.00000   16.02420  30.3%   229 1015s
 40913 24450   19.96360   63   23   23.00000   16.02456  30.3%   229 1020s
 41131 24629   21.82235   84    6   23.00000   16.02627  30.3%   229 1025s
 41354 24819   18.05495   68   31   23.00000   16.02676  30.3%   229 1030s
 41573 24971   16.99748   48   31   23.00000   16.02759  30.3%   229 1035s
 41779 25122   21.71689   68    8   23.00000   16.02817  30.3%   229 1040s
 41973 25257   16.49222   36   52   23.00000   16.02921  30.3%   229 1045s
 42161 25405   17.14569   52   31   23.00000   16.02933  30.3%   229 1050s
 42459 25659   17.95263   59   20   23.00000   16.03064  30.3%   229 1055s
 42655 25811   18.24024   44   18   23.00000   16.03095  30.3%   229 1060s
 42783 25919   17.49249   51   24   23.00000   16.03149  30.3%   229 1065s
 42945 26047   18.00000   61   10   23.00000   16.03215  30.3%   229 1070s
 43176 26210   18.10701   57   29   23.00000   16.03336  30.3%   229 1075s
 43306 26314   17.00153   62   37   23.00000   16.03360  30.3%   229 1080s
 43501 26481   21.14434   96    6   23.00000   16.03401  30.3%   229 1085s
 43691 26630   21.93734   78   14   23.00000   16.03455  30.3%   229 1090s
 43895 26780   16.27531   39   41   23.00000   16.03562  30.3%   229 1095s
 44099 26943   16.64293   44   31   23.00000   16.03652  30.3%   229 1100s
 44267 27092   16.55115   37   24   23.00000   16.03698  30.3%   229 1105s
 44355 27152   17.50438   46   34   23.00000   16.03709  30.3%   229 1110s
 44527 27294   18.08056   46   23   23.00000   16.03740  30.3%   229 1115s
 44677 27416   19.03034   67   20   23.00000   16.03779  30.3%   230 1120s
 44771 27472   16.37107   36   42   23.00000   16.03844  30.3%   230 1128s
 44825 27518   21.41695   85    7   23.00000   16.03844  30.3%   229 1130s
 45079 27720   20.13416   80   19   23.00000   16.03974  30.3%   229 1135s
 45365 27946   16.18966   38   52   23.00000   16.04140  30.3%   229 1140s
 45510 28067   16.76102   44   21   23.00000   16.04231  30.3%   229 1145s
 45718 28233   16.20158   34   34   23.00000   16.04349  30.2%   229 1150s
 45910 28385   17.11181   49   28   23.00000   16.04400  30.2%   229 1155s
 46189 28602   19.46472   77   24   23.00000   16.04430  30.2%   229 1160s
 46459 28765   16.86652   46   31   23.00000   16.04594  30.2%   228 1165s
 46618 28870   16.37296   29   37   23.00000   16.04642  30.2%   229 1170s
 46806 29023   16.38996   39   43   23.00000   16.04673  30.2%   229 1175s
 46953 29143   17.12495   55   27   23.00000   16.04741  30.2%   229 1180s
 47124 29284   17.66586   52   36   23.00000   16.04768  30.2%   229 1185s
 47329 29433   16.18761   34   47   23.00000   16.04889  30.2%   229 1190s
 47476 29546   18.59445   44   27   23.00000   16.04933  30.2%   229 1195s
 47648 29654   17.60466   50   21   23.00000   16.04999  30.2%   229 1200s
 47856 29826   17.43261   46   31   23.00000   16.05095  30.2%   229 1205s
 48064 29982   17.26934   40   37   23.00000   16.05110  30.2%   229 1210s
 48274 30140   16.67339   41   34   23.00000   16.05308  30.2%   229 1215s
 48436 30248   16.78198   37   27   23.00000   16.05327  30.2%   229 1220s
 48627 30400   18.00000   43   13   23.00000   16.05335  30.2%   229 1225s
 48833 30558   17.00000   44   25   23.00000   16.05370  30.2%   229 1230s
 49031 30711   17.24939   60   32   23.00000   16.05429  30.2%   229 1235s
 49216 30848   16.72482   40   20   23.00000   16.05590  30.2%   229 1240s
 49397 31001   16.62432   52   44   23.00000   16.05641  30.2%   229 1245s
 49613 31169   18.19708   65   30   23.00000   16.05652  30.2%   229 1250s
 49730 31263   18.02419   51   21   23.00000   16.05700  30.2%   229 1255s
 49855 31354   16.28219   42   44   23.00000   16.05816  30.2%   229 1260s
 50170 31590   16.77094   46   25   23.00000   16.06003  30.2%   229 1265s
 50315 31715   18.31975   52   17   23.00000   16.06032  30.2%   229 1270s
 50538 31877   16.21999   34   41   23.00000   16.06092  30.2%   229 1275s
 50771 32059   16.81224   55   29   23.00000   16.06127  30.2%   229 1280s
 50948 32201   16.32264   41   46   23.00000   16.06138  30.2%   229 1285s
 51170 32379     cutoff   84        23.00000   16.06163  30.2%   229 1290s
 51323 32471   21.89580   80   18   23.00000   16.06199  30.2%   229 1295s
 51569 32658   17.47139   52   28   23.00000   16.06243  30.2%   229 1300s
 51809 32854   17.36879   54   21   23.00000   16.06321  30.2%   229 1305s
 52033 33037   18.64024   89   18   23.00000   16.06366  30.2%   228 1310s
 52179 33141   16.49534   44   41   23.00000   16.06417  30.2%   228 1315s
 52395 33296   16.66089   35   53   23.00000   16.06543  30.2%   228 1320s
 52514 33405   18.53769   51   20   23.00000   16.06580  30.1%   228 1325s
 52747 33583   17.01293   45   28   23.00000   16.06608  30.1%   228 1330s
 52947 33751   16.40841   44   43   23.00000   16.06677  30.1%   228 1335s
 53103 33879   16.20231   46   38   23.00000   16.06724  30.1%   228 1340s
 53246 34008     cutoff   78        23.00000   16.06724  30.1%   229 1345s
 53414 34120   17.35404   74   16   23.00000   16.06769  30.1%   229 1350s
 53642 34306   20.63407   78   24   23.00000   16.06789  30.1%   228 1355s
 53878 34488   18.14068   61   27   23.00000   16.06867  30.1%   228 1360s
 54030 34600   17.36196   45   23   23.00000   16.06956  30.1%   228 1365s
 54231 34747   16.77305   48   30   23.00000   16.06987  30.1%   228 1370s
 54431 34917   19.87855   74   16   23.00000   16.07032  30.1%   229 1375s
 54645 35085   16.20725   35   37   23.00000   16.07134  30.1%   228 1380s
 54865 35248   17.71947   59   27   23.00000   16.07148  30.1%   228 1385s
 54915 35284   16.29015   37   51   23.00000   16.07153  30.1%   228 1390s
 55145 35450   17.61771   59   28   23.00000   16.07192  30.1%   228 1395s
 55271 35548   16.14806   30   60   23.00000   16.07203  30.1%   228 1400s
 55458 35701   19.59434   70   13   23.00000   16.07241  30.1%   228 1405s
 55574 35800   19.34903   80   10   23.00000   16.07341  30.1%   228 1410s
 55831 35996   17.82214   56   24   23.00000   16.07524  30.1%   228 1415s
 56096 36204   16.15273   37   48   23.00000   16.07610  30.1%   228 1420s
 56243 36307   18.40972   59   23   23.00000   16.07626  30.1%   228 1425s
 56445 36462   16.78607   44   36   23.00000   16.07668  30.1%   228 1430s
 56603 36594   17.47188   45   26   23.00000   16.07718  30.1%   228 1435s
 56858 36811   19.52297   68    8   23.00000   16.07725  30.1%   228 1440s
 57082 36993   16.16877   36   48   23.00000   16.07833  30.1%   228 1445s
 57241 37120   18.24345   53   28   23.00000   16.07876  30.1%   228 1450s
 57421 37243   17.01194   46   27   23.00000   16.07915  30.1%   228 1455s
 57618 37401   18.34813   59   12   23.00000   16.07922  30.1%   228 1460s
 57914 37630   16.29700   35   38   23.00000   16.07935  30.1%   228 1465s
 58119 37778   17.13346   38   29   23.00000   16.07969  30.1%   228 1470s
 58279 37876   16.85732   45   29   23.00000   16.07996  30.1%   228 1475s
 58476 38039   20.02849   71   14   23.00000   16.08015  30.1%   228 1480s
 58655 38166   17.00000   44   36   23.00000   16.08047  30.1%   228 1485s
 58851 38330   20.44260   76   11   23.00000   16.08060  30.1%   228 1490s
 59068 38491   16.11535   28   44   23.00000   16.08175  30.1%   227 1495s
 59234 38627   17.84981   49   21   23.00000   16.08205  30.1%   228 1500s
 59457 38800   16.41828   39   42   23.00000   16.08285  30.1%   227 1505s
 59645 38945   17.14971   48   33   23.00000   16.08397  30.1%   227 1510s
 59782 39062   18.00559   47   29   23.00000   16.08413  30.1%   227 1515s
 59986 39224   19.29148   62   22   23.00000   16.08416  30.1%   227 1522s
 60045 39273   18.36051   62   21   23.00000   16.08416  30.1%   228 1525s
 60254 39447   19.22693   68   17   23.00000   16.08430  30.1%   228 1530s
 60468 39573   16.14573   28   49   23.00000   16.08457  30.1%   228 1535s
 60642 39721   20.75172   78   16   23.00000   16.08501  30.1%   228 1540s
 60861 39896   19.43776   79    8   23.00000   16.08525  30.1%   228 1545s
 61059 40054   17.24131   40   36   23.00000   16.08562  30.1%   228 1550s
 61205 40168   18.11123   53   19   23.00000   16.08571  30.1%   228 1555s
 61456 40379   16.24232   38   45   23.00000   16.08603  30.1%   228 1560s
 61600 40497   16.99672   46   31   23.00000   16.08606  30.1%   228 1565s
 61777 40648   16.80227   40   38   23.00000   16.08633  30.1%   228 1570s
 61980 40798   16.15738   27   62   23.00000   16.08707  30.1%   228 1575s
 62014 40832   16.66182   35   42   23.00000   16.08707  30.1%   228 1580s
 62063 40881   19.42396   53   16   23.00000   16.08707  30.1%   228 1585s
 62208 40995   17.00000   49   41   23.00000   16.08746  30.1%   228 1590s
 62364 41112   18.09441   57   20   23.00000   16.08775  30.1%   228 1595s
 62571 41277   18.56804   51   14   23.00000   16.08791  30.1%   228 1600s
 62771 41459   16.83394   46   30   23.00000   16.08836  30.1%   228 1605s
 62905 41568   17.55318   60   34   23.00000   16.08868  30.0%   229 1610s
 63053 41676   18.14824   63   22   23.00000   16.08885  30.0%   229 1615s
 63250 41827   18.01040   61   16   23.00000   16.08916  30.0%   229 1620s
 63489 42015   16.13188   32   53   23.00000   16.08936  30.0%   228 1625s
 63601 42101   17.85449   52   20   23.00000   16.08970  30.0%   229 1630s
 63783 42249   16.88770   47   29   23.00000   16.09068  30.0%   229 1635s
 63855 42313   17.21141   43   26   23.00000   16.09074  30.0%   229 1640s
 63968 42408   17.92527   60   13   23.00000   16.09115  30.0%   229 1645s
 64174 42585   17.19769   54   26   23.00000   16.09137  30.0%   229 1650s
 64396 42773   21.20504   74   17   23.00000   16.09184  30.0%   229 1656s
 64482 42837   16.79335   43   24   23.00000   16.09194  30.0%   229 1660s
 64691 43000   16.82137   46   28   23.00000   16.09254  30.0%   229 1665s
 64886 43169   18.52449   70   19   23.00000   16.09264  30.0%   229 1670s
 65057 43304   16.83049   50   24   23.00000   16.09323  30.0%   229 1678s
 65166 43390   19.46208   84   10   23.00000   16.09327  30.0%   229 1680s
 65337 43522   19.28052   75   10   23.00000   16.09378  30.0%   229 1685s
 65520 43661   16.56474   38   47   23.00000   16.09459  30.0%   229 1690s
 65766 43887   19.10926   80   18   23.00000   16.09469  30.0%   229 1695s
 65934 44010   18.16750   61   25   23.00000   16.09551  30.0%   229 1700s
 66130 44164   17.32513   65   29   23.00000   16.09556  30.0%   229 1705s
 66359 44355   20.81837  100    4   23.00000   16.09584  30.0%   229 1710s
 66564 44533   17.89813   70   28   23.00000   16.09629  30.0%   229 1715s
 66697 44625   16.90052   44   31   23.00000   16.09670  30.0%   229 1720s
 66851 44735   16.91981   53   32   23.00000   16.09677  30.0%   229 1725s
 67096 44922   21.16751   87   15   23.00000   16.09693  30.0%   229 1730s
 67247 45048   18.33314   78   18   23.00000   16.09705  30.0%   229 1735s
 67469 45226   16.18727   35   40   23.00000   16.09731  30.0%   229 1740s
 67692 45404   16.90936   39   38   23.00000   16.09753  30.0%   229 1745s
 67840 45513   16.78770   39   44   23.00000   16.09772  30.0%   229 1750s
 68037 45656   16.37807   34   51   23.00000   16.09783  30.0%   229 1756s
 68188 45791   17.41635   44   21   23.00000   16.09795  30.0%   229 1760s
 68341 45918   16.16752   31   52   23.00000   16.09814  30.0%   229 1765s
 68480 46029   16.24213   43   38   23.00000   16.09831  30.0%   229 1770s
 68659 46160   17.03712   47   43   23.00000   16.09888  30.0%   229 1776s
 68809 46265   16.54080   42   35   23.00000   16.09892  30.0%   229 1780s
 69036 46458   21.53566   80    7   23.00000   16.09896  30.0%   229 1785s
 69211 46594   20.58163   85    7   23.00000   16.09952  30.0%   229 1790s
 69408 46731   17.60152   58   22   23.00000   16.09997  30.0%   229 1795s
 69554 46845   17.72482   52   19   23.00000   16.10026  30.0%   229 1800s

Cutting planes:
  Gomory: 82
  Cover: 12
  Implied bound: 732
  MIR: 801
  Flow cover: 1087
  Flow path: 24
  Zero half: 23
  Network: 50

Explored 69555 nodes (15954636 simplex iterations) in 1800.01 seconds
Thread count was 1 (of 8 available processors)

Time limit reached
Best objective 2.300000000000e+01, best bound 1.700000000000e+01, gap 26.0870%
