
Gurobi 6.5.2 (linux64) logging started Thu Jan 25 18:05:10 2018

Changed value of parameter LogFile to data/mip_solutions/furman_sahinidis/reduced_transportation/20sp1_gurobi.log
   Prev: gurobi.log  Default: 
Changed value of parameter Threads to 1
   Prev: 0  Min: 0  Max: 1024  Default: 0
Optimize a model with 532 rows, 23212 columns and 69504 nonzeros
Coefficient statistics:
  Matrix range    [1e+00, 3e+03]
  Objective range [1e+00, 1e+00]
  Bounds range    [1e+00, 1e+00]
  RHS range       [1e+00, 3e+03]
Found heuristic solution: objective 44
Presolve removed 379 rows and 22424 columns
Presolve time: 0.01s
Presolved: 153 rows, 788 columns, 2180 nonzeros
Variable types: 696 continuous, 92 integer (92 binary)

Root relaxation: objective 1.174539e+01, 474 iterations, 0.00 seconds

    Nodes    |    Current Node    |     Objective Bounds      |     Work
 Expl Unexpl |  Obj  Depth IntInf | Incumbent    BestBd   Gap | It/Node Time

     0     0   11.74539    0   14   44.00000   11.74539  73.3%     -    0s
H    0     0                      21.0000000   11.74539  44.1%     -    0s
     0     0   12.24596    0   30   21.00000   12.24596  41.7%     -    0s
     0     0   12.25106    0   30   21.00000   12.25106  41.7%     -    0s
     0     0   12.60679    0   31   21.00000   12.60679  40.0%     -    0s
     0     0   12.64461    0   31   21.00000   12.64461  39.8%     -    0s
     0     0   12.65516    0   34   21.00000   12.65516  39.7%     -    0s
     0     0   12.66640    0   37   21.00000   12.66640  39.7%     -    0s
     0     0   12.71110    0   37   21.00000   12.71110  39.5%     -    0s
     0     0   12.73164    0   39   21.00000   12.73164  39.4%     -    0s
     0     0   12.78439    0   43   21.00000   12.78439  39.1%     -    0s
     0     0   12.80737    0   42   21.00000   12.80737  39.0%     -    0s
     0     0   12.83979    0   45   21.00000   12.83979  38.9%     -    0s
     0     0   12.85170    0   43   21.00000   12.85170  38.8%     -    0s
     0     0   12.86032    0   42   21.00000   12.86032  38.8%     -    0s
     0     0   12.88233    0   43   21.00000   12.88233  38.7%     -    0s
     0     0   12.93236    0   39   21.00000   12.93236  38.4%     -    0s
     0     0   12.99597    0   43   21.00000   12.99597  38.1%     -    0s
     0     0   13.03087    0   46   21.00000   13.03087  37.9%     -    0s
     0     0   13.03735    0   49   21.00000   13.03735  37.9%     -    0s
     0     0   13.06704    0   45   21.00000   13.06704  37.8%     -    0s
     0     0   13.07047    0   45   21.00000   13.07047  37.8%     -    0s
     0     0   13.07843    0   47   21.00000   13.07843  37.7%     -    0s
     0     0   13.07843    0   46   21.00000   13.07843  37.7%     -    0s
H    0     0                      20.0000000   13.07843  34.6%     -    0s
     0     2   13.07843    0   46   20.00000   13.07843  34.6%     -    0s
  1349   858   14.11457   20   34   20.00000   13.87340  30.6%  54.1    5s
  3073  1934   15.47850   24   22   20.00000   13.99936  30.0%  70.4   10s
  4596  3113   14.07469   17   33   20.00000   14.00508  30.0%  73.9   15s
  6196  4352   15.18449   24   20   20.00000   14.04642  29.8%  75.2   20s
  7866  5636   14.80693   29   24   20.00000   14.07416  29.6%  75.6   25s
  9390  6808   14.48191   25   24   20.00000   14.09846  29.5%  76.4   30s
 10209  7420   15.54396   36   38   20.00000   14.10592  29.5%  76.8   35s
 10290  7474   18.37199   59   58   20.00000   14.10592  29.5%  76.2   40s
 10381  7535   15.24102   22   62   20.00000   14.10592  29.5%  75.5   45s
 10876  7805   15.58491   35   22   20.00000   14.12188  29.4%  83.1   50s
 12101  8369   14.22648   24   49   20.00000   14.20916  29.0%  84.8   55s
 13088  8813   14.53456   26   38   20.00000   14.25179  28.7%  86.6   60s
 13935  9164   14.96421   32   26   20.00000   14.27752  28.6%  88.6   65s
 14873  9582   15.13026   49   30   20.00000   14.29430  28.5%  89.5   70s
 15756  9959   15.37973   45   26   20.00000   14.31874  28.4%  90.6   75s
 16817 10401   14.51339   27   35   20.00000   14.33542  28.3%  90.5   80s
 17748 10820   16.05659   44   14   20.00000   14.34854  28.3%  91.0   85s
 18569 11169   16.26345   47    9   20.00000   14.35929  28.2%  91.8   90s
 19446 11519   14.77435   33   40   20.00000   14.37639  28.1%  92.1   95s
 20280 11905   15.14353   31   28   20.00000   14.38521  28.1%  92.6  100s
 21213 12204   15.11745   37   18   20.00000   14.39465  28.0%  92.6  105s
 21991 12514   14.87414   30   36   20.00000   14.40130  28.0%  93.1  110s
 22693 12811   16.18586   44   17   20.00000   14.40856  28.0%  93.8  115s
 23402 13090   15.52579   45   21   20.00000   14.41450  27.9%  94.5  120s
 24219 13444   15.41571   41   18   20.00000   14.42085  27.9%  94.7  125s
 24901 13708   15.35844   32   28   20.00000   14.42486  27.9%  95.3  130s
 25546 13957   15.54819   35   19   20.00000   14.42857  27.9%  96.0  135s
 26232 14232   15.11086   38   22   20.00000   14.43256  27.8%  96.4  140s
 27150 14601   15.00000   30   35   20.00000   14.44102  27.8%  96.2  145s
 27927 14899   14.75760   36   37   20.00000   14.44611  27.8%  96.4  150s
 28627 15159   15.74597   41   17   20.00000   14.44935  27.8%  96.8  155s
 29354 15463   16.68769   55    6   20.00000   14.45534  27.7%  97.1  160s
 30009 15737   16.50023   56   20   20.00000   14.45776  27.7%  97.5  165s
 30778 15947   15.31676   38   28   20.00000   14.46214  27.7%  97.6  170s
 31589 16288   14.90367   36   26   20.00000   14.46667  27.7%  97.6  175s
 32405 16612   15.01875   36   29   20.00000   14.47063  27.6%  97.5  180s
 33179 16944   16.29730   46    9   20.00000   14.47665  27.6%  97.6  185s
 33919 17509   16.95565   47    9   20.00000   14.48162  27.6%  97.6  190s
 34726 18053   14.49272   38   35   20.00000   14.48685  27.6%  97.5  195s
 35406 18554   14.90348   40   32   20.00000   14.49074  27.5%  97.8  200s
 36186 19113   17.27448   65    6   20.00000   14.49382  27.5%  97.8  205s
 36948 19657   15.54913   44   20   20.00000   14.49712  27.5%  97.9  210s
 37667 20183   14.97543   33   25   20.00000   14.49943  27.5%  98.0  215s
 38456 20795   15.18257   34   23   20.00000   14.50336  27.5%  97.9  220s
 39209 21359   17.21751   50    8   20.00000   14.50579  27.5%  98.0  225s
 40015 21944   14.69121   33   27   20.00000   14.50776  27.5%  97.9  230s
 40754 22496   15.27327   47   23   20.00000   14.51100  27.4%  97.9  235s
 41464 23047   15.71352   36   19   20.00000   14.51270  27.4%  98.0  240s
 42061 23474   15.00000   36   22   20.00000   14.51488  27.4%  98.3  245s
 42792 24024   15.77489   59    7   20.00000   14.51732  27.4%  98.4  250s
 43424 24481     cutoff   60        20.00000   14.51916  27.4%  98.6  255s
 44226 25097   18.23902   63    4   20.00000   14.52165  27.4%  98.5  260s
 44887 25577   15.23682   42   24   20.00000   14.52456  27.4%  98.7  265s
 45630 26104   15.75088   46   28   20.00000   14.52663  27.4%  98.8  270s
 46389 26663   18.03431   62   10   20.00000   14.52963  27.4%  98.8  275s
 47161 27186   14.63254   28   30   20.00000   14.53158  27.3%  98.8  280s
 47966 27728   15.79695   39   16   20.00000   14.53390  27.3%  98.8  285s
 48650 28246   15.37975   34   27   20.00000   14.53540  27.3%  98.9  290s
 49427 28809   16.34818   50   16   20.00000   14.53829  27.3%  99.0  295s
 50104 29307   14.73065   43   33   20.00000   14.54092  27.3%  99.1  300s
 50927 29913   16.40398   55    6   20.00000   14.54435  27.3%  99.0  305s
 51609 30404   15.15701   35   26   20.00000   14.54670  27.3%  99.1  310s
H52251 26045                      19.0000000   14.54833  23.4%  99.1  314s
 52303 26064   14.81725   44   30   19.00000   14.54888  23.4%  99.2  315s
 52382 26105   15.50889   53   12   19.00000   14.54918  23.4%  99.2  320s
 52634 26290   17.66584   58   13   19.00000   14.54931  23.4%  99.3  325s
 52796 26400   15.66814   39   20   19.00000   14.55000  23.4%  99.4  330s
 53013 26562   17.51168   63    4   19.00000   14.55014  23.4%  99.4  335s
 53164 26639   14.96940   46   24   19.00000   14.55100  23.4%  99.5  340s
 53512 26853   16.12062   54   11   19.00000   14.55286  23.4%   100  345s
 54209 27312   15.14169   36   28   19.00000   14.55701  23.4%   100  350s
 54748 27681   15.57585   40   17   19.00000   14.55837  23.4%   100  355s
 55381 28133   15.25781   38   23   19.00000   14.56111  23.4%   100  360s
 56012 28583   15.60106   36   24   19.00000   14.56250  23.4%   100  365s
 56570 28966   14.79982   37   34   19.00000   14.56380  23.3%   101  370s
 57061 29322   15.70813   40   13   19.00000   14.56587  23.3%   101  375s
 57322 29499   15.33831   52   18   19.00000   14.56695  23.3%   101  380s
 57928 29924   14.86415   33   32   19.00000   14.56835  23.3%   101  385s
 58546 30351   15.04070   38   22   19.00000   14.56981  23.3%   101  390s
 59185 30798   15.93953   52   20   19.00000   14.57151  23.3%   101  395s
 59792 31214   15.00000   44   28   19.00000   14.57358  23.3%   102  400s
 60354 31588   15.85259   47   13   19.00000   14.57544  23.3%   102  405s
 60994 32050   14.81120   35   36   19.00000   14.57723  23.3%   102  410s
 61552 32445   17.03477   50   18   19.00000   14.57885  23.3%   102  415s
 62319 32933   15.28075   43   19   19.00000   14.58202  23.3%   102  420s
 62866 33313   14.87632   40   33   19.00000   14.58360  23.2%   102  425s
 63449 33708   15.00000   36   35   19.00000   14.58509  23.2%   102  430s
 64077 34136   16.06001   50   31   19.00000   14.58827  23.2%   103  435s
 64631 34495   14.91507   34   31   19.00000   14.59133  23.2%   103  440s
 65139 34845   14.77778   37   27   19.00000   14.59232  23.2%   103  445s
 65764 35263   15.54424   46   16   19.00000   14.59462  23.2%   103  450s
 66330 35643   15.09351   38   34   19.00000   14.59658  23.2%   103  455s
 66955 36043   14.75523   34   28   19.00000   14.59812  23.2%   103  460s
 67616 36521   15.33319   33   27   19.00000   14.59953  23.2%   104  465s
 68237 36937   14.63726   31   32   19.00000   14.60172  23.1%   104  470s
 68942 37433   14.69470   32   33   19.00000   14.60320  23.1%   104  475s
 69620 37888   14.76982   33   32   19.00000   14.60522  23.1%   104  480s
 70224 38295   15.55244   39   27   19.00000   14.60663  23.1%   104  485s
 70965 38767   14.63762   38   31   19.00000   14.60820  23.1%   104  490s
 71625 39226   14.78150   36   28   19.00000   14.60956  23.1%   104  495s
 72289 39706   14.65889   35   27   19.00000   14.61081  23.1%   104  500s
 72911 40107   17.54074   58    4   19.00000   14.61249  23.1%   104  505s
 73336 40393   15.04283   40   30   19.00000   14.61368  23.1%   104  510s
 74011 40862   15.70342   45   14   19.00000   14.61601  23.1%   104  515s
 74604 41259   14.98247   35   24   19.00000   14.61763  23.1%   104  520s
 75258 41717   15.25040   44   20   19.00000   14.61991  23.1%   104  525s
 75921 42171   15.30139   38   24   19.00000   14.62139  23.0%   104  530s
 76584 42659   14.89481   41   27   19.00000   14.62346  23.0%   104  535s
 77289 43141   15.00000   37   21   19.00000   14.62502  23.0%   104  540s
 77907 43578   15.08410   42   18   19.00000   14.62602  23.0%   105  545s
 78609 44076   15.69213   48   20   19.00000   14.62732  23.0%   105  550s
 79388 44575   16.00000   47   15   19.00000   14.62964  23.0%   104  555s
 79871 44879   15.67925   42   27   19.00000   14.63071  23.0%   104  560s
 80555 45358   15.02254   31   37   19.00000   14.63229  23.0%   105  565s
 81231 45778   16.16056   41   20   19.00000   14.63407  23.0%   105  570s
 81833 46148   15.90625   44   16   19.00000   14.63553  23.0%   105  575s
 82465 46577   16.06969   49   14   19.00000   14.63748  23.0%   105  580s
 83086 47003   16.56023   55   14   19.00000   14.63855  23.0%   105  585s
 83780 47478   16.15860   52   13   19.00000   14.64021  22.9%   105  590s
 84405 47879   17.30012   54    9   19.00000   14.64156  22.9%   105  595s
 84819 48155   15.22299   36   18   19.00000   14.64207  22.9%   105  600s
 85485 48611   17.16275   69    5   19.00000   14.64395  22.9%   105  605s
 86180 49082   14.66463   37   32   19.00000   14.64533  22.9%   105  610s
 86791 49499   15.82647   46   19   19.00000   14.64627  22.9%   105  615s
 87364 49901   16.27109   50   13   19.00000   14.64741  22.9%   105  620s
 87976 50306   15.09585   43   31   19.00000   14.64854  22.9%   105  625s
 88560 50696   16.19973   59   17   19.00000   14.65037  22.9%   105  630s
 89197 51087     cutoff   50        19.00000   14.65221  22.9%   105  635s
 89774 51502   17.36851   61   12   19.00000   14.65339  22.9%   105  640s
 90437 51970   16.00000   41   15   19.00000   14.65537  22.9%   105  645s
 91081 52405   17.09768   48    5   19.00000   14.65673  22.9%   105  650s
 91676 52785   15.03590   41   30   19.00000   14.65744  22.9%   105  655s
 92343 53204   16.01518   43   13   19.00000   14.65955  22.8%   105  660s
 92964 53621   16.21658   51   14   19.00000   14.66104  22.8%   106  665s
 93624 54062   14.78682   32   27   19.00000   14.66194  22.8%   106  670s
 94239 54475   15.50262   40   21   19.00000   14.66328  22.8%   106  675s
 94719 54806   14.71166   39   25   19.00000   14.66430  22.8%   106  680s
 95266 55158   15.02171   46   20   19.00000   14.66534  22.8%   106  685s
 95926 55588   14.95252   40   30   19.00000   14.66667  22.8%   106  690s
 96333 55858   15.00747   37   23   19.00000   14.66667  22.8%   106  695s
 96951 56292   16.50000   40   20   19.00000   14.66667  22.8%   106  700s
 97652 56762   14.87000   41   27   19.00000   14.66731  22.8%   106  705s
 98417 57300   14.96443   32   28   19.00000   14.66901  22.8%   106  710s
 99114 57745     cutoff   65        19.00000   14.66998  22.8%   106  715s
 99652 58114   17.44583   57    3   19.00000   14.67107  22.8%   106  720s
 100307 58536     cutoff   67        19.00000   14.67171  22.8%   106  725s
 100921 58939   15.10326   37   20   19.00000   14.67302  22.8%   106  730s
 101533 59364   16.50261   59    6   19.00000   14.67357  22.8%   106  735s
 102177 59774   14.73202   36   27   19.00000   14.67501  22.8%   106  740s
 102935 60307   17.41666   58   11   19.00000   14.67652  22.8%   106  745s
 103539 60723   16.15351   43   14   19.00000   14.67769  22.7%   106  750s
 104166 61148   17.42953   56   16   19.00000   14.67849  22.7%   106  755s
 104863 61587   15.14001   39   29   19.00000   14.67955  22.7%   106  761s
 105388 61934   14.73948   33   36   19.00000   14.67978  22.7%   106  765s
 106165 62443   15.18243   32   25   19.00000   14.68063  22.7%   106  770s
 106898 62963   15.67452   48   19   19.00000   14.68161  22.7%   106  775s
 107492 63305   16.15026   47   16   19.00000   14.68238  22.7%   106  780s
 108211 63765   15.00853   42   27   19.00000   14.68333  22.7%   106  785s
 108921 64261   15.18398   33   29   19.00000   14.68402  22.7%   106  790s
 109488 64621   15.00000   39   21   19.00000   14.68437  22.7%   106  795s
 110189 65110   14.69372   40   33   19.00000   14.68568  22.7%   106  800s
 110865 65578   16.44777   58    9   19.00000   14.68678  22.7%   106  805s
 111502 65980   15.14448   40   22   19.00000   14.68762  22.7%   106  810s
 112051 66371   16.15341   49   12   19.00000   14.68916  22.7%   106  815s
 112804 66890   18.00000   58   11   19.00000   14.69025  22.7%   106  820s
 113526 67347   14.96182   37   29   19.00000   14.69139  22.7%   106  825s
 114346 67926   16.37659   51   10   19.00000   14.69302  22.7%   106  830s
 115005 68356   17.58274   58   15   19.00000   14.69411  22.7%   106  836s
 115503 68687   15.26878   40   28   19.00000   14.69485  22.7%   106  840s
 116157 69113   17.39642   66    5   19.00000   14.69605  22.7%   106  845s
 116876 69585     cutoff   59        19.00000   14.69691  22.6%   106  850s
 117622 70098   14.90515   35   31   19.00000   14.69829  22.6%   106  855s
 118357 70611   15.72547   38   20   19.00000   14.69941  22.6%   106  860s
 119090 71115   16.00371   45   13   19.00000   14.70078  22.6%   106  865s
 119793 71601   15.50000   36   28   19.00000   14.70169  22.6%   106  870s
 120241 71901   15.03937   35   19   19.00000   14.70251  22.6%   106  875s
 120984 72374     cutoff   58        19.00000   14.70338  22.6%   106  880s
 121719 72858   15.27873   35   31   19.00000   14.70485  22.6%   106  885s
 122386 73314   15.03711   30   30   19.00000   14.70559  22.6%   106  890s
 123047 73760   15.25489   37   32   19.00000   14.70706  22.6%   106  895s
 123823 74299   17.19787   59    8   19.00000   14.70827  22.6%   106  900s
 124427 74672   15.01070   34   36   19.00000   14.70959  22.6%   106  905s
 125118 75173   16.04674   51   19   19.00000   14.71017  22.6%   106  910s
 125628 75528   16.34942   52   16   19.00000   14.71076  22.6%   106  915s
 126219 75926     cutoff   59        19.00000   14.71166  22.6%   106  920s
 126895 76404   15.60343   43   11   19.00000   14.71225  22.6%   106  925s
 127549 76840   15.57940   39   14   19.00000   14.71318  22.6%   106  930s
 128283 77338   14.83388   39   31   19.00000   14.71403  22.6%   106  935s
 128898 77754   14.90323   42   27   19.00000   14.71500  22.6%   106  940s
 129568 78192   15.54171   48   26   19.00000   14.71572  22.5%   106  945s
 130219 78628   14.85723   33   31   19.00000   14.71668  22.5%   106  951s
 130650 78926   15.52742   43   16   19.00000   14.71712  22.5%   106  955s
 131501 79477   15.00121   41   30   19.00000   14.71826  22.5%   106  960s
 132266 80017   16.00000   37   16   19.00000   14.71962  22.5%   106  965s
 132957 80502   16.01690   43   17   19.00000   14.72050  22.5%   106  970s
 133658 80991   15.00209   36   26   19.00000   14.72188  22.5%   106  975s
 134425 81524   17.30773   57    5   19.00000   14.72323  22.5%   106  980s
 135121 81977   17.11917   59   13   19.00000   14.72436  22.5%   106  985s
 135622 82339   15.00000   35   31   19.00000   14.72502  22.5%   106  990s
 136311 82805   15.41594   44   17   19.00000   14.72592  22.5%   106  995s
 137083 83311   14.86794   45   22   19.00000   14.72778  22.5%   105 1000s
 137816 83802   15.51679   39   28   19.00000   14.72870  22.5%   105 1005s
 138546 84234   16.00000   38   29   19.00000   14.72944  22.5%   105 1010s
 139291 84706   17.47983   61    3   19.00000   14.73029  22.5%   105 1015s
 140031 85209   15.09581   42   23   19.00000   14.73146  22.5%   105 1020s
 140698 85659   15.49618   37   25   19.00000   14.73215  22.5%   105 1025s
 141266 86039   15.06979   39   18   19.00000   14.73307  22.5%   105 1030s
 141961 86483     cutoff   52        19.00000   14.73360  22.5%   105 1035s
 142697 86972   15.90390   45   18   19.00000   14.73471  22.4%   105 1040s
 143311 87356   15.32698   40   24   19.00000   14.73546  22.4%   105 1045s
 144047 87823   17.19188   54   11   19.00000   14.73654  22.4%   105 1050s
 144724 88258   16.56858   60   12   19.00000   14.73741  22.4%   105 1055s
 145482 88764   15.55873   41   18   19.00000   14.73808  22.4%   105 1060s
 146193 89214   14.91931   28   30   19.00000   14.73882  22.4%   105 1065s
 146905 89625   15.83936   40   21   19.00000   14.73954  22.4%   105 1070s
 147424 89962   15.20352   35   29   19.00000   14.74034  22.4%   105 1076s
 147987 90358   16.26728   41    5   19.00000   14.74095  22.4%   105 1080s
 148719 90824   15.23642   35   16   19.00000   14.74154  22.4%   105 1085s
 149400 91257   15.17095   39   24   19.00000   14.74242  22.4%   105 1090s
 150085 91715   17.67577   64    5   19.00000   14.74307  22.4%   105 1095s
 150760 92169   17.14203   56    7   19.00000   14.74378  22.4%   105 1100s
 151486 92637   16.92632   54   14   19.00000   14.74461  22.4%   105 1105s
 152150 93051   16.26549   54    4   19.00000   14.74532  22.4%   105 1110s
 152900 93567   15.69649   47   26   19.00000   14.74627  22.4%   105 1115s
 153628 94057   15.00000   43   19   19.00000   14.74717  22.4%   105 1120s
 154422 94586   16.00000   49   18   19.00000   14.74828  22.4%   105 1125s
 155073 95005   15.15979   41   12   19.00000   14.74911  22.4%   105 1130s
 155889 95511   15.09233   35   19   19.00000   14.75000  22.4%   105 1135s
 156513 95943   17.48000   58   12   19.00000   14.75000  22.4%   105 1140s
 157204 96388   15.03472   41   26   19.00000   14.75000  22.4%   105 1145s
 157958 96875   16.51587   42   13   19.00000   14.75048  22.4%   105 1150s
 158600 97255   17.07767   44   15   19.00000   14.75112  22.4%   105 1155s
 159246 97688   16.61428   51    7   19.00000   14.75181  22.4%   105 1160s
 159958 98143     cutoff   64        19.00000   14.75291  22.4%   105 1165s
 160620 98576   15.76055   50   19   19.00000   14.75404  22.3%   105 1170s
 161298 99031   16.15317   52   25   19.00000   14.75451  22.3%   105 1175s
 161989 99512   16.07582   37   19   19.00000   14.75535  22.3%   105 1180s
 162682 99997   16.19814   47   14   19.00000   14.75586  22.3%   105 1185s
 163486 100518   16.00000   38   15   19.00000   14.75730  22.3%   105 1190s
 164261 101047   16.28368   57    9   19.00000   14.75817  22.3%   105 1195s
 165021 101517   17.53963   53   10   19.00000   14.75887  22.3%   105 1200s
 165509 101840   17.13913   55   11   19.00000   14.75959  22.3%   105 1205s
 166246 102300   15.19588   30   39   19.00000   14.76029  22.3%   105 1210s
 167026 102819   16.55791   56   18   19.00000   14.76092  22.3%   105 1215s
 167769 103316   16.70443   48   10   19.00000   14.76170  22.3%   105 1220s
 168414 103751   15.80417   45   23   19.00000   14.76212  22.3%   105 1225s
 169151 104252   14.90324   39   25   19.00000   14.76313  22.3%   105 1230s
 169963 104814   16.64586   59    4   19.00000   14.76370  22.3%   105 1235s
 170725 105315   15.81932   37   22   19.00000   14.76453  22.3%   105 1240s
 171029 105534   15.87850   40   13   19.00000   14.76497  22.3%   105 1245s
 171765 105982   16.57200   65    6   19.00000   14.76587  22.3%   105 1250s
 172368 106377   17.31948   48    7   19.00000   14.76659  22.3%   105 1255s
 172976 106790   17.76837   45   14   19.00000   14.76714  22.3%   105 1260s
 173701 107258   15.09158   46   21   19.00000   14.76790  22.3%   105 1265s
 174438 107747   17.33121   45    8   19.00000   14.76855  22.3%   105 1270s
 175104 108181   15.62443   42   25   19.00000   14.76951  22.3%   105 1275s
 175814 108664   16.15189   45   14   19.00000   14.77036  22.3%   105 1280s
 176391 109026   15.51742   51   22   19.00000   14.77117  22.3%   105 1285s
 177002 109436   15.63912   48   17   19.00000   14.77181  22.3%   105 1290s
 177740 109949   15.38439   34   24   19.00000   14.77242  22.3%   105 1295s
 178442 110450   15.29316   42   29   19.00000   14.77300  22.2%   105 1300s
 179260 110974   14.85018   40   30   19.00000   14.77413  22.2%   105 1305s
 179904 111384   14.89735   42   27   19.00000   14.77511  22.2%   105 1310s
 180654 111895   15.09828   40   32   19.00000   14.77586  22.2%   105 1315s
 181071 112155   16.29163   58   12   19.00000   14.77621  22.2%   105 1320s
 181837 112672   15.61929   38   26   19.00000   14.77687  22.2%   105 1325s
 182519 113113   17.96937   57    6   19.00000   14.77747  22.2%   105 1330s
 183233 113573   16.11787   54   10   19.00000   14.77797  22.2%   105 1335s
 184001 114040   15.23018   42   13   19.00000   14.77857  22.2%   105 1340s
 184770 114577   16.36165   57   13   19.00000   14.77906  22.2%   105 1345s
 185535 115076   15.38952   49   14   19.00000   14.77984  22.2%   105 1350s
 186126 115484   14.85244   35   33   19.00000   14.78072  22.2%   105 1355s
 186978 116043   15.09611   37   21   19.00000   14.78120  22.2%   105 1360s
 187515 116396   14.82713   41   30   19.00000   14.78175  22.2%   105 1365s
 188180 116825   16.21572   62    8   19.00000   14.78267  22.2%   105 1370s
 189037 117375   15.79415   41   20   19.00000   14.78369  22.2%   105 1375s
 189716 117820   15.22723   48   26   19.00000   14.78448  22.2%   105 1380s
 190513 118346   17.12759   72    8   19.00000   14.78508  22.2%   104 1385s
 191302 118853   16.56344   65    4   19.00000   14.78601  22.2%   104 1390s
 192060 119338   15.34937   33   35   19.00000   14.78684  22.2%   104 1395s
 192761 119790   15.31268   38   29   19.00000   14.78738  22.2%   104 1400s
 193464 120257   16.66766   53    9   19.00000   14.78794  22.2%   104 1405s
 194165 120710   15.22392   43   19   19.00000   14.78878  22.2%   104 1410s
 194582 120974   16.45388   51   21   19.00000   14.78910  22.2%   104 1415s
 195306 121448   15.04970   39   25   19.00000   14.78985  22.2%   104 1420s
 196057 121953   17.03107   51   11   19.00000   14.79069  22.2%   104 1425s
 196779 122415   15.51339   44   18   19.00000   14.79145  22.2%   104 1430s
 197558 122956   15.59789   42   14   19.00000   14.79223  22.1%   104 1435s
 198351 123489   15.19480   40   18   19.00000   14.79277  22.1%   104 1440s
 198912 123836   15.41060   42   25   19.00000   14.79327  22.1%   104 1445s
 199683 124361   16.50000   50   17   19.00000   14.79389  22.1%   104 1450s
 200450 124862   14.81470   32   29   19.00000   14.79448  22.1%   104 1455s
 201178 125337   16.26872   46   13   19.00000   14.79525  22.1%   104 1460s
 201889 125842   15.50570   41   18   19.00000   14.79634  22.1%   104 1465s
 202599 126277   15.86586   39   18   19.00000   14.79703  22.1%   104 1470s
 203132 126622   17.75090   60   15   19.00000   14.79751  22.1%   104 1475s
 203855 127092   15.18861   41   29   19.00000   14.79811  22.1%   104 1480s
 204571 127554   15.07776   40   32   19.00000   14.79859  22.1%   104 1485s
 205421 128149   15.50000   44   30   19.00000   14.79941  22.1%   104 1490s
 206028 128564   17.31275   55   14   19.00000   14.80000  22.1%   104 1495s
 206782 129074   16.67953   57    5   19.00000   14.80057  22.1%   104 1500s
 207533 129519   17.14600   58   13   19.00000   14.80137  22.1%   104 1505s
 208134 129911   15.00000   41   25   19.00000   14.80195  22.1%   104 1511s
 208663 130273   15.83401   44   24   19.00000   14.80227  22.1%   104 1515s
 209300 130721   16.12062   44   10   19.00000   14.80281  22.1%   104 1520s
 209932 131160   16.00000   52   13   19.00000   14.80350  22.1%   104 1525s
 210698 131663   17.33619   53    7   19.00000   14.80421  22.1%   104 1530s
 211474 132156   17.33947   55    5   19.00000   14.80517  22.1%   104 1535s
 212258 132655   16.24521   49   14   19.00000   14.80588  22.1%   104 1540s
 212962 133098   15.90719   41   17   19.00000   14.80660  22.1%   104 1545s
 213786 133646   16.36209   50    8   19.00000   14.80760  22.1%   104 1550s
 214581 134147   16.00000   38   11   19.00000   14.80818  22.1%   104 1555s
 215318 134663   14.90066   41   17   19.00000   14.80870  22.1%   104 1560s
 216124 135171   14.99129   44   36   19.00000   14.80941  22.1%   104 1565s
 216665 135547   15.28279   38   26   19.00000   14.80975  22.1%   104 1570s
 217388 135996   15.60400   42   24   19.00000   14.81030  22.1%   104 1575s
 218056 136432   16.78388   49    9   19.00000   14.81076  22.0%   104 1580s
 218839 136893   16.24378   50   15   19.00000   14.81133  22.0%   104 1585s
 219538 137334   15.34992   34   18   19.00000   14.81206  22.0%   104 1590s
 220272 137842   15.00588   35   25   19.00000   14.81246  22.0%   104 1595s
 220948 138307   15.96306   38   19   19.00000   14.81300  22.0%   104 1600s
 221701 138799   15.27454   41   16   19.00000   14.81372  22.0%   104 1605s
 222407 139263   14.84948   42   28   19.00000   14.81437  22.0%   104 1610s
 222902 139595   16.02326   55   16   19.00000   14.81481  22.0%   104 1615s
 223592 140033   17.05225   46   15   19.00000   14.81555  22.0%   104 1620s
 224370 140542   14.88471   28   38   19.00000   14.81594  22.0%   104 1625s
 225158 141061   17.02290   54    6   19.00000   14.81634  22.0%   104 1630s
 225939 141549     cutoff   63        19.00000   14.81706  22.0%   104 1635s
 226544 141926   17.43015   45    3   19.00000   14.81744  22.0%   104 1640s
 227289 142409   15.96229   51   23   19.00000   14.81783  22.0%   104 1645s
 228046 142923   16.87291   49    4   19.00000   14.81844  22.0%   104 1650s
 228824 143439   15.32725   45   26   19.00000   14.81929  22.0%   104 1655s
 229385 143801   15.41235   50   24   19.00000   14.81962  22.0%   104 1661s
 229912 144158   16.00000   49   21   19.00000   14.81991  22.0%   104 1665s
 230690 144660   16.35339   51   16   19.00000   14.82060  22.0%   104 1670s
 231445 145118   15.08808   43   25   19.00000   14.82134  22.0%   104 1675s
 232219 145619   15.95570   42   12   19.00000   14.82193  22.0%   104 1680s
 232988 146145   17.16067   63    9   19.00000   14.82273  22.0%   104 1685s
 233746 146622   15.00486   35   29   19.00000   14.82326  22.0%   104 1690s
 234525 147139     cutoff   55        19.00000   14.82378  22.0%   104 1695s
 235299 147617   16.00000   46   13   19.00000   14.82447  22.0%   104 1700s
 235963 148065   15.18634   40   28   19.00000   14.82503  22.0%   104 1705s
 236675 148513   15.39801   45   24   19.00000   14.82553  22.0%   104 1710s
 237389 148977   15.27733   38   30   19.00000   14.82606  22.0%   104 1715s
 238173 149479   15.21461   33   34   19.00000   14.82682  22.0%   104 1720s
 238758 149858     cutoff   67        19.00000   14.82727  22.0%   104 1725s
 239478 150347   15.26728   46   21   19.00000   14.82771  22.0%   104 1730s
 240131 150775   17.34373   45   16   19.00000   14.82807  22.0%   104 1735s
 241030 151327   15.80693   43   13   19.00000   14.82888  22.0%   104 1740s
 241471 151580   14.87420   32   30   19.00000   14.82937  22.0%   104 1745s
 242259 152112   15.13496   36   30   19.00000   14.83000  21.9%   104 1750s
 242953 152589   16.81460   58    7   19.00000   14.83054  21.9%   104 1755s
 243740 153093   15.00000   39   23   19.00000   14.83117  21.9%   104 1760s
 244541 153621     cutoff   65        19.00000   14.83200  21.9%   104 1765s
 245302 154103   15.23851   35   28   19.00000   14.83286  21.9%   104 1770s
 246020 154551   14.83610   31   34   19.00000   14.83342  21.9%   104 1775s
 246882 155100   15.23379   30   34   19.00000   14.83398  21.9%   103 1780s
 247680 155631   15.20908   38   25   19.00000   14.83451  21.9%   103 1785s
 248382 156113   15.29723   51   21   19.00000   14.83493  21.9%   103 1790s
 249102 156593   15.52534   48   28   19.00000   14.83565  21.9%   103 1795s

Cutting planes:
  Gomory: 59
  Cover: 18
  Implied bound: 287
  MIR: 944
  Flow cover: 698
  Zero half: 49
  Network: 81

Explored 249939 nodes (25893623 simplex iterations) in 1800.01 seconds
Thread count was 1 (of 8 available processors)

Time limit reached
Best objective 1.900000000000e+01, best bound 1.500000000000e+01, gap 21.0526%
