
Gurobi 6.5.2 (linux64) logging started Thu Jan 25 19:07:35 2018

Changed value of parameter LogFile to data/mip_solutions/furman_sahinidis/reduced_transportation/22sp1_gurobi.log
   Prev: gurobi.log  Default: 
Changed value of parameter Threads to 1
   Prev: 0  Min: 0  Max: 1024  Default: 0
Optimize a model with 554 rows, 22178 columns and 66357 nonzeros
Coefficient statistics:
  Matrix range    [1e+00, 2e+03]
  Objective range [1e+00, 1e+00]
  Bounds range    [1e+00, 1e+00]
  RHS range       [1e+00, 2e+03]
Presolve removed 316 rows and 19801 columns
Presolve time: 0.02s
Presolved: 238 rows, 2377 columns, 6902 nonzeros
Variable types: 2264 continuous, 113 integer (113 binary)

Root relaxation: objective 1.648461e+01, 1221 iterations, 0.02 seconds

    Nodes    |    Current Node    |     Objective Bounds      |     Work
 Expl Unexpl |  Obj  Depth IntInf | Incumbent    BestBd   Gap | It/Node Time

     0     0   16.48461    0   22          -   16.48461      -     -    0s
H    0     0                      29.0000000   16.48461  43.2%     -    0s
     0     0   17.30484    0   38   29.00000   17.30484  40.3%     -    0s
     0     0   17.45556    0   40   29.00000   17.45556  39.8%     -    0s
     0     0   17.73732    0   36   29.00000   17.73732  38.8%     -    0s
     0     0   17.90143    0   38   29.00000   17.90143  38.3%     -    0s
     0     0   18.46393    0   44   29.00000   18.46393  36.3%     -    0s
     0     0   18.60758    0   45   29.00000   18.60758  35.8%     -    0s
     0     0   18.84930    0   40   29.00000   18.84930  35.0%     -    0s
     0     0   18.86965    0   43   29.00000   18.86965  34.9%     -    0s
     0     0   18.92456    0   48   29.00000   18.92456  34.7%     -    0s
     0     0   18.93849    0   50   29.00000   18.93849  34.7%     -    0s
     0     0   18.95459    0   52   29.00000   18.95459  34.6%     -    0s
     0     0   18.95459    0   52   29.00000   18.95459  34.6%     -    0s
     0     2   19.00622    0   52   29.00000   19.00622  34.5%     -    0s
H  148   134                      28.0000000   19.20485  31.4%   109    1s
H  168   139                      27.0000000   19.20485  28.9%   105    1s
H  170   130                      26.0000000   19.20485  26.1%   104    1s
H  325   221                      25.0000000   19.25071  23.0%   132    2s
   516   382   19.54312    4   46   25.00000   19.37440  22.5%   160    5s
   773   523   21.30999   30   22   25.00000   19.62687  21.5%   185   10s
  1322   785   20.56930   23   39   25.00000   19.75557  21.0%   181   15s
  1669   918   21.97185   36   22   25.00000   19.82523  20.7%   192   20s
  1977  1122   23.26885   31   22   25.00000   19.86955  20.5%   201   25s
  2248  1296   22.30669   37   11   25.00000   19.90306  20.4%   207   30s
  2548  1492   20.35049   19   45   25.00000   19.94180  20.2%   215   35s
  2841  1706   20.45223   18   49   25.00000   19.98900  20.0%   220   40s
  3092  1858   21.40648   25   24   25.00000   19.99991  20.0%   221   45s
  3523  2160   22.07063   24   26   25.00000   20.03000  19.9%   219   50s
  3890  2409   20.12804   18   48   25.00000   20.05000  19.8%   221   55s
  4147  2600   20.58292   17   42   25.00000   20.06676  19.7%   225   60s
  4403  2767   21.18846   26   26   25.00000   20.09559  19.6%   228   65s
  4715  2991 infeasible   39        25.00000   20.10873  19.6%   227   70s
  5093  3224   22.49877   28   34   25.00000   20.11713  19.5%   227   75s
  5401  3432   20.49651   20   44   25.00000   20.13132  19.5%   227   80s
  5627  3594   21.42791   27   33   25.00000   20.13354  19.5%   230   85s
  5919  3790   21.57191   30   16   25.00000   20.13914  19.4%   231   90s
  6194  3978   20.73527   21   37   25.00000   20.15463  19.4%   231   95s
  6419  4134     cutoff   33        25.00000   20.16119  19.4%   232  100s
  6807  4399   21.97952   36   23   25.00000   20.17013  19.3%   231  105s
  7081  4591   22.00141   35   19   25.00000   20.17367  19.3%   233  110s
  7361  4790   22.69008   31   25   25.00000   20.18555  19.3%   234  115s
  7618  4977   21.11907   25   35   25.00000   20.19610  19.2%   236  120s
  7816  5118   21.48961   23   40   25.00000   20.20233  19.2%   237  125s
  8161  5336   22.09145   35   21   25.00000   20.21485  19.1%   236  130s
  8493  5533   20.83175   26   39   25.00000   20.22190  19.1%   237  135s
  8772  5733   21.23299   21   36   25.00000   20.22677  19.1%   237  140s
  9021  5908   21.45538   26   23   25.00000   20.23521  19.1%   238  145s
  9257  6073   21.80578   28   34   25.00000   20.24235  19.0%   238  150s
  9607  6309   21.24164   27   30   25.00000   20.25260  19.0%   238  155s
  9896  6505   20.65868   25   37   25.00000   20.25802  19.0%   238  160s
 10190  6688   20.36029   23   30   25.00000   20.26374  18.9%   238  165s
 10203  6700   22.26531   29   52   25.00000   20.26374  18.9%   238  180s
 10236  6722   20.85902   28   65   25.00000   20.26374  18.9%   237  185s
 10271  6745   23.98293   67   61   25.00000   20.26374  18.9%   236  190s
 10304  6767   22.67334   47   66   25.00000   20.26374  18.9%   236  195s
 10338  6790   21.21594   27   66   25.00000   20.26374  18.9%   235  200s
 10372  6813   22.30481   40   59   25.00000   20.26374  18.9%   234  205s
 10402  6833   21.92456   35   64   25.00000   20.26374  18.9%   234  210s
 10514  6892   20.26374   24   60   25.00000   20.26374  18.9%   242  215s
 10704  6995   23.99751   68    9   25.00000   20.27619  18.9%   242  220s
 10917  7099   21.72691   40   25   25.00000   20.28650  18.9%   242  225s
 11232  7216   20.72387   34   46   25.00000   20.33019  18.7%   242  230s
 11481  7302   20.92051   31   45   25.00000   20.39336  18.4%   244  235s
 11728  7402   21.95224   44   39   25.00000   20.40749  18.4%   246  240s
 11968  7497   22.18356   33   46   25.00000   20.46200  18.2%   246  245s
 12131  7546   21.52353   43   14   25.00000   20.49266  18.0%   247  250s
 12363  7639   23.39649   42   30   25.00000   20.50538  18.0%   248  255s
 12556  7699   21.23179   33   36   25.00000   20.52260  17.9%   248  260s
 12786  7784   20.71418   28   49   25.00000   20.55402  17.8%   249  265s
 12913  7826   23.06806   44   20   25.00000   20.56745  17.7%   251  270s
 13106  7885   20.96224   31   37   25.00000   20.57627  17.7%   251  275s
 13251  7951   22.78634   47   29   25.00000   20.58278  17.7%   252  280s
 13438  8028   21.81432   39   37   25.00000   20.59898  17.6%   253  285s
 13632  8110   22.50438   42   29   25.00000   20.60420  17.6%   254  290s
 13846  8198   21.25082   33   46   25.00000   20.61763  17.5%   254  295s
 13991  8266   22.19906   45   28   25.00000   20.62051  17.5%   255  300s
 14075  8297   21.29066   29   48   25.00000   20.62325  17.5%   256  305s
 14235  8350   20.96599   31   38   25.00000   20.63319  17.5%   257  310s
 14398  8424   21.64047   44   21   25.00000   20.64996  17.4%   258  315s
 14623  8516   21.26882   35   46   25.00000   20.66189  17.4%   259  320s
 14802  8584   20.76183   31   43   25.00000   20.67810  17.3%   260  325s
 15006  8665     cutoff   54        25.00000   20.68445  17.3%   260  330s
 15160  8726   23.65996   51    9   25.00000   20.68905  17.2%   261  335s
 15292  8753   21.33550   35   36   25.00000   20.69318  17.2%   262  340s
 15442  8810   23.81154   48   22   25.00000   20.69910  17.2%   263  345s
 15603  8855   22.03233   39   33   25.00000   20.70641  17.2%   263  350s
 15760  8910   21.11020   33   33   25.00000   20.71431  17.1%   264  355s
 15901  8956     cutoff   62        25.00000   20.71564  17.1%   265  360s
 16038  8998   22.54918   46   32   25.00000   20.72289  17.1%   266  365s
 16187  9046   21.70991   44   11   25.00000   20.72986  17.1%   266  370s
 16345  9102   20.91027   27   49   25.00000   20.73349  17.1%   267  375s
 16526  9163   21.75900   38   32   25.00000   20.74254  17.0%   267  380s
 16685  9227   23.20018   51   16   25.00000   20.74418  17.0%   268  385s
 16841  9267   21.28399   39   21   25.00000   20.75256  17.0%   269  390s
 17010  9346   23.00334   47   24   25.00000   20.75820  17.0%   269  395s
 17177  9397   20.85191   30   48   25.00000   20.76331  16.9%   269  400s
 17283  9437   20.92093   37   53   25.00000   20.76612  16.9%   271  405s
 17461  9499 infeasible   53        25.00000   20.76824  16.9%   271  410s
 17545  9541   23.10483   45   27   25.00000   20.76951  16.9%   272  415s
 17685  9566   22.04185   34   36   25.00000   20.77677  16.9%   273  420s
 17803  9616   22.09499   57   14   25.00000   20.77718  16.9%   274  425s
 17952  9652   22.85495   46   38   25.00000   20.78116  16.9%   275  430s
 18143  9729   22.10668   49   20   25.00000   20.78553  16.9%   275  435s
 18297  9774     cutoff   61        25.00000   20.78795  16.8%   275  440s
 18433  9833   23.08587   65    9   25.00000   20.78974  16.8%   276  445s
 18563  9868   20.96354   34   41   25.00000   20.79449  16.8%   277  450s
 18716  9931   21.65707   35   43   25.00000   20.79566  16.8%   277  455s
 18842  9973   23.10953   39   33   25.00000   20.80169  16.8%   278  460s
 19031 10039   22.04486   33   36   25.00000   20.80598  16.8%   278  465s
 19155 10089   22.56653   48   18   25.00000   20.80964  16.8%   278  470s
 19266 10122   20.86791   35   45   25.00000   20.81193  16.8%   279  475s
 19407 10177   21.26132   32   46   25.00000   20.81851  16.7%   280  480s
 19552 10203   21.71582   37   30   25.00000   20.82106  16.7%   280  485s
 19703 10257   23.00125   40   21   25.00000   20.82390  16.7%   281  490s
 19879 10317   20.93458   34   41   25.00000   20.83064  16.7%   281  495s
 20003 10378   22.95692   48   23   25.00000   20.83101  16.7%   282  500s
 20197 10452   21.10834   32   42   25.00000   20.83522  16.7%   282  505s
 20317 10492   21.71943   39   30   25.00000   20.83705  16.7%   283  510s
 20536 10573   21.75317   40   12   25.00000   20.84166  16.6%   282  515s
 20700 10626   21.18179   35   41   25.00000   20.84578  16.6%   283  520s
 20919 10687   21.25353   40   23   25.00000   20.84982  16.6%   283  525s
 21123 10757   21.40988   31   45   25.00000   20.85517  16.6%   283  530s
 21210 10789   22.48890   38   34   25.00000   20.85791  16.6%   284  535s
 21422 10874   21.52849   41   38   25.00000   20.86062  16.6%   284  540s
 21555 10927   21.10008   32   31   25.00000   20.86499  16.5%   285  545s
 21728 10985     cutoff   52        25.00000   20.86640  16.5%   285  550s
 21943 11074   21.05846   38   40   25.00000   20.86867  16.5%   285  555s
 22177 11131   20.89820   37   45   25.00000   20.87155  16.5%   284  560s
 22352 11190   21.91499   47   30   25.00000   20.87345  16.5%   285  565s
 22551 11237   21.22207   30   45   25.00000   20.87787  16.5%   285  570s
 22725 11300   23.28663   48   15   25.00000   20.88104  16.5%   285  575s
 22845 11338   21.98240   35   31   25.00000   20.88385  16.5%   286  580s
 23023 11407   23.49903   68    8   25.00000   20.88670  16.5%   286  585s
 23199 11461   21.74664   30   39   25.00000   20.88813  16.4%   286  590s
 23377 11523   22.71932   40   28   25.00000   20.89293  16.4%   286  595s
 23576 11589   21.65521   41   25   25.00000   20.89616  16.4%   286  600s
 23682 11619   21.17484   40   32   25.00000   20.89885  16.4%   287  605s
 23839 11663     cutoff   48        25.00000   20.89963  16.4%   287  610s
 24052 11740   21.76818   36   34   25.00000   20.90271  16.4%   287  615s
 24275 11822   21.06029   35   36   25.00000   20.90572  16.4%   287  620s
 24434 11881   22.12236   45   20   25.00000   20.90623  16.4%   287  625s
 24592 11930   21.47578   33   40   25.00000   20.90787  16.4%   288  630s
 24745 11956   23.51497   39   21   25.00000   20.90878  16.4%   288  635s
 24899 12002   22.23196   41   41   25.00000   20.91361  16.3%   289  640s
 25080 12070     cutoff   54        25.00000   20.91485  16.3%   289  645s
 25294 12148   23.50027   55   15   25.00000   20.91864  16.3%   289  650s
 25554 12225   23.52899   59   18   25.00000   20.91964  16.3%   288  655s
 25680 12261   22.16295   47   17   25.00000   20.92089  16.3%   289  660s
 25893 12333   22.34154   42   30   25.00000   20.92285  16.3%   289  665s
 26005 12365   22.00000   36   33   25.00000   20.92651  16.3%   289  670s
 26148 12411   22.06371   39   35   25.00000   20.92891  16.3%   290  675s
 26307 12464   22.18071   41   28   25.00000   20.92999  16.3%   290  680s
 26408 12487   21.20877   37   45   25.00000   20.93165  16.3%   291  685s
 26540 12515   22.94101   47   19   25.00000   20.93507  16.3%   292  690s
 26743 12578   23.00555   48   25   25.00000   20.93742  16.3%   292  695s
 26948 12640   21.49108   31   35   25.00000   20.94163  16.2%   291  700s
 27072 12694   21.62034   40   35   25.00000   20.94190  16.2%   292  705s
 27262 12741   22.45025   43   10   25.00000   20.94374  16.2%   292  710s
 27443 12807   22.43426   34   32   25.00000   20.94644  16.2%   292  715s
 27552 12839   21.76973   38   34   25.00000   20.94972  16.2%   293  720s
 27650 12880   23.33226   54    6   25.00000   20.95150  16.2%   294  725s
 27802 12902   23.06454   38   30   25.00000   20.95201  16.2%   294  730s
 27906 12930   23.54477   43   27   25.00000   20.95314  16.2%   295  735s
 28123 12936   22.51454   45   23   25.00000   20.95584  16.2%   295  740s
 28309 12997   22.65183   41   28   25.00000   20.95876  16.2%   295  745s
 28484 13049   22.41482   45   14   25.00000   20.96001  16.2%   295  750s
 28670 13114   22.02447   39   43   25.00000   20.96187  16.2%   295  755s
 28845 13189     cutoff   51        25.00000   20.96267  16.1%   295  760s
 28861 13184   21.41955   31   32   25.00000   20.96308  16.1%   295  765s
 29030 13227   22.91179   46   16   25.00000   20.96653  16.1%   295  770s
 29250 13311   21.22781   41   24   25.00000   20.96787  16.1%   295  775s
 29434 13373   22.68710   42   20   25.00000   20.96900  16.1%   295  780s
 29665 13444   21.79132   37   47   25.00000   20.97167  16.1%   295  785s
 29852 13493   22.53545   43   14   25.00000   20.97285  16.1%   295  790s
 30062 13565   22.81853   52   28   25.00000   20.97477  16.1%   295  795s
 30327 13646   21.41994   33   28   25.00000   20.97696  16.1%   294  800s
 30476 13695   21.42284   29   34   25.00000   20.97792  16.1%   294  805s
 30582 13725   22.64983   41   28   25.00000   20.97873  16.1%   295  810s
 30696 13769   21.49214   42   19   25.00000   20.98131  16.1%   296  815s
 30950 13846   22.11268   33   35   25.00000   20.98465  16.1%   295  820s
 31181 14007   21.35416   42   29   25.00000   20.98543  16.1%   295  825s
 31346 14114   21.34440   36   37   25.00000   20.98646  16.1%   295  830s
 31492 14221   21.52940   36   38   25.00000   20.98695  16.1%   296  835s
 31669 14332   22.01593   36   17   25.00000   20.98906  16.0%   296  840s
 31860 14465   23.58952   59   11   25.00000   20.99058  16.0%   296  845s
 32027 14559   22.14560   55   15   25.00000   20.99282  16.0%   296  850s
 32257 14687   23.06832   46   20   25.00000   20.99548  16.0%   296  855s
 32520 14862   23.09915   78    7   25.00000   20.99785  16.0%   295  860s
 32709 14997   22.24466   43   34   25.00000   20.99911  16.0%   295  865s
 32955 15153   22.07169   55   20   25.00000   21.00000  16.0%   294  870s
 33181 15282   21.40183   43   36   25.00000   21.00000  16.0%   294  875s
 33506 15531   22.08832   47   15   25.00000   21.00037  16.0%   293  880s
 33749 15682   21.55709   41   31   25.00000   21.00108  16.0%   293  885s
 34061 15893   21.40585   37   31   25.00000   21.00277  16.0%   292  890s
 34214 16007   23.71156   50    5   25.00000   21.00355  16.0%   292  895s
 34435 16171   22.95648   46   33   25.00000   21.00479  16.0%   292  900s
 34594 16268   21.63588   33   38   25.00000   21.00617  16.0%   292  905s
 34807 16378   21.32048   35   45   25.00000   21.00828  16.0%   292  910s
 34960 16480   24.00000   50   20   25.00000   21.00857  16.0%   292  915s
 35139 16588   21.25741   33   49   25.00000   21.00998  16.0%   292  920s
 35143 16592   21.96610   37   41   25.00000   21.00998  16.0%   292  928s
 35165 16603   21.66724   38   49   25.00000   21.01025  16.0%   292  930s
 35382 16760   22.14116   46   37   25.00000   21.01154  16.0%   292  935s
 35529 16860   23.84207   48   13   25.00000   21.01184  16.0%   293  940s
 35648 16929   22.42383   38   34   25.00000   21.01252  15.9%   293  945s
 35872 17054   21.93975   47   27   25.00000   21.01267  15.9%   293  950s
 36090 17214   22.45244   47   32   25.00000   21.01359  15.9%   293  955s
 36243 17324   22.44381   47   32   25.00000   21.01612  15.9%   293  960s
 36455 17465   23.00703   42   37   25.00000   21.01794  15.9%   293  965s
 36591 17541 infeasible   38        25.00000   21.01815  15.9%   293  970s
 36830 17705   22.31118   47   27   25.00000   21.01933  15.9%   293  975s
 37024 17838   21.95414   34   36   25.00000   21.02070  15.9%   293  980s
 37177 17938   23.43391   52   17   25.00000   21.02199  15.9%   293  985s
 37414 18049   21.31045   35   44   25.00000   21.02353  15.9%   293  990s
 37619 18157   21.86847   43   44   25.00000   21.02439  15.9%   293  995s
 37819 18290   21.93117   39   29   25.00000   21.02525  15.9%   293 1000s
 38055 18448   22.49423   40   28   25.00000   21.02722  15.9%   292 1005s
 38277 18567   22.01459   43   17   25.00000   21.02838  15.9%   292 1010s
 38443 18678   23.68940   47   40   25.00000   21.03029  15.9%   292 1015s
 38665 18815   22.02085   35   32   25.00000   21.03242  15.9%   292 1020s
 38874 18943   21.78860   36   39   25.00000   21.03427  15.9%   292 1025s
 39109 19102   22.00146   50   21   25.00000   21.03656  15.9%   292 1030s
 39353 19260   23.39404   43   20   25.00000   21.03735  15.9%   291 1035s
 39509 19366   23.30807   56   10   25.00000   21.03826  15.8%   292 1040s
 39661 19445   21.55873   41   38   25.00000   21.03891  15.8%   292 1045s
 39910 19613   22.59255   43   26   25.00000   21.03974  15.8%   291 1050s
 40154 19783   21.41084   36   38   25.00000   21.04093  15.8%   291 1055s
 40315 19902   21.32256   38   14   25.00000   21.04132  15.8%   291 1060s
 40486 20006   22.49590   40   25   25.00000   21.04202  15.8%   291 1065s
 40732 20159   21.45053   32   39   25.00000   21.04368  15.8%   291 1070s
 40915 20273   21.14892   35   51   25.00000   21.04643  15.8%   291 1075s
 41094 20380   21.32770   34   36   25.00000   21.04787  15.8%   291 1080s
 41273 20508   21.98217   35   49   25.00000   21.04963  15.8%   291 1086s
 41456 20628   21.65828   44   37   25.00000   21.05075  15.8%   291 1090s
 41706 20804   23.06594   42   31   25.00000   21.05213  15.8%   291 1095s
 41864 20896   22.14825   48   27   25.00000   21.05253  15.8%   291 1100s
 42080 21035   21.60797   40   35   25.00000   21.05356  15.8%   291 1105s
 42382 21240   21.14029   32   49   25.00000   21.05470  15.8%   290 1110s
 42554 21345     cutoff   63        25.00000   21.05512  15.8%   291 1115s
 42728 21464   22.25967   55   18   25.00000   21.05670  15.8%   291 1120s
 42884 21558   23.00000   55   23   25.00000   21.05793  15.8%   291 1125s
 43064 21681   21.41670   35   42   25.00000   21.05863  15.8%   291 1130s
 43235 21779     cutoff   50        25.00000   21.05954  15.8%   291 1135s
 43329 21848   23.43130   39   26   25.00000   21.06060  15.8%   292 1140s
 43561 22014   22.78723   47   31   25.00000   21.06155  15.8%   291 1145s
 43796 22152   21.58870   38   39   25.00000   21.06229  15.8%   291 1150s
 43995 22281   22.64925   51   11   25.00000   21.06280  15.7%   291 1155s
 44199 22425   22.88894   51   22   25.00000   21.06368  15.7%   291 1160s
 44357 22522   21.28581   44   32   25.00000   21.06481  15.7%   291 1165s
 44565 22639   21.51101   35   38   25.00000   21.06653  15.7%   291 1170s
 44714 22729   22.75905   44   27   25.00000   21.06682  15.7%   291 1175s
 44970 22903     cutoff   51        25.00000   21.06885  15.7%   291 1180s
 45166 23031   22.12171   38   30   25.00000   21.07032  15.7%   291 1185s
 45287 23113   21.38405   37   42   25.00000   21.07061  15.7%   291 1190s
 45479 23243   21.38148   34   33   25.00000   21.07193  15.7%   291 1195s
 45513 23264   21.95553   38   43   25.00000   21.07214  15.7%   291 1205s
 45635 23328   21.24054   35   44   25.00000   21.07237  15.7%   292 1210s
 45839 23459   21.54766   33   27   25.00000   21.07354  15.7%   292 1215s
 46040 23591   23.16233   43   31   25.00000   21.07493  15.7%   292 1220s
 46192 23699   21.80129   40   22   25.00000   21.07545  15.7%   292 1225s
 46371 23816   22.83760   47   25   25.00000   21.07708  15.7%   292 1230s
 46512 23896   21.93946   34   35   25.00000   21.07749  15.7%   292 1235s
 46652 23987   21.56541   32   39   25.00000   21.07818  15.7%   292 1240s
 46859 24112   21.40290   38   37   25.00000   21.08025  15.7%   292 1245s
 47033 24188   22.60483   46   19   25.00000   21.08076  15.7%   292 1250s
 47280 24347   21.74620   41   41   25.00000   21.08233  15.7%   292 1255s
 47411 24433   22.00000   47   21   25.00000   21.08275  15.7%   293 1260s
 47674 24608   23.30096   50   20   25.00000   21.08351  15.7%   292 1265s
 47812 24660   23.93117   44   13   25.00000   21.08491  15.7%   292 1270s
 47989 24763     cutoff   55        25.00000   21.08590  15.7%   293 1275s
 48178 24892   23.49117   56   14   25.00000   21.08641  15.7%   293 1280s
 48316 24962   22.49443   44   23   25.00000   21.08685  15.7%   293 1285s
 48536 25117   23.00000   49   19   25.00000   21.08836  15.6%   293 1290s
 48704 25215   23.58611   61    9   25.00000   21.08934  15.6%   293 1295s
 48829 25284   23.38565   44   30   25.00000   21.08997  15.6%   293 1300s
 48947 25353   23.19017   56   22   25.00000   21.09054  15.6%   294 1305s
 49148 25472   21.94002   40   34   25.00000   21.09192  15.6%   294 1310s
 49345 25569     cutoff   49        25.00000   21.09271  15.6%   294 1315s
 49597 25699   21.49608   42   36   25.00000   21.09379  15.6%   293 1320s
 49765 25814   22.00000   41   29   25.00000   21.09390  15.6%   294 1325s
 49922 25902   21.92568   43   27   25.00000   21.09476  15.6%   294 1330s
 50034 25971   22.55064   40   35   25.00000   21.09596  15.6%   294 1335s
 50192 26087   23.07841   50   23   25.00000   21.09656  15.6%   294 1340s
 50431 26244     cutoff   69        25.00000   21.09798  15.6%   294 1345s
 50633 26373   23.31036   60   10   25.00000   21.09851  15.6%   294 1350s
 50859 26494   23.09853   62    7   25.00000   21.09902  15.6%   294 1355s
 51106 26643   23.99742   50   14   25.00000   21.10083  15.6%   293 1360s
 51230 26727   22.86749   49   19   25.00000   21.10196  15.6%   294 1365s
 51374 26821   22.17263   34   41   25.00000   21.10257  15.6%   294 1370s
 51498 26891   22.15654   39   36   25.00000   21.10302  15.6%   294 1375s
 51719 27026   23.72278   47   30   25.00000   21.10422  15.6%   294 1380s
 51917 27160   22.98291   61   15   25.00000   21.10507  15.6%   294 1385s
 52136 27302   22.37643   44   29   25.00000   21.10570  15.6%   294 1390s
 52375 27432   21.70606   29   40   25.00000   21.10706  15.6%   293 1395s
 52560 27559   22.07612   58   12   25.00000   21.10800  15.6%   293 1400s
 52742 27684   23.98995   62   24   25.00000   21.10848  15.6%   293 1405s
 52841 27746   22.14830   41   49   25.00000   21.10901  15.6%   294 1410s
 53012 27868   23.13805   68   13   25.00000   21.10972  15.6%   294 1415s
 53294 28056     cutoff   50        25.00000   21.11053  15.6%   293 1420s
 53464 28161   22.63782   58   17   25.00000   21.11209  15.6%   293 1425s
 53713 28310   23.19119   45   13   25.00000   21.11329  15.5%   293 1430s
 53898 28442   22.50640   44   17   25.00000   21.11401  15.5%   293 1435s
 54144 28593   21.50370   33   34   25.00000   21.11485  15.5%   293 1440s
 54320 28708   21.42381   37   31   25.00000   21.11522  15.5%   293 1445s
 54480 28800   21.83660   40   30   25.00000   21.11592  15.5%   293 1450s
 54734 28952     cutoff   42        25.00000   21.11674  15.5%   293 1455s
 54941 29075   21.32525   36   30   25.00000   21.11753  15.5%   293 1460s
 55122 29191   23.82336   59   27   25.00000   21.11848  15.5%   293 1465s
 55271 29275   21.35924   38   16   25.00000   21.12015  15.5%   293 1471s
 55425 29377   21.51190   40   29   25.00000   21.12064  15.5%   293 1475s
 55645 29529   22.33815   48   35   25.00000   21.12178  15.5%   293 1480s
 55837 29650   21.91134   41   25   25.00000   21.12217  15.5%   293 1485s
 56041 29778   21.82497   49   32   25.00000   21.12299  15.5%   293 1490s
 56283 29908   23.43730   49   23   25.00000   21.12369  15.5%   292 1495s
 56485 30022   23.68248   49   22   25.00000   21.12519  15.5%   292 1500s
 56708 30145   22.48478   48   14   25.00000   21.12618  15.5%   292 1505s
 56917 30279   21.21162   41   16   25.00000   21.12773  15.5%   292 1510s
 57204 30446   23.00504   58   16   25.00000   21.12907  15.5%   292 1515s
 57447 30613   21.68342   36   38   25.00000   21.13046  15.5%   291 1520s
 57686 30775   22.31990   40   31   25.00000   21.13121  15.5%   291 1525s
 57919 30904   21.38818   41   21   25.00000   21.13302  15.5%   291 1530s
 58029 30971   21.75558   34   39   25.00000   21.13374  15.5%   291 1535s
 58182 31062   22.00648   38   36   25.00000   21.13519  15.5%   292 1540s
 58320 31150   22.44369   47   29   25.00000   21.13586  15.5%   292 1545s
 58575 31338   22.59570   40   35   25.00000   21.13788  15.4%   292 1550s
 58771 31446 infeasible   51        25.00000   21.13849  15.4%   292 1555s
 58946 31565   21.62712   39   36   25.00000   21.13906  15.4%   292 1560s
 59171 31716   21.92162   42   28   25.00000   21.13990  15.4%   292 1565s
 59400 31834   21.61413   42   35   25.00000   21.14041  15.4%   291 1570s
 59624 31975   22.08970   43   45   25.00000   21.14147  15.4%   291 1575s
 59775 32078   23.47394   43   24   25.00000   21.14257  15.4%   292 1580s
 59932 32183   23.14429   45   36   25.00000   21.14320  15.4%   292 1585s
 60086 32265   21.68490   33   40   25.00000   21.14428  15.4%   292 1590s
 60250 32377   23.98227   50   15   25.00000   21.14430  15.4%   292 1595s
 60342 32441   21.54915   36   43   25.00000   21.14458  15.4%   292 1606s
 60484 32545   23.85054   53   23   25.00000   21.14481  15.4%   292 1610s
 60694 32681     cutoff   44        25.00000   21.14602  15.4%   292 1615s
 60944 32848   23.42958   48   14   25.00000   21.14662  15.4%   292 1620s
 61182 32966   23.81046   43   26   25.00000   21.14777  15.4%   291 1625s
 61352 33068   23.42195   41   32   25.00000   21.14887  15.4%   292 1630s
 61490 33154   22.70348   45   28   25.00000   21.14928  15.4%   292 1635s
 61671 33270   21.71654   36   29   25.00000   21.14971  15.4%   292 1640s
 61837 33374   21.98849   42   30   25.00000   21.15084  15.4%   292 1645s
 62037 33499     cutoff   48        25.00000   21.15157  15.4%   292 1650s
 62264 33653   23.51381   58   12   25.00000   21.15252  15.4%   292 1655s
 62398 33730   23.96737   52   18   25.00000   21.15365  15.4%   292 1660s
 62609 33825     cutoff   59        25.00000   21.15461  15.4%   292 1665s
 62806 33955   21.41753   42   32   25.00000   21.15546  15.4%   292 1670s
 63076 34130   21.44466   34   42   25.00000   21.15670  15.4%   292 1675s
 63296 34253   23.62979   63   15   25.00000   21.15754  15.4%   292 1680s
 63510 34400   21.71964   35   39   25.00000   21.15809  15.4%   291 1685s
 63717 34538     cutoff   48        25.00000   21.15875  15.4%   291 1690s
 63841 34616   23.18024   56   16   25.00000   21.15907  15.4%   292 1695s
 63990 34694     cutoff   53        25.00000   21.15968  15.4%   292 1700s
 64196 34812   21.60061   39   36   25.00000   21.16019  15.4%   292 1705s
 64394 34938     cutoff   58        25.00000   21.16107  15.4%   292 1710s
 64534 35036   21.86201   36   34   25.00000   21.16186  15.4%   292 1715s
 64734 35155   22.00000   38   36   25.00000   21.16309  15.3%   292 1720s
 65008 35333   21.82999   40   33   25.00000   21.16360  15.3%   292 1725s
 65173 35420     cutoff   45        25.00000   21.16421  15.3%   292 1730s
 65363 35538   21.96381   38   27   25.00000   21.16551  15.3%   292 1735s
 65595 35682   23.70002   52    9   25.00000   21.16651  15.3%   292 1740s
 65814 35811   23.32052   48   33   25.00000   21.16749  15.3%   292 1745s
 66042 35960   22.17837   39   32   25.00000   21.16800  15.3%   291 1750s
 66278 36126   22.30096   40   18   25.00000   21.16898  15.3%   291 1755s
 66523 36288   21.33538   37   33   25.00000   21.17008  15.3%   291 1760s
 66662 36371   22.79876   48   28   25.00000   21.17041  15.3%   291 1765s
 66922 36546   23.20463   51   10   25.00000   21.17146  15.3%   291 1770s
 67179 36698   23.05917   43   23   25.00000   21.17262  15.3%   291 1775s
 67408 36832   21.31170   35   38   25.00000   21.17336  15.3%   291 1780s
 67595 36950     cutoff   60        25.00000   21.17361  15.3%   291 1785s
 67858 37113   23.01615   52   14   25.00000   21.17488  15.3%   290 1790s
 68087 37250   22.00874   42   25   25.00000   21.17645  15.3%   290 1795s

Cutting planes:
  Gomory: 69
  Cover: 18
  Implied bound: 397
  MIR: 1391
  Flow cover: 618
  Zero half: 9
  Network: 36

Explored 68325 nodes (19817714 simplex iterations) in 1800.01 seconds
Thread count was 1 (of 8 available processors)

Time limit reached
Best objective 2.500000000000e+01, best bound 2.200000000000e+01, gap 12.0000%
