
Gurobi 6.5.2 (linux64) logging started Thu Jan 25 20:12:59 2018

Changed value of parameter LogFile to data/mip_solutions/furman_sahinidis/reduced_transportation/23sp1_gurobi.log
   Prev: gurobi.log  Default: 
Changed value of parameter Threads to 1
   Prev: 0  Min: 0  Max: 1024  Default: 0
Optimize a model with 601 rows, 27315 columns and 81798 nonzeros
Coefficient statistics:
  Matrix range    [1e+00, 2e+03]
  Objective range [1e+00, 1e+00]
  Bounds range    [1e+00, 1e+00]
  RHS range       [1e+00, 3e+03]
Found heuristic solution: objective 130
Presolve removed 262 rows and 20610 columns
Presolve time: 0.02s
Presolved: 339 rows, 6705 columns, 19829 nonzeros
Variable types: 6562 continuous, 143 integer (143 binary)

Root relaxation: objective 1.340360e+01, 2165 iterations, 0.05 seconds

    Nodes    |    Current Node    |     Objective Bounds      |     Work
 Expl Unexpl |  Obj  Depth IntInf | Incumbent    BestBd   Gap | It/Node Time

     0     0   13.40360    0   17  130.00000   13.40360  89.7%     -    0s
H    0     0                      25.0000000   13.40360  46.4%     -    0s
     0     0   13.82661    0   31   25.00000   13.82661  44.7%     -    0s
     0     0   13.85228    0   37   25.00000   13.85228  44.6%     -    0s
     0     0   13.98875    0   35   25.00000   13.98875  44.0%     -    0s
     0     0   14.16998    0   38   25.00000   14.16998  43.3%     -    0s
     0     0   14.26643    0   49   25.00000   14.26643  42.9%     -    0s
     0     0   14.39077    0   42   25.00000   14.39077  42.4%     -    0s
     0     0   14.44275    0   45   25.00000   14.44275  42.2%     -    1s
     0     0   14.44970    0   43   25.00000   14.44970  42.2%     -    1s
     0     0   14.52701    0   53   25.00000   14.52701  41.9%     -    1s
     0     0   14.54275    0   51   25.00000   14.54275  41.8%     -    1s
     0     0   14.65092    0   51   25.00000   14.65092  41.4%     -    1s
     0     0   14.68153    0   59   25.00000   14.68153  41.3%     -    2s
     0     0   14.84839    0   41   25.00000   14.84839  40.6%     -    2s
     0     0   14.92944    0   46   25.00000   14.92944  40.3%     -    2s
     0     0   14.97252    0   54   25.00000   14.97252  40.1%     -    2s
     0     0   14.97513    0   54   25.00000   14.97513  40.1%     -    2s
     0     0   14.99741    0   55   25.00000   14.99741  40.0%     -    3s
     0     0   15.00446    0   55   25.00000   15.00446  40.0%     -    3s
     0     0   15.00446    0   55   25.00000   15.00446  40.0%     -    3s
     0     0   15.00446    0   47   25.00000   15.00446  40.0%     -    4s
H    0     0                      23.0000000   15.00446  34.8%     -    4s
     0     2   15.00672    0   47   23.00000   15.00672  34.8%     -    4s
     4     6   15.11567    3   47   23.00000   15.04625  34.6%  2049    5s
   138   132   15.37590   14   36   23.00000   15.11385  34.3%   532   10s
   238   218   15.92301   10   36   23.00000   15.12289  34.2%   567   15s
   324   302   19.82905   75   14   23.00000   15.12289  34.2%   561   21s
   373   333   16.30695   20   29   23.00000   15.20966  33.9%   612   25s
   511   452   16.44452   21   47   23.00000   15.21264  33.9%   572   30s
   529   464   21.24668   73   59   23.00000   15.21264  33.9%   552   35s
   541   474   15.21264   15   54   23.00000   15.21264  33.9%   113   40s
   571   494   15.45525   30   30   23.00000   15.21264  33.9%   177   45s
   749   588   15.51207   20   39   23.00000   15.23614  33.8%   232   50s
   925   687   15.63495   18   43   23.00000   15.23614  33.8%   271   55s
  1109   797   15.24829   18   57   23.00000   15.24829  33.7%   311   60s
  1186   848   16.73558   60   30   23.00000   15.24829  33.7%   343   65s
  1409   957   21.93339   92   10   23.00000   15.25059  33.7%   342   70s
  1455   974   16.62964   31   26   23.00000   15.25189  33.7%   375   75s
  1654  1090   19.94026   68   12   23.00000   15.25234  33.7%   375   80s
  1785  1141   15.25234   22   57   23.00000   15.25234  33.7%   382   85s
  1843  1163   17.13912   47   34   23.00000   15.25234  33.7%   404   90s
  1925  1198   15.62004   35   41   23.00000   15.25240  33.7%   417   95s
  2092  1336   15.65083   31   38   23.00000   15.25278  33.7%   419  100s
  2185  1418   16.00000   21   59   23.00000   15.25285  33.7%   428  105s
  2269  1477   15.50000   24   58   23.00000   15.25332  33.7%   437  110s
  2335  1534   15.64715   22   44   23.00000   15.25760  33.7%   447  115s
  2378  1577   19.51180   65   25   23.00000   15.25760  33.7%   462  120s
  2446  1624   16.42913   46   39   23.00000   15.25848  33.7%   471  125s
  2573  1732   17.88291   67   25   23.00000   15.25938  33.7%   471  130s
  2701  1837   15.54711   23   45   23.00000   15.26621  33.6%   470  135s
  2717  1853   15.90672   31   40   23.00000   15.26621  33.6%   485  140s
  2752  1888   16.41061   49   31   23.00000   15.26621  33.6%   500  145s
  2874  1994   16.73652   32   30   23.00000   15.26918  33.6%   501  150s
  3029  2120   15.47642   19   48   23.00000   15.27307  33.6%   495  155s
  3086  2177   17.03084   43   27   23.00000   15.27307  33.6%   505  160s
  3297  2354   15.54656   28   43   23.00000   15.27934  33.6%   492  165s
  3395  2440   18.31914   50   27   23.00000   15.28153  33.6%   494  170s
  3463  2491   15.77084   26   43   23.00000   15.28314  33.6%   499  175s
  3560  2571   15.41954   21   42   23.00000   15.28417  33.5%   502  180s
  3674  2674   19.32216   66   20   23.00000   15.28428  33.5%   503  185s
  3821  2768   15.39547   24   43   23.00000   15.28634  33.5%   499  190s
  3907  2830   16.04631   24   39   23.00000   15.28793  33.5%   501  195s
  3975  2889   16.16070   25   39   23.00000   15.28927  33.5%   506  200s
  4058  2960   16.05736   25   41   23.00000   15.28986  33.5%   509  205s
  4094  2996   16.57362   44   24   23.00000   15.28986  33.5%   516  210s
  4243  3115   16.72685   47   38   23.00000   15.29075  33.5%   513  215s
  4373  3219   15.30500   25   45   23.00000   15.29223  33.5%   510  220s
  4410  3256   18.09668   62   25   23.00000   15.29223  33.5%   517  225s
  4524  3340   15.37513   28   48   23.00000   15.29432  33.5%   515  230s
  4545  3361   16.13211   38   45   23.00000   15.29432  33.5%   524  235s
  4577  3393   16.81077   54   20   23.00000   15.29432  33.5%   531  240s
  4678  3458   15.81171   21   36   23.00000   15.29719  33.5%   532  245s
  4700  3480   17.43872   32   32   23.00000   15.29719  33.5%   540  250s
  4792  3533   15.54372   31   44   23.00000   15.29719  33.5%   541  255s
  4864  3593   16.18343   34   34   23.00000   15.30107  33.5%   544  260s
  4928  3641   16.64175   33   43   23.00000   15.30212  33.5%   548  265s
  5049  3730   18.57566   56   28   23.00000   15.30298  33.5%   546  270s
  5112  3780   16.12864   35   26   23.00000   15.30500  33.5%   549  275s
  5258  3905   16.36954   40   38   23.00000   15.30552  33.5%   546  280s
  5343  3976   15.75279   21   44   23.00000   15.30746  33.4%   546  285s
  5420  4040   16.00000   18   36   23.00000   15.30981  33.4%   547  290s
  5491  4098   15.40629   18   45   23.00000   15.31059  33.4%   549  295s
  5545  4144   15.42072   27   53   23.00000   15.31253  33.4%   552  300s
  5573  4172   18.39265   55   27   23.00000   15.31253  33.4%   556  305s
  5660  4243   19.47614   83   11   23.00000   15.31765  33.4%   558  310s
  5730  4299   20.28278   76   21   23.00000   15.32163  33.4%   560  315s
  5797  4352   17.82908   44   28   23.00000   15.32680  33.4%   562  320s
  5877  4402   15.51015   27   37   23.00000   15.33026  33.3%   563  325s
  5955  4451   15.45542   26   51   23.00000   15.33461  33.3%   565  330s
  6034  4512   15.48723   27   42   23.00000   15.33484  33.3%   565  335s
  6054  4532   16.53751   39   26   23.00000   15.33484  33.3%   571  340s
  6177  4625   16.66511   38   43   23.00000   15.33484  33.3%   569  345s
  6245  4683   15.63973   33   41   23.00000   15.33556  33.3%   570  350s
  6295  4733   17.19291   58   30   23.00000   15.33556  33.3%   574  355s
  6396  4810   16.74838   46   34   23.00000   15.33572  33.3%   573  360s
  6465  4864   15.73772   25   37   23.00000   15.33580  33.3%   573  365s
  6524  4913   15.53254   21   47   23.00000   15.33649  33.3%   576  370s
  6598  4971   15.46775   31   41   23.00000   15.33752  33.3%   577  375s
  6696  5055   15.36622   28   38   23.00000   15.33788  33.3%   575  380s
  6766  5112   16.28971   29   46   23.00000   15.34006  33.3%   576  385s
  6850  5178   16.10457   32   34   23.00000   15.34011  33.3%   577  390s
  6939  5244   17.19992   34   33   23.00000   15.34098  33.3%   576  395s
  7031  5297   16.61819   37   29   23.00000   15.34109  33.3%   576  400s
  7142  5392   15.60667   26   44   23.00000   15.34388  33.3%   576  405s
  7227  5459   16.32662   37   35   23.00000   15.34427  33.3%   576  410s
  7312  5533   16.58542   37   35   23.00000   15.34639  33.3%   576  415s
  7390  5594   17.72972   42   26   23.00000   15.34699  33.3%   576  420s
  7473  5669   19.59124   59   24   23.00000   15.34752  33.3%   577  425s
  7509  5696   16.67048   46   34   23.00000   15.34754  33.3%   580  430s
  7566  5745   17.18809   43   27   23.00000   15.34923  33.3%   582  435s
  7640  5813   17.34815   59   28   23.00000   15.34923  33.3%   583  440s
  7714  5869   17.91806   54   24   23.00000   15.34923  33.3%   583  445s
  7786  5926   16.22939   34   30   23.00000   15.34925  33.3%   584  450s
  7843  5983   17.88801   63   19   23.00000   15.34925  33.3%   587  455s
  7957  6053   16.20805   32   37   23.00000   15.34940  33.3%   585  460s
  7985  6079   16.89111   47   35   23.00000   15.34940  33.3%   589  465s
  8118  6192   16.00000   34   44   23.00000   15.35205  33.3%   586  470s
  8148  6222   18.60433   47   22   23.00000   15.35205  33.3%   590  475s
  8200  6266   16.64330   50   39   23.00000   15.35397  33.2%   592  480s
  8325  6371   21.18952  101   13   23.00000   15.35397  33.2%   589  485s
  8400  6412   15.37405   25   50   23.00000   15.35735  33.2%   590  490s
  8440  6452   18.44163   65   24   23.00000   15.35735  33.2%   592  495s
  8553  6537   16.06424   30   38   23.00000   15.36091  33.2%   590  500s
  8614  6588   15.80272   31   42   23.00000   15.36152  33.2%   592  505s
  8685  6646   16.08341   33   40   23.00000   15.36577  33.2%   593  510s
  8783  6727   17.59893   60   17   23.00000   15.36636  33.2%   592  515s
  8849  6777   16.80460   40   29   23.00000   15.36781  33.2%   593  520s
  8979  6878   16.53626   34   31   23.00000   15.36821  33.2%   591  525s
  9034  6924   15.88153   27   34   23.00000   15.36984  33.2%   594  530s
  9110  6980   15.71736   30   42   23.00000   15.37073  33.2%   595  535s
  9177  7033   15.55812   29   44   23.00000   15.37256  33.2%   595  540s
  9272  7111   15.78015   34   39   23.00000   15.37333  33.2%   594  545s
  9346  7164   15.71975   32   38   23.00000   15.37368  33.2%   594  550s
  9404  7216   15.71410   33   39   23.00000   15.37450  33.2%   596  555s
  9421  7233   16.49717   41   43   23.00000   15.37450  33.2%   599  560s
  9530  7320   15.51348   28   42   23.00000   15.37460  33.2%   598  565s
  9570  7360   21.63685   68   12   23.00000   15.37460  33.2%   600  570s
  9600  7383   16.83761   53   39   23.00000   15.37680  33.1%   602  575s
  9645  7417   16.54603   36   38   23.00000   15.37723  33.1%   604  580s
  9720  7480   15.77151   27   38   23.00000   15.37841  33.1%   603  585s
  9748  7508   16.37294   32   21   23.00000   15.37841  33.1%   606  590s
  9802  7562   17.37633   52   17   23.00000   15.37841  33.1%   608  595s
 10020  7725   15.98135   28   50   23.00000   15.37962  33.1%   601  600s
 10038  7743   16.84364   46   42   23.00000   15.37962  33.1%   603  605s
 10092  7788   17.00601   48   30   23.00000   15.37989  33.1%   604  610s
 10200  7866   16.99530   48   31   23.00000   15.38068  33.1%   601  615s
 10203  7868   19.73900   69   47   23.00000   15.38068  33.1%   601  659s
 10208  7871   21.61582   85   31   23.00000   15.38068  33.1%   601  661s
 10212  7874   15.90714   32   46   23.00000   15.38068  33.1%   601  665s
 10217  7877   15.99460   35   58   23.00000   15.38068  33.1%   601  670s
 10222  7881   18.71168   75   61   23.00000   15.38068  33.1%   600  675s
 10227  7884   20.83326   71   59   23.00000   15.38068  33.1%   600  680s
 10232  7887   15.90714   32   58   23.00000   15.38068  33.1%   600  685s
 10236  7890   17.15961   55   54   23.00000   15.38068  33.1%   599  691s
 10241  7893   16.85602   54   62   23.00000   15.38068  33.1%   599  695s
 10246  7897   16.16705   43   63   23.00000   15.38068  33.1%   599  700s
 10250  7899   15.41323   33   63   23.00000   15.38068  33.1%   599  705s
 10255  7903   15.59550   30   65   23.00000   15.38068  33.1%   598  710s
 10259  7905   18.05088   50   62   23.00000   15.38068  33.1%   598  715s
 10262  7907   18.71168   75   58   23.00000   15.38068  33.1%   598  720s
 10268  7911   21.61582   85   57   23.00000   15.38068  33.1%   598  725s
 10272  7914   15.90714   32   58   23.00000   15.38068  33.1%   597  730s
 10276  7917   17.15961   55   61   23.00000   15.38068  33.1%   597  736s
 10278  7918   19.88429   89   61   23.00000   15.38068  33.1%   597  740s
 10283  7921   19.73900   69   69   23.00000   15.38068  33.1%   597  745s
 10288  7925   21.61582   85   62   23.00000   15.38068  33.1%   596  751s
 10291  7927   17.04399   60   68   23.00000   15.38068  33.1%   596  755s
 10294  7929   16.33425   35   49   23.00000   15.38068  33.1%   596  761s
 10297  7931   15.99460   35   61   23.00000   15.38068  33.1%   596  765s
 10304  7935   16.56236   43   50   23.00000   15.38068  33.1%   595  771s
 10307  7937   20.83326   71   63   23.00000   15.38068  33.1%   595  775s
 10311  7940   17.04399   60   63   23.00000   15.38068  33.1%   595  780s
 10317  7944   15.99460   35   62   23.00000   15.38068  33.1%   595  785s
 10321  7947   16.85602   54   63   23.00000   15.38068  33.1%   595  790s
 10324  7949   16.56236   43   48   23.00000   15.38068  33.1%   594  795s
 10329  7952   19.66965   83   59   23.00000   15.38068  33.1%   594  800s
 10334  7955   16.33425   35   58   23.00000   15.38068  33.1%   594  805s
 10339  7959   18.05088   50   60   23.00000   15.38068  33.1%   593  811s
 10342  7961   18.71168   75   55   23.00000   15.38068  33.1%   593  816s
 10344  7962   16.56236   43   59   23.00000   15.38068  33.1%   593  820s
 10350  7966   15.41323   33   60   23.00000   15.38068  33.1%   593  825s
 10354  7969   16.33425   35   60   23.00000   15.38068  33.1%   593  830s
 10358  7971   19.88429   89   61   23.00000   15.38068  33.1%   592  835s
 10364  7975   16.56236   43   61   23.00000   15.38068  33.1%   592  840s
 10369  7979   19.66965   83   60   23.00000   15.38068  33.1%   592  845s
 10373  7981   17.86899   58   60   23.00000   15.38068  33.1%   592  850s
 10378  7985   19.88429   89   58   23.00000   15.38068  33.1%   591  855s
 10382  7987   18.71168   75   61   23.00000   15.38068  33.1%   591  860s
 10385  7989   16.11405   37   61   23.00000   15.38068  33.1%   591  865s
 10390  7993   15.41323   33   58   23.00000   15.38068  33.1%   591  870s
 10396  7997   17.15961   55   59   23.00000   15.38068  33.1%   590  875s
 10401  8000   16.85602   54   61   23.00000   15.38068  33.1%   590  880s
 10405  8003   16.11405   37   61   23.00000   15.38068  33.1%   590  887s
 10408  8007   15.38068   26   52   23.00000   15.38068  33.1%   632  890s
 10413  8010   15.38068   28   49   23.00000   15.38068  33.1%   632  895s
 10429  8021   15.87820   36   33   23.00000   15.38068  33.1%   633  900s
 10471  8049   16.64635   57   35   23.00000   15.38068  33.1%   634  905s
 10603  8102   15.54117   26   50   23.00000   15.38068  33.1%   630  929s
 10604  8102   15.70325   27   54   23.00000   15.38068  33.1%   630  930s
 10617  8111   16.01428   33   38   23.00000   15.38068  33.1%   632  935s
 10640  8126   16.26001   45   38   23.00000   15.38068  33.1%   634  940s
 10794  8216   15.38068   26   65   23.00000   15.38068  33.1%   629  959s
 10795  8217   15.38068   27   55   23.00000   15.38068  33.1%   630  960s
 10806  8224   15.63177   32   40   23.00000   15.38068  33.1%   631  965s
 10828  8239   16.09189   43   34   23.00000   15.38068  33.1%   633  970s
 11007  8342   15.51398   28   51   23.00000   15.38068  33.1%   628  983s
 11009  8343   16.00753   30   54   23.00000   15.38068  33.1%   629  986s
 11012  8345   15.79939   31   49   23.00000   15.38068  33.1%   631  990s
 11019  8350   16.01170   36   41   23.00000   15.38068  33.1%   633  995s
 11032  8359   16.33086   41   46   23.00000   15.38068  33.1%   635 1000s
 11199  8451   15.38339   28   59   23.00000   15.38068  33.1%   629 1008s
 11200  8452   15.42345   29   64   23.00000   15.38068  33.1%   630 1010s
 11206  8456   15.66378   34   51   23.00000   15.38068  33.1%   632 1015s
 11212  8460   16.00000   35   48   23.00000   15.38068  33.1%   634 1020s
 11223  8467   16.04995   38   33   23.00000   15.38068  33.1%   636 1025s
 11264  8494   16.63159   62   22   23.00000   15.38068  33.1%   636 1030s
 11403  8556   15.53349   31   52   23.00000   15.38509  33.1%   631 1036s
 11414  8563   16.11675   40   36   23.00000   15.38509  33.1%   632 1040s
 11531  8637     cutoff  100        23.00000   15.38509  33.1%   629 1045s
 11560  8635   15.56967   31   56   23.00000   15.38553  33.1%   629 1050s
 11575  8645   16.69035   46   35   23.00000   15.38553  33.1%   630 1055s
 11657  8684   15.52167   29   62   23.00000   15.41381  33.0%   627 1062s
 11661  8687   16.06037   33   35   23.00000   15.41381  33.0%   628 1065s
 11753  8730   15.44285   30   62   23.00000   15.42611  32.9%   626 1071s
 11757  8733   16.02111   34   49   23.00000   15.42611  32.9%   627 1075s
 11780  8741   15.45356   31   53   23.00000   15.44290  32.9%   628 1083s
 11782  8743   15.78079   33   56   23.00000   15.44290  32.9%   629 1085s
 11830  8775   18.33213   81   19   23.00000   15.44290  32.9%   629 1090s
 11874  8792   15.70181   33   59   23.00000   15.44718  32.8%   628 1095s
 11882  8797   15.54052   39   60   23.00000   15.45356  32.8%   629 1100s
 11892  8804   16.01585   43   45   23.00000   15.45356  32.8%   631 1105s
 11902  8811   15.92577   47   43   23.00000   15.45356  32.8%   632 1110s
 11937  8834   17.47143   63   22   23.00000   15.45356  32.8%   633 1115s
 12071  8902   15.59685   32   63   23.00000   15.47544  32.7%   629 1120s
 12080  8908   16.23583   41   40   23.00000   15.47544  32.7%   630 1125s
 12158  8943   15.70740   31   61   23.00000   15.49195  32.6%   628 1132s
 12161  8945   15.90399   32   50   23.00000   15.49195  32.6%   629 1135s
 12167  8949   15.98537   36   61   23.00000   15.49195  32.6%   631 1141s
 12173  8953   16.41023   40   50   23.00000   15.49195  32.6%   632 1145s
 12180  8958   16.70505   43   38   23.00000   15.49195  32.6%   633 1150s
 12189  8964   16.61885   45   43   23.00000   15.49195  32.6%   634 1155s
 12202  8973   17.51918   51   41   23.00000   15.49195  32.6%   636 1160s
 12256  9007   21.71360   71   20   23.00000   15.49195  32.6%   636 1165s
 12284  9005   16.07050   37   54   23.00000   15.49999  32.6%   636 1171s
 12297  9014   16.41976   50   40   23.00000   15.49999  32.6%   637 1175s
 12357  9044   15.92160   36   54   23.00000   15.50023  32.6%   636 1182s
 12360  9046   16.33877   39   53   23.00000   15.50023  32.6%   637 1185s
 12425  9076   15.57307   28   57   23.00000   15.50593  32.6%   636 1192s
 12430  9080   16.37419   33   32   23.00000   15.50593  32.6%   637 1195s
 12525  9123   15.67305   35   46   23.00000   15.50736  32.6%   635 1201s
 12543  9135   16.78902   53   36   23.00000   15.50736  32.6%   635 1205s
 12626  9172   15.62077   37   65   23.00000   15.51649  32.5%   634 1211s
 12636  9179   16.80648   47   31   23.00000   15.51649  32.5%   635 1215s
 12701  9199   15.60961   29   61   23.00000   15.51881  32.5%   633 1220s
 12706  9203   15.79144   32   47   23.00000   15.51881  32.5%   635 1226s
 12710  9205   15.84944   34   49   23.00000   15.51881  32.5%   635 1230s
 12715  9209   16.05572   36   48   23.00000   15.51881  32.5%   637 1236s
 12721  9213   16.26460   39   44   23.00000   15.51881  32.5%   638 1240s
 12727  9217   16.45313   42   46   23.00000   15.51881  32.5%   639 1245s
 12735  9222   16.46781   46   48   23.00000   15.51881  32.5%   641 1250s
 12741  9226   16.88720   49   42   23.00000   15.51881  32.5%   642 1255s
 12751  9233   17.45808   54   42   23.00000   15.51881  32.5%   644 1260s
 12762  9240   17.18106   60   40   23.00000   15.51881  32.5%   645 1265s
 12784  9255   17.94574   71   33   23.00000   15.51881  32.5%   646 1270s
 12803  9267   18.98220   80   25   23.00000   15.51881  32.5%   648 1275s
 12910  9299   15.74568   38   64   23.00000   15.52181  32.5%   645 1281s
 12918  9304   16.64619   46   33   23.00000   15.52181  32.5%   646 1285s
 12996  9340   15.60158   30   50   23.00000   15.52181  32.5%   644 1291s
 13003  9345   16.10603   37   42   23.00000   15.52181  32.5%   645 1295s
 13013  9351   17.12411   47   26   23.00000   15.52181  32.5%   646 1300s
 13062  9374   15.71125   30   46   23.00000   15.52373  32.5%   647 1308s
 13064  9375   16.02219   32   35   23.00000   15.52373  32.5%   647 1310s
 13079  9385   16.51724   41   31   23.00000   15.52373  32.5%   648 1315s
 13111  9403   17.99689   61   21   23.00000   15.52373  32.5%   649 1320s
 13211  9455   15.59893   30   61   23.00000   15.52989  32.5%   646 1325s
 13214  9457   16.04901   33   69   23.00000   15.52989  32.5%   647 1331s
 13218  9460   16.23531   37   52   23.00000   15.52989  32.5%   648 1335s
 13227  9466   16.73496   46   50   23.00000   15.52989  32.5%   649 1340s
 13268  9483     cutoff   81        23.00000   15.52989  32.5%   649 1345s
 13269  9484   16.05476   39   58   23.00000   15.53498  32.5%   650 1351s
 13272  9486   16.37888   42   53   23.00000   15.53498  32.5%   651 1355s
 13287  9496   17.47905   57   38   23.00000   15.53498  32.5%   652 1360s
 13337  9527   21.08564  106   14   23.00000   15.53498  32.5%   651 1365s
 13367  9536   16.27354   36   37   23.00000   15.53784  32.4%   651 1370s
 13445  9576   21.95513  109    5   23.00000   15.53784  32.4%   649 1375s
 13448  9574   16.11776   31   51   23.00000   15.54127  32.4%   650 1381s
 13451  9576   16.30018   33   47   23.00000   15.54127  32.4%   651 1385s
 13458  9581   16.47326   37   39   23.00000   15.54127  32.4%   652 1391s
 13463  9584   17.00000   40   48   23.00000   15.54127  32.4%   653 1396s
 13469  9588   17.00000   43   42   23.00000   15.54127  32.4%   654 1400s
 13474  9592   18.00000   46   43   23.00000   15.54127  32.4%   655 1405s
 13485  9599   18.74086   54   16   23.00000   15.54127  32.4%   656 1410s
 13572  9607   15.75167   40   65   23.00000   15.54343  32.4%   654 1416s
 13576  9610   16.20550   44   47   23.00000   15.54343  32.4%   655 1420s
 13586  9616   17.33608   54   33   23.00000   15.54343  32.4%   656 1425s
 13628  9632   15.79092   32   55   23.00000   15.55041  32.4%   656 1430s
 13632  9635   16.01168   36   53   23.00000   15.55041  32.4%   657 1435s
 13647  9645   17.18256   51   42   23.00000   15.55041  32.4%   658 1440s
 13655  9650   18.48590   59   37   23.00000   15.55041  32.4%   659 1445s
 13697  9664   15.93241   34   44   23.00000   15.55068  32.4%   659 1450s
 13707  9671   17.16863   44   31   23.00000   15.55068  32.4%   660 1455s
 13760  9691   16.13597   33   56   23.00000   15.55104  32.4%   659 1461s
 13765  9695   16.55892   38   40   23.00000   15.55104  32.4%   660 1465s
 13791  9712   19.85020   64   23   23.00000   15.55104  32.4%   660 1470s
 13850  9737   15.76731   35   44   23.00000   15.55183  32.4%   659 1475s
 13875  9754   18.17473   60   20   23.00000   15.55183  32.4%   659 1480s
 13925  9770   15.75420   36   49   23.00000   15.55207  32.4%   659 1485s
 13935  9777   16.22787   46   38   23.00000   15.55207  32.4%   660 1490s
 13952  9788   18.15193   63   29   23.00000   15.55207  32.4%   661 1495s
 13999  9806   15.86990   39   49   23.00000   15.55466  32.4%   660 1500s
 14010  9813   16.31682   41   37   23.00000   15.55466  32.4%   661 1505s
 14039  9832   17.23015   58   30   23.00000   15.55466  32.4%   662 1510s
 14140  9883   15.69555   38   59   23.00000   15.55691  32.4%   659 1515s
 14151  9890   16.11790   49   44   23.00000   15.55691  32.4%   660 1520s
 14166  9900   17.74154   64   30   23.00000   15.55691  32.4%   661 1525s
 14220  9917   15.74678   40   54   23.00000   15.56495  32.3%   660 1530s
 14235  9927   16.10333   55   41   23.00000   15.56495  32.3%   661 1535s
 14265  9947   21.23977   85   24   23.00000   15.56495  32.3%   662 1540s
 14287  9952   15.92669   36   33   23.00000   15.56970  32.3%   662 1545s
 14356  9982   15.72707   31   56   23.00000   15.56988  32.3%   661 1552s
 14362  9986   16.17985   37   45   23.00000   15.56988  32.3%   662 1555s
 14374  9994   16.97200   49   34   23.00000   15.56988  32.3%   663 1560s
 14448 10031   15.76062   35   52   23.00000   15.57195  32.3%   661 1565s
 14461 10040   16.10251   41   40   23.00000   15.57195  32.3%   663 1570s
 14478 10051   16.24478   50   35   23.00000   15.57195  32.3%   664 1575s
 14501 10066   17.59743   61   15   23.00000   15.57195  32.3%   666 1580s
 14591 10095   15.77913   32   55   23.00000   15.57454  32.3%   665 1586s
 14596 10099   15.94501   34   57   23.00000   15.57454  32.3%   666 1590s
 14600 10101   16.09529   35   49   23.00000   15.57454  32.3%   668 1595s
 14616 10112   18.77715   45   22   23.00000   15.57454  32.3%   669 1600s
 14676 10129   15.61814   30   48   23.00000   15.57543  32.3%   669 1605s
 14697 10143   18.10484   51   19   23.00000   15.57543  32.3%   670 1610s
 14756 10169   16.23519   37   37   23.00000   15.57564  32.3%   670 1615s
 14830 10210   15.62799   34   63   23.00000   15.57789  32.3%   669 1620s
 14835 10213   16.03450   39   45   23.00000   15.57789  32.3%   670 1625s
 14855 10226   18.80305   59   25   23.00000   15.57789  32.3%   672 1630s
 14903 10249   15.86592   31   48   23.00000   15.58044  32.3%   672 1635s
 14923 10263   16.79602   51   38   23.00000   15.58044  32.3%   673 1640s
 14986 10292   16.18449   35   45   23.00000   15.58252  32.2%   673 1646s
 15001 10302   16.79600   43   31   23.00000   15.58252  32.2%   674 1650s
 15026 10318   17.65869   57   29   23.00000   15.58252  32.2%   675 1655s
 15123 10375   21.50582  108    6   23.00000   15.58252  32.2%   674 1660s
 15185 10394   18.78266   69   11   23.00000   15.58259  32.2%   673 1665s
 15208 10400   16.33697   35   38   23.00000   15.58578  32.2%   674 1670s
 15274 10434   15.72837   34   53   23.00000   15.58611  32.2%   673 1675s
 15294 10447   17.46796   54   29   23.00000   15.58611  32.2%   674 1680s
 15342 10464   16.06631   34   52   23.00000   15.58892  32.2%   675 1685s
 15368 10481   18.82127   60   23   23.00000   15.58892  32.2%   676 1690s
 15410 10498   16.09204   42   61   23.00000   15.59253  32.2%   676 1695s
 15425 10508   17.77596   57   36   23.00000   15.59253  32.2%   677 1700s
 15468 10529   15.96341   34   32   23.00000   15.59324  32.2%   677 1705s
 15532 10560   15.92598   29   60   23.00000   15.59519  32.2%   678 1713s
 15534 10561   16.01900   31   41   23.00000   15.59519  32.2%   678 1715s
 15600 10586   15.67444   32   55   23.00000   15.59917  32.2%   677 1720s
 15609 10592   16.87519   36   35   23.00000   15.59917  32.2%   679 1725s
 15623 10601   17.24915   43   34   23.00000   15.59917  32.2%   680 1730s
 15651 10620   20.27421   58   26   23.00000   15.59917  32.2%   681 1735s
 15711 10627   15.70591   32   58   23.00000   15.60196  32.2%   682 1741s
 15724 10636   16.87982   45   35   23.00000   15.60196  32.2%   683 1745s
 15810 10672   16.26106   32   40   23.00000   15.60252  32.2%   681 1750s
 15874 10703   15.82926   33   46   23.00000   15.60281  32.2%   681 1755s
 15884 10709   16.57185   39   31   23.00000   15.60281  32.2%   682 1760s
 15893 10715   16.99034   42   41   23.00000   15.60281  32.2%   683 1765s
 15925 10737   18.27448   58   16   23.00000   15.60281  32.2%   684 1770s
 16016 10780   15.81932   47   41   23.00000   15.60302  32.2%   683 1775s
 16070 10805   15.81360   30   60   23.00000   15.60598  32.1%   683 1780s
 16081 10813   16.01408   36   43   23.00000   15.60598  32.1%   684 1785s
 16106 10829   17.11083   48   20   23.00000   15.60598  32.1%   686 1790s
 16186 10881   20.19265   88    7   23.00000   15.60598  32.1%   685 1795s

Cutting planes:
  Gomory: 146
  Cover: 10
  Implied bound: 628
  MIR: 2089
  Flow cover: 745
  Zero half: 3
  Network: 60

Explored 16232 nodes (11447194 simplex iterations) in 1800.00 seconds
Thread count was 1 (of 8 available processors)

Time limit reached
Best objective 2.300000000000e+01, best bound 1.600000000000e+01, gap 30.4348%
