
Gurobi 6.5.2 (linux64) logging started Tue Jun  6 11:06:43 2017

Changed value of parameter LogFile to test_cases/mip_solutions/furman_sahinidis/transportation/20sp1_gurobi.log
   Prev: gurobi.log  Default: 
Changed value of parameter Threads to 1
   Prev: 0  Min: 0  Max: 1024  Default: 0
Optimize a model with 21432 rows, 44112 columns and 153104 nonzeros
Coefficient statistics:
  Matrix range    [1e+00, 3e+03]
  Objective range [1e+00, 1e+00]
  Bounds range    [1e+00, 1e+00]
  RHS range       [1e+00, 3e+03]
Found heuristic solution: objective 45
Presolve removed 21279 rows and 43324 columns
Presolve time: 0.03s
Presolved: 153 rows, 788 columns, 2180 nonzeros
Variable types: 696 continuous, 92 integer (92 binary)

Root relaxation: objective 1.174539e+01, 484 iterations, 0.00 seconds

    Nodes    |    Current Node    |     Objective Bounds      |     Work
 Expl Unexpl |  Obj  Depth IntInf | Incumbent    BestBd   Gap | It/Node Time

     0     0   11.74539    0   14   45.00000   11.74539  73.9%     -    0s
H    0     0                      21.0000000   11.74539  44.1%     -    0s
     0     0   12.15575    0   27   21.00000   12.15575  42.1%     -    0s
     0     0   12.32567    0   25   21.00000   12.32567  41.3%     -    0s
     0     0   12.52212    0   28   21.00000   12.52212  40.4%     -    0s
     0     0   12.66672    0   38   21.00000   12.66672  39.7%     -    0s
     0     0   12.67279    0   41   21.00000   12.67279  39.7%     -    0s
     0     0   12.77241    0   42   21.00000   12.77241  39.2%     -    0s
     0     0   12.81403    0   41   21.00000   12.81403  39.0%     -    0s
     0     0   12.82043    0   47   21.00000   12.82043  39.0%     -    0s
     0     0   12.85923    0   44   21.00000   12.85923  38.8%     -    0s
     0     0   12.86300    0   45   21.00000   12.86300  38.7%     -    0s
     0     0   12.87696    0   47   21.00000   12.87696  38.7%     -    0s
     0     0   12.87696    0   46   21.00000   12.87696  38.7%     -    0s
H    0     0                      20.0000000   12.87696  35.6%     -    0s
     0     2   12.89132    0   46   20.00000   12.89132  35.5%     -    0s
  1903  1055   15.10125   23   22   20.00000   13.70765  31.5%  58.6    5s
H 2825  1549                      19.0000000   13.80823  27.3%  63.8    7s
  3590  2137   15.74653   24   18   19.00000   13.85757  27.1%  69.1   10s
  4782  3010   15.45264   37   12   19.00000   13.91057  26.8%  74.4   15s
  6183  4046   15.46983   28   21   19.00000   13.96613  26.5%  77.3   20s
  7784  5155   18.00000   56    9   19.00000   14.00000  26.3%  77.8   25s
  9176  6165   14.00000   23   27   19.00000   14.00000  26.3%  78.4   30s
 10203  6897   15.92597   38   46   19.00000   14.00197  26.3%  79.0   37s
 10254  6931   14.49231   28   60   19.00000   14.00197  26.3%  78.7   40s
 10358  7000   15.86439   50   61   19.00000   14.00197  26.3%  77.9   45s
 10474  7080   15.46095   61   11   19.00000   14.00197  26.3%  80.2   50s
 11478  7536   17.88107   55   14   19.00000   14.03802  26.1%  80.6   55s
 12894  8136   14.60768   35   28   19.00000   14.11229  25.7%  80.7   60s
 14218  8701   16.84764   42   14   19.00000   14.16614  25.4%  80.9   65s
 15300  9132   14.94538   39   22   19.00000   14.18996  25.3%  81.6   70s
 16338  9587   14.39266   29   38   19.00000   14.21703  25.2%  81.9   75s
 17366 10014   14.42859   31   31   19.00000   14.23651  25.1%  82.8   80s
 18522 10456   14.95748   37   22   19.00000   14.25242  25.0%  82.6   85s
 19541 10830   15.36007   42   16   19.00000   14.26367  24.9%  82.9   90s
 20609 11234   15.33154   32   26   19.00000   14.28531  24.8%  82.8   95s
 21694 11656   14.61353   29   33   19.00000   14.30115  24.7%  83.1  100s
 22704 12091   14.86656   42   21   19.00000   14.31244  24.7%  83.6  105s
 23784 12481   14.67361   37   38   19.00000   14.32224  24.6%  83.6  110s
 24832 12868   16.00000   28   15   19.00000   14.33194  24.6%  83.9  115s
 25832 13265   17.48194   64    6   19.00000   14.33787  24.5%  84.2  120s
 26860 13621   15.74261   46   15   19.00000   14.34550  24.5%  84.5  125s
 27812 13989   16.00000   37   29   19.00000   14.35191  24.5%  84.8  130s
 28494 14247   16.01539   48   12   19.00000   14.35480  24.4%  85.3  135s
 29507 14587   15.22079   40   17   19.00000   14.36012  24.4%  85.5  140s
 30541 14971   17.43268   55    9   19.00000   14.36940  24.4%  85.5  145s
 31542 15345   15.55587   46   21   19.00000   14.37559  24.3%  85.7  150s
 32403 15949   16.11862   45   18   19.00000   14.38228  24.3%  86.1  155s
 33303 16597   16.51892   59   12   19.00000   14.38972  24.3%  86.1  160s
 34205 17224   14.97445   40   29   19.00000   14.39517  24.2%  86.5  165s
 35153 17922   15.26841   44   14   19.00000   14.40000  24.2%  86.6  170s
 36181 18633   17.09897   57   13   19.00000   14.40481  24.2%  86.5  175s
 37182 19368   15.05496   36   23   19.00000   14.40805  24.2%  86.6  180s
 38148 20032   14.49278   32   39   19.00000   14.41512  24.1%  86.6  185s
 38948 20624   15.20152   49   18   19.00000   14.41802  24.1%  86.7  190s
 39816 21255   15.99047   45   15   19.00000   14.42280  24.1%  87.0  195s
 40774 21924   18.00000   58    7   19.00000   14.42850  24.1%  87.0  200s
 41555 22495   16.14671   57   14   19.00000   14.43167  24.0%  87.4  205s
 42275 23021   15.02530   36   26   19.00000   14.43520  24.0%  87.6  210s
 43247 23678     cutoff   48        19.00000   14.43918  24.0%  87.6  215s
 44002 24197   15.00000   37   16   19.00000   14.44386  24.0%  87.9  220s
 45020 24909   16.00000   38   14   19.00000   14.44866  24.0%  87.8  225s
 45909 25486   15.14915   39   27   19.00000   14.45205  23.9%  87.8  230s
 46856 26147   15.84751   43   15   19.00000   14.45722  23.9%  87.9  235s
 47678 26726   14.49180   35   31   19.00000   14.46083  23.9%  88.0  240s
 48517 27314   15.75917   45   18   19.00000   14.46335  23.9%  88.1  245s
 49312 27834   15.00558   36   23   19.00000   14.46670  23.9%  88.1  250s
 50213 28494   16.30625   40    6   19.00000   14.46914  23.8%  88.2  255s
 51262 29257   15.80748   37   18   19.00000   14.47311  23.8%  88.1  260s
 52119 29857   15.00143   36   24   19.00000   14.47609  23.8%  88.3  265s
 52947 30456   15.69991   41   18   19.00000   14.48033  23.8%  88.4  270s
 53823 31089   15.04734   44   35   19.00000   14.48462  23.8%  88.4  275s
 54585 31632   15.86055   44   19   19.00000   14.48763  23.7%  88.7  280s
 55373 32156   14.63088   32   39   19.00000   14.49049  23.7%  88.8  285s
 56188 32712   16.22572   44    8   19.00000   14.49419  23.7%  88.9  290s
 57037 33306   15.23422   51   15   19.00000   14.49772  23.7%  89.0  295s
 58009 33959   15.00000   32   24   19.00000   14.50000  23.7%  88.9  300s
 58659 34413   17.07853   68    6   19.00000   14.50000  23.7%  89.1  305s
 59511 35019   15.43201   47   12   19.00000   14.50000  23.7%  89.1  310s
 60410 35596   15.15696   35   30   19.00000   14.50338  23.7%  89.1  315s
 61398 36312   15.31296   40   23   19.00000   14.50619  23.7%  89.0  320s
 62128 36847   15.11768   32   23   19.00000   14.50891  23.6%  89.2  325s
 63111 37573   17.09552   41    9   19.00000   14.51252  23.6%  89.1  330s
 63829 38068   15.12299   48   18   19.00000   14.51378  23.6%  89.1  335s
 64803 38758   17.57711   59    5   19.00000   14.51710  23.6%  89.0  340s
 65729 39398   15.80128   53   18   19.00000   14.52080  23.6%  89.0  345s
 66547 39979   14.55078   33   35   19.00000   14.52313  23.6%  89.2  350s
 67453 40589   15.10191   32   30   19.00000   14.52635  23.5%  89.1  355s
 68324 41233   15.72209   40   19   19.00000   14.52860  23.5%  89.2  360s
 69091 41752   15.25000   40   30   19.00000   14.53131  23.5%  89.1  365s
 70089 42439   14.92174   44   25   19.00000   14.53318  23.5%  89.0  370s
 70976 43068   14.75231   33   31   19.00000   14.53541  23.5%  89.0  375s
 71849 43677   15.75118   38   17   19.00000   14.53772  23.5%  89.1  380s
 72682 44207   14.75307   34   28   19.00000   14.53922  23.5%  89.2  385s
 73542 44756   14.82352   37   30   19.00000   14.54179  23.5%  89.2  390s
 74276 45254   15.23890   40   22   19.00000   14.54433  23.5%  89.3  395s
 75175 45886   14.67999   30   32   19.00000   14.54748  23.4%  89.3  400s
 76017 46485   15.17543   33   28   19.00000   14.54985  23.4%  89.3  405s
 76808 47020   17.89625   46   13   19.00000   14.55180  23.4%  89.3  410s
 77789 47712   16.28128   48   16   19.00000   14.55360  23.4%  89.2  415s
 78617 48292   16.78055   64    6   19.00000   14.55509  23.4%  89.3  420s
 79406 48845   16.09521   53    9   19.00000   14.55682  23.4%  89.3  425s
 80278 49433   15.00353   44   19   19.00000   14.55878  23.4%  89.3  430s
 81092 49985   15.90900   54   18   19.00000   14.56068  23.4%  89.3  435s
 81798 50448   18.00000   63    8   19.00000   14.56211  23.4%  89.5  440s
 82682 51042   14.97117   32   34   19.00000   14.56440  23.3%  89.5  445s
 83378 51542   15.59524   35   23   19.00000   14.56589  23.3%  89.5  450s
 84157 52051   16.52777   58    7   19.00000   14.56856  23.3%  89.4  455s
 84930 52596   16.00000   43   12   19.00000   14.57074  23.3%  89.5  460s
 85663 53068   14.58746   29   38   19.00000   14.57222  23.3%  89.7  465s
 86457 53601   17.84120   58    5   19.00000   14.57378  23.3%  89.7  470s
 87389 54241   15.17919   45   17   19.00000   14.57621  23.3%  89.7  475s
 88176 54780   16.33456   49   20   19.00000   14.57738  23.3%  89.8  480s
 89028 55374   16.17509   48   11   19.00000   14.58009  23.3%  89.8  485s
 89869 55952   17.80887   64    5   19.00000   14.58322  23.2%  89.7  490s
 90711 56505   16.96937   46   15   19.00000   14.58521  23.2%  89.8  495s
 91529 57069   15.28895   41   16   19.00000   14.58693  23.2%  89.8  500s
 92310 57619   17.54104   59    9   19.00000   14.58835  23.2%  89.8  505s
 93136 58176   15.79595   48    5   19.00000   14.59141  23.2%  89.8  510s
 94053 58776   15.50000   36   18   19.00000   14.59351  23.2%  89.8  515s
 94674 59217   15.00000   35   27   19.00000   14.59531  23.2%  89.8  520s
 95395 59721   17.82309   61    8   19.00000   14.59702  23.2%  89.9  525s
 96249 60265   15.00000   36   27   19.00000   14.59823  23.2%  89.9  530s
 97074 60855   15.09290   33   30   19.00000   14.59991  23.2%  89.9  535s
 97962 61444   15.27094   41   26   19.00000   14.60174  23.1%  89.9  540s
 98774 62036   16.19729   43   14   19.00000   14.60427  23.1%  89.9  545s
 99386 62455     cutoff   55        19.00000   14.60478  23.1%  90.0  550s
 100201 63023   14.99250   39   24   19.00000   14.60580  23.1%  90.0  555s
 101047 63616   16.05963   40   19   19.00000   14.60690  23.1%  90.0  560s
 101795 64135   15.72310   45   20   19.00000   14.60787  23.1%  90.0  565s
 102782 64777   14.73963   41   31   19.00000   14.61077  23.1%  89.9  570s
 103684 65347   15.00000   43   28   19.00000   14.61205  23.1%  89.9  575s
 104324 65793   16.64155   44    9   19.00000   14.61295  23.1%  89.9  580s
 105297 66434   15.43467   43   20   19.00000   14.61437  23.1%  89.8  585s
 106060 66955   17.18180   49   12   19.00000   14.61543  23.1%  89.8  590s
 106991 67590   16.09538   66    6   19.00000   14.61705  23.1%  89.8  595s
 107753 68107   15.10887   41   25   19.00000   14.61891  23.1%  89.8  600s
 108618 68689   15.14866   47   11   19.00000   14.62061  23.0%  89.9  605s
 109371 69201   16.84706   53    4   19.00000   14.62216  23.0%  89.8  610s
 110324 69904   17.77515   68   10   19.00000   14.62325  23.0%  89.8  615s
 111172 70463   15.57858   42   12   19.00000   14.62471  23.0%  89.8  620s
 112007 71031   14.67848   34   35   19.00000   14.62626  23.0%  89.7  625s
 112697 71509   16.50283   49   12   19.00000   14.62741  23.0%  89.8  630s
 113616 72136   14.77558   39   21   19.00000   14.62866  23.0%  89.8  635s
 114367 72631   16.59806   43   12   19.00000   14.63048  23.0%  89.8  640s
 115004 73071     cutoff   61        19.00000   14.63128  23.0%  89.8  645s
 115894 73670   15.35140   42   29   19.00000   14.63282  23.0%  89.8  650s
 116747 74255   17.36818   49   17   19.00000   14.63461  23.0%  89.8  655s
 117659 74833   15.00901   41   27   19.00000   14.63621  23.0%  89.7  660s
 118477 75386   15.21149   33   11   19.00000   14.63758  23.0%  89.7  665s
 119206 75885   16.66601   47   17   19.00000   14.63928  23.0%  89.8  670s
 119890 76320   15.44163   39   22   19.00000   14.64026  22.9%  89.8  675s
 120686 76880   15.00000   41   35   19.00000   14.64153  22.9%  89.8  680s
 121472 77443   16.09817   43   20   19.00000   14.64292  22.9%  89.9  685s
 122447 78091   15.94211   49   16   19.00000   14.64462  22.9%  89.8  690s
 123171 78567   14.70080   34   26   19.00000   14.64612  22.9%  89.8  695s
 123968 79122   16.07652   50   13   19.00000   14.64742  22.9%  89.8  700s
 124625 79540   16.33521   44   17   19.00000   14.64811  22.9%  89.8  705s
 125428 80104   14.83716   38   28   19.00000   14.64916  22.9%  89.8  710s
 126237 80633   17.51505   60    4   19.00000   14.65025  22.9%  89.8  715s
 127054 81175   15.54348   37   18   19.00000   14.65201  22.9%  89.8  720s
 127861 81714   16.28912   53    5   19.00000   14.65401  22.9%  89.8  725s
 128672 82295   16.00650   43   10   19.00000   14.65517  22.9%  89.8  730s
 129469 82834   15.77138   47   10   19.00000   14.65596  22.9%  89.8  735s
 130241 83347   15.03688   43   29   19.00000   14.65712  22.9%  89.8  740s
 131100 83969   15.59053   38   14   19.00000   14.65811  22.9%  89.8  745s
 131934 84489   16.05767   42   17   19.00000   14.65915  22.8%  89.8  750s
 132807 85120   15.45897   44   10   19.00000   14.66042  22.8%  89.7  755s
 133534 85634   17.59785   76    5   19.00000   14.66162  22.8%  89.7  760s
 134498 86286   15.51424   49    5   19.00000   14.66285  22.8%  89.7  765s
 135215 86738   15.02966   42   38   19.00000   14.66408  22.8%  89.6  770s
 136121 87399   17.34682   57   10   19.00000   14.66507  22.8%  89.6  775s
 136979 87989   15.30181   47   20   19.00000   14.66667  22.8%  89.5  780s
 137834 88579   15.55262   42   20   19.00000   14.66756  22.8%  89.5  785s
 138776 89219   15.30489   44   14   19.00000   14.66869  22.8%  89.4  790s
 139551 89745   14.88109   41   25   19.00000   14.66991  22.8%  89.4  795s
 140488 90426   15.64565   48   18   19.00000   14.67123  22.8%  89.4  800s
 141316 90955   14.70978   38   29   19.00000   14.67224  22.8%  89.3  805s
 142066 91460     cutoff   61        19.00000   14.67329  22.8%  89.4  810s
 142702 91846   15.37861   31   27   19.00000   14.67425  22.8%  89.4  815s
 143576 92440   15.17019   38   20   19.00000   14.67567  22.8%  89.4  820s
 144412 93026   17.27180   68    4   19.00000   14.67651  22.8%  89.3  825s
 145163 93523   15.26225   35   27   19.00000   14.67765  22.7%  89.4  830s
 146117 94191   16.58169   57    6   19.00000   14.67872  22.7%  89.3  835s
 146905 94700   15.08238   43   25   19.00000   14.67974  22.7%  89.3  840s
 147606 95133   15.58442   31   23   19.00000   14.68033  22.7%  89.4  845s
 148329 95596   18.00000   57   12   19.00000   14.68113  22.7%  89.4  850s
 149271 96246   15.62848   45   12   19.00000   14.68268  22.7%  89.3  855s
 149961 96675   15.47674   46   18   19.00000   14.68319  22.7%  89.3  860s
 150857 97280     cutoff   74        19.00000   14.68416  22.7%  89.3  865s
 151732 97911   16.57684   50   14   19.00000   14.68517  22.7%  89.2  870s
 152493 98408   15.71129   51   20   19.00000   14.68583  22.7%  89.3  875s
 153184 98833   15.57804   46   15   19.00000   14.68686  22.7%  89.3  880s
 154025 99397   14.77963   41   26   19.00000   14.68891  22.7%  89.3  885s
 154804 99935     cutoff   60        19.00000   14.69036  22.7%  89.3  890s
 155360 100331   15.04990   39   26   19.00000   14.69089  22.7%  89.3  895s
 156063 100778   17.26905   61    6   19.00000   14.69188  22.7%  89.4  900s
 156896 101332   15.24286   43   28   19.00000   14.69295  22.7%  89.4  905s
 157858 101990   16.82713   45   17   19.00000   14.69430  22.7%  89.3  910s
 158767 102603   14.74756   45   24   19.00000   14.69539  22.7%  89.2  915s
 159470 103065 infeasible   47        19.00000   14.69636  22.7%  89.3  920s
 160087 103505   15.00000   34   17   19.00000   14.69712  22.6%  89.3  925s
 160868 104008   15.37072   33   21   19.00000   14.69836  22.6%  89.3  930s
 161720 104579   16.11555   47    7   19.00000   14.69926  22.6%  89.3  935s
 162573 105143   16.17538   57    6   19.00000   14.69999  22.6%  89.3  940s
 163432 105743   15.57711   44   14   19.00000   14.70120  22.6%  89.3  945s
 164377 106427   15.31355   39   30   19.00000   14.70220  22.6%  89.2  950s
 165158 106964   15.53971   36   13   19.00000   14.70310  22.6%  89.2  956s
 165660 107293   15.12274   42   10   19.00000   14.70383  22.6%  89.2  960s
 166623 107977   15.15844   47   17   19.00000   14.70508  22.6%  89.1  965s
 167586 108574     cutoff   62        19.00000   14.70679  22.6%  89.1  970s
 168342 109086   15.04543   40   21   19.00000   14.70763  22.6%  89.1  975s
 169341 109783   15.09281   46   21   19.00000   14.70891  22.6%  89.0  980s
 170229 110361   16.18775   50   16   19.00000   14.71013  22.6%  89.0  985s
 170982 110859     cutoff   57        19.00000   14.71107  22.6%  89.0  990s
 171845 111390   14.97126   33   33   19.00000   14.71214  22.6%  89.0  995s
 172671 111940   15.21254   30   31   19.00000   14.71326  22.6%  89.0 1000s
 173418 112469   16.06830   47    9   19.00000   14.71425  22.6%  89.1 1005s
 174184 112967   15.24100   35   28   19.00000   14.71499  22.6%  89.1 1010s
 175047 113529   15.14605   35   21   19.00000   14.71568  22.5%  89.1 1015s
 175757 114010   15.40472   43   23   19.00000   14.71644  22.5%  89.1 1020s
 176691 114658   17.81076   83    5   19.00000   14.71719  22.5%  89.0 1025s
 177448 115152   17.09521   56   14   19.00000   14.71807  22.5%  89.1 1030s
 178298 115701   14.95749   35   21   19.00000   14.71913  22.5%  89.1 1035s
 179146 116293     cutoff   67        19.00000   14.72017  22.5%  89.0 1040s
 179997 116857   16.87882   56    5   19.00000   14.72147  22.5%  89.0 1045s
 180762 117353   16.08295   50   16   19.00000   14.72262  22.5%  89.0 1050s
 181579 117845   16.16321   53   11   19.00000   14.72364  22.5%  89.0 1055s
 182349 118368   16.00000   41   16   19.00000   14.72448  22.5%  89.1 1060s
 183108 118876   15.12894   37   10   19.00000   14.72522  22.5%  89.0 1065s
 183985 119436   15.34341   29   23   19.00000   14.72584  22.5%  89.0 1070s
 184830 120002   15.77392   39   22   19.00000   14.72650  22.5%  89.0 1075s
 185460 120396   15.06335   37   23   19.00000   14.72742  22.5%  89.1 1080s
 186243 120953   17.34398   60   11   19.00000   14.72846  22.5%  89.1 1085s
 187076 121505   18.00000   52   11   19.00000   14.72940  22.5%  89.1 1090s
 187874 122043     cutoff   45        19.00000   14.73055  22.5%  89.1 1095s
 188651 122547   15.09493   34   26   19.00000   14.73154  22.5%  89.1 1100s
 189391 123066     cutoff   45        19.00000   14.73234  22.5%  89.1 1105s
 190212 123593     cutoff   65        19.00000   14.73287  22.5%  89.1 1110s
 190705 123928   16.42830   44   26   19.00000   14.73346  22.5%  89.2 1115s
 191528 124487   16.12781   48   12   19.00000   14.73447  22.5%  89.2 1120s
 192321 125007   14.90057   34   23   19.00000   14.73546  22.4%  89.2 1125s
 193113 125552   18.00000   59    6   19.00000   14.73640  22.4%  89.2 1130s
 193901 126045   16.07012   43   19   19.00000   14.73702  22.4%  89.2 1135s
 194789 126644   15.38669   39   22   19.00000   14.73780  22.4%  89.2 1140s
 195584 127205   15.00000   43   24   19.00000   14.73884  22.4%  89.2 1145s
 196287 127654   15.51447   46   19   19.00000   14.73953  22.4%  89.2 1150s
 197205 128291   17.12252   58   12   19.00000   14.74033  22.4%  89.1 1155s
 198060 128818   16.33896   54   11   19.00000   14.74104  22.4%  89.1 1160s
 198895 129367   17.36529   40   20   19.00000   14.74215  22.4%  89.1 1165s
 199700 129861   18.00000   65    9   19.00000   14.74276  22.4%  89.1 1170s
 200648 130475   16.25535   53   11   19.00000   14.74390  22.4%  89.1 1175s
 201480 130994   15.00000   36   22   19.00000   14.74434  22.4%  89.1 1180s
 202288 131562   15.51993   39   16   19.00000   14.74522  22.4%  89.1 1185s
 203132 132117   16.04525   41   17   19.00000   14.74615  22.4%  89.1 1190s
 204080 132736   15.00000   41   24   19.00000   14.74700  22.4%  89.0 1195s
 204978 133343   15.38632   35   22   19.00000   14.74720  22.4%  89.0 1200s
 205726 133818   15.01433   36   20   19.00000   14.74763  22.4%  89.0 1205s
 206495 134361   16.37159   47   12   19.00000   14.74832  22.4%  89.0 1210s
 207300 134900   17.00000   52   13   19.00000   14.74895  22.4%  89.0 1215s
 208072 135404     cutoff   49        19.00000   14.75000  22.4%  89.0 1220s
 208754 135911   16.41169   57   18   19.00000   14.75010  22.4%  89.0 1225s
 209653 136514   15.06551   43   14   19.00000   14.75110  22.4%  89.0 1230s
 210434 137052   16.11651   45   21   19.00000   14.75181  22.4%  89.0 1235s
 211045 137435   16.53791   60    6   19.00000   14.75223  22.4%  89.0 1240s
 211871 137988   17.33856   65   10   19.00000   14.75278  22.4%  89.0 1245s
 212605 138494   18.00000   52    8   19.00000   14.75331  22.4%  89.0 1250s
 213592 139139   15.21699   27   29   19.00000   14.75429  22.3%  89.0 1255s
 214469 139677   15.10959   41   27   19.00000   14.75518  22.3%  89.0 1260s
 215329 140212   17.96983   53   12   19.00000   14.75609  22.3%  89.0 1265s
 215953 140633   17.89216   57   14   19.00000   14.75659  22.3%  89.0 1270s
 216795 141145   17.04394   70    6   19.00000   14.75718  22.3%  88.9 1275s
 217630 141724   16.45219   46    9   19.00000   14.75777  22.3%  88.9 1280s
 218511 142308   14.92182   38   18   19.00000   14.75840  22.3%  88.9 1285s
 219343 142853   16.43976   57   11   19.00000   14.75929  22.3%  88.9 1290s
 220305 143507   14.91549   39   27   19.00000   14.76006  22.3%  88.9 1295s
 221067 144042   16.19839   54   10   19.00000   14.76102  22.3%  88.8 1300s
 221994 144665   17.15218   54    6   19.00000   14.76175  22.3%  88.8 1305s
 222865 145222   15.01363   39   19   19.00000   14.76305  22.3%  88.8 1310s
 223734 145803     cutoff   67        19.00000   14.76383  22.3%  88.8 1315s
 224538 146346   15.76797   42   24   19.00000   14.76468  22.3%  88.8 1320s
 225275 146846   16.75998   56    9   19.00000   14.76544  22.3%  88.9 1325s
 226083 147388   15.38781   44   17   19.00000   14.76622  22.3%  88.8 1330s
 226899 147923   17.09255   50   16   19.00000   14.76681  22.3%  88.8 1335s
 227900 148590   17.10644   50   15   19.00000   14.76776  22.3%  88.8 1340s
 228677 149066   16.77374   58   12   19.00000   14.76874  22.3%  88.8 1345s
 229643 149694   15.47386   36   28   19.00000   14.76955  22.3%  88.7 1350s
 230497 150241   16.10433   40   14   19.00000   14.77028  22.3%  88.7 1355s
 231310 150763   15.84592   42   23   19.00000   14.77115  22.3%  88.7 1360s
 232175 151315   15.36196   38   20   19.00000   14.77183  22.3%  88.7 1365s
 232955 151829   15.43133   41   24   19.00000   14.77254  22.2%  88.7 1370s
 233655 152305     cutoff   55        19.00000   14.77321  22.2%  88.8 1375s
 234486 152829   15.43258   45    7   19.00000   14.77384  22.2%  88.7 1380s
 235292 153371   16.07617   48   19   19.00000   14.77463  22.2%  88.7 1385s
 236045 153877   15.04308   43   29   19.00000   14.77496  22.2%  88.7 1390s
 236686 154242   15.68232   40   21   19.00000   14.77566  22.2%  88.7 1395s
 237632 154873   17.80345   71    7   19.00000   14.77639  22.2%  88.7 1400s
 238551 155433   15.25000   39   30   19.00000   14.77736  22.2%  88.7 1405s
 239291 155931   16.04419   46   11   19.00000   14.77797  22.2%  88.7 1410s
 240210 156581   16.18092   35   20   19.00000   14.77881  22.2%  88.6 1415s
 241207 157241   15.17467   46   27   19.00000   14.77944  22.2%  88.6 1420s
 241813 157638   15.44529   43   17   19.00000   14.77982  22.2%  88.6 1425s
 242833 158303   15.37352   33   22   19.00000   14.78055  22.2%  88.5 1430s
 243754 158929   15.35091   41   23   19.00000   14.78117  22.2%  88.5 1435s
 244606 159512   18.00000   66    3   19.00000   14.78173  22.2%  88.5 1440s
 245387 160032   16.13112   52    8   19.00000   14.78238  22.2%  88.5 1445s
 246294 160627   17.21500   75    4   19.00000   14.78312  22.2%  88.5 1450s
 247107 161142   16.36766   45   28   19.00000   14.78424  22.2%  88.4 1455s
 247852 161647   17.26958   49    5   19.00000   14.78508  22.2%  88.4 1460s
 248819 162256   16.00000   45   17   19.00000   14.78567  22.2%  88.4 1465s
 249662 162831   15.46663   47   17   19.00000   14.78644  22.2%  88.4 1470s
 250533 163390   17.50671   59    6   19.00000   14.78728  22.2%  88.4 1475s
 251300 163905   16.23151   55   14   19.00000   14.78789  22.2%  88.4 1480s
 252008 164365   16.00000   47   19   19.00000   14.78840  22.2%  88.4 1485s
 252860 164938   15.60685   61    9   19.00000   14.78935  22.2%  88.4 1490s
 253601 165423   16.60588   53   10   19.00000   14.79016  22.2%  88.4 1495s
 254498 165997   16.84220   57    8   19.00000   14.79074  22.2%  88.4 1500s
 255313 166518   15.22538   44   17   19.00000   14.79125  22.2%  88.4 1505s
 256171 167081   15.70204   44   22   19.00000   14.79195  22.1%  88.4 1510s
 256960 167611   15.12899   47   16   19.00000   14.79260  22.1%  88.4 1515s
 257782 168171   15.02678   48   19   19.00000   14.79327  22.1%  88.4 1520s
 258633 168733   15.11451   43   20   19.00000   14.79409  22.1%  88.4 1525s
 259538 169367   14.96739   33   40   19.00000   14.79488  22.1%  88.4 1530s
 260323 169900   15.47250   39   12   19.00000   14.79549  22.1%  88.4 1535s
 261210 170494   15.00000   35   22   19.00000   14.79638  22.1%  88.4 1540s
 261953 170941   15.43302   38   22   19.00000   14.79694  22.1%  88.4 1545s
 262835 171522   15.31571   38   23   19.00000   14.79770  22.1%  88.4 1550s
 263629 172039   16.95632   44   17   19.00000   14.79854  22.1%  88.4 1555s
 264384 172563   15.48663   41   18   19.00000   14.79902  22.1%  88.4 1560s
 265350 173188   15.06119   33   28   19.00000   14.79989  22.1%  88.3 1565s
 266217 173769   16.21034   58    6   19.00000   14.80029  22.1%  88.3 1570s
 266847 174173   17.15815   44   11   19.00000   14.80074  22.1%  88.3 1575s
 267495 174600   16.22257   54   13   19.00000   14.80119  22.1%  88.4 1580s
 268223 175059   15.28272   36   25   19.00000   14.80195  22.1%  88.4 1585s
 269146 175678   17.44124   60    7   19.00000   14.80263  22.1%  88.4 1590s
 270153 176340   15.33462   45   21   19.00000   14.80327  22.1%  88.3 1595s
 271068 176917   16.22338   48   19   19.00000   14.80383  22.1%  88.3 1600s
 271749 177393   16.29676   61   13   19.00000   14.80424  22.1%  88.3 1605s
 272736 178041   14.90022   45   27   19.00000   14.80496  22.1%  88.3 1610s
 273510 178501   14.89973   32   36   19.00000   14.80578  22.1%  88.3 1615s
 274280 179029   16.00000   50   13   19.00000   14.80631  22.1%  88.3 1620s
 275140 179570   15.29695   41   34   19.00000   14.80683  22.1%  88.3 1625s
 276021 180191   15.23308   42   16   19.00000   14.80756  22.1%  88.3 1630s
 276751 180690   15.58249   46   18   19.00000   14.80806  22.1%  88.3 1635s
 277621 181263     cutoff   60        19.00000   14.80909  22.1%  88.2 1640s
 278487 181807   17.04421   57   11   19.00000   14.80966  22.1%  88.2 1645s
 279468 182448   15.09041   42   30   19.00000   14.81093  22.0%  88.2 1650s
 280221 182953   15.38393   48   17   19.00000   14.81125  22.0%  88.2 1655s
 281124 183557   14.95327   39   33   19.00000   14.81189  22.0%  88.2 1660s
 281792 183992   16.72051   52    8   19.00000   14.81237  22.0%  88.2 1665s
 282808 184660   15.00000   40   23   19.00000   14.81312  22.0%  88.2 1670s
 283684 185257   18.00000   61   11   19.00000   14.81386  22.0%  88.2 1675s
 284682 185900   16.00000   58   11   19.00000   14.81481  22.0%  88.1 1680s
 285585 186513   15.14508   41   21   19.00000   14.81565  22.0%  88.1 1685s
 286388 187062   15.50334   43   19   19.00000   14.81618  22.0%  88.1 1690s
 286863 187393   15.76950   38   27   19.00000   14.81654  22.0%  88.1 1695s
 287580 187871   15.65834   51    7   19.00000   14.81719  22.0%  88.1 1700s
 288437 188419   14.95730   38   24   19.00000   14.81783  22.0%  88.1 1705s
 289359 189034   15.29351   34   30   19.00000   14.81856  22.0%  88.1 1710s
 290210 189566   15.48621   47   16   19.00000   14.81923  22.0%  88.1 1715s
 291222 190234   18.00000   67    4   19.00000   14.81977  22.0%  88.0 1720s
 291934 190725   16.20858   56    6   19.00000   14.82030  22.0%  88.0 1725s
 292822 191304   16.00000   33   22   19.00000   14.82096  22.0%  88.0 1730s
 293661 191876   16.57364   63    9   19.00000   14.82151  22.0%  88.0 1735s
 294582 192487   15.41061   47   19   19.00000   14.82211  22.0%  88.0 1740s
 295540 193093   16.22273   53    5   19.00000   14.82257  22.0%  88.0 1745s
 296486 193724   15.26746   49   20   19.00000   14.82312  22.0%  87.9 1750s
 297168 194196   16.67776   51   13   19.00000   14.82343  22.0%  87.9 1755s
 298140 194845   16.62259   42    9   19.00000   14.82433  22.0%  87.9 1760s
 298974 195410   15.64758   40   29   19.00000   14.82504  22.0%  87.9 1765s
 299869 196006   15.22104   46   28   19.00000   14.82545  22.0%  87.9 1770s
 300738 196582   18.00000   46    7   19.00000   14.82607  22.0%  87.9 1775s
 301599 197164   17.99497   57   14   19.00000   14.82665  22.0%  87.9 1780s
 302203 197505     cutoff   64        19.00000   14.82696  22.0%  87.9 1785s
 303019 198099   17.00000   43   18   19.00000   14.82773  22.0%  87.9 1790s
 303867 198647 infeasible   58        19.00000   14.82843  22.0%  87.9 1795s

Cutting planes:
  Gomory: 73
  Cover: 23
  Implied bound: 330
  MIR: 897
  Flow cover: 678
  Zero half: 46
  Network: 91

Explored 304707 nodes (26815970 simplex iterations) in 1800.02 seconds
Thread count was 1 (of 8 available processors)

Time limit reached
Best objective 1.900000000000e+01, best bound 1.500000000000e+01, gap 21.0526%

Gurobi 6.5.2 (linux64) logging started Mon Jul 24 16:42:34 2017

Changed value of parameter LogFile to data/mip_solutions/furman_sahinidis/transportation/20sp1_gurobi.log
   Prev: gurobi.log  Default: 
Changed value of parameter Threads to 1
   Prev: 0  Min: 0  Max: 1024  Default: 0
Optimize a model with 21432 rows, 44112 columns and 153104 nonzeros
Coefficient statistics:
  Matrix range    [1e+00, 3e+03]
  Objective range [1e+00, 1e+00]
  Bounds range    [1e+00, 1e+00]
  RHS range       [1e+00, 3e+03]
Found heuristic solution: objective 45
Presolve removed 21279 rows and 43324 columns
Presolve time: 0.02s
Presolved: 153 rows, 788 columns, 2180 nonzeros
Variable types: 696 continuous, 92 integer (92 binary)

Root relaxation: objective 1.174539e+01, 484 iterations, 0.00 seconds

    Nodes    |    Current Node    |     Objective Bounds      |     Work
 Expl Unexpl |  Obj  Depth IntInf | Incumbent    BestBd   Gap | It/Node Time

     0     0   11.74539    0   14   45.00000   11.74539  73.9%     -    0s
H    0     0                      21.0000000   11.74539  44.1%     -    0s
     0     0   12.15575    0   27   21.00000   12.15575  42.1%     -    0s
     0     0   12.32567    0   25   21.00000   12.32567  41.3%     -    0s
     0     0   12.52212    0   28   21.00000   12.52212  40.4%     -    0s
     0     0   12.66672    0   38   21.00000   12.66672  39.7%     -    0s
     0     0   12.67279    0   41   21.00000   12.67279  39.7%     -    0s
     0     0   12.77241    0   42   21.00000   12.77241  39.2%     -    0s
     0     0   12.81403    0   41   21.00000   12.81403  39.0%     -    0s
     0     0   12.82043    0   47   21.00000   12.82043  39.0%     -    0s
     0     0   12.85923    0   44   21.00000   12.85923  38.8%     -    0s
     0     0   12.86300    0   45   21.00000   12.86300  38.7%     -    0s
     0     0   12.87696    0   47   21.00000   12.87696  38.7%     -    0s
     0     0   12.87696    0   46   21.00000   12.87696  38.7%     -    0s
H    0     0                      20.0000000   12.87696  35.6%     -    0s
     0     2   12.89132    0   46   20.00000   12.89132  35.5%     -    0s

Cutting planes:
  Gomory: 2
  Cover: 10
  Implied bound: 39
  MIR: 44
  Flow cover: 67
  Zero half: 5
  Network: 19

Explored 520 nodes (38659 simplex iterations) in 2.00 seconds
Thread count was 1 (of 8 available processors)

Time limit reached
Best objective 2.000000000000e+01, best bound 1.400000000000e+01, gap 30.0000%

Gurobi 6.5.2 (linux64) logging started Mon Jul 24 16:44:11 2017

Changed value of parameter LogFile to data/mip_solutions/furman_sahinidis/transportation/20sp1_gurobi.log
   Prev: gurobi.log  Default: 
Changed value of parameter Threads to 1
   Prev: 0  Min: 0  Max: 1024  Default: 0
Optimize a model with 21432 rows, 44112 columns and 153104 nonzeros
Coefficient statistics:
  Matrix range    [1e+00, 3e+03]
  Objective range [1e+00, 1e+00]
  Bounds range    [1e+00, 1e+00]
  RHS range       [1e+00, 3e+03]
Found heuristic solution: objective 45
Presolve removed 21279 rows and 43324 columns
Presolve time: 0.03s
Presolved: 153 rows, 788 columns, 2180 nonzeros
Variable types: 696 continuous, 92 integer (92 binary)

Root relaxation: objective 1.174539e+01, 484 iterations, 0.00 seconds

    Nodes    |    Current Node    |     Objective Bounds      |     Work
 Expl Unexpl |  Obj  Depth IntInf | Incumbent    BestBd   Gap | It/Node Time

     0     0   11.74539    0   14   45.00000   11.74539  73.9%     -    0s
H    0     0                      21.0000000   11.74539  44.1%     -    0s
     0     0   12.15575    0   27   21.00000   12.15575  42.1%     -    0s
     0     0   12.32567    0   25   21.00000   12.32567  41.3%     -    0s
     0     0   12.52212    0   28   21.00000   12.52212  40.4%     -    0s
     0     0   12.66672    0   38   21.00000   12.66672  39.7%     -    0s
     0     0   12.67279    0   41   21.00000   12.67279  39.7%     -    0s
     0     0   12.77241    0   42   21.00000   12.77241  39.2%     -    0s
     0     0   12.81403    0   41   21.00000   12.81403  39.0%     -    0s
     0     0   12.82043    0   47   21.00000   12.82043  39.0%     -    0s
     0     0   12.85923    0   44   21.00000   12.85923  38.8%     -    0s
     0     0   12.86300    0   45   21.00000   12.86300  38.7%     -    0s
     0     0   12.87696    0   47   21.00000   12.87696  38.7%     -    0s
     0     0   12.87696    0   46   21.00000   12.87696  38.7%     -    0s
H    0     0                      20.0000000   12.87696  35.6%     -    0s
     0     2   12.89132    0   46   20.00000   12.89132  35.5%     -    0s

Cutting planes:
  Gomory: 3
  Cover: 11
  Implied bound: 44
  MIR: 29
  Flow cover: 28
  Zero half: 9
  Network: 14

Explored 548 nodes (43602 simplex iterations) in 2.00 seconds
Thread count was 1 (of 8 available processors)

Time limit reached
Best objective 2.000000000000e+01, best bound 1.400000000000e+01, gap 30.0000%

Gurobi 6.5.2 (linux64) logging started Mon Jul 24 16:55:28 2017

Changed value of parameter LogFile to data/mip_solutions/furman_sahinidis/transportation/20sp1_gurobi.log
   Prev: gurobi.log  Default: 
Changed value of parameter Threads to 1
   Prev: 0  Min: 0  Max: 1024  Default: 0
Optimize a model with 21432 rows, 44112 columns and 153104 nonzeros
Coefficient statistics:
  Matrix range    [1e+00, 3e+03]
  Objective range [1e+00, 1e+00]
  Bounds range    [1e+00, 1e+00]
  RHS range       [1e+00, 3e+03]
Found heuristic solution: objective 45
Presolve removed 21279 rows and 43324 columns
Presolve time: 0.03s
Presolved: 153 rows, 788 columns, 2180 nonzeros
Variable types: 696 continuous, 92 integer (92 binary)

Root relaxation: objective 1.174539e+01, 484 iterations, 0.00 seconds

    Nodes    |    Current Node    |     Objective Bounds      |     Work
 Expl Unexpl |  Obj  Depth IntInf | Incumbent    BestBd   Gap | It/Node Time

     0     0   11.74539    0   14   45.00000   11.74539  73.9%     -    0s
H    0     0                      21.0000000   11.74539  44.1%     -    0s
     0     0   12.15575    0   27   21.00000   12.15575  42.1%     -    0s
     0     0   12.32567    0   25   21.00000   12.32567  41.3%     -    0s
     0     0   12.52212    0   28   21.00000   12.52212  40.4%     -    0s
     0     0   12.66672    0   38   21.00000   12.66672  39.7%     -    0s
     0     0   12.67279    0   41   21.00000   12.67279  39.7%     -    0s
     0     0   12.77241    0   42   21.00000   12.77241  39.2%     -    0s
     0     0   12.81403    0   41   21.00000   12.81403  39.0%     -    0s
     0     0   12.82043    0   47   21.00000   12.82043  39.0%     -    0s
     0     0   12.85923    0   44   21.00000   12.85923  38.8%     -    0s
     0     0   12.86300    0   45   21.00000   12.86300  38.7%     -    0s
     0     0   12.87696    0   47   21.00000   12.87696  38.7%     -    0s
     0     0   12.87696    0   46   21.00000   12.87696  38.7%     -    0s
H    0     0                      20.0000000   12.87696  35.6%     -    0s
     0     2   12.89132    0   46   20.00000   12.89132  35.5%     -    0s

Cutting planes:
  Gomory: 4
  Cover: 17
  Implied bound: 81
  MIR: 60
  Flow cover: 74
  Zero half: 9
  Network: 21

Explored 902 nodes (75252 simplex iterations) in 3.00 seconds
Thread count was 1 (of 8 available processors)

Time limit reached
Best objective 2.000000000000e+01, best bound 1.400000000000e+01, gap 30.0000%

Gurobi 6.5.2 (linux64) logging started Mon Jul 24 16:56:48 2017

Changed value of parameter LogFile to data/mip_solutions/furman_sahinidis/transportation/20sp1_gurobi.log
   Prev: gurobi.log  Default: 
Changed value of parameter Threads to 1
   Prev: 0  Min: 0  Max: 1024  Default: 0
Optimize a model with 21432 rows, 44112 columns and 153104 nonzeros
Coefficient statistics:
  Matrix range    [1e+00, 3e+03]
  Objective range [1e+00, 1e+00]
  Bounds range    [1e+00, 1e+00]
  RHS range       [1e+00, 3e+03]
Found heuristic solution: objective 45
Presolve removed 21279 rows and 43324 columns
Presolve time: 0.03s
Presolved: 153 rows, 788 columns, 2180 nonzeros
Variable types: 696 continuous, 92 integer (92 binary)

Root relaxation: objective 1.174539e+01, 484 iterations, 0.00 seconds

    Nodes    |    Current Node    |     Objective Bounds      |     Work
 Expl Unexpl |  Obj  Depth IntInf | Incumbent    BestBd   Gap | It/Node Time

     0     0   11.74539    0   14   45.00000   11.74539  73.9%     -    0s
H    0     0                      21.0000000   11.74539  44.1%     -    0s
     0     0   12.15575    0   27   21.00000   12.15575  42.1%     -    0s
     0     0   12.32567    0   25   21.00000   12.32567  41.3%     -    0s
     0     0   12.52212    0   28   21.00000   12.52212  40.4%     -    0s
     0     0   12.66672    0   38   21.00000   12.66672  39.7%     -    0s
     0     0   12.67279    0   41   21.00000   12.67279  39.7%     -    0s
     0     0   12.77241    0   42   21.00000   12.77241  39.2%     -    0s
     0     0   12.81403    0   41   21.00000   12.81403  39.0%     -    0s
     0     0   12.82043    0   47   21.00000   12.82043  39.0%     -    0s
     0     0   12.85923    0   44   21.00000   12.85923  38.8%     -    0s
     0     0   12.86300    0   45   21.00000   12.86300  38.7%     -    0s
     0     0   12.87696    0   47   21.00000   12.87696  38.7%     -    0s
     0     0   12.87696    0   46   21.00000   12.87696  38.7%     -    0s
H    0     0                      20.0000000   12.87696  35.6%     -    0s
     0     2   12.89132    0   46   20.00000   12.89132  35.5%     -    0s

Cutting planes:
  Gomory: 4
  Cover: 15
  Implied bound: 69
  MIR: 44
  Flow cover: 58
  Zero half: 9
  Network: 19

Explored 901 nodes (75018 simplex iterations) in 3.00 seconds
Thread count was 1 (of 8 available processors)

Time limit reached
Best objective 2.000000000000e+01, best bound 1.400000000000e+01, gap 30.0000%

Gurobi 6.5.2 (linux64) logging started Wed Jul 26 09:52:31 2017

Changed value of parameter LogFile to data/mip_solutions/furman_sahinidis/transportation/20sp1_gurobi.log
   Prev: gurobi.log  Default: 
Changed value of parameter Threads to 1
   Prev: 0  Min: 0  Max: 1024  Default: 0
Optimize a model with 21432 rows, 44112 columns and 153104 nonzeros
Coefficient statistics:
  Matrix range    [1e+00, 3e+03]
  Objective range [1e+00, 1e+00]
  Bounds range    [1e+00, 1e+00]
  RHS range       [1e+00, 3e+03]
Found heuristic solution: objective 45
Presolve removed 21279 rows and 43324 columns
Presolve time: 0.02s
Presolved: 153 rows, 788 columns, 2180 nonzeros
Variable types: 696 continuous, 92 integer (92 binary)

Root relaxation: objective 1.174539e+01, 484 iterations, 0.00 seconds

    Nodes    |    Current Node    |     Objective Bounds      |     Work
 Expl Unexpl |  Obj  Depth IntInf | Incumbent    BestBd   Gap | It/Node Time

     0     0   11.74539    0   14   45.00000   11.74539  73.9%     -    0s
H    0     0                      21.0000000   11.74539  44.1%     -    0s
     0     0   12.15575    0   27   21.00000   12.15575  42.1%     -    0s
     0     0   12.32567    0   25   21.00000   12.32567  41.3%     -    0s
     0     0   12.52212    0   28   21.00000   12.52212  40.4%     -    0s
     0     0   12.66672    0   38   21.00000   12.66672  39.7%     -    0s
     0     0   12.67279    0   41   21.00000   12.67279  39.7%     -    0s
     0     0   12.77241    0   42   21.00000   12.77241  39.2%     -    0s
     0     0   12.81403    0   41   21.00000   12.81403  39.0%     -    0s
     0     0   12.82043    0   47   21.00000   12.82043  39.0%     -    0s
     0     0   12.85923    0   44   21.00000   12.85923  38.8%     -    0s
     0     0   12.86300    0   45   21.00000   12.86300  38.7%     -    0s
     0     0   12.87696    0   47   21.00000   12.87696  38.7%     -    0s
     0     0   12.87696    0   46   21.00000   12.87696  38.7%     -    0s
H    0     0                      20.0000000   12.87696  35.6%     -    0s
     0     2   12.89132    0   46   20.00000   12.89132  35.5%     -    0s
  1906  1058   14.59076   25   13   20.00000   13.70765  31.5%  58.6    5s
H 2825  1549                      19.0000000   13.80823  27.3%  63.8    7s
  3598  2145   15.97223   26   21   19.00000   13.85757  27.1%  69.3   10s
  4822  3039   14.00000   13   39   19.00000   13.91201  26.8%  74.2   15s
  6273  4108   14.14212   25   29   19.00000   13.96678  26.5%  77.0   20s
  7838  5187   14.13409   25   24   19.00000   14.00000  26.3%  77.8   25s
  9183  6172   14.00000   25   30   19.00000   14.00000  26.3%  78.6   30s
 10203  6897   15.92597   38   46   19.00000   14.00197  26.3%  79.0   37s
 10255  6932   14.72284   26   58   19.00000   14.00197  26.3%  78.6   40s
 10359  7001   14.66280   27   61   19.00000   14.00197  26.3%  77.9   45s
 10474  7080   15.46095   61   11   19.00000   14.00197  26.3%  80.2   50s
 11448  7516   14.16443   25   44   19.00000   14.03802  26.1%  80.6   55s
 12854  8123   15.66291   37   18   19.00000   14.10649  25.8%  80.6   60s
 14190  8682   14.82207   32   36   19.00000   14.16614  25.4%  80.8   65s
 15246  9105   14.33101   32   34   19.00000   14.18634  25.3%  81.6   70s
 16273  9568   16.59558   37    4   19.00000   14.21518  25.2%  81.9   75s
 17328 10002   14.95039   31   31   19.00000   14.23620  25.1%  82.7   80s
 18459 10434   17.32510   65    6   19.00000   14.25223  25.0%  82.6   85s
 19516 10814   14.46244   29   32   19.00000   14.26367  24.9%  82.8   90s
 20585 11228   16.24750   55    5   19.00000   14.28505  24.8%  82.8   95s
 21559 11613   14.41069   32   40   19.00000   14.29826  24.7%  83.2  100s
 22614 12059   14.67617   32   37   19.00000   14.31142  24.7%  83.5  105s
 23660 12479   16.24207   40   14   19.00000   14.32109  24.6%  83.6  110s
 24733 12841   15.03845   37   20   19.00000   14.33108  24.6%  83.8  115s
 25700 13234   16.22568   41    9   19.00000   14.33681  24.5%  84.2  120s
 26722 13562   14.37029   34   36   19.00000   14.34374  24.5%  84.5  125s
 27748 13971   17.42957   68    4   19.00000   14.35167  24.5%  84.7  130s
 28347 14183   15.16638   36   25   19.00000   14.35402  24.5%  85.2  135s
 29323 14514   14.77554   31   22   19.00000   14.35982  24.4%  85.4  140s
 30327 14878   14.77972   35   25   19.00000   14.36693  24.4%  85.6  145s
 31332 15240   16.13414   43   24   19.00000   14.37466  24.3%  85.7  150s
 32227 15821   17.73742   67    5   19.00000   14.38060  24.3%  86.0  155s
 33207 16513   14.82487   33   30   19.00000   14.38968  24.3%  86.1  160s
 34048 17101   15.00000   37   25   19.00000   14.39491  24.2%  86.3  165s
 34930 17760   15.70744   48    8   19.00000   14.39947  24.2%  86.6  170s
 35892 18441   14.84798   34   30   19.00000   14.40373  24.2%  86.6  175s
 36955 19201   14.88675   36   30   19.00000   14.40788  24.2%  86.5  180s
 37826 19807   15.49069   47   20   19.00000   14.41243  24.1%  86.7  185s
 38689 20431   14.49476   30   34   19.00000   14.41685  24.1%  86.7  190s
 39520 21036   15.58032   40   24   19.00000   14.42020  24.1%  87.0  195s
 40479 21715   15.45848   48   14   19.00000   14.42678  24.1%  87.0  200s
 41344 22324   14.69519   36   33   19.00000   14.43081  24.0%  87.2  205s
 42032 22843   15.12611   35   32   19.00000   14.43433  24.0%  87.5  210s
 42920 23450   15.00000   34   24   19.00000   14.43850  24.0%  87.7  215s
 43703 23991   15.35265   45   25   19.00000   14.44139  24.0%  87.9  220s
 44718 24678     cutoff   54        19.00000   14.44767  24.0%  87.8  225s
 45695 25338   15.45919   46   11   19.00000   14.45104  23.9%  87.8  230s
 46566 25950   17.75548   53    9   19.00000   14.45618  23.9%  87.8  235s
 47364 26501   15.69634   40   26   19.00000   14.45914  23.9%  88.0  240s
 48258 27120   14.79531   36   22   19.00000   14.46303  23.9%  88.1  245s
 49069 27686   15.08851   29   22   19.00000   14.46536  23.9%  88.0  250s
 49886 28247   14.87469   41   29   19.00000   14.46841  23.9%  88.2  255s
 50925 29019   16.37475   61   13   19.00000   14.47120  23.8%  88.1  260s
 51861 29674   16.00000   45   15   19.00000   14.47548  23.8%  88.2  265s
 52640 30226   15.10013   38   26   19.00000   14.47952  23.8%  88.3  270s
 53540 30884   14.61396   37   22   19.00000   14.48288  23.8%  88.4  275s
 54298 31424   14.83059   35   38   19.00000   14.48649  23.8%  88.6  280s
 55043 31942   17.03385   50    4   19.00000   14.48847  23.7%  88.7  285s
 55816 32476     cutoff   54        19.00000   14.49265  23.7%  88.9  290s
 56691 33068   15.05473   40   25   19.00000   14.49526  23.7%  88.9  295s
 57534 33631   14.69058   37   32   19.00000   14.49952  23.7%  89.0  300s
 58373 34205   16.12443   40   12   19.00000   14.50000  23.7%  89.1  305s
 59003 34674   15.11575   32   20   19.00000   14.50000  23.7%  89.0  310s
 59891 35252     cutoff   46        19.00000   14.50116  23.7%  89.0  315s
 60761 35863   15.17735   42   19   19.00000   14.50434  23.7%  89.1  320s
 61684 36531   15.12062   47    8   19.00000   14.50673  23.6%  89.1  325s
 62557 37173   17.54099   57    4   19.00000   14.51059  23.6%  89.1  330s
 63514 37850   15.45236   36   16   19.00000   14.51339  23.6%  89.1  335s
 64242 38357   15.42680   45   22   19.00000   14.51490  23.6%  89.0  340s
 65234 39045   14.57843   33   25   19.00000   14.51879  23.6%  88.9  345s
 65997 39618   17.46884   74    4   19.00000   14.52109  23.6%  89.1  350s
 66856 40207   16.53251   67    9   19.00000   14.52441  23.6%  89.1  355s
 67734 40799   15.24542   36   18   19.00000   14.52675  23.5%  89.2  360s
 68711 41510   17.72637   69    5   19.00000   14.53000  23.5%  89.1  365s
 69414 41963   16.20465   39   13   19.00000   14.53212  23.5%  89.1  370s
 70420 42685   15.00000   38   37   19.00000   14.53425  23.5%  89.0  375s
 71320 43314   16.47575   45   12   19.00000   14.53669  23.5%  89.0  380s
 72182 43905   17.01710   57    4   19.00000   14.53828  23.5%  89.1  385s
 72978 44359   15.41805   39   19   19.00000   14.54009  23.5%  89.2  390s
 73780 44936   16.00000   36   24   19.00000   14.54273  23.5%  89.3  395s
 74611 45508   17.00000   44   20   19.00000   14.54521  23.4%  89.2  400s
 75443 46093   15.60415   42   11   19.00000   14.54805  23.4%  89.3  405s
 76287 46674   15.00000   36   19   19.00000   14.55052  23.4%  89.3  410s
 77052 47199   17.27508   46   13   19.00000   14.55231  23.4%  89.4  415s
 78054 47895   14.87422   39   20   19.00000   14.55425  23.4%  89.2  420s
 78868 48454   14.70053   35   25   19.00000   14.55579  23.4%  89.3  425s
 79764 49096   16.15535   44    7   19.00000   14.55763  23.4%  89.2  430s
 80573 49605   14.63115   32   28   19.00000   14.55944  23.4%  89.3  435s
 81321 50143   14.73684   37   25   19.00000   14.56102  23.4%  89.3  440s
 81958 50539   15.22102   45   20   19.00000   14.56290  23.4%  89.5  445s
 82850 51165   16.29233   49   14   19.00000   14.56523  23.3%  89.5  450s
 83680 51725   15.89443   37   27   19.00000   14.56739  23.3%  89.4  455s
 84390 52220   17.37506   56    8   19.00000   14.56955  23.3%  89.4  460s
 85087 52704   15.20925   45   24   19.00000   14.57115  23.3%  89.6  465s
 85903 53252   15.00000   37   25   19.00000   14.57274  23.3%  89.7  470s
 86735 53783   15.09022   37   27   19.00000   14.57461  23.3%  89.7  475s
 87601 54385   14.82050   39   23   19.00000   14.57663  23.3%  89.7  480s
 88304 54878   15.52508   48   17   19.00000   14.57743  23.3%  89.9  485s
 89122 55438     cutoff   53        19.00000   14.58042  23.3%  89.8  490s
 90064 56063   14.95193   40   20   19.00000   14.58384  23.2%  89.7  495s
 90867 56615 infeasible   64        19.00000   14.58537  23.2%  89.7  500s
 91641 57153   15.35844   46   16   19.00000   14.58699  23.2%  89.8  505s
 92436 57692   16.00000   47   16   19.00000   14.58921  23.2%  89.8  510s
 93302 58299   16.82550   62   14   19.00000   14.59168  23.2%  89.8  515s
 94146 58845   15.26752   44   25   19.00000   14.59376  23.2%  89.8  520s
 94774 59269   14.91141   33   30   19.00000   14.59544  23.2%  89.8  525s
 95491 59784   15.08879   36   36   19.00000   14.59718  23.2%  89.8  530s
 96329 60317   15.20285   41   34   19.00000   14.59827  23.2%  89.9  535s
 97174 60922   14.92069   38   24   19.00000   14.60016  23.2%  89.9  540s
 98033 61495   15.92474   36   24   19.00000   14.60191  23.1%  89.9  545s
 98824 62068   17.48545   36   12   19.00000   14.60427  23.1%  90.0  550s
 99464 62507   15.00000   34   29   19.00000   14.60492  23.1%  90.0  555s
 100277 63078   16.18551   48    7   19.00000   14.60589  23.1%  90.0  560s
 101103 63654   16.19595   54    9   19.00000   14.60693  23.1%  90.0  565s
 101896 64200   14.66664   40   32   19.00000   14.60805  23.1%  90.0  570s
 102853 64824   16.32420   48   16   19.00000   14.61080  23.1%  89.9  575s
 103747 65393   16.54863   54   10   19.00000   14.61215  23.1%  89.9  580s
 104434 65867   15.28954   46   16   19.00000   14.61330  23.1%  89.9  585s
 105352 66478   15.21689   38   18   19.00000   14.61437  23.1%  89.8  590s
 106155 67017   15.66956   45   18   19.00000   14.61552  23.1%  89.8  595s
 107058 67629   15.03033   48   20   19.00000   14.61728  23.1%  89.8  600s
 107722 68085   16.56215   56   12   19.00000   14.61886  23.1%  89.8  605s
 108530 68635   16.53679   61    5   19.00000   14.62053  23.0%  89.9  610s
 109290 69138   15.86988   55    6   19.00000   14.62183  23.0%  89.8  615s
 110072 69714   15.18439   39   24   19.00000   14.62304  23.0%  89.8  620s
 110938 70301   15.56654   42   19   19.00000   14.62443  23.0%  89.8  625s
 111746 70867   15.00000   38   24   19.00000   14.62570  23.0%  89.7  630s
 112426 71325     cutoff   55        19.00000   14.62674  23.0%  89.8  635s
 113201 71845     cutoff   54        19.00000   14.62825  23.0%  89.8  640s
 114055 72425   17.17817   52   13   19.00000   14.63001  23.0%  89.8  645s
 114666 72835   15.02398   38   26   19.00000   14.63086  23.0%  89.8  650s
 115540 73426   15.08761   43   21   19.00000   14.63252  23.0%  89.8  655s
 116400 74013   15.06659   40   25   19.00000   14.63381  23.0%  89.8  660s
 117221 74570   15.47506   43   11   19.00000   14.63532  23.0%  89.8  665s
 118072 75102   14.87075   43   28   19.00000   14.63698  23.0%  89.8  670s
 118883 75685   15.00000   33   29   19.00000   14.63836  23.0%  89.7  675s
 119514 76084   18.00000   64    6   19.00000   14.63965  22.9%  89.8  680s
 120301 76609   14.94182   32   29   19.00000   14.64084  22.9%  89.8  685s
 121116 77207   16.73175   68    4   19.00000   14.64242  22.9%  89.8  690s
 121954 77770   15.16961   41   26   19.00000   14.64380  22.9%  89.8  695s
 122846 78340   15.13860   42   22   19.00000   14.64531  22.9%  89.8  700s
 123553 78837   15.50301   38   21   19.00000   14.64684  22.9%  89.8  705s
 124297 79342   17.49742   57   11   19.00000   14.64792  22.9%  89.8  710s
 125031 79843   15.36866   41   20   19.00000   14.64880  22.9%  89.8  715s
 125776 80339   16.84148   43   25   19.00000   14.64967  22.9%  89.9  720s
 126612 80890   16.11054   48   12   19.00000   14.65108  22.9%  89.9  725s
 127477 81444   15.39518   50   16   19.00000   14.65335  22.9%  89.8  730s
 128278 82010   15.89756   43   17   19.00000   14.65477  22.9%  89.9  735s
 129064 82547   17.28724   61    3   19.00000   14.65563  22.9%  89.9  740s
 129795 83061   16.20245   43   16   19.00000   14.65650  22.9%  89.8  745s
 130642 83644     cutoff   53        19.00000   14.65763  22.9%  89.8  750s
 131573 84266   15.45486   36   23   19.00000   14.65863  22.8%  89.8  755s
 132454 84857   15.19498   35   22   19.00000   14.66002  22.8%  89.7  760s
 133228 85403   17.23956   57    9   19.00000   14.66109  22.8%  89.7  765s
 134092 86013   17.14389   48   15   19.00000   14.66211  22.8%  89.7  770s
 134763 86452   14.82490   34   29   19.00000   14.66329  22.8%  89.6  775s
 135696 87093   18.00000   66    4   19.00000   14.66440  22.8%  89.6  780s
 136602 87727   15.23908   38   18   19.00000   14.66597  22.8%  89.5  785s
 137408 88297   16.47515   49   16   19.00000   14.66667  22.8%  89.5  790s
 138325 88910   15.96759   47   18   19.00000   14.66796  22.8%  89.5  795s
 139195 89486   16.52198   46   10   19.00000   14.66916  22.8%  89.4  800s
 140093 90137   14.87518   35   26   19.00000   14.67045  22.8%  89.4  805s
 140982 90739   15.12986   44   19   19.00000   14.67173  22.8%  89.3  810s
 141798 91282   15.08264   34   28   19.00000   14.67274  22.8%  89.4  815s
 142427 91680   15.00000   35   26   19.00000   14.67385  22.8%  89.4  820s
 143196 92178   14.85359   45   26   19.00000   14.67501  22.8%  89.4  825s
 144084 92798   16.00000   35   11   19.00000   14.67634  22.8%  89.4  830s
 144873 93327   16.31821   64    5   19.00000   14.67708  22.8%  89.4  835s
 145720 93917   16.07737   60   10   19.00000   14.67816  22.7%  89.4  840s
 146636 94516   15.20009   35   27   19.00000   14.67958  22.7%  89.3  845s
 147374 94978   15.33333   40   19   19.00000   14.68008  22.7%  89.4  850s
 148128 95448   16.55531   45   14   19.00000   14.68104  22.7%  89.4  855s
 148998 96045   15.72268   47   15   19.00000   14.68198  22.7%  89.3  860s
 149837 96621   17.17280   44   12   19.00000   14.68308  22.7%  89.3  865s
 150632 97144   16.00000   51   10   19.00000   14.68379  22.7%  89.3  870s
 151542 97776   16.16673   50   14   19.00000   14.68489  22.7%  89.3  875s
 152322 98278     cutoff   68        19.00000   14.68562  22.7%  89.3  880s
 153058 98770   15.64633   42   20   19.00000   14.68681  22.7%  89.3  885s
 153860 99299   18.00000   61    4   19.00000   14.68867  22.7%  89.3  890s
 154662 99838   15.20367   50   14   19.00000   14.69016  22.7%  89.3  895s
 155231 100246   17.17550   64    9   19.00000   14.69079  22.7%  89.3  900s
 155930 100671   15.59761   39   16   19.00000   14.69185  22.7%  89.4  905s
 156777 101247   18.00000   67    4   19.00000   14.69288  22.7%  89.4  910s
 157774 101931   16.92383   54   13   19.00000   14.69428  22.7%  89.3  915s
 158647 102531   16.38986   41   15   19.00000   14.69519  22.7%  89.2  920s
 159394 103024   16.02515   38   14   19.00000   14.69629  22.7%  89.3  925s
 160087 103505   15.00000   34   17   19.00000   14.69712  22.6%  89.3  930s
 160732 103914     cutoff   63        19.00000   14.69814  22.6%  89.3  935s
 161616 104499   15.32580   38   24   19.00000   14.69921  22.6%  89.3  940s
 162538 105108   14.84806   32   26   19.00000   14.69999  22.6%  89.3  945s
 163357 105698   16.30023   58   10   19.00000   14.70108  22.6%  89.3  950s
 164318 106378   15.00000   39   26   19.00000   14.70219  22.6%  89.2  955s
 165094 106926   16.76739   51    9   19.00000   14.70299  22.6%  89.2  960s
 165559 107232   16.58974   55   11   19.00000   14.70371  22.6%  89.2  965s
 166547 107927   15.74953   41   21   19.00000   14.70503  22.6%  89.1  970s
 167502 108514   16.24455   55    7   19.00000   14.70675  22.6%  89.1  975s
 168265 109040   15.87424   47   11   19.00000   14.70752  22.6%  89.1  980s
 169234 109694   15.24313   37   21   19.00000   14.70886  22.6%  89.1  985s
 170173 110324   16.48611   41   21   19.00000   14.71013  22.6%  89.0  990s
 170900 110812   15.24953   41   22   19.00000   14.71104  22.6%  89.0  995s
 171753 111348   16.06050   47   12   19.00000   14.71184  22.6%  89.0 1000s
 172542 111855   16.00000   41   16   19.00000   14.71300  22.6%  89.0 1005s
 173353 112424   16.00000   49   24   19.00000   14.71417  22.6%  89.1 1010s
 174119 112940     cutoff   50        19.00000   14.71488  22.6%  89.1 1015s
 174988 113497   17.33943   64   17   19.00000   14.71561  22.5%  89.1 1020s
 175717 113986   16.08564   39   24   19.00000   14.71634  22.5%  89.1 1025s
 176640 114617     cutoff   66        19.00000   14.71719  22.5%  89.0 1030s
 177359 115089   16.05857   48   12   19.00000   14.71800  22.5%  89.1 1035s
 178226 115655   16.40299   47   11   19.00000   14.71882  22.5%  89.1 1040s
 179031 116212   15.00000   41   23   19.00000   14.72010  22.5%  89.1 1045s
 179898 116789   17.91705   66    6   19.00000   14.72140  22.5%  89.1 1050s
 180719 117320   16.04019   46   20   19.00000   14.72261  22.5%  89.0 1055s
 181561 117827   15.03100   35   21   19.00000   14.72364  22.5%  89.0 1060s
 182339 118358   15.07220   36   19   19.00000   14.72448  22.5%  89.1 1065s
 183057 118852   15.33854   39   11   19.00000   14.72519  22.5%  89.1 1070s
 183953 119416   15.00000   40   18   19.00000   14.72581  22.5%  89.0 1075s
 184826 119998   15.08810   37   19   19.00000   14.72650  22.5%  89.0 1080s
 185460 120396   15.06335   37   23   19.00000   14.72742  22.5%  89.1 1085s
 186269 120969   16.61868   45   12   19.00000   14.72849  22.5%  89.1 1090s
 187144 121547   15.72944   39   15   19.00000   14.72948  22.5%  89.1 1095s
 187958 122095   16.07322   46   11   19.00000   14.73080  22.5%  89.1 1100s
 188654 122550   15.37532   37   17   19.00000   14.73154  22.5%  89.1 1105s
 189500 123083     cutoff   50        19.00000   14.73236  22.5%  89.1 1110s
 190308 123662   17.00000   58   12   19.00000   14.73294  22.5%  89.1 1115s
 190805 123987   15.29495   35   28   19.00000   14.73348  22.5%  89.2 1120s
 191622 124555   16.32383   41   13   19.00000   14.73465  22.4%  89.2 1125s
 192351 125033   17.01274   50   18   19.00000   14.73546  22.4%  89.2 1130s
 193224 125620   17.13176   73    4   19.00000   14.73640  22.4%  89.2 1135s
 193967 126097   18.00000   56    4   19.00000   14.73707  22.4%  89.2 1140s
 194891 126718   15.05004   36   30   19.00000   14.73798  22.4%  89.2 1145s
 195584 127205   15.00000   43   24   19.00000   14.73884  22.4%  89.2 1150s
 196409 127731   15.05921   44   24   19.00000   14.73963  22.4%  89.2 1155s
 197334 128377     cutoff   66        19.00000   14.74045  22.4%  89.1 1160s
 198171 128884   15.16181   45   23   19.00000   14.74115  22.4%  89.1 1165s
 199048 129467   15.22189   39   17   19.00000   14.74224  22.4%  89.1 1170s
 199870 129961   16.45539   65   14   19.00000   14.74307  22.4%  89.1 1175s
 200709 130504   18.00000   65    9   19.00000   14.74392  22.4%  89.1 1180s
 201581 131062   16.50000   48   18   19.00000   14.74437  22.4%  89.1 1185s
 202403 131642   15.11694   44   21   19.00000   14.74537  22.4%  89.1 1190s
 203293 132225   17.08123   53   10   19.00000   14.74636  22.4%  89.1 1195s
 204329 132908   16.52686   55   18   19.00000   14.74705  22.4%  89.0 1200s
 205206 133503   17.22090   68    6   19.00000   14.74735  22.4%  89.0 1205s
 205913 133954   15.27624   40   26   19.00000   14.74785  22.4%  88.9 1210s
 206715 134499   16.31750   55   14   19.00000   14.74849  22.4%  88.9 1215s
 207470 135000     cutoff   54        19.00000   14.74932  22.4%  89.0 1220s
 208325 135587   14.77006   43   32   19.00000   14.75000  22.4%  89.0 1225s
 209026 136090   16.05308   45   23   19.00000   14.75029  22.4%  89.0 1230s
 209888 136677   18.00000   76    3   19.00000   14.75132  22.4%  89.0 1235s
 210710 137218   15.33148   52   13   19.00000   14.75211  22.4%  89.0 1240s
 211362 137658   16.28580   59    7   19.00000   14.75240  22.4%  89.0 1245s
 212183 138186   14.79137   36   24   19.00000   14.75292  22.4%  89.0 1250s
 213053 138788   15.09670   35   22   19.00000   14.75394  22.3%  89.0 1255s
 214002 139397   16.00300   51   18   19.00000   14.75472  22.3%  89.0 1260s
 214848 139908   15.25727   33   16   19.00000   14.75564  22.3%  89.0 1265s
 215763 140502   14.95189   34   39   19.00000   14.75651  22.3%  89.0 1270s
 216368 140879   16.21883   48   13   19.00000   14.75689  22.3%  89.0 1275s
 217171 141392   15.35167   43   18   19.00000   14.75754  22.3%  89.0 1280s
 218160 142086   15.02862   31   25   19.00000   14.75823  22.3%  88.9 1285s
 218919 142606   16.71252   47   15   19.00000   14.75868  22.3%  89.0 1290s
 219839 143198   15.34204   45   16   19.00000   14.75959  22.3%  88.9 1295s
 220815 143868   15.00000   36   18   19.00000   14.76085  22.3%  88.9 1300s
 221601 144416   15.29112   42   18   19.00000   14.76150  22.3%  88.8 1305s
 222480 144974   15.17897   42   18   19.00000   14.76260  22.3%  88.8 1310s
 223365 145557   15.41172   47   19   19.00000   14.76356  22.3%  88.8 1315s
 224187 146106   15.28777   43   19   19.00000   14.76428  22.3%  88.8 1320s
 224957 146617   16.96772   48   14   19.00000   14.76502  22.3%  88.8 1325s
 225855 147226     cutoff   47        19.00000   14.76605  22.3%  88.8 1330s
 226562 147700   16.03252   38   25   19.00000   14.76668  22.3%  88.8 1335s
 227433 148275   16.32236   45   14   19.00000   14.76714  22.3%  88.8 1340s
 228351 148879   17.50081   57    8   19.00000   14.76829  22.3%  88.8 1345s
 229281 149450   15.52053   46   21   19.00000   14.76933  22.3%  88.7 1350s
 230093 150008     cutoff   81        19.00000   14.76986  22.3%  88.7 1355s
 230955 150529   15.43006   38   14   19.00000   14.77067  22.3%  88.7 1360s
 231810 151077   17.39457   54    9   19.00000   14.77156  22.3%  88.7 1365s
 232543 151562   15.48460   43    7   19.00000   14.77204  22.3%  88.7 1370s
 233382 152098   15.67851   47   15   19.00000   14.77306  22.2%  88.7 1375s
 234109 152569   17.27325   58   14   19.00000   14.77354  22.2%  88.7 1380s
 235048 153208   15.23366   46   24   19.00000   14.77432  22.2%  88.7 1385s
 235715 153665   16.86819   55    7   19.00000   14.77483  22.2%  88.7 1390s
 236381 154063     cutoff   70        19.00000   14.77509  22.2%  88.7 1395s
 237301 154630   16.24286   61    8   19.00000   14.77620  22.2%  88.7 1400s
 238248 155250   15.61992   48   29   19.00000   14.77720  22.2%  88.7 1405s
 239095 155806     cutoff   69        19.00000   14.77786  22.2%  88.7 1410s
 239976 156429   17.52648   74    8   19.00000   14.77849  22.2%  88.7 1415s
 240914 157038   17.04021   59   12   19.00000   14.77927  22.2%  88.6 1420s
 241623 157509   16.00000   48   14   19.00000   14.77972  22.2%  88.6 1425s
 242549 158132   15.81930   38   22   19.00000   14.78031  22.2%  88.6 1430s
 243598 158819   15.00000   44   26   19.00000   14.78111  22.2%  88.5 1435s
 244445 159410   17.90043   67    4   19.00000   14.78165  22.2%  88.5 1440s
 245324 159979   15.59651   35   14   19.00000   14.78237  22.2%  88.5 1445s
 246294 160627   17.21500   75    4   19.00000   14.78312  22.2%  88.5 1450s
 246992 161070   15.08101   40   20   19.00000   14.78403  22.2%  88.5 1455s
 247807 161609   15.53638   47   22   19.00000   14.78506  22.2%  88.4 1460s
 248807 162248     cutoff   57        19.00000   14.78567  22.2%  88.4 1465s
 249657 162826   15.25706   42   21   19.00000   14.78644  22.2%  88.4 1470s
 250568 163395   15.22126   41   24   19.00000   14.78736  22.2%  88.4 1475s
 251337 163933   17.75933   63    6   19.00000   14.78791  22.2%  88.4 1480s
 252093 164424   15.32716   39   23   19.00000   14.78842  22.2%  88.4 1485s
 252928 164986   16.27659   50   15   19.00000   14.78944  22.2%  88.4 1490s
 253715 165494   15.67534   45   19   19.00000   14.79024  22.2%  88.4 1495s
 254627 166084   15.69452   40   15   19.00000   14.79084  22.2%  88.4 1500s
 255445 166625   16.37412   50   11   19.00000   14.79136  22.2%  88.4 1505s
 256234 167123   15.22966   43   24   19.00000   14.79195  22.1%  88.4 1510s
 257129 167723   15.72435   40   11   19.00000   14.79269  22.1%  88.4 1515s
 257901 168267   16.11928   49   14   19.00000   14.79337  22.1%  88.4 1520s
 258827 168862     cutoff   50        19.00000   14.79416  22.1%  88.4 1525s
 259687 169455   15.18550   37   17   19.00000   14.79496  22.1%  88.4 1530s
 260509 170014   15.17621   43   33   19.00000   14.79576  22.1%  88.4 1535s
 261351 170569   17.21976   47   14   19.00000   14.79648  22.1%  88.4 1540s
 262134 171059   15.75892   49   13   19.00000   14.79707  22.1%  88.4 1545s
 263075 171682   16.08118   47   23   19.00000   14.79785  22.1%  88.4 1550s
 263807 172157   14.94868   34   21   19.00000   14.79874  22.1%  88.4 1555s
 264641 172737   16.56549   50    9   19.00000   14.79916  22.1%  88.4 1560s
 265632 173396   15.40361   45   21   19.00000   14.80000  22.1%  88.3 1565s
 266533 173986   16.06692   42    7   19.00000   14.80059  22.1%  88.3 1570s
 267095 174345   17.17651   63    6   19.00000   14.80089  22.1%  88.3 1575s
 267715 174724   17.35952   69   14   19.00000   14.80142  22.1%  88.4 1580s
 268493 175215   16.14858   44   17   19.00000   14.80217  22.1%  88.4 1585s
 269517 175905   15.10238   35   24   19.00000   14.80283  22.1%  88.3 1590s
 270515 176552   15.12931   40   25   19.00000   14.80349  22.1%  88.3 1595s
 271415 177150   15.37664   45   22   19.00000   14.80402  22.1%  88.3 1600s
 272125 177628   15.35199   41   19   19.00000   14.80453  22.1%  88.3 1605s
 273061 178228   15.92500   44   19   19.00000   14.80514  22.1%  88.3 1610s
 273851 178738   15.51750   40   16   19.00000   14.80598  22.1%  88.3 1615s
 274683 179288   15.27516   43   23   19.00000   14.80657  22.1%  88.3 1620s
 275590 179878   15.32048   37   24   19.00000   14.80714  22.1%  88.3 1625s
 276503 180497     cutoff   68        19.00000   14.80779  22.1%  88.3 1630s
 277260 181022   17.63687   55   10   19.00000   14.80859  22.1%  88.3 1635s
 278138 181598   16.36797   46    7   19.00000   14.80950  22.1%  88.2 1640s
 279065 182191   16.21206   64   11   19.00000   14.81019  22.1%  88.2 1645s
 279902 182723   14.95196   28   27   19.00000   14.81110  22.0%  88.2 1650s
 280748 183291   15.10577   35   23   19.00000   14.81161  22.0%  88.2 1655s
 281569 183859   15.91114   50    5   19.00000   14.81228  22.0%  88.2 1660s
 282426 184392   16.06769   55   16   19.00000   14.81276  22.0%  88.2 1665s
 283404 185053   18.00000   66    4   19.00000   14.81365  22.0%  88.2 1670s
 284371 185690   17.54708   61    9   19.00000   14.81443  22.0%  88.1 1675s
 285270 186298   16.76544   68    6   19.00000   14.81544  22.0%  88.1 1680s
 286152 186900   17.63966   57   11   19.00000   14.81608  22.0%  88.1 1685s
 286863 187393   15.76950   38   27   19.00000   14.81654  22.0%  88.1 1692s
 287361 187708   15.65172   47   18   19.00000   14.81701  22.0%  88.1 1695s
 288264 188317   16.71254   45   10   19.00000   14.81763  22.0%  88.1 1700s
 289157 188905   16.13895   43   15   19.00000   14.81841  22.0%  88.1 1705s
 290067 189481   16.72700   51   16   19.00000   14.81913  22.0%  88.1 1710s
 291003 190086   15.81473   40   17   19.00000   14.81970  22.0%  88.1 1715s
 291910 190703   17.95458   76    3   19.00000   14.82026  22.0%  88.0 1720s
 292692 191212   16.89567   49   14   19.00000   14.82085  22.0%  88.0 1725s
 293492 191748   17.04988   61   11   19.00000   14.82127  22.0%  88.0 1730s
 294430 192376   16.84893   61    9   19.00000   14.82196  22.0%  88.0 1735s
 295410 193002   15.10026   32   34   19.00000   14.82254  22.0%  88.0 1740s
 296380 193652     cutoff   45        19.00000   14.82308  22.0%  87.9 1745s
 297020 194085   16.21609   49    6   19.00000   14.82339  22.0%  87.9 1750s
 297963 194725   16.00000   54   19   19.00000   14.82423  22.0%  87.9 1755s
 298857 195324   15.64455   44    6   19.00000   14.82497  22.0%  87.9 1760s
 299757 195933   16.47087   59    5   19.00000   14.82538  22.0%  87.9 1765s
 300713 196568   17.24768   61    5   19.00000   14.82606  22.0%  87.9 1770s
 301575 197142   15.64978   34   24   19.00000   14.82665  22.0%  87.9 1775s
 302210 197512   15.83533   41   24   19.00000   14.82700  22.0%  87.9 1780s
 303028 198108   17.17317   47    6   19.00000   14.82773  22.0%  87.9 1785s
 303929 198691   15.61044   40   28   19.00000   14.82844  22.0%  87.9 1790s
 304806 199266   15.33332   37   11   19.00000   14.82899  22.0%  87.9 1795s

Cutting planes:
  Gomory: 73
  Cover: 23
  Implied bound: 330
  MIR: 897
  Flow cover: 678
  Zero half: 46
  Network: 91

Explored 305683 nodes (26894181 simplex iterations) in 1800.02 seconds
Thread count was 1 (of 8 available processors)

Time limit reached
Best objective 1.900000000000e+01, best bound 1.500000000000e+01, gap 21.0526%
