
Gurobi 6.5.2 (linux64) logging started Tue Jun  6 13:08:59 2017

Changed value of parameter LogFile to test_cases/mip_solutions/furman_sahinidis/transportation/22sp1_gurobi.log
   Prev: gurobi.log  Default: 
Changed value of parameter Threads to 1
   Prev: 0  Min: 0  Max: 1024  Default: 0
Optimize a model with 20138 rows, 41762 columns and 144693 nonzeros
Coefficient statistics:
  Matrix range    [1e+00, 2e+03]
  Objective range [1e+00, 1e+00]
  Bounds range    [1e+00, 1e+00]
  RHS range       [1e+00, 2e+03]
Presolve removed 19900 rows and 39385 columns
Presolve time: 0.03s
Presolved: 238 rows, 2377 columns, 6902 nonzeros
Variable types: 2264 continuous, 113 integer (113 binary)

Root relaxation: objective 1.648461e+01, 1318 iterations, 0.02 seconds

    Nodes    |    Current Node    |     Objective Bounds      |     Work
 Expl Unexpl |  Obj  Depth IntInf | Incumbent    BestBd   Gap | It/Node Time

     0     0   16.48461    0   22          -   16.48461      -     -    0s
H    0     0                      30.0000000   16.48461  45.1%     -    0s
     0     0   17.38068    0   40   30.00000   17.38068  42.1%     -    0s
     0     0   17.46394    0   37   30.00000   17.46394  41.8%     -    0s
     0     0   17.87941    0   41   30.00000   17.87941  40.4%     -    0s
     0     0   18.00500    0   42   30.00000   18.00500  40.0%     -    0s
     0     0   18.35765    0   42   30.00000   18.35765  38.8%     -    0s
     0     0   18.41994    0   41   30.00000   18.41994  38.6%     -    0s
     0     0   18.60922    0   43   30.00000   18.60922  38.0%     -    0s
     0     0   18.63497    0   46   30.00000   18.63497  37.9%     -    0s
     0     0   18.72186    0   54   30.00000   18.72186  37.6%     -    0s
     0     0   18.76841    0   53   30.00000   18.76841  37.4%     -    0s
     0     0   18.87041    0   54   30.00000   18.87041  37.1%     -    0s
     0     0   18.97980    0   48   30.00000   18.97980  36.7%     -    0s
     0     0   19.02088    0   47   30.00000   19.02088  36.6%     -    0s
     0     0   19.03021    0   46   30.00000   19.03021  36.6%     -    0s
     0     0   19.03233    0   49   30.00000   19.03233  36.6%     -    0s
     0     0   19.03233    0   49   30.00000   19.03233  36.6%     -    0s
     0     2   19.13810    0   49   30.00000   19.13810  36.2%     -    0s
H   29    29                      29.0000000   19.20838  33.8%   154    1s
H   41    41                      28.0000000   19.20838  31.4%   132    1s
H   43    43                      27.0000000   19.20838  28.9%   127    1s
H  270   197                      25.0000000   19.38491  22.5%   134    2s
   514   374   22.09495   27   35   25.00000   19.46313  22.1%   149    5s
   575   417   20.13436   18   42   25.00000   19.70901  21.2%   203   10s
   968   615   23.99078   50   11   25.00000   19.75175  21.0%   199   15s
  1256   715   23.06396   51   12   25.00000   19.83845  20.6%   211   20s
  1428   778   23.01168   44   14   25.00000   19.85783  20.6%   233   25s
  1750   899   21.80036   29   23   25.00000   19.95328  20.2%   237   30s
  2007  1074   21.26607   24   45   25.00000   19.99705  20.0%   245   35s
  2332  1316   21.38245   23   24   25.00000   20.04538  19.8%   245   40s
  2555  1460   20.55336   23   34   25.00000   20.07937  19.7%   252   45s
  2754  1598   20.25933   16   45   25.00000   20.08992  19.6%   256   50s
  2918  1712   21.70307   25   44   25.00000   20.10495  19.6%   262   55s
  3109  1825   21.26209   27   22   25.00000   20.11452  19.5%   267   60s
  3341  2017   20.94483   22   43   25.00000   20.12901  19.5%   270   65s
  3518  2123   20.67711   21   48   25.00000   20.13887  19.4%   272   70s
  3719  2276   23.62447   57    5   25.00000   20.14616  19.4%   278   75s
  3915  2409   20.36461   19   53   25.00000   20.17257  19.3%   282   80s
  4174  2587   20.30492   18   45   25.00000   20.19980  19.2%   279   85s
  4417  2757   20.86023   20   38   25.00000   20.21327  19.1%   280   90s
  4626  2919   22.25628   31   23   25.00000   20.21940  19.1%   281   95s
  4802  3040   22.13139   33   26   25.00000   20.23463  19.1%   283  100s
  4953  3139   20.53951   21   47   25.00000   20.24377  19.0%   287  105s
  5130  3255   20.47006   18   51   25.00000   20.25138  19.0%   289  110s
  5242  3333   23.64572   41   14   25.00000   20.25479  19.0%   294  115s
  5464  3491   21.75630   31   28   25.00000   20.25842  19.0%   293  120s
  5660  3640   21.32481   23   26   25.00000   20.26267  18.9%   294  125s
  5830  3745   22.67889   34   21   25.00000   20.26791  18.9%   297  130s
  6028  3856   23.33026   34   35   25.00000   20.27607  18.9%   298  135s
  6219  3982     cutoff   31        25.00000   20.28753  18.8%   298  140s
  6400  4101   22.06042   33   17   25.00000   20.29804  18.8%   299  145s
  6668  4275   21.56525   24   23   25.00000   20.30736  18.8%   298  150s
  6856  4395   21.36941   25   39   25.00000   20.31963  18.7%   297  155s
  7064  4529   22.79634   35   25   25.00000   20.32617  18.7%   298  160s
  7243  4658   22.37407   32   25   25.00000   20.33206  18.7%   300  165s
  7495  4847   22.50659   54   13   25.00000   20.34377  18.6%   297  170s
  7728  5011   20.49128   20   44   25.00000   20.35327  18.6%   296  175s
  7889  5140   21.68277   26   34   25.00000   20.36302  18.5%   298  180s
  8107  5290   23.77739   43   28   25.00000   20.36942  18.5%   297  186s
  8286  5401   23.21229   31   21   25.00000   20.37451  18.5%   297  190s
  8529  5571   21.56710   29   23   25.00000   20.37835  18.5%   297  195s
  8705  5670   21.55551   27   23   25.00000   20.38495  18.5%   296  200s
  8864  5795   22.20348   36   17   25.00000   20.39362  18.4%   299  205s
  9163  5985   21.96487   26   36   25.00000   20.40212  18.4%   296  210s
  9312  6072   21.38409   25   31   25.00000   20.40492  18.4%   298  215s
  9535  6215   22.69488   30   22   25.00000   20.41123  18.4%   297  220s
  9683  6301   22.37051   28   25   25.00000   20.41706  18.3%   298  225s
  9938  6472   21.75010   32   20   25.00000   20.42268  18.3%   297  230s
 10193  6667   21.62567   23   37   25.00000   20.42871  18.3%   296  235s
 10203  6676   22.67637   35   49   25.00000   20.42871  18.3%   296  250s
 10231  6695   20.62034   21   65   25.00000   20.42871  18.3%   295  255s
 10264  6717   21.32981   28   54   25.00000   20.42871  18.3%   294  260s
 10303  6743   22.67637   35   56   25.00000   20.42871  18.3%   293  265s
 10334  6763   20.99316   26   56   25.00000   20.42871  18.3%   292  270s
 10368  6786   22.44115   29   61   25.00000   20.42871  18.3%   291  275s
 10401  6808   23.47378   44   58   25.00000   20.42871  18.3%   290  280s
 10482  6858   23.19631   61   15   25.00000   20.42871  18.3%   304  285s
 10653  6942   20.42871   26   55   25.00000   20.42871  18.3%   303  290s
 10846  7040   20.49043   32   55   25.00000   20.42871  18.3%   302  295s
 11048  7106   21.93017   42   28   25.00000   20.42871  18.3%   303  300s
 11247  7192   22.50828   37   15   25.00000   20.42871  18.3%   304  305s
 11475  7296   22.04706   43   23   25.00000   20.42871  18.3%   304  310s
 11666  7372   20.70173   30   55   25.00000   20.50484  18.0%   304  315s
 11785  7425   21.55905   35   39   25.00000   20.53118  17.9%   305  320s
 11944  7482   20.62500   33   44   25.00000   20.54776  17.8%   306  325s
 12178  7579   23.00000   48   14   25.00000   20.55525  17.8%   305  330s
 12321  7619   21.33124   37   28   25.00000   20.57319  17.7%   307  335s
 12422  7663   21.00000   35   38   25.00000   20.58684  17.7%   309  340s
 12578  7729   22.58099   41   28   25.00000   20.59364  17.6%   310  345s
 12750  7799   21.37092   35   48   25.00000   20.61522  17.5%   309  350s
 12907  7860   22.25749   35   36   25.00000   20.62063  17.5%   311  355s
 13032  7900   22.38533   38   27   25.00000   20.62422  17.5%   312  360s
 13200  7954   22.26436   42   25   25.00000   20.64101  17.4%   312  366s
 13363  8006   22.87683   49   13   25.00000   20.65136  17.4%   312  370s
 13498  8045   21.86871   38   17   25.00000   20.65754  17.4%   314  375s
 13686  8119   23.20302   48   19   25.00000   20.66496  17.3%   315  380s
 13859  8180   21.02444   38   32   25.00000   20.67205  17.3%   314  385s
 14000  8210   21.79471   36   30   25.00000   20.67407  17.3%   315  390s
 14098  8246   20.84477   27   48   25.00000   20.68230  17.3%   317  395s
 14187  8267   21.22914   31   38   25.00000   20.68678  17.3%   319  400s
 14298  8298   21.64658   33   41   25.00000   20.69313  17.2%   320  405s
 14506  8371   21.21872   32   43   25.00000   20.71776  17.1%   319  410s
 14627  8416   21.06038   34   30   25.00000   20.72159  17.1%   320  415s
 14793  8473   21.98124   34   33   25.00000   20.72970  17.1%   320  420s
 14915  8512   21.45014   47   29   25.00000   20.73474  17.1%   321  425s
 15055  8557   23.97391   57   10   25.00000   20.73724  17.1%   322  430s
 15083  8571   23.46746   39   24   25.00000   20.73726  17.1%   323  435s
 15227  8615   22.15337   39   32   25.00000   20.74389  17.0%   323  440s
 15382  8674   20.82410   34   46   25.00000   20.75043  17.0%   324  445s
 15456  8704   22.05747   31   42   25.00000   20.75248  17.0%   326  450s
 15489  8720     cutoff   47        25.00000   20.75248  17.0%   327  455s
 15579  8743   22.48508   39   38   25.00000   20.76585  16.9%   328  460s
 15684  8767   21.26867   32   46   25.00000   20.77218  16.9%   329  465s
 15862  8796   21.85564   34   39   25.00000   20.78312  16.9%   329  470s
 16019  8840   24.00000   56    8   25.00000   20.79100  16.8%   329  475s
 16130  8872   21.29183   40   32   25.00000   20.79442  16.8%   330  480s
 16285  8913   21.83952   43   29   25.00000   20.80461  16.8%   330  485s
 16448  8956   21.00000   34   38   25.00000   20.83201  16.7%   331  490s
 16601  9013   21.56263   33   49   25.00000   20.83675  16.7%   331  495s
 16693  9041     cutoff   58        25.00000   20.83820  16.6%   332  500s
 16738  9061   22.57412   41   35   25.00000   20.83918  16.6%   333  505s
 16826  9095   22.47303   38   32   25.00000   20.84213  16.6%   334  510s
 16949  9143   23.23516   54   10   25.00000   20.84476  16.6%   335  515s
 17071  9183   22.00444   34   36   25.00000   20.84702  16.6%   335  520s
 17169  9215   22.11119   41   31   25.00000   20.84956  16.6%   336  525s
 17284  9265   21.71903   32   44   25.00000   20.85127  16.6%   337  530s
 17360  9283   21.75590   34   40   25.00000   20.85855  16.6%   338  535s
 17434  9304   22.65176   41   33   25.00000   20.85896  16.6%   339  540s
 17520  9340   20.88473   30   41   25.00000   20.86070  16.6%   340  545s
 17665  9392   21.98903   36   18   25.00000   20.86504  16.5%   340  550s
 17786  9443   21.61294   32   44   25.00000   20.87866  16.5%   340  555s
 17880  9476   21.92498   34   35   25.00000   20.88091  16.5%   341  560s
 17985  9512   23.99659   50   26   25.00000   20.88798  16.4%   341  565s
 18050  9533   21.81553   39   25   25.00000   20.88886  16.4%   343  570s
 18178  9578   21.15498   37   24   25.00000   20.89369  16.4%   343  575s
 18341  9616   21.85388   38   23   25.00000   20.90308  16.4%   343  580s
 18423  9630   22.02453   31   36   25.00000   20.90343  16.4%   344  585s
 18489  9662   23.40957   47   20   25.00000   20.90483  16.4%   345  590s
 18598  9690   22.25359   36   36   25.00000   20.90918  16.4%   345  595s
 18708  9732   21.55178   31   40   25.00000   20.91704  16.3%   346  600s
 18838  9782   21.38743   34   39   25.00000   20.92439  16.3%   346  605s
 18956  9829   22.19914   43   33   25.00000   20.92821  16.3%   347  610s
 19085  9874   21.29073   40   42   25.00000   20.93036  16.3%   347  615s
 19186  9897   21.24849   34   29   25.00000   20.93372  16.3%   348  620s
 19285  9933   21.05319   38   45   25.00000   20.93484  16.3%   349  625s
 19379  9957   22.04931   42   25   25.00000   20.93939  16.2%   350  630s
 19522 10002   21.43106   35   38   25.00000   20.94685  16.2%   350  635s
 19602 10034   21.33594   31   52   25.00000   20.94804  16.2%   351  640s
 19656 10052   21.83476   29   49   25.00000   20.95320  16.2%   352  645s
 19761 10082   21.36258   36   42   25.00000   20.95614  16.2%   352  650s
 19869 10103   23.00000   50   26   25.00000   20.95818  16.2%   353  655s
 20046 10153   21.83488   36   26   25.00000   20.96826  16.1%   353  660s
 20131 10183     cutoff   46        25.00000   20.96874  16.1%   354  665s
 20284 10218     cutoff   56        25.00000   20.97178  16.1%   353  670s
 20404 10247   21.49778   38   30   25.00000   20.97304  16.1%   354  675s
 20539 10290   23.47458   45   22   25.00000   20.97738  16.1%   354  680s
 20617 10308   23.38506   47   26   25.00000   20.97744  16.1%   355  685s
 20756 10344   23.11845   45   16   25.00000   20.98003  16.1%   355  690s
 20887 10371   22.03481   44   32   25.00000   20.98493  16.1%   356  695s
 21017 10405   21.39841   32   45   25.00000   20.98695  16.1%   356  700s
 21143 10444     cutoff   53        25.00000   20.99016  16.0%   356  705s
 21264 10491   23.18583   43   15   25.00000   20.99270  16.0%   357  710s
 21409 10526   21.05543   32   52   25.00000   20.99555  16.0%   357  715s
 21483 10563   22.25867   42   28   25.00000   20.99761  16.0%   358  720s
 21645 10617   21.00000   34   38   25.00000   21.00000  16.0%   357  725s
 21810 10681   21.64867   37   44   25.00000   21.00000  16.0%   357  730s
 21908 10713   21.70566   39   39   25.00000   21.00000  16.0%   358  735s
 22022 10738   21.65127   43   38   25.00000   21.00000  16.0%   358  740s
 22164 10791   22.29521   42   13   25.00000   21.00000  16.0%   358  745s
 22285 10822   22.00000   38   36   25.00000   21.00000  16.0%   359  750s
 22426 10852   21.93321   48   21   25.00000   21.00000  16.0%   359  755s
 22602 10909   21.02650   37   45   25.00000   21.00000  16.0%   358  760s
 22717 10951   21.43695   41   40   25.00000   21.00000  16.0%   359  765s
 22870 11014   21.17252   39   32   25.00000   21.00000  16.0%   358  770s
 23014 11057   21.55758   43   35   25.00000   21.00000  16.0%   358  775s
 23165 11102   22.30925   38   22   25.00000   21.00000  16.0%   358  780s
 23319 11151   23.00146   57    5   25.00000   21.00000  16.0%   358  785s
 23433 11186   21.40208   39   22   25.00000   21.00000  16.0%   358  790s
 23524 11229   22.33105   56   21   25.00000   21.00000  16.0%   359  795s
 23744 11302   21.30847   35   30   25.00000   21.00000  16.0%   358  800s
 23885 11353     cutoff   47        25.00000   21.00000  16.0%   358  805s
 24082 11408   21.22547   37   35   25.00000   21.00000  16.0%   357  810s
 24223 11458   21.07620   36   38   25.00000   21.00000  16.0%   357  815s
 24393 11532     cutoff   50        25.00000   21.00000  16.0%   356  820s
 24545 11577   22.45955   51   24   25.00000   21.00000  16.0%   356  825s
 24725 11634   21.17841   36   37   25.00000   21.00000  16.0%   356  830s
 24921 11701   24.00000   59   17   25.00000   21.00000  16.0%   355  835s
 25010 11730     cutoff   57        25.00000   21.00000  16.0%   356  840s
 25153 11776   21.00000   33   25   25.00000   21.00000  16.0%   356  845s
 25354 11857   21.20170   37   17   25.00000   21.00000  16.0%   355  850s
 25506 11901   21.03705   38   20   25.00000   21.00000  16.0%   355  855s
 25639 11940   23.30503   47   17   25.00000   21.00000  16.0%   355  860s
 25772 11954   21.19803   32   44   25.00000   21.00000  16.0%   355  865s
 25888 11996   23.25993   50   12   25.00000   21.00000  16.0%   355  870s
 26040 12041   21.65883   44   25   25.00000   21.00000  16.0%   355  875s
 26196 12112   23.10128   50   15   25.00000   21.00000  16.0%   355  880s
 26356 12162   21.66749   36   31   25.00000   21.00000  16.0%   355  885s
 26489 12206   22.12336   46   29   25.00000   21.00024  16.0%   355  890s
 26719 12279   21.75307   37   25   25.00000   21.00076  16.0%   354  895s
 26908 12346   21.51131   48   29   25.00000   21.00076  16.0%   353  900s
 27129 12413   22.09851   38   19   25.00000   21.00191  16.0%   352  905s
 27310 12476   21.71312   42   25   25.00000   21.00335  16.0%   352  910s
 27425 12526     cutoff   48        25.00000   21.00436  16.0%   352  915s
 27552 12535   22.06956   37   36   25.00000   21.00521  16.0%   352  920s
 27713 12596   23.00000   49   17   25.00000   21.00614  16.0%   352  925s
 27880 12638   21.82496   37   33   25.00000   21.00840  16.0%   352  930s
 28031 12689   23.00000   49   18   25.00000   21.01178  16.0%   352  935s
 28167 12740   21.14019   37   32   25.00000   21.01435  15.9%   352  940s
 28354 12781   23.08174   47   28   25.00000   21.01634  15.9%   352  945s
 28525 12843   21.59790   42   24   25.00000   21.01713  15.9%   352  950s
 28735 12911   21.31023   39   28   25.00000   21.02085  15.9%   351  955s
 28887 12955   23.08245   49   13   25.00000   21.02263  15.9%   351  960s
 29058 13003   22.68122   41   35   25.00000   21.02444  15.9%   351  965s
 29212 13029   21.89385   33   45   25.00000   21.02676  15.9%   351  970s
 29266 13047   22.09865   42   35   25.00000   21.02704  15.9%   352  975s
 29389 13090   21.70436   34   33   25.00000   21.02826  15.9%   352  980s
 29543 13146   21.52904   39   41   25.00000   21.02962  15.9%   352  985s
 29759 13204   23.10890   50   16   25.00000   21.03154  15.9%   351  992s
 29823 13217   22.99313   36   23   25.00000   21.03381  15.9%   352  995s
 30010 13263     cutoff   58        25.00000   21.03466  15.9%   351 1000s
 30111 13300   23.58904   47   15   25.00000   21.03597  15.9%   352 1005s
 30332 13360   21.35336   40   26   25.00000   21.04113  15.8%   351 1010s
 30462 13413   21.76377   38   32   25.00000   21.04296  15.8%   351 1015s
 30651 13444   22.27875   44   23   25.00000   21.04554  15.8%   351 1020s
 30900 13552   21.23468   39   30   25.00000   21.04825  15.8%   350 1025s
 31057 13646   22.21103   38   33   25.00000   21.04964  15.8%   350 1030s
 31236 13774   23.26393   55   12   25.00000   21.05146  15.8%   349 1035s
 31416 13909   24.00000   47   23   25.00000   21.05221  15.8%   349 1040s
 31575 13976   22.45128   49   11   25.00000   21.05265  15.8%   349 1045s
 31734 14088   23.36314   53    7   25.00000   21.05494  15.8%   349 1050s
 31821 14126   21.23142   33   51   25.00000   21.05619  15.8%   350 1055s
 31920 14199   21.96181   39   20   25.00000   21.05671  15.8%   350 1060s
 32074 14290   23.85673   53   28   25.00000   21.05859  15.8%   350 1065s
 32205 14364   23.84563   59   18   25.00000   21.05990  15.8%   350 1070s
 32380 14469   24.00000   54   11   25.00000   21.06038  15.8%   350 1075s
 32586 14587   21.06038   36   34   25.00000   21.06038  15.8%   350 1080s
 32764 14724   24.00000   54   14   25.00000   21.06038  15.8%   349 1085s
 32932 14835   22.22585   44   19   25.00000   21.06318  15.7%   349 1090s
 33077 14910   21.97480   41   34   25.00000   21.06348  15.7%   349 1095s
 33229 15010   24.00000   47   21   25.00000   21.06471  15.7%   349 1100s
 33394 15119   21.48468   47   27   25.00000   21.06701  15.7%   349 1105s
 33575 15239   21.47002   33   36   25.00000   21.06994  15.7%   349 1110s
 33693 15315   22.29068   47   20   25.00000   21.07211  15.7%   350 1115s
 33906 15443   21.20516   47   27   25.00000   21.07234  15.7%   349 1120s
 34144 15614   22.37663   61   12   25.00000   21.07308  15.7%   348 1125s
 34375 15749   22.46167   53   17   25.00000   21.07559  15.7%   347 1130s
 34608 15922   21.53819   42   37   25.00000   21.07695  15.7%   347 1135s
 34725 15965   22.71476   44   25   25.00000   21.07806  15.7%   347 1140s
 34817 16009   22.94982   47   19   25.00000   21.07899  15.7%   347 1145s
 34956 16107   23.16198   55    8   25.00000   21.07964  15.7%   347 1150s
 35099 16196   22.28834   47   12   25.00000   21.08174  15.7%   348 1155s
 35240 16290   23.51931   60    5   25.00000   21.08222  15.7%   348 1160s
 35399 16371   21.58283   36   41   25.00000   21.08308  15.7%   347 1165s
 35504 16429     cutoff   45        25.00000   21.08355  15.7%   348 1170s
 35763 16626   22.09383   43   24   25.00000   21.08466  15.7%   347 1175s
 35966 16755   22.28294   41   18   25.00000   21.08563  15.7%   346 1180s
 36118 16850   21.18653   38   35   25.00000   21.08667  15.7%   346 1185s
 36319 16966   21.43202   45   29   25.00000   21.08794  15.6%   346 1190s
 36472 17071   22.70918   48   18   25.00000   21.08913  15.6%   346 1195s
 36544 17120   23.00146   48   21   25.00000   21.09001  15.6%   346 1200s
 36741 17244   23.50296   50   10   25.00000   21.09125  15.6%   346 1205s
 36837 17310   22.19166   51   20   25.00000   21.09139  15.6%   346 1210s
 37048 17427   22.31925   47   10   25.00000   21.09228  15.6%   346 1215s
 37238 17545   23.20977   40   23   25.00000   21.09484  15.6%   345 1220s
 37431 17680   21.56560   41   30   25.00000   21.09635  15.6%   345 1225s
 37606 17796   22.69749   44   27   25.00000   21.09734  15.6%   345 1230s
 37715 17864   22.76502   49   24   25.00000   21.09818  15.6%   345 1235s
 37885 17965   21.42216   44   33   25.00000   21.10034  15.6%   345 1240s
 38009 18049   21.22556   34   27   25.00000   21.10079  15.6%   345 1245s
 38188 18165   23.04914   44    7   25.00000   21.10191  15.6%   345 1250s
 38358 18296   22.28423   55   18   25.00000   21.10220  15.6%   344 1255s
 38578 18427   23.32999   50   10   25.00000   21.10278  15.6%   344 1260s
 38766 18544   22.12899   40   21   25.00000   21.10416  15.6%   344 1265s
 38887 18620   21.23183   38   26   25.00000   21.10648  15.6%   344 1270s
 39038 18721   23.10890   39   21   25.00000   21.10715  15.6%   344 1275s
 39191 18818   21.27595   40   16   25.00000   21.10890  15.6%   344 1280s
 39411 18934   21.42324   42   28   25.00000   21.10890  15.6%   343 1285s
 39638 19085   22.46771   47   22   25.00000   21.11170  15.6%   343 1290s
 39733 19139   24.00000   37   33   25.00000   21.11229  15.6%   343 1295s
 39820 19190   23.48462   42   14   25.00000   21.11303  15.5%   343 1300s
 39903 19226   21.37892   39   38   25.00000   21.11432  15.5%   343 1306s
 40008 19292     cutoff   51        25.00000   21.11462  15.5%   343 1310s
 40135 19366   22.15065   35   29   25.00000   21.11686  15.5%   343 1315s
 40249 19433   23.94323   41   30   25.00000   21.11754  15.5%   344 1320s
 40446 19561   22.00000   36   26   25.00000   21.11919  15.5%   343 1325s
 40608 19665   22.00065   31   27   25.00000   21.12057  15.5%   343 1330s
 40738 19732   22.38751   45   35   25.00000   21.12105  15.5%   343 1335s
 40934 19863   23.82256   62   21   25.00000   21.12333  15.5%   343 1340s
 41052 19933     cutoff   49        25.00000   21.12415  15.5%   343 1345s
 41208 20045   23.87319   50   15   25.00000   21.12475  15.5%   343 1350s
 41470 20204     cutoff   51        25.00000   21.12588  15.5%   343 1355s
 41677 20353     cutoff   56        25.00000   21.12657  15.5%   342 1360s
 41842 20447   24.00000   63   11   25.00000   21.12831  15.5%   342 1365s
 41947 20507   22.06208   44   14   25.00000   21.12916  15.5%   342 1370s
 42097 20597   22.00000   39   35   25.00000   21.13059  15.5%   343 1375s
 42320 20751   22.26167   44   26   25.00000   21.13211  15.5%   342 1380s
 42457 20843   22.18908   33   27   25.00000   21.13220  15.5%   342 1385s
 42632 20958   23.01385   48    6   25.00000   21.13374  15.5%   342 1390s
 42869 21123   23.95517   51   10   25.00000   21.13431  15.5%   341 1395s
 43018 21211   22.50122   45   18   25.00000   21.13491  15.5%   341 1400s
 43251 21362   23.01537   38   20   25.00000   21.13646  15.5%   341 1405s
 43343 21428   22.91939   44   26   25.00000   21.13709  15.5%   341 1410s
 43514 21545   23.13636   41   20   25.00000   21.13797  15.4%   341 1415s
 43614 21597   22.51949   49   17   25.00000   21.13845  15.4%   341 1420s
 43681 21636   23.00000   43   14   25.00000   21.13906  15.4%   342 1425s
 43877 21754   21.87881   45   16   25.00000   21.13991  15.4%   342 1430s
 44087 21891   22.75423   39   28   25.00000   21.14111  15.4%   341 1435s
 44208 21954   23.60913   43   26   25.00000   21.14155  15.4%   342 1440s
 44412 22078   22.00000   36   33   25.00000   21.14365  15.4%   341 1445s
 44534 22167   22.48173   37   29   25.00000   21.14374  15.4%   341 1450s
 44634 22225   23.10099   50   16   25.00000   21.14386  15.4%   342 1455s
 44762 22295   22.29955   37   25   25.00000   21.14614  15.4%   342 1460s
 44835 22341   21.46058   38   26   25.00000   21.14728  15.4%   342 1465s
 44980 22439   21.86304   37   33   25.00000   21.14822  15.4%   342 1470s
 45091 22512   21.94515   38   25   25.00000   21.14913  15.4%   343 1475s
 45289 22636   24.00000   51    7   25.00000   21.14958  15.4%   342 1480s
 45396 22687     cutoff   47        25.00000   21.15025  15.4%   343 1485s
 45539 22772   23.88474   54   12   25.00000   21.15184  15.4%   343 1490s
 45654 22834     cutoff   57        25.00000   21.15258  15.4%   343 1495s
 45815 22933   22.11293   41   28   25.00000   21.15465  15.4%   343 1500s
 45981 23038   21.17694   33   46   25.00000   21.15778  15.4%   343 1505s
 46153 23146   21.45162   37   39   25.00000   21.15818  15.4%   343 1510s
 46387 23305   22.00000   42   20   25.00000   21.15943  15.4%   342 1515s
 46568 23419   23.00000   45   19   25.00000   21.15943  15.4%   342 1520s
 46779 23553   24.00000   54   14   25.00000   21.16033  15.4%   341 1525s
 46899 23621   21.25416   46   33   25.00000   21.16198  15.4%   342 1530s
 47092 23743   21.81316   37   27   25.00000   21.16272  15.3%   341 1535s
 47205 23811     cutoff   48        25.00000   21.16314  15.3%   342 1540s
 47401 23924   21.36133   41   30   25.00000   21.16453  15.3%   341 1545s
 47524 23989   21.72260   48   22   25.00000   21.16493  15.3%   342 1550s
 47685 24103     cutoff   55        25.00000   21.16541  15.3%   341 1555s
 47860 24210   21.93557   46   19   25.00000   21.16592  15.3%   341 1560s
 48096 24364   21.69259   35   33   25.00000   21.16711  15.3%   341 1565s
 48258 24456     cutoff   58        25.00000   21.16745  15.3%   341 1570s
 48393 24545   23.12928   44   27   25.00000   21.16798  15.3%   341 1575s
 48603 24673   21.91009   34   21   25.00000   21.16902  15.3%   341 1580s
 48733 24765     cutoff   58        25.00000   21.16926  15.3%   341 1585s
 48902 24873   22.09939   38   31   25.00000   21.16963  15.3%   341 1590s
 49020 24929   22.18138   48   24   25.00000   21.17039  15.3%   341 1595s
 49128 24997     cutoff   49        25.00000   21.17087  15.3%   341 1600s
 49315 25116   22.40544   44   26   25.00000   21.17208  15.3%   341 1605s
 49433 25192   22.64975   52    8   25.00000   21.17275  15.3%   341 1610s
 49575 25298   23.11854   53   19   25.00000   21.17339  15.3%   341 1615s
 49784 25431   22.06182   48   10   25.00000   21.17405  15.3%   341 1620s
 50009 25551   21.70566   40   32   25.00000   21.17557  15.3%   340 1625s
 50045 25567   22.07491   43   23   25.00000   21.17599  15.3%   340 1630s
 50171 25645   23.14559   59    9   25.00000   21.17634  15.3%   340 1635s
 50407 25783     cutoff   55        25.00000   21.17873  15.3%   340 1640s
 50590 25908     cutoff   49        25.00000   21.17926  15.3%   340 1645s
 50736 25980   23.73337   49   19   25.00000   21.18079  15.3%   340 1650s
 50928 26086   22.67594   48   19   25.00000   21.18249  15.3%   340 1655s
 51001 26128   21.21300   34   34   25.00000   21.18258  15.3%   340 1660s
 51170 26240   21.72479   41   20   25.00000   21.18367  15.3%   340 1665s
 51288 26322     cutoff   47        25.00000   21.18394  15.3%   340 1670s
 51485 26442   23.29232   49   13   25.00000   21.18405  15.3%   340 1675s
 51593 26505   21.87557   34   34   25.00000   21.18468  15.3%   340 1680s
 51723 26572   21.80038   35   37   25.00000   21.18529  15.3%   341 1685s
 51812 26630   22.00000   35   31   25.00000   21.18595  15.3%   341 1690s
 52010 26776   22.34583   51   19   25.00000   21.18648  15.3%   341 1695s
 52221 26850   21.45948   35   33   25.00000   21.18786  15.2%   341 1700s
 52424 26990   21.31447   37   28   25.00000   21.18888  15.2%   340 1705s
 52595 27105   22.24621   40   28   25.00000   21.18972  15.2%   340 1710s
 52810 27233   22.22995   41   30   25.00000   21.19150  15.2%   340 1715s
 53054 27369   22.23197   47   17   25.00000   21.19344  15.2%   339 1720s
 53256 27509   21.73969   38   18   25.00000   21.19469  15.2%   339 1725s
 53442 27617   23.38979   43   21   25.00000   21.19628  15.2%   339 1730s
 53629 27716   22.08327   42   31   25.00000   21.19727  15.2%   339 1735s
 53820 27830   23.00000   42   17   25.00000   21.19810  15.2%   339 1740s
 54001 27942   22.25222   45    9   25.00000   21.19949  15.2%   339 1745s
 54143 28025   22.50961   47   18   25.00000   21.20112  15.2%   339 1750s
 54324 28120   23.09534   54   14   25.00000   21.20171  15.2%   338 1755s
 54517 28227   21.87247   44   15   25.00000   21.20204  15.2%   338 1760s
 54735 28379   22.20792   47   29   25.00000   21.20363  15.2%   338 1765s
 54845 28433   23.00000   48    7   25.00000   21.20363  15.2%   338 1770s
 54985 28491   21.45138   37   39   25.00000   21.20430  15.2%   338 1775s
 55117 28584   23.72531   54   21   25.00000   21.20466  15.2%   338 1781s
 55220 28645   22.14201   38   38   25.00000   21.20530  15.2%   338 1785s
 55404 28777   23.36743   43   25   25.00000   21.20632  15.2%   338 1790s
 55596 28899   21.93892   34   27   25.00000   21.20779  15.2%   338 1795s

Cutting planes:
  Gomory: 51
  Cover: 19
  Implied bound: 430
  MIR: 1431
  Flow cover: 652
  Zero half: 12
  Network: 40

Explored 55762 nodes (18843152 simplex iterations) in 1800.01 seconds
Thread count was 1 (of 8 available processors)

Time limit reached
Best objective 2.500000000000e+01, best bound 2.200000000000e+01, gap 12.0000%

Gurobi 6.5.2 (linux64) logging started Mon Jul 24 16:43:40 2017

Changed value of parameter LogFile to data/mip_solutions/furman_sahinidis/transportation/22sp1_gurobi.log
   Prev: gurobi.log  Default: 
Changed value of parameter Threads to 1
   Prev: 0  Min: 0  Max: 1024  Default: 0
Optimize a model with 20138 rows, 41762 columns and 144693 nonzeros
Coefficient statistics:
  Matrix range    [1e+00, 2e+03]
  Objective range [1e+00, 1e+00]
  Bounds range    [1e+00, 1e+00]
  RHS range       [1e+00, 2e+03]
Presolve removed 19900 rows and 39385 columns
Presolve time: 0.03s
Presolved: 238 rows, 2377 columns, 6902 nonzeros
Variable types: 2264 continuous, 113 integer (113 binary)

Root relaxation: objective 1.648461e+01, 1318 iterations, 0.02 seconds

    Nodes    |    Current Node    |     Objective Bounds      |     Work
 Expl Unexpl |  Obj  Depth IntInf | Incumbent    BestBd   Gap | It/Node Time

     0     0   16.48461    0   22          -   16.48461      -     -    0s
H    0     0                      30.0000000   16.48461  45.1%     -    0s
     0     0   17.38068    0   40   30.00000   17.38068  42.1%     -    0s
     0     0   17.46394    0   37   30.00000   17.46394  41.8%     -    0s
     0     0   17.87941    0   41   30.00000   17.87941  40.4%     -    0s
     0     0   18.00500    0   42   30.00000   18.00500  40.0%     -    0s
     0     0   18.35765    0   42   30.00000   18.35765  38.8%     -    0s
     0     0   18.41994    0   41   30.00000   18.41994  38.6%     -    0s
     0     0   18.60922    0   43   30.00000   18.60922  38.0%     -    0s
     0     0   18.63497    0   46   30.00000   18.63497  37.9%     -    0s
     0     0   18.72186    0   54   30.00000   18.72186  37.6%     -    0s
     0     0   18.76841    0   53   30.00000   18.76841  37.4%     -    0s
     0     0   18.87041    0   54   30.00000   18.87041  37.1%     -    0s
     0     0   18.97980    0   48   30.00000   18.97980  36.7%     -    0s
     0     0   19.02088    0   47   30.00000   19.02088  36.6%     -    0s
     0     0   19.03021    0   46   30.00000   19.03021  36.6%     -    0s
     0     0   19.03233    0   49   30.00000   19.03233  36.6%     -    0s
     0     0   19.03233    0   49   30.00000   19.03233  36.6%     -    0s
     0     2   19.13810    0   49   30.00000   19.13810  36.2%     -    0s
H   29    29                      29.0000000   19.20838  33.8%   154    0s
H   41    41                      28.0000000   19.20838  31.4%   132    1s
H   43    43                      27.0000000   19.20838  28.9%   127    1s

Cutting planes:
  Gomory: 2
  Cover: 20
  Implied bound: 177
  MIR: 171
  Flow cover: 188
  Network: 23

Explored 235 nodes (38017 simplex iterations) in 2.00 seconds
Thread count was 1 (of 8 available processors)

Time limit reached
Best objective 2.700000000000e+01, best bound 2.000000000000e+01, gap 25.9259%

Gurobi 6.5.2 (linux64) logging started Mon Jul 24 16:45:18 2017

Changed value of parameter LogFile to data/mip_solutions/furman_sahinidis/transportation/22sp1_gurobi.log
   Prev: gurobi.log  Default: 
Changed value of parameter Threads to 1
   Prev: 0  Min: 0  Max: 1024  Default: 0
Optimize a model with 20138 rows, 41762 columns and 144693 nonzeros
Coefficient statistics:
  Matrix range    [1e+00, 2e+03]
  Objective range [1e+00, 1e+00]
  Bounds range    [1e+00, 1e+00]
  RHS range       [1e+00, 2e+03]
Presolve removed 19900 rows and 39385 columns
Presolve time: 0.04s
Presolved: 238 rows, 2377 columns, 6902 nonzeros
Variable types: 2264 continuous, 113 integer (113 binary)

Root relaxation: objective 1.648461e+01, 1318 iterations, 0.02 seconds

    Nodes    |    Current Node    |     Objective Bounds      |     Work
 Expl Unexpl |  Obj  Depth IntInf | Incumbent    BestBd   Gap | It/Node Time

     0     0   16.48461    0   22          -   16.48461      -     -    0s
H    0     0                      30.0000000   16.48461  45.1%     -    0s
     0     0   17.38068    0   40   30.00000   17.38068  42.1%     -    0s
     0     0   17.46394    0   37   30.00000   17.46394  41.8%     -    0s
     0     0   17.87941    0   41   30.00000   17.87941  40.4%     -    0s
     0     0   18.00500    0   42   30.00000   18.00500  40.0%     -    0s
     0     0   18.35765    0   42   30.00000   18.35765  38.8%     -    0s
     0     0   18.41994    0   41   30.00000   18.41994  38.6%     -    0s
     0     0   18.60922    0   43   30.00000   18.60922  38.0%     -    0s
     0     0   18.63497    0   46   30.00000   18.63497  37.9%     -    0s
     0     0   18.72186    0   54   30.00000   18.72186  37.6%     -    0s
     0     0   18.76841    0   53   30.00000   18.76841  37.4%     -    0s
     0     0   18.87041    0   54   30.00000   18.87041  37.1%     -    0s
     0     0   18.97980    0   48   30.00000   18.97980  36.7%     -    0s
     0     0   19.02088    0   47   30.00000   19.02088  36.6%     -    0s
     0     0   19.03021    0   46   30.00000   19.03021  36.6%     -    0s
     0     0   19.03233    0   49   30.00000   19.03233  36.6%     -    0s
     0     0   19.03233    0   49   30.00000   19.03233  36.6%     -    0s
     0     2   19.13810    0   49   30.00000   19.13810  36.2%     -    0s
H   29    29                      29.0000000   19.20838  33.8%   154    1s
H   41    41                      28.0000000   19.20838  31.4%   132    1s
H   43    43                      27.0000000   19.20838  28.9%   127    1s

Cutting planes:
  Gomory: 2
  Cover: 20
  Implied bound: 177
  MIR: 171
  Flow cover: 188
  Network: 23

Explored 232 nodes (35571 simplex iterations) in 2.00 seconds
Thread count was 1 (of 8 available processors)

Time limit reached
Best objective 2.700000000000e+01, best bound 2.000000000000e+01, gap 25.9259%

Gurobi 6.5.2 (linux64) logging started Mon Jul 24 16:58:02 2017

Changed value of parameter LogFile to data/mip_solutions/furman_sahinidis/transportation/22sp1_gurobi.log
   Prev: gurobi.log  Default: 
Changed value of parameter Threads to 1
   Prev: 0  Min: 0  Max: 1024  Default: 0
Optimize a model with 20138 rows, 41762 columns and 144693 nonzeros
Coefficient statistics:
  Matrix range    [1e+00, 2e+03]
  Objective range [1e+00, 1e+00]
  Bounds range    [1e+00, 1e+00]
  RHS range       [1e+00, 2e+03]
Presolve removed 19900 rows and 39385 columns
Presolve time: 0.03s
Presolved: 238 rows, 2377 columns, 6902 nonzeros
Variable types: 2264 continuous, 113 integer (113 binary)

Root relaxation: objective 1.648461e+01, 1318 iterations, 0.02 seconds

    Nodes    |    Current Node    |     Objective Bounds      |     Work
 Expl Unexpl |  Obj  Depth IntInf | Incumbent    BestBd   Gap | It/Node Time

     0     0   16.48461    0   22          -   16.48461      -     -    0s
H    0     0                      30.0000000   16.48461  45.1%     -    0s
     0     0   17.38068    0   40   30.00000   17.38068  42.1%     -    0s
     0     0   17.46394    0   37   30.00000   17.46394  41.8%     -    0s
     0     0   17.87941    0   41   30.00000   17.87941  40.4%     -    0s
     0     0   18.00500    0   42   30.00000   18.00500  40.0%     -    0s
     0     0   18.35765    0   42   30.00000   18.35765  38.8%     -    0s
     0     0   18.41994    0   41   30.00000   18.41994  38.6%     -    0s
     0     0   18.60922    0   43   30.00000   18.60922  38.0%     -    0s
     0     0   18.63497    0   46   30.00000   18.63497  37.9%     -    0s
     0     0   18.72186    0   54   30.00000   18.72186  37.6%     -    0s
     0     0   18.76841    0   53   30.00000   18.76841  37.4%     -    0s
     0     0   18.87041    0   54   30.00000   18.87041  37.1%     -    0s
     0     0   18.97980    0   48   30.00000   18.97980  36.7%     -    0s
     0     0   19.02088    0   47   30.00000   19.02088  36.6%     -    0s
     0     0   19.03021    0   46   30.00000   19.03021  36.6%     -    0s
     0     0   19.03233    0   49   30.00000   19.03233  36.6%     -    0s
     0     0   19.03233    0   49   30.00000   19.03233  36.6%     -    0s
     0     2   19.13810    0   49   30.00000   19.13810  36.2%     -    0s
H   29    29                      29.0000000   19.20838  33.8%   154    1s
H   41    41                      28.0000000   19.20838  31.4%   132    1s
H   43    43                      27.0000000   19.20838  28.9%   127    1s
H  270   197                      25.0000000   19.38491  22.5%   134    2s

Cutting planes:
  Gomory: 2
  Cover: 20
  Implied bound: 215
  MIR: 189
  Flow cover: 205
  Network: 26

Explored 351 nodes (56697 simplex iterations) in 3.00 seconds
Thread count was 1 (of 8 available processors)

Time limit reached
Best objective 2.500000000000e+01, best bound 2.000000000000e+01, gap 20.0000%

Gurobi 6.5.2 (linux64) logging started Wed Jul 26 11:54:48 2017

Changed value of parameter LogFile to data/mip_solutions/furman_sahinidis/transportation/22sp1_gurobi.log
   Prev: gurobi.log  Default: 
Changed value of parameter Threads to 1
   Prev: 0  Min: 0  Max: 1024  Default: 0
Optimize a model with 20138 rows, 41762 columns and 144693 nonzeros
Coefficient statistics:
  Matrix range    [1e+00, 2e+03]
  Objective range [1e+00, 1e+00]
  Bounds range    [1e+00, 1e+00]
  RHS range       [1e+00, 2e+03]
Presolve removed 19900 rows and 39385 columns
Presolve time: 0.03s
Presolved: 238 rows, 2377 columns, 6902 nonzeros
Variable types: 2264 continuous, 113 integer (113 binary)

Root relaxation: objective 1.648461e+01, 1318 iterations, 0.02 seconds

    Nodes    |    Current Node    |     Objective Bounds      |     Work
 Expl Unexpl |  Obj  Depth IntInf | Incumbent    BestBd   Gap | It/Node Time

     0     0   16.48461    0   22          -   16.48461      -     -    0s
H    0     0                      30.0000000   16.48461  45.1%     -    0s
     0     0   17.38068    0   40   30.00000   17.38068  42.1%     -    0s
     0     0   17.46394    0   37   30.00000   17.46394  41.8%     -    0s
     0     0   17.87941    0   41   30.00000   17.87941  40.4%     -    0s
     0     0   18.00500    0   42   30.00000   18.00500  40.0%     -    0s
     0     0   18.35765    0   42   30.00000   18.35765  38.8%     -    0s
     0     0   18.41994    0   41   30.00000   18.41994  38.6%     -    0s
     0     0   18.60922    0   43   30.00000   18.60922  38.0%     -    0s
     0     0   18.63497    0   46   30.00000   18.63497  37.9%     -    0s
     0     0   18.72186    0   54   30.00000   18.72186  37.6%     -    0s
     0     0   18.76841    0   53   30.00000   18.76841  37.4%     -    0s
     0     0   18.87041    0   54   30.00000   18.87041  37.1%     -    0s
     0     0   18.97980    0   48   30.00000   18.97980  36.7%     -    0s
     0     0   19.02088    0   47   30.00000   19.02088  36.6%     -    0s
     0     0   19.03021    0   46   30.00000   19.03021  36.6%     -    0s
     0     0   19.03233    0   49   30.00000   19.03233  36.6%     -    0s
     0     0   19.03233    0   49   30.00000   19.03233  36.6%     -    0s
     0     2   19.13810    0   49   30.00000   19.13810  36.2%     -    0s
H   29    29                      29.0000000   19.20838  33.8%   154    0s
H   41    41                      28.0000000   19.20838  31.4%   132    1s
H   43    43                      27.0000000   19.20838  28.9%   127    1s
H  270   197                      25.0000000   19.38491  22.5%   134    2s
   515   375   19.47210    5   43   25.00000   19.46313  22.1%   149    5s
   582   421   20.45035   21   30   25.00000   19.70901  21.2%   206   10s
   969   613     cutoff   49        25.00000   19.75175  21.0%   199   15s
  1268   718   20.08394   17   49   25.00000   19.83862  20.6%   211   20s
  1440   776   20.04405   17   61   25.00000   19.88466  20.5%   233   25s
  1797   933   23.63800   52    9   25.00000   19.95328  20.2%   235   30s
  2031  1087   20.86685   15   35   25.00000   20.00483  20.0%   245   35s
  2358  1327   20.20351   19   48   25.00000   20.04543  19.8%   244   40s
  2565  1470   21.51792   33   20   25.00000   20.07937  19.7%   252   45s
  2757  1601   21.07721   19   39   25.00000   20.08992  19.6%   257   50s
  2920  1714   22.02279   27   39   25.00000   20.10495  19.6%   263   55s
  3109  1825   21.26209   27   22   25.00000   20.11452  19.5%   267   60s
  3342  2018   21.16603   23   33   25.00000   20.12901  19.5%   270   65s
  3520  2123 infeasible   23        25.00000   20.13887  19.4%   272   70s
  3726  2274   20.54681   18   39   25.00000   20.14788  19.4%   278   75s
  3919  2413   20.90554   23   29   25.00000   20.17257  19.3%   282   80s
  4178  2591   21.16566   21   38   25.00000   20.19980  19.2%   280   85s
  4420  2760   21.15447   23   35   25.00000   20.21327  19.1%   280   90s
  4626  2919   22.25628   31   23   25.00000   20.21940  19.1%   281   95s
  4817  3048   23.86748   43   17   25.00000   20.23463  19.1%   282  100s
  4957  3143   21.25773   24   40   25.00000   20.24377  19.0%   287  105s
  5138  3263   21.92815   26   27   25.00000   20.25138  19.0%   290  110s
  5255  3338     cutoff   49        25.00000   20.25479  19.0%   294  115s
  5501  3519   21.82324   29   25   25.00000   20.25934  19.0%   292  120s
  5693  3657   20.44346   21   37   25.00000   20.26278  18.9%   294  125s
  5855  3761   21.50744   28   35   25.00000   20.26797  18.9%   297  130s
  6051  3869   21.69552   33   21   25.00000   20.27768  18.9%   298  135s
  6273  4011   20.36321   17   48   25.00000   20.29171  18.8%   297  140s
  6449  4142   23.40679   48   16   25.00000   20.29988  18.8%   298  145s
  6703  4310   22.66384   45   11   25.00000   20.30736  18.8%   298  150s
  6883  4412   21.61692   24   28   25.00000   20.32166  18.7%   298  155s
  7097  4552   23.24679   37   18   25.00000   20.32639  18.7%   299  160s
  7273  4680   20.98466   25   27   25.00000   20.33527  18.7%   300  165s
  7530  4871   23.43750   42   24   25.00000   20.34381  18.6%   298  170s
  7743  5026   22.16003   29   24   25.00000   20.35327  18.6%   298  175s
  7946  5176   20.82193   21   37   25.00000   20.36583  18.5%   298  180s
  8126  5295   22.21238   28   27   25.00000   20.36969  18.5%   297  185s
  8381  5457   21.10724   26   30   25.00000   20.37648  18.5%   297  190s
  8591  5618   23.62508   39   18   25.00000   20.37944  18.5%   297  196s
  8764  5719   22.98679   34   21   25.00000   20.38791  18.4%   297  200s
  8969  5865   21.98322   31   23   25.00000   20.39694  18.4%   298  205s
  9230  6028   21.68157   25   28   25.00000   20.40332  18.4%   297  210s
  9391  6128   21.33679   21   37   25.00000   20.40809  18.4%   298  215s
  9604  6253   21.74016   28   30   25.00000   20.41597  18.3%   298  221s
  9776  6366   23.23753   41   14   25.00000   20.41767  18.3%   298  225s
 10076  6578   21.53353   27   24   25.00000   20.42638  18.3%   296  230s
 10203  6676   22.67637   35   49   25.00000   20.42871  18.3%   296  248s
 10216  6685   22.81642   40   54   25.00000   20.42871  18.3%   296  250s
 10246  6705   20.50169   23   62   25.00000   20.42871  18.3%   295  255s
 10284  6730   21.32981   28   57   25.00000   20.42871  18.3%   294  260s
 10319  6753   21.62258   22   58   25.00000   20.42871  18.3%   293  265s
 10350  6774   21.56829   29   58   25.00000   20.42871  18.3%   292  270s
 10386  6798   20.50169   23   64   25.00000   20.42871  18.3%   291  275s
 10413  6818   20.42871   26   49   25.00000   20.42871  18.3%   303  280s
 10513  6873   21.00097   36   34   25.00000   20.42871  18.3%   305  285s
 10747  6984   20.42871   25   50   25.00000   20.42871  18.3%   303  290s
 10968  7082   20.54462   26   49   25.00000   20.42871  18.3%   302  295s
 11185  7170   20.44577   29   58   25.00000   20.42871  18.3%   303  300s
 11424  7272   21.50829   34   33   25.00000   20.42871  18.3%   303  305s
 11594  7341   21.18097   31   47   25.00000   20.49323  18.0%   304  310s
 11761  7409   20.59187   27   57   25.00000   20.53118  17.9%   304  315s
 11891  7461   22.13992   42   35   25.00000   20.54219  17.8%   306  320s
 12154  7567   20.66494   27   56   25.00000   20.55525  17.8%   304  325s
 12249  7591   22.12900   45   35   25.00000   20.56089  17.8%   307  330s
 12400  7657   22.91138   36   30   25.00000   20.58645  17.7%   308  335s
 12563  7719   21.55258   34   41   25.00000   20.59364  17.6%   309  340s
 12700  7774   20.86825   28   49   25.00000   20.61217  17.6%   309  345s
 12859  7841   21.18251   39   42   25.00000   20.62061  17.5%   310  350s
 12999  7886   21.10325   34   43   25.00000   20.62415  17.5%   312  355s
 13166  7952   23.37456   60    4   25.00000   20.62947  17.5%   312  360s
 13320  7987   22.31698   43   22   25.00000   20.64743  17.4%   312  365s
 13472  8039     cutoff   51        25.00000   20.65570  17.4%   314  370s
 13637  8094     cutoff   43        25.00000   20.66102  17.4%   315  375s
 13853  8176   20.79338   32   47   25.00000   20.67205  17.3%   314  380s
 13986  8211   24.00000   48   10   25.00000   20.67259  17.3%   315  385s
 14076  8247   22.32444   44   24   25.00000   20.68187  17.3%   317  390s
 14161  8265   21.82472   37   41   25.00000   20.68630  17.3%   318  395s
 14294  8295   21.19546   29   45   25.00000   20.69313  17.2%   319  400s
 14453  8359   21.90228   49   22   25.00000   20.71437  17.1%   319  405s
 14598  8404   21.08573   32   49   25.00000   20.72070  17.1%   320  410s
 14788  8472   21.16440   30   46   25.00000   20.72970  17.1%   319  415s
 14894  8512   23.93670   56   11   25.00000   20.73270  17.1%   321  420s
 15030  8549   21.20363   39   32   25.00000   20.73724  17.1%   321  425s
 15083  8571   23.46746   39   24   25.00000   20.73726  17.1%   323  430s
 15220  8611   21.50144   32   41   25.00000   20.74389  17.0%   323  435s
 15367  8672   22.34660   46   32   25.00000   20.74920  17.0%   324  440s
 15452  8701   22.37012   29   45   25.00000   20.75248  17.0%   325  445s
 15476  8717   23.31726   41   18   25.00000   20.75248  17.0%   327  450s
 15573  8739   22.00000   33   39   25.00000   20.76585  16.9%   328  455s
 15661  8762   22.23369   46   26   25.00000   20.77096  16.9%   329  460s
 15857  8792   21.65309   29   43   25.00000   20.78312  16.9%   329  465s
 15992  8834   22.00000   38   24   25.00000   20.79100  16.8%   329  470s
 16127  8870   21.16861   41   32   25.00000   20.79442  16.8%   330  475s
 16281  8910   21.58793   39   32   25.00000   20.80461  16.8%   330  480s
 16428  8953   21.34620   42   23   25.00000   20.81826  16.7%   331  485s
 16600  9013     cutoff   57        25.00000   20.83333  16.7%   331  490s
 16694  9041   20.94569   30   51   25.00000   20.83822  16.6%   332  495s
 16739  9061   22.32612   41   39   25.00000   20.83918  16.6%   333  500s
 16827  9096   22.28483   41   34   25.00000   20.84213  16.6%   334  505s
 16959  9142   20.94481   26   50   25.00000   20.84477  16.6%   335  510s
 17073  9184   22.28731   36   34   25.00000   20.84702  16.6%   335  515s
 17189  9220   21.13761   29   43   25.00000   20.85052  16.6%   336  520s
 17286  9266   21.96577   34   34   25.00000   20.85127  16.6%   337  525s
 17367  9288   21.76186   35   38   25.00000   20.85855  16.6%   338  530s
 17453  9304   21.72778   33   39   25.00000   20.86068  16.6%   339  535s
 17526  9344   21.70393   36   37   25.00000   20.86070  16.6%   340  540s
 17686  9404   22.79178   44   40   25.00000   20.86504  16.5%   340  545s
 17792  9447   22.11659   38   42   25.00000   20.87866  16.5%   341  550s
 17907  9484   21.10256   30   39   25.00000   20.88485  16.5%   341  555s
 18009  9516   22.80768   52   31   25.00000   20.88844  16.4%   342  560s
 18107  9551   21.08797   37   29   25.00000   20.88899  16.4%   342  565s
 18263  9595   20.99895   34   43   25.00000   20.89728  16.4%   342  570s
 18356  9626   23.27957   45   20   25.00000   20.90308  16.4%   343  575s
 18460  9643   21.22307   34   53   25.00000   20.90483  16.4%   344  580s
 18507  9661   21.08157   32   46   25.00000   20.90587  16.4%   345  585s
 18615  9694   21.72293   40   33   25.00000   20.90990  16.4%   345  590s
 18721  9741   23.29271   44   32   25.00000   20.91704  16.3%   346  595s
 18856  9794   22.44864   42   23   25.00000   20.92439  16.3%   346  600s
 18984  9840   22.50942   44   24   25.00000   20.92887  16.3%   347  605s
 19103  9876   21.86319   26   42   25.00000   20.93100  16.3%   347  610s
 19200  9906   22.76412   43   25   25.00000   20.93372  16.3%   348  615s
 19307  9939   21.38771   29   40   25.00000   20.93749  16.3%   349  620s
 19399  9964   21.79710   37   32   25.00000   20.94463  16.2%   350  625s
 19527 10005   21.86513   40   30   25.00000   20.94685  16.2%   350  630s
 19630 10046   21.63572   28   44   25.00000   20.95211  16.2%   351  635s
 19668 10060   23.58567   37   22   25.00000   20.95320  16.2%   352  640s
 19801 10083   21.00000   33   21   25.00000   20.95652  16.2%   352  645s
 19908 10117   22.31507   47   24   25.00000   20.95922  16.2%   353  650s
 20066 10156   21.16115   30   39   25.00000   20.96851  16.1%   353  655s
 20174 10179   21.85487   38   31   25.00000   20.96977  16.1%   354  660s
 20301 10225     cutoff   49        25.00000   20.97180  16.1%   354  665s
 20450 10262   21.38508   47   17   25.00000   20.97388  16.1%   354  670s
 20555 10292   22.21927   38   29   25.00000   20.97744  16.1%   354  675s
 20673 10307   21.46329   35   42   25.00000   20.97771  16.1%   355  680s
 20817 10359   22.33359   36   41   25.00000   20.98045  16.1%   355  685s
 20929 10381   21.28373   34   45   25.00000   20.98598  16.1%   356  690s
 21061 10427   22.00000   39   20   25.00000   20.98827  16.0%   356  695s
 21175 10459   21.05963   30   47   25.00000   20.99125  16.0%   357  700s
 21306 10494   23.59932   53    9   25.00000   20.99352  16.0%   357  705s
 21427 10538   22.00000   41   24   25.00000   20.99555  16.0%   357  710s
 21564 10589   23.00000   42   19   25.00000   20.99945  16.0%   357  715s
 21706 10649   22.82766   56    9   25.00000   21.00000  16.0%   357  720s
 21840 10693   22.08862   44   20   25.00000   21.00000  16.0%   357  725s
 21951 10727   21.16555   38   29   25.00000   21.00000  16.0%   358  730s
 22090 10765   22.00763   37   31   25.00000   21.00000  16.0%   358  735s
 22233 10803   21.36039   37   23   25.00000   21.00000  16.0%   358  740s
 22357 10832     cutoff   58        25.00000   21.00000  16.0%   359  745s
 22516 10880   22.38188   43   23   25.00000   21.00000  16.0%   358  750s
 22667 10930   21.20158   40   32   25.00000   21.00000  16.0%   358  755s
 22795 10974   21.27788   35   18   25.00000   21.00000  16.0%   359  760s
 22974 11047   22.36814   42   21   25.00000   21.00000  16.0%   358  765s
 23119 11086   21.50253   38   38   25.00000   21.00000  16.0%   358  770s
 23269 11133   21.70566   41   37   25.00000   21.00000  16.0%   358  775s
 23372 11166   21.13079   35   28   25.00000   21.00000  16.0%   359  780s
 23496 11214   21.48373   42   32   25.00000   21.00000  16.0%   359  785s
 23711 11290   21.05859   32   37   25.00000   21.00000  16.0%   358  790s
 23860 11347   22.21477   38   28   25.00000   21.00000  16.0%   358  795s
 24015 11383   21.16584   37   32   25.00000   21.00000  16.0%   357  800s
 24166 11446   22.27400   47   16   25.00000   21.00000  16.0%   357  805s
 24330 11506   22.57020   55    8   25.00000   21.00000  16.0%   357  810s
 24500 11565   21.80982   43   31   25.00000   21.00000  16.0%   356  815s
 24687 11627   21.12225   34   34   25.00000   21.00000  16.0%   356  820s
 24869 11698   23.42843   77    6   25.00000   21.00000  16.0%   355  825s
 24991 11726   22.07308   41   30   25.00000   21.00000  16.0%   356  830s
 25113 11759   21.06963   37   30   25.00000   21.00000  16.0%   356  835s
 25311 11839   21.13134   34   18   25.00000   21.00000  16.0%   355  840s
 25483 11895   22.00318   43   23   25.00000   21.00000  16.0%   355  845s
 25626 11933   22.21354   42   14   25.00000   21.00000  16.0%   355  850s
 25744 11951   22.21804   45   24   25.00000   21.00000  16.0%   355  855s
 25878 11989   22.51115   45   22   25.00000   21.00000  16.0%   355  860s
 26031 12035   21.75278   37   31   25.00000   21.00000  16.0%   355  865s
 26185 12105   21.19225   39   36   25.00000   21.00000  16.0%   355  870s
 26343 12159   23.71621   57    9   25.00000   21.00000  16.0%   355  875s
 26481 12201   22.27824   44   21   25.00000   21.00024  16.0%   355  880s
 26717 12279     cutoff   68        25.00000   21.00075  16.0%   354  885s
 26904 12343   22.00006   44   40   25.00000   21.00076  16.0%   353  890s
 27126 12411   22.03651   35   24   25.00000   21.00191  16.0%   352  895s
 27304 12472   21.41513   36   37   25.00000   21.00335  16.0%   352  900s
 27425 12526     cutoff   48        25.00000   21.00436  16.0%   352  905s
 27551 12534   22.01174   36   39   25.00000   21.00521  16.0%   352  910s
 27706 12592   22.43414   44   21   25.00000   21.00614  16.0%   352  915s
 27878 12636   21.21661   36   38   25.00000   21.00840  16.0%   352  920s
 28030 12689   22.53097   48   22   25.00000   21.01178  16.0%   352  925s
 28167 12740   21.14019   37   32   25.00000   21.01435  15.9%   352  930s
 28352 12779   23.00000   45   37   25.00000   21.01634  15.9%   352  935s
 28522 12841   21.05961   39   32   25.00000   21.01713  15.9%   352  940s
 28719 12908   23.00000   46   19   25.00000   21.01887  15.9%   351  945s
 28874 12948   22.51700   42   25   25.00000   21.02263  15.9%   351  950s
 29057 13002   22.64934   40   39   25.00000   21.02444  15.9%   351  955s
 29211 13028   21.38913   33   41   25.00000   21.02676  15.9%   351  960s
 29260 13043   21.92079   39   28   25.00000   21.02704  15.9%   352  965s
 29387 13088   21.21114   32   45   25.00000   21.02826  15.9%   352  970s
 29541 13145   21.41236   37   38   25.00000   21.02962  15.9%   352  975s
 29759 13204   23.10890   50   16   25.00000   21.03154  15.9%   351  982s
 29821 13216   22.76731   35   33   25.00000   21.03381  15.9%   352  985s
 29990 13267   23.85889   55   14   25.00000   21.03466  15.9%   351  990s
 30109 13299     cutoff   46        25.00000   21.03597  15.9%   352  995s
 30320 13358   22.79644   45   21   25.00000   21.04080  15.8%   351 1000s
 30460 13412   21.47333   36   31   25.00000   21.04296  15.8%   351 1005s
 30645 13440   21.96977   38   34   25.00000   21.04554  15.8%   351 1010s
 30854 13516   22.03896   34   23   25.00000   21.04810  15.8%   350 1015s
 31054 13643   21.90361   36   44   25.00000   21.04964  15.8%   350 1020s
 31224 13764   22.16573   44   16   25.00000   21.05146  15.8%   350 1025s
 31416 13909   24.00000   47   23   25.00000   21.05221  15.8%   349 1030s
 31569 13970   22.42043   46   21   25.00000   21.05265  15.8%   349 1035s
 31722 14076   21.94848   41   25   25.00000   21.05494  15.8%   349 1040s
 31813 14126   22.98414   48   19   25.00000   21.05603  15.8%   350 1045s
 31915 14194   21.84387   37   28   25.00000   21.05671  15.8%   350 1050s
 32061 14279   21.22602   41   33   25.00000   21.05859  15.8%   350 1055s
 32180 14348     cutoff   50        25.00000   21.05988  15.8%   350 1060s
 32360 14453   21.11666   37   34   25.00000   21.06038  15.8%   350 1065s
 32560 14574   21.14211   37   28   25.00000   21.06038  15.8%   350 1070s
 32746 14708   23.00000   50   12   25.00000   21.06038  15.8%   349 1075s
 32925 14828   22.31343   42   23   25.00000   21.06318  15.7%   349 1080s
 33069 14902   21.06348   33   39   25.00000   21.06348  15.7%   349 1085s
 33223 15006   22.28425   44   24   25.00000   21.06471  15.7%   349 1090s
 33373 15108     cutoff   52        25.00000   21.06699  15.7%   349 1095s
 33557 15233   22.25491   56    8   25.00000   21.06970  15.7%   349 1100s
 33680 15302   22.03642   37   31   25.00000   21.07211  15.7%   350 1105s
 33898 15435   21.07234   39   19   25.00000   21.07234  15.7%   349 1110s
 34129 15599   22.20834   51   22   25.00000   21.07308  15.7%   348 1115s
 34362 15736   21.57716   40   31   25.00000   21.07559  15.7%   347 1120s
 34587 15911   24.00000   73   10   25.00000   21.07673  15.7%   347 1125s
 34714 15954     cutoff   57        25.00000   21.07802  15.7%   347 1130s
 34802 16004   24.00000   53   13   25.00000   21.07857  15.7%   347 1135s
 34942 16093   21.49541   41   34   25.00000   21.07964  15.7%   347 1140s
 35072 16177   22.66509   41   20   25.00000   21.08157  15.7%   348 1145s
 35223 16276   22.07222   43   27   25.00000   21.08222  15.7%   348 1150s
 35372 16364   23.30259   51   14   25.00000   21.08278  15.7%   347 1155s
 35491 16431   23.36424   41   33   25.00000   21.08355  15.7%   348 1160s
 35758 16621   22.00000   40   30   25.00000   21.08466  15.7%   347 1165s
 35920 16730   22.06980   42   17   25.00000   21.08533  15.7%   347 1170s
 36100 16843   21.44322   45   29   25.00000   21.08645  15.7%   346 1175s
 36293 16950   22.50923   39   20   25.00000   21.08792  15.6%   346 1180s
 36454 17055   21.66560   36   37   25.00000   21.08913  15.6%   346 1185s
 36535 17111   22.30769   39   30   25.00000   21.09001  15.6%   346 1190s
 36732 17235   21.99034   41   26   25.00000   21.09125  15.6%   346 1195s
 36820 17300   23.76470   58   10   25.00000   21.09139  15.6%   346 1200s
 37042 17421   22.19188   44   22   25.00000   21.09228  15.6%   345 1205s
 37216 17533   21.87585   42   25   25.00000   21.09483  15.6%   345 1210s
 37390 17646   21.97366   40   34   25.00000   21.09614  15.6%   345 1215s
 37600 17790   21.54172   38   32   25.00000   21.09734  15.6%   345 1220s
 37703 17852   21.22783   37   39   25.00000   21.09818  15.6%   345 1225s
 37873 17961   23.65474   58   17   25.00000   21.10034  15.6%   345 1230s
 37985 18033   22.25111   45   25   25.00000   21.10079  15.6%   345 1235s
 38166 18154   22.91778   55   15   25.00000   21.10159  15.6%   345 1240s
 38352 18290   22.19240   52   18   25.00000   21.10220  15.6%   344 1245s
 38545 18402   23.00000   47   15   25.00000   21.10276  15.6%   344 1250s
 38724 18515   22.79458   62   11   25.00000   21.10404  15.6%   344 1255s
 38843 18594   22.41360   41   29   25.00000   21.10598  15.6%   344 1260s
 39033 18716   22.00000   36   39   25.00000   21.10715  15.6%   343 1265s
 39176 18811   22.17508   35   35   25.00000   21.10890  15.6%   344 1270s
 39381 18924   23.04240   49   20   25.00000   21.10890  15.6%   343 1275s
 39614 19071   22.23685   36   25   25.00000   21.11155  15.6%   343 1280s
 39720 19135   23.87632   56   17   25.00000   21.11226  15.6%   343 1285s
 39850 19193   21.69590   40   27   25.00000   21.11354  15.5%   343 1290s
 39903 19226   21.37892   39   38   25.00000   21.11432  15.5%   343 1296s
 40019 19295   24.00000   52   21   25.00000   21.11462  15.5%   343 1300s
 40151 19374   21.36302   40   28   25.00000   21.11716  15.5%   343 1305s
 40263 19439   21.15184   40   32   25.00000   21.11768  15.5%   344 1310s
 40470 19579     cutoff   57        25.00000   21.11919  15.5%   343 1315s
 40615 19672   23.04769   35   23   25.00000   21.12057  15.5%   343 1320s
 40764 19756   23.51806   56   13   25.00000   21.12105  15.5%   343 1325s
 40961 19882   23.20912   53   12   25.00000   21.12336  15.5%   343 1330s
 41062 19937     cutoff   53        25.00000   21.12415  15.5%   344 1335s
 41250 20063   21.91312   45   11   25.00000   21.12508  15.5%   343 1340s
 41489 20223   23.45798   58   12   25.00000   21.12590  15.5%   343 1345s
 41716 20370   21.65391   46   32   25.00000   21.12702  15.5%   342 1350s
 41872 20469   23.00997   51   12   25.00000   21.12908  15.5%   342 1355s
 41990 20534   21.54381   33   35   25.00000   21.12993  15.5%   342 1360s
 42149 20641   21.61751   39   25   25.00000   21.13072  15.5%   342 1365s
 42346 20765   21.35552   39   37   25.00000   21.13213  15.5%   342 1370s
 42493 20870   23.02212   50   18   25.00000   21.13256  15.5%   342 1375s
 42713 21013   22.57725   43   16   25.00000   21.13388  15.5%   342 1380s
 42895 21127   22.23590   34   32   25.00000   21.13432  15.5%   341 1385s
 43045 21236   24.00000   52   10   25.00000   21.13491  15.5%   341 1390s
 43279 21382   22.65573   37   29   25.00000   21.13682  15.5%   341 1395s
 43381 21446   22.00000   42   32   25.00000   21.13712  15.5%   341 1400s
 43545 21564     cutoff   48        25.00000   21.13808  15.4%   341 1405s
 43650 21617   23.43191   47   22   25.00000   21.13864  15.4%   341 1410s
 43708 21653   22.50242   38   20   25.00000   21.13916  15.4%   342 1415s
 43955 21806   22.91983   52   14   25.00000   21.14056  15.4%   341 1420s
 44140 21924   22.67879   41   13   25.00000   21.14112  15.4%   341 1425s
 44244 21970   22.06509   46   37   25.00000   21.14208  15.4%   342 1430s
 44457 22111     cutoff   58        25.00000   21.14365  15.4%   341 1435s
 44569 22188   21.76232   32   43   25.00000   21.14384  15.4%   342 1440s
 44665 22238     cutoff   45        25.00000   21.14493  15.4%   342 1445s
 44783 22308   21.40461   40   37   25.00000   21.14618  15.4%   342 1450s
 44871 22363   23.87751   56   18   25.00000   21.14744  15.4%   343 1455s
 45038 22479   21.73986   33   38   25.00000   21.14861  15.4%   342 1460s
 45152 22561   23.00000   49   18   25.00000   21.14947  15.4%   343 1465s
 45338 22653   22.07958   41   32   25.00000   21.15013  15.4%   342 1470s
 45446 22711     cutoff   43        25.00000   21.15096  15.4%   343 1475s
 45591 22801   22.02380   37   35   25.00000   21.15220  15.4%   343 1480s
 45736 22896   23.49516   47   13   25.00000   21.15376  15.4%   343 1485s
 45835 22953   22.29426   52   12   25.00000   21.15465  15.4%   343 1490s
 45998 23055   22.91817   50   25   25.00000   21.15778  15.4%   343 1495s
 46268 23233   22.26459   51   11   25.00000   21.15848  15.4%   342 1500s
 46449 23340   22.71031   45   29   25.00000   21.15943  15.4%   342 1505s
 46636 23458   22.28676   39   25   25.00000   21.15943  15.4%   342 1510s
 46810 23565   23.06670   42   29   25.00000   21.16070  15.4%   341 1515s
 46957 23663   22.75859   50   16   25.00000   21.16198  15.4%   341 1520s
 47102 23752   23.18087   47   15   25.00000   21.16272  15.3%   342 1525s
 47235 23831   23.12217   54    7   25.00000   21.16314  15.3%   342 1530s
 47419 23942   23.41131   48   21   25.00000   21.16453  15.3%   341 1535s
 47537 24002   22.49611   61   21   25.00000   21.16493  15.3%   342 1540s
 47730 24130   22.05742   45   12   25.00000   21.16572  15.3%   341 1545s
 47948 24280   21.77070   45   21   25.00000   21.16609  15.3%   341 1550s
 48103 24371   22.40532   42   29   25.00000   21.16711  15.3%   341 1555s
 48276 24467   22.11217   44   23   25.00000   21.16781  15.3%   341 1560s
 48411 24554   22.18517   45   36   25.00000   21.16798  15.3%   341 1565s
 48654 24716   21.29950   34   43   25.00000   21.16919  15.3%   340 1570s
 48742 24768   21.81265   42   33   25.00000   21.16931  15.3%   341 1575s
 48914 24877   21.37007   44   27   25.00000   21.16981  15.3%   341 1580s
 49038 24947   23.52324   54   21   25.00000   21.17039  15.3%   341 1585s
 49150 25015   23.13902   57   30   25.00000   21.17088  15.3%   341 1590s
 49335 25124   21.49819   33   36   25.00000   21.17251  15.3%   341 1595s
 49471 25223   23.72427   71    6   25.00000   21.17275  15.3%   341 1600s
 49611 25310   22.11918   36   35   25.00000   21.17348  15.3%   341 1605s
 49862 25480   21.91741   36   36   25.00000   21.17412  15.3%   340 1610s
 50015 25557   22.51371   46   28   25.00000   21.17557  15.3%   340 1615s
 50045 25567   22.07491   43   23   25.00000   21.17599  15.3%   340 1620s
 50210 25665   23.38101   55   18   25.00000   21.17685  15.3%   340 1625s
 50433 25801     cutoff   58        25.00000   21.17874  15.3%   340 1630s
 50611 25909     cutoff   52        25.00000   21.17926  15.3%   340 1635s
 50746 25979   21.73666   49   24   25.00000   21.18095  15.3%   340 1640s
 50945 26091     cutoff   57        25.00000   21.18249  15.3%   340 1645s
 51016 26143   22.50253   49   16   25.00000   21.18258  15.3%   340 1650s
 51179 26249   22.14559   46   21   25.00000   21.18367  15.3%   340 1655s
 51297 26321     cutoff   49        25.00000   21.18394  15.3%   340 1660s
 51498 26447   21.58219   34   34   25.00000   21.18434  15.3%   340 1665s
 51599 26511   22.12157   39   25   25.00000   21.18468  15.3%   341 1670s
 51724 26573   21.97274   36   34   25.00000   21.18529  15.3%   341 1675s
 51814 26632   22.33538   37   37   25.00000   21.18595  15.3%   341 1680s
 52030 26783     cutoff   61        25.00000   21.18648  15.3%   341 1685s
 52223 26852   21.62554   37   30   25.00000   21.18786  15.2%   341 1690s
 52438 27004   22.53076   51   17   25.00000   21.18888  15.2%   340 1695s
 52601 27111   22.66709   41   33   25.00000   21.18972  15.2%   340 1700s
 52819 27240   23.31555   49   25   25.00000   21.19150  15.2%   340 1705s
 53060 27375   22.49393   49   10   25.00000   21.19344  15.2%   339 1710s
 53256 27509   21.73969   38   18   25.00000   21.19469  15.2%   339 1715s
 53448 27621   23.21268   43   27   25.00000   21.19628  15.2%   339 1720s
 53636 27723   22.90613   49   27   25.00000   21.19727  15.2%   339 1725s
 53831 27840   23.79627   48   16   25.00000   21.19810  15.2%   339 1730s
 54026 27955   21.48816   40   33   25.00000   21.19972  15.2%   338 1735s
 54146 28028   22.83380   48   14   25.00000   21.20112  15.2%   339 1740s
 54348 28124   22.07259   42   21   25.00000   21.20171  15.2%   338 1745s
 54524 28234   23.10890   51   17   25.00000   21.20204  15.2%   338 1750s
 54746 28390   23.60675   58   13   25.00000   21.20363  15.2%   338 1755s
 54857 28437   21.39473   38   38   25.00000   21.20363  15.2%   338 1760s
 54996 28502   22.81925   48   18   25.00000   21.20430  15.2%   338 1765s
 55117 28584   23.72531   54   21   25.00000   21.20466  15.2%   338 1771s
 55221 28646   22.29655   39   26   25.00000   21.20530  15.2%   338 1775s
 55412 28779     cutoff   49        25.00000   21.20632  15.2%   338 1780s
 55596 28899   21.93892   34   27   25.00000   21.20779  15.2%   338 1785s
 55762 28983   21.57597   31   34   25.00000   21.20811  15.2%   338 1790s
 55922 29088   23.07383   50    8   25.00000   21.20855  15.2%   338 1795s

Cutting planes:
  Gomory: 51
  Cover: 19
  Implied bound: 430
  MIR: 1431
  Flow cover: 652
  Zero half: 12
  Network: 40

Explored 56107 nodes (18952569 simplex iterations) in 1800.01 seconds
Thread count was 1 (of 8 available processors)

Time limit reached
Best objective 2.500000000000e+01, best bound 2.200000000000e+01, gap 12.0000%
