
Gurobi 6.5.2 (linux64) logging started Tue Jun  6 15:17:23 2017

Changed value of parameter LogFile to test_cases/mip_solutions/furman_sahinidis/transportation/23sp1_gurobi.log
   Prev: gurobi.log  Default: 
Changed value of parameter Threads to 1
   Prev: 0  Min: 0  Max: 1024  Default: 0
Optimize a model with 25054 rows, 51768 columns and 179610 nonzeros
Coefficient statistics:
  Matrix range    [1e+00, 2e+03]
  Objective range [1e+00, 1e+00]
  Bounds range    [1e+00, 1e+00]
  RHS range       [1e+00, 3e+03]
Presolve removed 24715 rows and 45063 columns
Presolve time: 0.04s
Presolved: 339 rows, 6705 columns, 19829 nonzeros
Variable types: 6562 continuous, 143 integer (143 binary)

Root relaxation: objective 1.340360e+01, 2169 iterations, 0.05 seconds

    Nodes    |    Current Node    |     Objective Bounds      |     Work
 Expl Unexpl |  Obj  Depth IntInf | Incumbent    BestBd   Gap | It/Node Time

     0     0   13.40360    0   16          -   13.40360      -     -    0s
H    0     0                      24.0000000   13.40360  44.2%     -    0s
     0     0   13.85196    0   37   24.00000   13.85196  42.3%     -    0s
     0     0   13.85233    0   39   24.00000   13.85233  42.3%     -    0s
     0     0   13.99673    0   43   24.00000   13.99673  41.7%     -    0s
     0     0   14.04710    0   36   24.00000   14.04710  41.5%     -    0s
     0     0   14.20613    0   41   24.00000   14.20613  40.8%     -    0s
     0     0   14.27154    0   47   24.00000   14.27154  40.5%     -    1s
     0     0   14.39602    0   49   24.00000   14.39602  40.0%     -    1s
     0     0   14.43810    0   47   24.00000   14.43810  39.8%     -    1s
     0     0   14.80073    0   40   24.00000   14.80073  38.3%     -    1s
     0     0   14.83817    0   52   24.00000   14.83817  38.2%     -    1s
     0     0   14.94081    0   57   24.00000   14.94081  37.7%     -    1s
     0     0   14.94613    0   58   24.00000   14.94613  37.7%     -    2s
     0     0   14.94912    0   63   24.00000   14.94912  37.7%     -    2s
H    0     0                      23.0000000   14.94912  35.0%     -    3s
     0     2   14.94912    0   63   23.00000   14.94912  35.0%     -    3s
    29    31   15.32753   22   41   23.00000   14.95965  35.0%   833    5s
   189   175   16.30622   39   28   23.00000   14.96972  34.9%   516   10s
   405   352   21.14440  106    5   23.00000   14.96972  34.9%   353   15s
   432   370   15.51710   13   37   23.00000   14.98710  34.8%   413   20s
   518   452   16.58958   27   48   23.00000   15.06932  34.5%   427   25s
   534   462   15.26595   16   59   23.00000   15.13245  34.2%   414   30s
   548   474   15.45992   18   46   23.00000   15.27432  33.6%   148   35s
   712   573   15.34778   16   53   23.00000   15.29784  33.5%   217   40s
   836   655   18.89855   78   17   23.00000   15.29784  33.5%   297   45s
   942   705   16.08974   38   34   23.00000   15.33593  33.3%   343   50s
  1105   802   16.22578   38   26   23.00000   15.35618  33.2%   365   55s
  1409   954   15.70677   29   42   23.00000   15.37115  33.2%   345   60s
  1605  1068   17.97961   52   17   23.00000   15.38689  33.1%   347   65s
  1819  1139   15.65632   18   45   23.00000   15.39665  33.1%   342   70s
  1943  1212   18.28827   38   28   23.00000   15.39665  33.1%   353   75s
  2068  1315   16.45415   33   43   23.00000   15.39676  33.1%   364   80s
  2148  1386   15.70024   26   36   23.00000   15.39863  33.0%   380   85s
  2236  1464   15.88859   23   42   23.00000   15.39994  33.0%   395   90s
  2330  1547   17.84458   43   35   23.00000   15.40246  33.0%   405   95s
  2440  1640   15.56480   18   51   23.00000   15.40323  33.0%   412  100s
  2533  1722   16.76919   29   44   23.00000   15.41103  33.0%   419  105s
  2623  1798   15.93328   23   49   23.00000   15.41291  33.0%   425  110s
  2644  1819   16.52475   33   39   23.00000   15.41291  33.0%   441  115s
  2759  1928   20.20063   90   16   23.00000   15.41291  33.0%   450  120s
  2870  2015   16.72515   25   31   23.00000   15.42211  32.9%   452  125s
  2946  2077   15.86486   29   46   23.00000   15.42801  32.9%   458  130s
  2977  2108   17.09666   48   17   23.00000   15.42801  32.9%   471  135s
  3109  2219   17.79258   47   20   23.00000   15.42801  32.9%   470  140s
  3217  2304   15.66044   23   37   23.00000   15.43113  32.9%   471  145s
  3309  2383   16.10994   28   37   23.00000   15.43301  32.9%   475  150s
  3354  2426   19.40073   45   23   23.00000   15.43301  32.9%   487  155s
  3404  2455   18.24077   39   21   23.00000   15.43834  32.9%   494  160s
  3526  2542   15.70557   15   51   23.00000   15.44270  32.9%   493  165s
  3586  2593   15.66163   27   38   23.00000   15.44374  32.9%   500  170s
  3701  2695   18.39096   64   17   23.00000   15.44889  32.8%   500  175s
  3818  2787   15.46900   21   49   23.00000   15.45851  32.8%   499  180s
  3837  2806   16.08812   33   27   23.00000   15.45851  32.8%   508  185s
  4008  2959   15.58080   25   44   23.00000   15.45871  32.8%   504  190s
  4091  3028   17.65656   36   21   23.00000   15.45872  32.8%   506  195s
  4180  3107   19.79893   59   23   23.00000   15.45930  32.8%   508  200s
  4256  3161   15.76462   20   46   23.00000   15.45992  32.8%   511  205s
  4270  3175   15.93488   27   44   23.00000   15.45992  32.8%   519  210s
  4302  3205   17.34658   43   17   23.00000   15.45992  32.8%   527  215s
  4412  3295   16.98237   29   22   23.00000   15.46185  32.8%   527  220s
  4518  3369   16.34141   28   31   23.00000   15.46510  32.8%   527  225s
  4611  3447   17.37884   47   34   23.00000   15.46658  32.8%   527  230s
  4682  3507   16.05711   28   34   23.00000   15.47123  32.7%   529  235s
  4757  3572   17.29425   39   22   23.00000   15.47232  32.7%   532  240s
  4808  3614   16.31128   28   38   23.00000   15.47232  32.7%   538  245s
  4940  3724   15.84161   21   53   23.00000   15.47243  32.7%   535  250s
  5001  3775   15.53572   24   56   23.00000   15.47439  32.7%   537  255s
  5083  3849   16.35978   33   34   23.00000   15.47708  32.7%   538  260s
  5136  3897   16.04350   20   39   23.00000   15.47875  32.7%   541  265s
  5197  3947   16.40504   30   39   23.00000   15.47990  32.7%   544  270s
  5290  4016   17.63636   38   28   23.00000   15.47992  32.7%   545  275s
  5377  4091   19.34844   41   12   23.00000   15.48054  32.7%   545  280s
  5463  4159   16.27519   30   31   23.00000   15.48092  32.7%   545  285s
  5556  4207   15.53540   26   58   23.00000   15.48238  32.7%   547  290s
  5599  4248   20.13538   68   16   23.00000   15.48238  32.7%   550  295s
  5727  4327   15.70930   17   54   23.00000   15.48321  32.7%   547  300s
  5750  4350   16.16725   30   37   23.00000   15.48321  32.7%   552  305s
  5870  4451   16.07383   23   48   23.00000   15.48479  32.7%   551  310s
  5893  4474   19.80884   46   34   23.00000   15.48479  32.7%   556  315s
  5945  4518   16.31589   26   45   23.00000   15.48794  32.7%   559  320s
  5962  4535   16.66415   34   34   23.00000   15.48794  32.7%   564  325s
  6055  4626   19.62225   80    7   23.00000   15.48794  32.7%   567  330s
  6166  4649   17.06396   35   34   23.00000   15.48893  32.7%   564  335s
  6235  4709   16.55386   42   35   23.00000   15.48938  32.7%   565  340s
  6320  4782   17.46432   38   35   23.00000   15.48977  32.7%   565  345s
  6389  4840   18.52962   45   17   23.00000   15.49037  32.7%   567  350s
  6432  4877   16.64193   25   25   23.00000   15.49145  32.6%   570  355s
  6502  4939   17.19538   35   40   23.00000   15.49376  32.6%   572  360s
  6576  5002   16.65242   32   30   23.00000   15.49401  32.6%   573  365s
  6635  5050   18.51841   28   28   23.00000   15.49561  32.6%   575  370s
  6743  5098   15.61944   23   48   23.00000   15.49704  32.6%   573  375s
  6768  5123   16.27282   36   27   23.00000   15.49704  32.6%   577  380s
  6896  5228   15.57707   21   49   23.00000   15.49834  32.6%   576  385s
  6919  5251   16.76357   44   24   23.00000   15.49834  32.6%   580  390s
  6986  5299   16.41474   26   36   23.00000   15.49851  32.6%   581  395s
  7081  5374   16.00956   24   44   23.00000   15.49887  32.6%   578  400s
  7123  5416   18.92424   66   24   23.00000   15.49887  32.6%   582  405s
  7166  5449   18.51490   42   26   23.00000   15.49948  32.6%   585  410s
  7237  5506   16.57754   38   42   23.00000   15.50012  32.6%   584  415s
  7322  5579   17.78072   49   31   23.00000   15.50037  32.6%   584  420s
  7372  5621   16.36610   32   28   23.00000   15.50131  32.6%   586  425s
  7438  5676   16.24694   27   40   23.00000   15.50169  32.6%   586  430s
  7504  5733   16.27862   28   39   23.00000   15.50221  32.6%   587  435s
  7577  5795   15.69026   26   41   23.00000   15.50306  32.6%   588  440s
  7592  5810   16.24629   33   30   23.00000   15.50306  32.6%   592  445s
  7624  5842   16.63366   49   30   23.00000   15.50306  32.6%   596  450s
  7739  5931   15.71826   23   43   23.00000   15.50354  32.6%   594  455s
  7757  5949   16.83737   36   46   23.00000   15.50354  32.6%   598  460s
  7774  5966   17.54011   41   34   23.00000   15.50354  32.6%   601  465s
  7833  6025   19.35841   63   15   23.00000   15.50354  32.6%   603  470s
  7912  6088   17.56515   36   23   23.00000   15.50418  32.6%   604  475s
  8002  6139   17.26101   39   24   23.00000   15.50464  32.6%   604  480s
  8068  6192   16.66103   39   35   23.00000   15.50607  32.6%   604  485s
  8122  6237   16.18342   27   37   23.00000   15.50731  32.6%   606  490s
  8179  6283   15.79037   23   43   23.00000   15.50749  32.6%   607  495s
  8199  6303   17.34569   43   31   23.00000   15.50749  32.6%   610  500s
  8294  6377   16.01287   29   33   23.00000   15.50946  32.6%   609  505s
  8312  6395   18.00726   47   29   23.00000   15.50946  32.6%   613  510s
  8352  6419   16.62186   23   32   23.00000   15.50948  32.6%   615  515s
  8466  6519   19.02412   61   14   23.00000   15.51019  32.6%   612  520s
  8562  6591   16.18556   30   52   23.00000   15.51177  32.6%   610  525s
  8576  6605   17.10317   38   33   23.00000   15.51177  32.6%   614  530s
  8643  6670   20.61911   73   15   23.00000   15.51177  32.6%   615  535s
  8676  6687   17.58881   35   33   23.00000   15.51256  32.6%   618  540s
  8722  6725   16.70240   30   30   23.00000   15.51270  32.6%   620  545s
  8785  6779   17.54100   40   29   23.00000   15.51329  32.6%   621  550s
  8839  6824   16.34100   28   47   23.00000   15.51357  32.5%   622  555s
  8885  6861   15.87475   19   40   23.00000   15.51357  32.5%   624  560s
  8962  6924   21.89573   85    9   23.00000   15.51357  32.5%   624  565s
  9008  6962   18.24818   58   17   23.00000   15.51466  32.5%   625  570s
  9056  6988   15.66722   30   32   23.00000   15.51479  32.5%   626  575s
  9072  7004   16.13989   38   38   23.00000   15.51479  32.5%   630  580s
  9115  7045   19.25657   59   25   23.00000   15.51479  32.5%   632  585s
  9207  7117   16.25148   35   28   23.00000   15.51503  32.5%   632  590s
  9279  7175   16.98070   35   25   23.00000   15.51530  32.5%   633  595s
  9342  7230   18.43745   41   24   23.00000   15.51553  32.5%   633  600s
  9428  7310   17.21532   42   19   23.00000   15.51588  32.5%   633  605s
  9563  7439   19.92219   75   17   23.00000   15.51588  32.5%   631  610s
  9691  7517   15.54170   20   44   23.00000   15.51890  32.5%   628  615s
  9741  7567   20.36041   70   19   23.00000   15.51890  32.5%   628  620s
  9823  7628   15.73116   25   43   23.00000   15.52012  32.5%   628  625s
  9903  7686   15.75731   26   34   23.00000   15.52508  32.5%   627  630s
  9922  7705   17.14479   34   30   23.00000   15.52508  32.5%   630  635s
 10001  7744   15.94531   28   33   23.00000   15.52795  32.5%   630  640s
 10060  7790   15.72977   17   45   23.00000   15.52844  32.5%   631  645s
 10120  7848   20.84530   76   19   23.00000   15.52844  32.5%   632  650s
 10149  7866   16.78326   40   28   23.00000   15.52906  32.5%   634  655s
 10203  7907   16.98145   41   63   23.00000   15.52979  32.5%   634  686s
 10212  7913   16.98520   37   48   23.00000   15.52979  32.5%   633  690s
 10220  7918   15.74594   25   48   23.00000   15.52979  32.5%   633  695s
 10227  7923   15.91786   29   54   23.00000   15.52979  32.5%   632  700s
 10234  7928   19.83662   83   52   23.00000   15.52979  32.5%   632  705s
 10242  7933   21.16299   72   53   23.00000   15.52979  32.5%   631  710s
 10249  7938   18.06084   54   55   23.00000   15.52979  32.5%   631  715s
 10256  7942   16.92683   39   50   23.00000   15.52979  32.5%   631  720s
 10263  7947   16.98145   41   56   23.00000   15.52979  32.5%   630  725s
 10270  7952   20.94500  102   59   23.00000   15.52979  32.5%   630  730s
 10279  7958   17.52279   50   59   23.00000   15.52979  32.5%   629  735s
 10287  7963   15.91786   29   63   23.00000   15.52979  32.5%   629  740s
 10297  7970   15.76898   22   63   23.00000   15.52979  32.5%   628  745s
 10305  7975   18.15603   43   60   23.00000   15.52979  32.5%   628  750s
 10313  7980   17.38959   42   62   23.00000   15.52979  32.5%   627  755s
 10321  7986   16.76436   38   63   23.00000   15.52979  32.5%   627  760s
 10329  7991   18.06084   54   57   23.00000   15.52979  32.5%   626  765s
 10338  7997   21.02250   73   66   23.00000   15.52979  32.5%   626  770s
 10345  8002   18.15603   43   59   23.00000   15.52979  32.5%   625  775s
 10351  8006   17.13988   54   64   23.00000   15.52979  32.5%   625  780s
 10358  8010   21.02250   73   62   23.00000   15.52979  32.5%   624  785s
 10366  8016   17.37627   63   62   23.00000   15.52979  32.5%   624  790s
 10372  8020   16.98520   37   67   23.00000   15.52979  32.5%   624  795s
 10379  8024   17.52279   50   66   23.00000   15.52979  32.5%   623  800s
 10385  8028   18.15603   43   62   23.00000   15.52979  32.5%   623  805s
 10392  8033   16.98520   37   56   23.00000   15.52979  32.5%   622  810s
 10398  8037   21.02250   73   60   23.00000   15.52979  32.5%   622  815s
 10405  8042   18.15603   43   59   23.00000   15.52979  32.5%   622  820s
 10411  8048   15.52979   27   60   23.00000   15.52979  32.5%   662  825s
 10419  8053   15.58657   31   52   23.00000   15.52979  32.5%   664  830s
 10437  8065   15.65921   40   38   23.00000   15.52979  32.5%   667  835s
 10507  8112   18.18254   75   21   23.00000   15.52979  32.5%   668  840s
 10571  8136   15.52979   26   54   23.00000   15.52979  32.5%   665  849s
 10572  8137   15.52979   27   53   23.00000   15.52979  32.5%   665  850s
 10587  8147   16.34475   34   37   23.00000   15.52979  32.5%   669  855s
 10659  8195   18.18251   70   17   23.00000   15.52979  32.5%   669  860s
 10722  8218   15.64524   27   53   23.00000   15.52979  32.5%   668  865s
 10742  8231   16.27828   37   39   23.00000   15.52979  32.5%   671  870s
 10773  8252   16.67605   53   35   23.00000   15.52979  32.5%   673  875s
 10906  8304   15.52979   28   62   23.00000   15.52979  32.5%   670  886s
 10911  8307   15.63024   32   56   23.00000   15.52979  32.5%   672  890s
 10925  8316   15.91653   42   56   23.00000   15.52979  32.5%   674  895s
 10980  8353   17.71763   76   36   23.00000   15.52979  32.5%   676  900s
 11072  8391   15.60916   29   62   23.00000   15.52979  32.5%   674  905s
 11084  8399   16.34602   32   50   23.00000   15.52979  32.5%   676  910s
 11104  8413   16.64104   42   44   23.00000   15.52979  32.5%   678  915s
 11169  8456   18.15904   79   24   23.00000   15.52979  32.5%   679  920s
 11242  8487   15.61588   29   46   23.00000   15.52979  32.5%   677  925s
 11254  8495   15.91779   38   42   23.00000   15.52979  32.5%   680  930s
 11278  8511   16.52901   49   28   23.00000   15.52979  32.5%   682  935s
 11394  8574   15.52979   28   58   23.00000   15.52979  32.5%   680  940s
 11407  8583   15.89659   41   45   23.00000   15.52979  32.5%   682  945s
 11482  8618   15.52979   29   53   23.00000   15.52979  32.5%   681  950s
 11505  8633   16.94099   52   25   23.00000   15.52979  32.5%   682  955s
 11567  8661   16.66916   34   48   23.00000   15.52979  32.5%   682  960s
 11597  8665   15.93823   31   58   23.00000   15.52979  32.5%   682  965s
 11608  8673   16.32844   42   39   23.00000   15.52979  32.5%   684  970s
 11687  8707   15.81433   34   51   23.00000   15.52979  32.5%   683  975s
 11720  8729   16.98171   55   29   23.00000   15.52979  32.5%   684  980s
 11847  8788   15.58539   31   56   23.00000   15.52979  32.5%   681  985s
 11871  8804   17.12380   55   22   23.00000   15.52979  32.5%   682  990s
 11933  8833   15.98071   33   48   23.00000   15.52979  32.5%   681  995s
 11941  8839   17.69918   40   32   23.00000   15.52979  32.5%   684 1000s
 11962  8853   19.22045   48   26   23.00000   15.52979  32.5%   686 1005s
 12009  8867   15.64513   29   59   23.00000   15.52979  32.5%   686 1010s
 12022  8876   15.93288   42   53   23.00000   15.52979  32.5%   688 1015s
 12035  8884   16.76822   55   28   23.00000   15.52979  32.5%   690 1020s
 12089  8907   15.58451   33   60   23.00000   15.52979  32.5%   690 1025s
 12145  8943   20.94063   88   16   23.00000   15.52979  32.5%   690 1030s
 12160  8943   16.14399   41   48   23.00000   15.52979  32.5%   691 1035s
 12235  8982   16.09297   35   53   23.00000   15.52979  32.5%   690 1040s
 12272  9006   18.43869   72   16   23.00000   15.52979  32.5%   691 1045s
 12301  9017   15.83360   31   51   23.00000   15.52979  32.5%   692 1050s
 12321  9030   17.29090   51   40   23.00000   15.52979  32.5%   693 1055s
 12350  9049   21.07300   80   17   23.00000   15.52979  32.5%   695 1060s
 12368  9051   15.81798   34   61   23.00000   15.52979  32.5%   695 1065s
 12373  9055   15.95363   36   51   23.00000   15.52979  32.5%   697 1070s
 12389  9065   16.72653   44   43   23.00000   15.52979  32.5%   699 1075s
 12441  9100   18.10702   70   16   23.00000   15.52979  32.5%   700 1080s
 12575  9159   15.91015   38   37   23.00000   15.52979  32.5%   696 1085s
 12640  9187   15.54385   33   50   23.00000   15.52979  32.5%   695 1090s
 12651  9194   16.33336   44   35   23.00000   15.52979  32.5%   697 1095s
 12677  9211   19.28664   70   21   23.00000   15.52979  32.5%   698 1100s
 12729  9234   15.84718   40   54   23.00000   15.52979  32.5%   698 1105s
 12745  9245   16.69242   46   56   23.00000   15.52979  32.5%   699 1110s
 12774  9264   17.18593   64   42   23.00000   15.52979  32.5%   700 1115s
 12876  9311   15.52979   32   57   23.00000   15.52979  32.5%   698 1120s
 12894  9323   16.81620   50   20   23.00000   15.52979  32.5%   699 1125s
 12938  9342   15.96839   31   59   23.00000   15.52979  32.5%   700 1132s
 12941  9344   16.22415   34   47   23.00000   15.52979  32.5%   700 1135s
 12961  9358   17.88333   54   29   23.00000   15.52979  32.5%   702 1140s
 13010  9380   15.67190   33   50   23.00000   15.52979  32.5%   701 1145s
 13020  9387   16.68108   43   32   23.00000   15.52979  32.5%   703 1150s
 13076  9413   15.81104   41   53   23.00000   15.52979  32.5%   702 1155s
 13092  9424   16.71739   48   38   23.00000   15.52979  32.5%   704 1160s
 13166  9457     cutoff   78        23.00000   15.52979  32.5%   703 1165s
 13171  9459   15.98249   37   43   23.00000   15.52979  32.5%   705 1170s
 13179  9464   16.74960   45   35   23.00000   15.52979  32.5%   706 1175s
 13230  9486   15.95440   33   43   23.00000   15.52979  32.5%   707 1182s
 13234  9489   15.99563   37   43   23.00000   15.52979  32.5%   707 1185s
 13241  9493   16.24237   44   47   23.00000   15.52979  32.5%   709 1190s
 13248  9498   16.77371   51   29   23.00000   15.52979  32.5%   710 1195s
 13274  9515   19.00657   77   22   23.00000   15.52979  32.5%   712 1200s
 13309  9526   15.74075   35   47   23.00000   15.53371  32.5%   711 1205s
 13319  9532   16.17689   45   30   23.00000   15.53371  32.5%   713 1210s
 13365  9557   21.98285   88    9   23.00000   15.53371  32.5%   713 1215s
 13372  9558   15.90916   44   40   23.00000   15.53550  32.5%   715 1220s
 13391  9570   17.50442   63   29   23.00000   15.53550  32.5%   716 1225s
 13455  9577   15.69834   34   45   23.00000   15.53760  32.4%   716 1230s
 13469  9586   16.41577   48   39   23.00000   15.53760  32.4%   717 1235s
 13488  9599   18.37190   67   27   23.00000   15.53760  32.4%   718 1240s
 13532  9612   15.78913   39   45   23.00000   15.53871  32.4%   718 1246s
 13547  9622   17.17975   54   29   23.00000   15.53871  32.4%   720 1250s
 13591  9644   15.68215   35   44   23.00000   15.54385  32.4%   720 1255s
 13594  9646   15.71834   36   53   23.00000   15.54385  32.4%   721 1260s
 13600  9650   16.04051   37   45   23.00000   15.54385  32.4%   723 1265s
 13606  9654   15.84721   43   49   23.00000   15.54385  32.4%   724 1270s
 13611  9657   15.89892   43   48   23.00000   15.54385  32.4%   726 1275s
 13618  9662   16.16975   49   33   23.00000   15.54385  32.4%   727 1280s
 13630  9670   16.62915   58   36   23.00000   15.54385  32.4%   729 1285s
 13649  9682   17.12463   66   23   23.00000   15.54385  32.4%   731 1290s
 13772  9742   15.59041   34   50   23.00000   15.55618  32.4%   727 1295s
 13831  9774   15.72906   31   53   23.00000   15.55685  32.4%   727 1301s
 13851  9787   17.18659   51   34   23.00000   15.55685  32.4%   728 1305s
 13885  9810   21.12967   85   22   23.00000   15.55685  32.4%   728 1310s
 13922  9820   16.63382   44   40   23.00000   15.56292  32.3%   729 1315s
 13972  9844   15.85782   42   48   23.00000   15.56729  32.3%   729 1321s
 13981  9850   16.32417   51   33   23.00000   15.56729  32.3%   730 1325s
 14056  9878   15.88066   29   42   23.00000   15.56749  32.3%   728 1330s
 14068  9886   16.23225   35   27   23.00000   15.56749  32.3%   729 1335s
 14091  9901   17.00500   47   24   23.00000   15.56749  32.3%   731 1340s
 14185  9958   21.06699   93    6   23.00000   15.56749  32.3%   729 1345s
 14206  9965   16.76409   39   29   23.00000   15.56827  32.3%   731 1350s
 14230  9981   19.61799   51   28   23.00000   15.56827  32.3%   732 1355s
 14291  9984   15.62184   30   50   23.00000   15.56931  32.3%   732 1360s
 14312  9998   16.96122   51   23   23.00000   15.56931  32.3%   732 1365s
 14368 10017   15.71818   31   48   23.00000   15.56931  32.3%   732 1370s
 14373 10020   16.54887   36   26   23.00000   15.56931  32.3%   734 1377s
 14411 10041   19.19043   72   20   23.00000   15.56931  32.3%   734 1380s
 14451 10051   16.15410   36   44   23.00000   15.57196  32.3%   734 1385s
 14463 10059   17.05632   48   35   23.00000   15.57196  32.3%   735 1390s
 14479 10070   20.51407   64   20   23.00000   15.57196  32.3%   737 1395s
 14505 10079   15.85589   30   50   23.00000   15.57316  32.3%   737 1401s
 14511 10083   16.64618   36   35   23.00000   15.57316  32.3%   739 1405s
 14573 10113   15.95779   36   36   23.00000   15.57909  32.3%   738 1410s
 14587 10123   16.50120   44   38   23.00000   15.57909  32.3%   740 1415s
 14615 10141   16.68026   59   29   23.00000   15.57909  32.3%   740 1420s
 14708 10193   21.97838   97    7   23.00000   15.57909  32.3%   739 1425s
 14752 10201   18.19093   52   20   23.00000   15.58005  32.3%   739 1430s
 14789 10210   15.80001   38   50   23.00000   15.58038  32.3%   739 1435s
 14827 10236   19.21013   76   20   23.00000   15.58038  32.3%   739 1440s
 14863 10240   16.17758   34   53   23.00000   15.58038  32.3%   739 1445s
 14876 10248   17.37296   47   30   23.00000   15.58038  32.3%   740 1450s
 14926 10273   15.93116   35   46   23.00000   15.58223  32.3%   740 1455s
 14938 10281   16.78088   47   25   23.00000   15.58223  32.3%   741 1460s
 15000 10312   15.63996   44   54   23.00000   15.58529  32.2%   740 1465s
 15007 10317   17.48850   51   38   23.00000   15.58529  32.2%   742 1471s
 15052 10336   15.86768   35   55   23.00000   15.58544  32.2%   742 1475s
 15069 10347   17.18926   52   30   23.00000   15.58544  32.2%   743 1480s
 15119 10368   15.94552   35   49   23.00000   15.58586  32.2%   743 1485s
 15177 10398   15.58977   37   51   23.00000   15.58657  32.2%   742 1490s
 15182 10401   15.73986   39   53   23.00000   15.58657  32.2%   744 1495s
 15189 10406   15.83136   41   46   23.00000   15.58657  32.2%   745 1500s
 15196 10411   17.11931   46   33   23.00000   15.58657  32.2%   746 1505s
 15226 10431   21.14481   62    7   23.00000   15.58657  32.2%   748 1510s
 15258 10437   16.14122   34   59   23.00000   15.58754  32.2%   748 1515s
 15263 10440   16.28263   39   41   23.00000   15.58754  32.2%   749 1520s
 15266 10442   16.47060   42   45   23.00000   15.58754  32.2%   750 1525s
 15340 10473   15.72725   34   50   23.00000   15.58769  32.2%   749 1530s
 15352 10481   16.18241   46   31   23.00000   15.58769  32.2%   750 1535s
 15399 10507   15.76420   36   46   23.00000   15.58773  32.2%   750 1540s
 15405 10511   16.26873   39   41   23.00000   15.58773  32.2%   752 1545s
 15420 10521   16.50361   49   42   23.00000   15.58773  32.2%   753 1550s
 15462 10549   18.01381   66   20   23.00000   15.58773  32.2%   753 1555s
 15562 10587   15.66392   33   60   23.00000   15.58815  32.2%   751 1560s
 15566 10589   15.89608   37   53   23.00000   15.58815  32.2%   753 1566s
 15570 10592   16.08736   41   53   23.00000   15.58815  32.2%   754 1570s
 15579 10598   17.41489   50   30   23.00000   15.58815  32.2%   755 1576s
 15587 10603   17.86290   58   31   23.00000   15.58815  32.2%   756 1580s
 15631 10626   15.61840   28   61   23.00000   15.58862  32.2%   756 1585s
 15636 10629   15.65830   31   51   23.00000   15.58862  32.2%   757 1590s
 15642 10633   15.79425   34   56   23.00000   15.58862  32.2%   758 1595s
 15657 10643   16.53515   41   20   23.00000   15.58862  32.2%   759 1600s
 15685 10662   17.24616   55   29   23.00000   15.58862  32.2%   760 1605s
 15722 10686   19.21953   74   20   23.00000   15.58862  32.2%   761 1610s
 15813 10705   16.81946   41   35   23.00000   15.58875  32.2%   759 1615s
 15866 10727   15.78454   36   45   23.00000   15.59025  32.2%   759 1620s
 15875 10733   15.91963   45   47   23.00000   15.59025  32.2%   760 1625s
 15928 10758   16.02610   36   39   23.00000   15.59271  32.2%   760 1630s
 15974 10788   19.83960   82   13   23.00000   15.59271  32.2%   760 1635s
 16009 10793   16.44546   46   26   23.00000   15.59273  32.2%   760 1640s
 16067 10822   15.84956   43   37   23.00000   15.59348  32.2%   760 1646s
 16079 10830   16.81552   55   20   23.00000   15.59348  32.2%   760 1650s
 16123 10848   16.01416   31   32   23.00000   15.59453  32.2%   760 1655s
 16148 10864   17.41350   56   26   23.00000   15.59453  32.2%   761 1660s
 16182 10879   15.66525   36   60   23.00000   15.59617  32.2%   762 1665s
 16217 10902   18.86313   71   22   23.00000   15.59617  32.2%   762 1670s
 16255 10917   16.00219   38   59   23.00000   15.59722  32.2%   762 1675s
 16262 10921   16.34830   41   47   23.00000   15.59722  32.2%   763 1680s
 16271 10927   16.42261   42   49   23.00000   15.59722  32.2%   764 1685s
 16282 10935   16.65615   46   50   23.00000   15.59722  32.2%   766 1690s
 16296 10944   17.54097   51   32   23.00000   15.59722  32.2%   767 1695s
 16320 10960   19.74200   63   17   23.00000   15.59722  32.2%   768 1700s
 16359 10964   15.77664   35   57   23.00000   15.59751  32.2%   768 1705s
 16379 10977   16.59046   50   27   23.00000   15.59751  32.2%   769 1710s
 16415 10999   18.29694   64   21   23.00000   15.59751  32.2%   770 1715s
 16489 11032   16.12993   42   37   23.00000   15.59851  32.2%   768 1720s
 16540 11060   21.83704   90   13   23.00000   15.59851  32.2%   768 1725s
 16561 11064   16.08640   38   34   23.00000   15.59885  32.2%   769 1730s
 16621 11094   15.74564   43   45   23.00000   15.59889  32.2%   768 1735s
 16640 11106   17.61163   62   19   23.00000   15.59889  32.2%   769 1740s
 16681 11123   16.21883   43   46   23.00000   15.60281  32.2%   769 1745s
 16689 11128   16.44111   51   47   23.00000   15.60281  32.2%   770 1750s
 16763 11157   15.66173   43   55   23.00000   15.60351  32.2%   769 1755s
 16783 11171   17.14998   63   29   23.00000   15.60351  32.2%   770 1760s
 16827 11188   15.98133   33   41   23.00000   15.60635  32.1%   770 1766s
 16857 11206   18.81952   62   18   23.00000   15.60635  32.1%   770 1770s
 16890 11217   16.04187   33   44   23.00000   15.60725  32.1%   770 1775s
 16899 11223   16.54817   42   29   23.00000   15.60725  32.1%   771 1780s
 16920 11235   18.13197   62   14   23.00000   15.60725  32.1%   772 1785s
 16972 11253   16.21707   34   55   23.00000   15.60823  32.1%   771 1790s
 16976 11255   16.86117   38   39   23.00000   15.60823  32.1%   772 1795s

Cutting planes:
  Gomory: 164
  Cover: 10
  Implied bound: 662
  MIR: 2058
  Flow cover: 740
  Zero half: 2
  Network: 45

Explored 16993 nodes (13386480 simplex iterations) in 1800.00 seconds
Thread count was 1 (of 8 available processors)

Time limit reached
Best objective 2.300000000000e+01, best bound 1.600000000000e+01, gap 30.4348%

Gurobi 6.5.2 (linux64) logging started Mon Jul 24 16:45:48 2017

Changed value of parameter LogFile to data/mip_solutions/furman_sahinidis/transportation/23sp1_gurobi.log
   Prev: gurobi.log  Default: 
Changed value of parameter Threads to 1
   Prev: 0  Min: 0  Max: 1024  Default: 0
Optimize a model with 25054 rows, 51768 columns and 179610 nonzeros
Coefficient statistics:
  Matrix range    [1e+00, 2e+03]
  Objective range [1e+00, 1e+00]
  Bounds range    [1e+00, 1e+00]
  RHS range       [1e+00, 3e+03]
Presolve removed 24715 rows and 45063 columns
Presolve time: 0.05s
Presolved: 339 rows, 6705 columns, 19829 nonzeros
Variable types: 6562 continuous, 143 integer (143 binary)

Root relaxation: objective 1.340360e+01, 2169 iterations, 0.05 seconds

    Nodes    |    Current Node    |     Objective Bounds      |     Work
 Expl Unexpl |  Obj  Depth IntInf | Incumbent    BestBd   Gap | It/Node Time

     0     0   13.40360    0   16          -   13.40360      -     -    0s
H    0     0                      24.0000000   13.40360  44.2%     -    0s
     0     0   13.85196    0   37   24.00000   13.85196  42.3%     -    0s
     0     0   13.85233    0   39   24.00000   13.85233  42.3%     -    0s
     0     0   13.99673    0   43   24.00000   13.99673  41.7%     -    0s
     0     0   14.04710    0   36   24.00000   14.04710  41.5%     -    0s
     0     0   14.20613    0   41   24.00000   14.20613  40.8%     -    0s
     0     0   14.27154    0   47   24.00000   14.27154  40.5%     -    1s
     0     0   14.39602    0   49   24.00000   14.39602  40.0%     -    1s
     0     0   14.43810    0   47   24.00000   14.43810  39.8%     -    1s
     0     0   14.80073    0   40   24.00000   14.80073  38.3%     -    1s
     0     0   14.83817    0   52   24.00000   14.83817  38.2%     -    1s
     0     0          -    0        24.00000   14.83817  38.2%     -    2s

Cutting planes:
  Cover: 12
  Implied bound: 51
  MIR: 95
  Flow cover: 172
  Network: 50

Explored 0 nodes (21660 simplex iterations) in 2.00 seconds
Thread count was 1 (of 8 available processors)

Time limit reached
Best objective 2.400000000000e+01, best bound 1.500000000000e+01, gap 37.5000%

Gurobi 6.5.2 (linux64) logging started Mon Jul 24 16:58:39 2017

Changed value of parameter LogFile to data/mip_solutions/furman_sahinidis/transportation/23sp1_gurobi.log
   Prev: gurobi.log  Default: 
Changed value of parameter Threads to 1
   Prev: 0  Min: 0  Max: 1024  Default: 0
Optimize a model with 25054 rows, 51768 columns and 179610 nonzeros
Coefficient statistics:
  Matrix range    [1e+00, 2e+03]
  Objective range [1e+00, 1e+00]
  Bounds range    [1e+00, 1e+00]
  RHS range       [1e+00, 3e+03]
Presolve removed 24715 rows and 45063 columns
Presolve time: 0.04s
Presolved: 339 rows, 6705 columns, 19829 nonzeros
Variable types: 6562 continuous, 143 integer (143 binary)

Root relaxation: objective 1.340360e+01, 2169 iterations, 0.05 seconds

    Nodes    |    Current Node    |     Objective Bounds      |     Work
 Expl Unexpl |  Obj  Depth IntInf | Incumbent    BestBd   Gap | It/Node Time

     0     0   13.40360    0   16          -   13.40360      -     -    0s
H    0     0                      24.0000000   13.40360  44.2%     -    0s
     0     0   13.85196    0   37   24.00000   13.85196  42.3%     -    0s
     0     0   13.85233    0   39   24.00000   13.85233  42.3%     -    0s
     0     0   13.99673    0   43   24.00000   13.99673  41.7%     -    0s
     0     0   14.04710    0   36   24.00000   14.04710  41.5%     -    0s
     0     0   14.20613    0   41   24.00000   14.20613  40.8%     -    0s
     0     0   14.27154    0   47   24.00000   14.27154  40.5%     -    1s
     0     0   14.39602    0   49   24.00000   14.39602  40.0%     -    1s
     0     0   14.43810    0   47   24.00000   14.43810  39.8%     -    1s
     0     0   14.80073    0   40   24.00000   14.80073  38.3%     -    1s
     0     0   14.83817    0   52   24.00000   14.83817  38.2%     -    1s
     0     0   14.94081    0   57   24.00000   14.94081  37.7%     -    2s
     0     0   14.94613    0   58   24.00000   14.94613  37.7%     -    2s
     0     0   14.94912    0   63   24.00000   14.94912  37.7%     -    2s

Cutting planes:
  Cover: 12
  Implied bound: 23
  MIR: 13
  Flow cover: 31
  Network: 24

Explored 0 nodes (25536 simplex iterations) in 3.00 seconds
Thread count was 1 (of 8 available processors)

Time limit reached
Best objective 2.400000000000e+01, best bound 1.500000000000e+01, gap 37.5000%

Gurobi 6.5.2 (linux64) logging started Wed Jul 26 14:03:05 2017

Changed value of parameter LogFile to data/mip_solutions/furman_sahinidis/transportation/23sp1_gurobi.log
   Prev: gurobi.log  Default: 
Changed value of parameter Threads to 1
   Prev: 0  Min: 0  Max: 1024  Default: 0
Optimize a model with 25054 rows, 51768 columns and 179610 nonzeros
Coefficient statistics:
  Matrix range    [1e+00, 2e+03]
  Objective range [1e+00, 1e+00]
  Bounds range    [1e+00, 1e+00]
  RHS range       [1e+00, 3e+03]
Presolve removed 24715 rows and 45063 columns
Presolve time: 0.04s
Presolved: 339 rows, 6705 columns, 19829 nonzeros
Variable types: 6562 continuous, 143 integer (143 binary)

Root relaxation: objective 1.340360e+01, 2169 iterations, 0.05 seconds

    Nodes    |    Current Node    |     Objective Bounds      |     Work
 Expl Unexpl |  Obj  Depth IntInf | Incumbent    BestBd   Gap | It/Node Time

     0     0   13.40360    0   16          -   13.40360      -     -    0s
H    0     0                      24.0000000   13.40360  44.2%     -    0s
     0     0   13.85196    0   37   24.00000   13.85196  42.3%     -    0s
     0     0   13.85233    0   39   24.00000   13.85233  42.3%     -    0s
     0     0   13.99673    0   43   24.00000   13.99673  41.7%     -    0s
     0     0   14.04710    0   36   24.00000   14.04710  41.5%     -    0s
     0     0   14.20613    0   41   24.00000   14.20613  40.8%     -    0s
     0     0   14.27154    0   47   24.00000   14.27154  40.5%     -    1s
     0     0   14.39602    0   49   24.00000   14.39602  40.0%     -    1s
     0     0   14.43810    0   47   24.00000   14.43810  39.8%     -    1s
     0     0   14.80073    0   40   24.00000   14.80073  38.3%     -    1s
     0     0   14.83817    0   52   24.00000   14.83817  38.2%     -    1s
     0     0   14.94081    0   57   24.00000   14.94081  37.7%     -    1s
     0     0   14.94613    0   58   24.00000   14.94613  37.7%     -    2s
     0     0   14.94912    0   63   24.00000   14.94912  37.7%     -    2s
H    0     0                      23.0000000   14.94912  35.0%     -    3s
     0     2   14.94912    0   63   23.00000   14.94912  35.0%     -    3s
    29    31   15.32753   22   41   23.00000   14.95965  35.0%   833    5s
   189   175   16.30622   39   28   23.00000   14.96972  34.9%   516   10s
   405   352   21.14440  106    5   23.00000   14.96972  34.9%   353   15s
   432   370   15.51710   13   37   23.00000   14.98710  34.8%   413   20s
   518   452   16.58958   27   48   23.00000   15.06932  34.5%   427   25s
   534   462   15.26595   16   59   23.00000   15.13245  34.2%   414   30s
   548   474   15.45992   18   46   23.00000   15.27432  33.6%   148   35s
   713   574   15.57264   16   46   23.00000   15.29784  33.5%   221   40s
   836   655   18.89855   78   17   23.00000   15.29784  33.5%   297   45s
   942   705   16.08974   38   34   23.00000   15.33593  33.3%   343   50s
  1105   802   16.22578   38   26   23.00000   15.35618  33.2%   365   55s
  1408   953   15.62581   29   34   23.00000   15.37115  33.2%   344   60s
  1604  1068   17.97228   51   16   23.00000   15.38689  33.1%   348   65s
  1819  1139   15.65632   18   45   23.00000   15.39665  33.1%   342   70s
  1944  1213   18.42913   37   24   23.00000   15.39665  33.1%   354   75s
  2068  1315   16.45415   33   43   23.00000   15.39676  33.1%   364   80s
  2147  1385   16.24780   28   27   23.00000   15.39863  33.0%   379   85s
  2236  1464   15.88859   23   42   23.00000   15.39994  33.0%   395   90s
  2328  1545   17.82388   41   35   23.00000   15.40246  33.0%   405   95s
  2417  1627   19.32108   69   15   23.00000   15.40246  33.0%   414  100s
  2532  1721   16.49837   28   45   23.00000   15.41103  33.0%   417  105s
  2623  1798   15.93328   23   49   23.00000   15.41291  33.0%   425  110s
  2644  1819   16.52475   33   39   23.00000   15.41291  33.0%   441  115s
  2770  1935   21.39753   96    9   23.00000   15.41291  33.0%   448  120s
  2870  2015   16.72515   25   31   23.00000   15.42211  32.9%   452  125s
  2947  2078   15.54815   29   44   23.00000   15.42801  32.9%   459  130s
  2978  2109   16.97912   51   27   23.00000   15.42801  32.9%   472  135s
  3118  2228   19.31054   56   20   23.00000   15.42801  32.9%   470  140s
  3217  2304   15.66044   23   37   23.00000   15.43113  32.9%   471  145s
  3310  2384   16.46557   29   35   23.00000   15.43301  32.9%   475  150s
  3354  2426   19.40073   45   23   23.00000   15.43301  32.9%   487  155s
  3406  2457   18.26244   41   22   23.00000   15.43834  32.9%   494  160s
  3526  2542   15.70557   15   51   23.00000   15.44270  32.9%   493  165s
  3585  2592   15.66065   26   41   23.00000   15.44374  32.9%   499  170s
  3689  2683   17.65498   52   17   23.00000   15.44889  32.8%   501  175s
  3818  2787   15.46900   21   49   23.00000   15.45851  32.8%   499  180s
  3837  2806   16.08812   33   27   23.00000   15.45851  32.8%   508  185s
  4007  2958   15.51495   24   46   23.00000   15.45871  32.8%   504  190s
  4089  3026   17.60181   34   26   23.00000   15.45872  32.8%   506  195s
  4183  3110   19.99670   62   18   23.00000   15.45930  32.8%   508  200s
  4258  3163   15.71782   21   49   23.00000   15.45992  32.8%   513  205s
  4271  3176   15.97937   28   37   23.00000   15.45992  32.8%   520  210s
  4317  3218   18.26976   50   14   23.00000   15.45992  32.8%   527  215s
  4422  3305   18.17154   34   27   23.00000   15.46185  32.8%   528  220s
  4538  3389   17.76411   48   16   23.00000   15.46510  32.8%   526  225s
  4625  3461   19.94024   61   13   23.00000   15.46658  32.8%   528  230s
  4685  3510   17.03557   31   31   23.00000   15.47123  32.7%   531  235s
  4777  3590   19.70968   58   14   23.00000   15.47232  32.7%   533  240s
  4820  3626   16.68316   39   33   23.00000   15.47232  32.7%   538  245s
  4941  3725   16.43580   22   40   23.00000   15.47243  32.7%   536  250s
  5004  3778   15.98198   27   37   23.00000   15.47439  32.7%   539  255s
  5090  3856   18.01532   40   26   23.00000   15.47708  32.7%   539  260s
  5147  3908   16.94946   31   35   23.00000   15.47875  32.7%   542  265s
  5202  3952   17.61002   35   32   23.00000   15.47990  32.7%   546  270s
  5330  4053   21.19374   77    6   23.00000   15.47992  32.7%   543  275s
  5450  4146   16.13335   26   40   23.00000   15.48092  32.7%   541  280s
  5471  4167   17.23863   33   33   23.00000   15.48092  32.7%   546  285s
  5558  4209   15.70969   28   40   23.00000   15.48238  32.7%   548  290s
  5639  4254   16.01545   22   40   23.00000   15.48274  32.7%   548  295s
  5730  4330   15.81472   20   51   23.00000   15.48321  32.7%   547  300s
  5760  4360   16.75894   35   30   23.00000   15.48321  32.7%   553  305s
  5874  4455   16.60060   27   42   23.00000   15.48479  32.7%   552  310s
  5938  4511   15.67681   22   56   23.00000   15.48794  32.7%   554  315s
  5948  4521   16.65920   27   37   23.00000   15.48794  32.7%   560  320s
  5978  4551   17.77010   42   18   23.00000   15.48794  32.7%   566  325s
  6154  4637   15.61461   23   44   23.00000   15.48893  32.7%   561  330s
  6216  4690   15.75011   23   43   23.00000   15.48938  32.7%   564  336s
  6305  4767   15.63929   23   35   23.00000   15.48977  32.7%   563  341s
  6367  4818   15.50418   23   42   23.00000   15.49037  32.7%   564  345s
  6426  4871   15.60547   19   43   23.00000   15.49145  32.6%   568  350s
  6490  4927   15.49893   23   47   23.00000   15.49376  32.6%   569  355s
  6563  4989   15.71001   19   40   23.00000   15.49401  32.6%   570  360s
  6626  5041   15.80340   20   49   23.00000   15.49561  32.6%   572  365s
  6647  5062   18.32513   34   22   23.00000   15.49561  32.6%   577  370s
  6751  5106   15.84698   29   39   23.00000   15.49704  32.6%   575  375s
  6792  5147   17.33516   46   17   23.00000   15.49704  32.6%   579  380s
  6902  5234   15.90199   27   33   23.00000   15.49834  32.6%   578  385s
  6983  5296   15.67569   23   52   23.00000   15.49851  32.6%   578  390s
  7033  5344   19.63962   72   15   23.00000   15.49851  32.6%   580  395s
  7090  5383   16.31936   33   30   23.00000   15.49887  32.6%   581  400s
  7151  5434   16.09495   27   39   23.00000   15.49948  32.6%   582  405s
  7222  5491   15.79148   23   53   23.00000   15.50012  32.6%   583  410s
  7299  5556   15.64794   26   41   23.00000   15.50037  32.6%   583  415s
  7362  5611   15.97230   22   40   23.00000   15.50131  32.6%   584  420s
  7432  5670   15.79587   21   44   23.00000   15.50169  32.6%   585  425s
  7495  5724   15.54087   19   47   23.00000   15.50221  32.6%   586  430s
  7572  5790   15.50306   23   52   23.00000   15.50306  32.6%   586  435s
  7585  5803   16.11404   30   32   23.00000   15.50306  32.6%   590  440s
  7609  5827   16.42462   42   34   23.00000   15.50306  32.6%   594  445s
  7737  5929   15.75900   22   46   23.00000   15.50354  32.6%   593  450s
  7751  5943   15.89781   32   48   23.00000   15.50354  32.6%   596  455s
  7764  5956   17.48678   37   40   23.00000   15.50354  32.6%   600  460s
  7797  5989   18.46226   45   28   23.00000   15.50354  32.6%   603  465s
  7898  6074   16.00000   26   40   23.00000   15.50418  32.6%   603  470s
  7992  6129   15.86142   29   30   23.00000   15.50464  32.6%   603  475s
  8060  6184   16.21442   31   43   23.00000   15.50607  32.6%   604  480s
  8117  6232   15.89901   22   39   23.00000   15.50731  32.6%   605  485s
  8174  6284   21.88112   76   10   23.00000   15.50731  32.6%   606  490s
  8193  6297   16.67946   37   29   23.00000   15.50749  32.6%   609  495s
  8285  6375   21.72351   76    6   23.00000   15.50866  32.6%   608  500s
  8303  6386   17.04887   38   38   23.00000   15.50946  32.6%   612  505s
  8351  6418   16.47386   22   35   23.00000   15.50948  32.6%   614  510s
  8440  6493   16.03157   35   31   23.00000   15.51019  32.6%   612  515s
  8560  6589   16.18556   28   69   23.00000   15.51177  32.6%   610  520s
  8574  6603   17.08166   37   31   23.00000   15.51177  32.6%   613  525s
  8605  6634   17.99984   53   26   23.00000   15.51177  32.6%   616  530s
  8670  6681   16.56864   29   31   23.00000   15.51256  32.6%   617  535s
  8719  6722   16.31947   27   36   23.00000   15.51270  32.6%   619  540s
  8778  6772   16.84681   33   43   23.00000   15.51329  32.6%   620  545s
  8837  6822   15.85281   26   54   23.00000   15.51357  32.5%   621  550s
  8884  6860   15.51357   18   39   23.00000   15.51357  32.5%   623  555s
  8899  6875   17.45240   33   20   23.00000   15.51357  32.5%   626  560s
  8986  6940   16.32708   36   26   23.00000   15.51466  32.5%   625  565s
  9053  6985   16.35342   28   39   23.00000   15.51479  32.5%   626  570s
  9065  6997   16.01641   34   32   23.00000   15.51479  32.5%   629  575s
  9103  7033   19.04005   53   34   23.00000   15.51479  32.5%   632  580s
  9197  7107   15.62455   25   34   23.00000   15.51503  32.5%   632  585s
  9270  7166   15.60780   26   31   23.00000   15.51530  32.5%   632  590s
  9333  7221   16.89264   32   28   23.00000   15.51553  32.5%   633  595s
  9409  7291   16.40618   35   17   23.00000   15.51588  32.5%   632  600s
  9508  7390   18.35431   68   20   23.00000   15.51588  32.5%   633  605s
  9686  7518   21.45822   73   12   23.00000   15.51850  32.5%   627  610s
  9703  7529   16.64898   32   22   23.00000   15.51890  32.5%   629  615s
  9813  7626   20.60885   80   15   23.00000   15.52001  32.5%   627  620s
  9857  7662   17.66178   59   27   23.00000   15.52012  32.5%   629  625s
  9914  7697   16.56384   31   34   23.00000   15.52508  32.5%   630  630s
  9996  7739   15.72054   23   48   23.00000   15.52795  32.5%   630  635s
 10022  7765   17.52627   49   18   23.00000   15.52795  32.5%   632  640s
 10084  7814   16.76385   41   24   23.00000   15.52844  32.5%   633  645s
 10138  7855   16.37251   29   31   23.00000   15.52906  32.5%   633  650s
 10199  7904   16.11589   25   48   23.00000   15.52979  32.5%   634  655s
 10203  7907   16.98145   41   63   23.00000   15.52979  32.5%   634  682s
 10211  7912   17.13988   54   48   23.00000   15.52979  32.5%   633  685s
 10218  7917   21.02250   73   49   23.00000   15.52979  32.5%   633  690s
 10226  7922   17.37627   63   48   23.00000   15.52979  32.5%   632  695s
 10233  7927   17.38959   42   58   23.00000   15.52979  32.5%   632  700s
 10239  7931   17.52279   50   52   23.00000   15.52979  32.5%   632  705s
 10247  7936   15.91786   29   53   23.00000   15.52979  32.5%   631  710s
 10254  7941   19.83662   83   54   23.00000   15.52979  32.5%   631  715s
 10261  7946   16.76436   38   56   23.00000   15.52979  32.5%   630  720s
 10268  7950   19.43835   67   59   23.00000   15.52979  32.5%   630  725s
 10277  7956   15.76898   22   59   23.00000   15.52979  32.5%   629  730s
 10285  7962   18.15603   43   64   23.00000   15.52979  32.5%   629  735s
 10294  7968   19.83662   83   60   23.00000   15.52979  32.5%   628  740s
 10302  7973   21.16299   72   58   23.00000   15.52979  32.5%   628  745s
 10310  7978   20.94500  102   60   23.00000   15.52979  32.5%   627  750s
 10318  7984   21.02250   73   58   23.00000   15.52979  32.5%   627  755s
 10326  7989   17.37627   63   57   23.00000   15.52979  32.5%   626  760s
 10335  7995   18.87145   42   61   23.00000   15.52979  32.5%   626  765s
 10343  8000   16.98145   41   61   23.00000   15.52979  32.5%   625  770s
 10349  8004   18.06084   54   61   23.00000   15.52979  32.5%   625  775s
 10356  8009   16.92683   39   63   23.00000   15.52979  32.5%   624  780s
 10364  8014   16.02940   33   64   23.00000   15.52979  32.5%   624  785s
 10371  8019   17.13988   54   62   23.00000   15.52979  32.5%   624  790s
 10378  8024   21.02250   73   59   23.00000   15.52979  32.5%   623  795s
 10383  8027   16.98145   41   63   23.00000   15.52979  32.5%   623  800s
 10391  8032   17.13988   54   60   23.00000   15.52979  32.5%   622  805s
 10398  8037   21.02250   73   60   23.00000   15.52979  32.5%   622  810s
 10405  8042   18.15603   43   59   23.00000   15.52979  32.5%   622  815s
 10411  8048   15.52979   27   60   23.00000   15.52979  32.5%   662  820s
 10419  8053   15.58657   31   52   23.00000   15.52979  32.5%   664  825s
 10436  8064   15.58972   40   43   23.00000   15.52979  32.5%   667  830s
 10491  8101   17.40005   67   27   23.00000   15.52979  32.5%   669  835s
 10571  8136   15.52979   26   54   23.00000   15.52979  32.5%   665  844s
 10572  8137   15.52979   27   53   23.00000   15.52979  32.5%   665  845s
 10587  8147   16.34475   34   37   23.00000   15.52979  32.5%   669  850s
 10670  8202   17.77287   76   18   23.00000   15.52979  32.5%   669  855s
 10723  8219   15.89650   28   43   23.00000   15.52979  32.5%   668  860s
 10742  8231   16.27828   37   39   23.00000   15.52979  32.5%   671  865s
 10774  8253   16.96299   53   37   23.00000   15.52979  32.5%   674  870s
 10906  8304   15.52979   28   62   23.00000   15.52979  32.5%   670  881s
 10914  8309   15.66800   35   57   23.00000   15.52979  32.5%   672  885s
 10931  8320   16.03011   46   53   23.00000   15.52979  32.5%   675  890s
 11008  8372   19.21629   89   24   23.00000   15.52979  32.5%   675  895s
 11073  8392   15.67501   30   61   23.00000   15.52979  32.5%   674  900s
 11086  8401   15.84773   35   55   23.00000   15.52979  32.5%   676  905s
 11109  8416   16.81606   45   43   23.00000   15.52979  32.5%   679  910s
 11225  8484   21.26995   99   14   23.00000   15.52979  32.5%   677  915s
 11244  8488   15.98246   30   47   23.00000   15.52979  32.5%   678  920s
 11257  8497   16.02837   39   44   23.00000   15.52979  32.5%   680  925s
 11300  8525   16.93119   63   26   23.00000   15.52979  32.5%   682  930s
 11397  8576   15.52979   31   58   23.00000   15.52979  32.5%   680  935s
 11411  8585   16.66267   45   37   23.00000   15.52979  32.5%   682  940s
 11483  8618   15.55447   30   64   23.00000   15.52979  32.5%   681  945s
 11563  8659   15.52979   30   53   23.00000   15.52979  32.5%   680  950s
 11573  8665   18.19839   40   23   23.00000   15.52979  32.5%   682  955s
 11599  8667   15.94417   33   55   23.00000   15.52979  32.5%   683  960s
 11624  8683   18.20821   58   31   23.00000   15.52979  32.5%   684  965s
 11694  8712   15.74050   37   48   23.00000   15.52979  32.5%   683  970s
 11741  8743   17.70662   69   29   23.00000   15.52979  32.5%   685  975s
 11848  8789   15.85359   32   55   23.00000   15.52979  32.5%   682  980s
 11930  8831   15.64636   31   52   23.00000   15.52979  32.5%   680  985s
 11936  8835   16.82837   35   43   23.00000   15.52979  32.5%   683  991s
 11948  8843   17.76703   42   29   23.00000   15.52979  32.5%   685  995s
 11982  8866   20.40273   53   21   23.00000   15.52979  32.5%   686 1000s
 12014  8870   15.76265   34   51   23.00000   15.52979  32.5%   687 1005s
 12026  8878   16.25796   46   38   23.00000   15.52979  32.5%   689 1010s
 12051  8895   19.39036   71   20   23.00000   15.52979  32.5%   691 1015s
 12097  8913   16.04824   41   39   23.00000   15.52979  32.5%   691 1020s
 12155  8939   16.05881   36   52   23.00000   15.52979  32.5%   691 1026s
 12172  8951   16.69408   53   32   23.00000   15.52979  32.5%   692 1030s
 12240  8985   16.61926   40   47   23.00000   15.52979  32.5%   691 1035s
 12301  9017   15.83360   31   51   23.00000   15.52979  32.5%   692 1042s
 12311  9023   16.29506   41   38   23.00000   15.52979  32.5%   692 1045s
 12328  9035   19.11680   58   32   23.00000   15.52979  32.5%   695 1050s
 12365  9049   15.81633   32   53   23.00000   15.52979  32.5%   695 1055s
 12371  9053   15.90459   35   50   23.00000   15.52979  32.5%   697 1060s
 12381  9060   16.26174   40   38   23.00000   15.52979  32.5%   699 1065s
 12417  9084   18.13670   58   27   23.00000   15.52979  32.5%   700 1070s
 12569  9155   15.53404   32   53   23.00000   15.52979  32.5%   695 1075s
 12610  9183   18.34735   73   16   23.00000   15.52979  32.5%   696 1080s
 12647  9191   15.89809   40   54   23.00000   15.52979  32.5%   696 1085s
 12664  9203   17.66775   57   18   23.00000   15.52979  32.5%   698 1090s
 12724  9231   15.71674   36   50   23.00000   15.52979  32.5%   697 1095s
 12742  9243   16.41309   47   47   23.00000   15.52979  32.5%   699 1100s
 12767  9259   17.55319   60   34   23.00000   15.52979  32.5%   700 1105s
 12847  9305   21.25623   96   16   23.00000   15.52979  32.5%   699 1110s
 12889  9320   16.36803   45   31   23.00000   15.52979  32.5%   699 1115s
 12938  9342   15.96839   31   59   23.00000   15.52979  32.5%   700 1123s
 12939  9343   16.16677   32   51   23.00000   15.52979  32.5%   700 1125s
 12959  9356   17.66658   52   27   23.00000   15.52979  32.5%   702 1130s
 13010  9380   15.67190   33   50   23.00000   15.52979  32.5%   701 1135s
 13020  9387   16.68108   43   32   23.00000   15.52979  32.5%   703 1140s
 13076  9413   15.81104   41   53   23.00000   15.52979  32.5%   702 1145s
 13092  9424   16.71739   48   38   23.00000   15.52979  32.5%   704 1150s
 13167  9456     cutoff   77        23.00000   15.52979  32.5%   703 1155s
 13171  9459   15.98249   37   43   23.00000   15.52979  32.5%   705 1160s
 13179  9464   16.74960   45   35   23.00000   15.52979  32.5%   706 1165s
 13230  9486   15.95440   33   43   23.00000   15.52979  32.5%   707 1172s
 13234  9489   15.99563   37   43   23.00000   15.52979  32.5%   707 1175s
 13241  9493   16.24237   44   47   23.00000   15.52979  32.5%   709 1180s
 13248  9498   16.77371   51   29   23.00000   15.52979  32.5%   710 1185s
 13274  9515   19.00657   77   22   23.00000   15.52979  32.5%   712 1190s
 13309  9526   15.74075   35   47   23.00000   15.53371  32.5%   711 1195s
 13320  9533   16.26428   46   33   23.00000   15.53371  32.5%   713 1200s
 13368  9555   15.58220   40   60   23.00000   15.53550  32.5%   713 1206s
 13372  9558   15.90916   44   40   23.00000   15.53550  32.5%   715 1210s
 13391  9570   17.50442   63   29   23.00000   15.53550  32.5%   716 1215s
 13455  9577   15.69834   34   45   23.00000   15.53760  32.4%   716 1220s
 13469  9586   16.41577   48   39   23.00000   15.53760  32.4%   717 1225s
 13488  9599   18.37190   67   27   23.00000   15.53760  32.4%   718 1230s
 13532  9612   15.78913   39   45   23.00000   15.53871  32.4%   718 1236s
 13547  9622   17.17975   54   29   23.00000   15.53871  32.4%   720 1240s
 13591  9644   15.68215   35   44   23.00000   15.54385  32.4%   720 1246s
 13594  9646   15.71834   36   53   23.00000   15.54385  32.4%   721 1250s
 13600  9650   16.04051   37   45   23.00000   15.54385  32.4%   723 1256s
 13605  9653   15.82078   42   46   23.00000   15.54385  32.4%   724 1260s
 13611  9657   15.89892   43   48   23.00000   15.54385  32.4%   726 1265s
 13618  9662   16.16975   49   33   23.00000   15.54385  32.4%   727 1270s
 13629  9669   16.58429   57   33   23.00000   15.54385  32.4%   729 1275s
 13646  9680   17.52499   62   21   23.00000   15.54385  32.4%   730 1280s
 13772  9742   15.59041   34   50   23.00000   15.55618  32.4%   727 1285s
 13824  9777   21.14543   86   17   23.00000   15.55618  32.4%   727 1290s
 13849  9786   16.92536   49   33   23.00000   15.55685  32.4%   728 1295s
 13877  9804   20.18022   77   19   23.00000   15.55685  32.4%   729 1300s
 13921  9820   16.55151   43   38   23.00000   15.56292  32.3%   729 1305s
 13972  9844   15.85782   42   48   23.00000   15.56729  32.3%   729 1311s
 13980  9849   16.32418   50   33   23.00000   15.56729  32.3%   730 1315s
 14056  9878   15.88066   29   42   23.00000   15.56749  32.3%   728 1321s
 14068  9886   16.23225   35   27   23.00000   15.56749  32.3%   729 1325s
 14090  9900   17.15748   46   20   23.00000   15.56749  32.3%   731 1330s
 14180  9954   21.06699   90    6   23.00000   15.56749  32.3%   730 1335s
 14205  9964   16.39380   39   31   23.00000   15.56827  32.3%   731 1340s
 14230  9981   19.61799   51   28   23.00000   15.56827  32.3%   732 1345s
 14291  9984   15.62184   30   50   23.00000   15.56931  32.3%   732 1350s
 14312  9998   16.96122   51   23   23.00000   15.56931  32.3%   732 1355s
 14368 10017   15.71818   31   48   23.00000   15.56931  32.3%   732 1360s
 14373 10020   16.54887   36   26   23.00000   15.56931  32.3%   734 1367s
 14403 10038   18.38626   65   14   23.00000   15.56931  32.3%   734 1370s
 14451 10051   16.15410   36   44   23.00000   15.57196  32.3%   734 1375s
 14463 10059   17.05632   48   35   23.00000   15.57196  32.3%   735 1380s
 14478 10069   20.25752   63   19   23.00000   15.57196  32.3%   737 1385s
 14505 10079   15.85589   30   50   23.00000   15.57316  32.3%   737 1391s
 14511 10083   16.64618   36   35   23.00000   15.57316  32.3%   739 1395s
 14573 10113   15.95779   36   36   23.00000   15.57909  32.3%   738 1400s
 14587 10123   16.50120   44   38   23.00000   15.57909  32.3%   740 1405s
 14616 10142   16.83912   60   26   23.00000   15.57909  32.3%   740 1410s
 14723 10191     cutoff  105        23.00000   15.57909  32.3%   738 1415s
 14752 10201   18.19093   52   20   23.00000   15.58005  32.3%   739 1420s
 14789 10210   15.80001   38   50   23.00000   15.58038  32.3%   739 1425s
 14828 10236   19.24680   77   23   23.00000   15.58038  32.3%   739 1430s
 14863 10240   16.17758   34   53   23.00000   15.58038  32.3%   739 1435s
 14877 10249   17.41000   48   25   23.00000   15.58038  32.3%   740 1440s
 14926 10273   15.93116   35   46   23.00000   15.58223  32.3%   740 1445s
 14938 10281   16.78088   47   25   23.00000   15.58223  32.3%   741 1450s
 15000 10312   15.63996   44   54   23.00000   15.58529  32.2%   740 1455s
 15007 10317   17.48850   51   38   23.00000   15.58529  32.2%   742 1461s
 15052 10336   15.86768   35   55   23.00000   15.58544  32.2%   742 1465s
 15069 10347   17.18926   52   30   23.00000   15.58544  32.2%   743 1470s
 15119 10368   15.94552   35   49   23.00000   15.58586  32.2%   743 1475s
 15177 10398   15.58977   37   51   23.00000   15.58657  32.2%   742 1480s
 15182 10401   15.73986   39   53   23.00000   15.58657  32.2%   744 1485s
 15189 10406   15.83136   41   46   23.00000   15.58657  32.2%   745 1490s
 15196 10411   17.11931   46   33   23.00000   15.58657  32.2%   746 1495s
 15230 10433   20.05984   62   18   23.00000   15.58657  32.2%   747 1500s
 15259 10438   16.14629   35   56   23.00000   15.58754  32.2%   748 1505s
 15264 10441   16.31620   40   44   23.00000   15.58754  32.2%   750 1511s
 15267 10443   16.54739   43   43   23.00000   15.58754  32.2%   751 1515s
 15340 10473   15.72725   34   50   23.00000   15.58769  32.2%   749 1520s
 15353 10481   16.39217   47   30   23.00000   15.58769  32.2%   750 1525s
 15400 10508   16.00982   37   44   23.00000   15.58773  32.2%   751 1531s
 15405 10511   16.26873   39   41   23.00000   15.58773  32.2%   752 1535s
 15422 10522   16.70623   49   29   23.00000   15.58773  32.2%   753 1540s
 15463 10550   18.80706   67   18   23.00000   15.58773  32.2%   754 1545s
 15562 10587   15.66392   33   60   23.00000   15.58815  32.2%   751 1550s
 15566 10589   15.89608   37   53   23.00000   15.58815  32.2%   753 1556s
 15570 10592   16.08736   41   53   23.00000   15.58815  32.2%   754 1560s
 15579 10598   17.41489   50   30   23.00000   15.58815  32.2%   755 1566s
 15590 10605   18.40087   61   25   23.00000   15.58815  32.2%   756 1570s
 15632 10626   15.61311   29   51   23.00000   15.58862  32.2%   756 1575s
 15637 10630   15.78036   31   50   23.00000   15.58862  32.2%   757 1580s
 15645 10635   15.83787   35   51   23.00000   15.58862  32.2%   758 1585s
 15663 10647   16.84524   44   23   23.00000   15.58862  32.2%   759 1590s
 15694 10668   17.33991   60   16   23.00000   15.58862  32.2%   760 1595s
 15731 10690   19.70795   78    9   23.00000   15.58862  32.2%   761 1600s
 15818 10708   17.46848   46   32   23.00000   15.58875  32.2%   759 1605s
 15868 10729   15.80374   38   51   23.00000   15.59025  32.2%   759 1610s
 15886 10741   16.75367   56   28   23.00000   15.59025  32.2%   760 1615s
 15930 10759   16.21093   38   37   23.00000   15.59271  32.2%   760 1620s
 16005 10790   15.97767   42   44   23.00000   15.59273  32.2%   759 1626s
 16012 10795   16.88878   49   21   23.00000   15.59273  32.2%   760 1630s
 16067 10822   15.84956   43   37   23.00000   15.59348  32.2%   760 1635s
 16111 10848   21.07731   85    7   23.00000   15.59348  32.2%   760 1640s
 16129 10852   16.17652   37   37   23.00000   15.59453  32.2%   760 1645s
 16152 10867   18.26999   60   22   23.00000   15.59453  32.2%   761 1650s
 16184 10880   16.08397   38   49   23.00000   15.59617  32.2%   762 1655s
 16248 10912   15.82160   33   49   23.00000   15.59722  32.2%   761 1660s
 16257 10918   16.22582   38   45   23.00000   15.59722  32.2%   762 1665s
 16265 10923   16.32966   41   41   23.00000   15.59722  32.2%   764 1670s
 16273 10929   16.35380   42   53   23.00000   15.59722  32.2%   765 1675s
 16284 10936   16.77248   47   46   23.00000   15.59722  32.2%   766 1680s
 16301 10947   18.13339   52   30   23.00000   15.59722  32.2%   767 1685s
 16335 10966     cutoff   68        23.00000   15.59722  32.2%   768 1690s
 16360 10965   15.75626   35   59   23.00000   15.59751  32.2%   769 1695s
 16389 10984   16.60911   56   29   23.00000   15.59751  32.2%   769 1700s
 16443 11014   20.28820   81   12   23.00000   15.59751  32.2%   769 1705s
 16492 11034   16.62188   45   45   23.00000   15.59851  32.2%   769 1710s
 16554 11059   15.70625   31   50   23.00000   15.59885  32.2%   768 1716s
 16569 11069   16.77682   46   24   23.00000   15.59885  32.2%   769 1720s
 16623 11095   15.98096   45   38   23.00000   15.59889  32.2%   768 1725s
 16677 11120   15.96377   39   51   23.00000   15.60281  32.2%   768 1731s
 16683 11124   16.26085   45   47   23.00000   15.60281  32.2%   769 1735s
 16694 11131   16.89926   56   36   23.00000   15.60281  32.2%   770 1740s
 16764 11158   16.27568   44   51   23.00000   15.60351  32.2%   769 1746s
 16822 11185   15.62410   28   48   23.00000   15.60635  32.1%   769 1751s
 16829 11189   16.21155   35   33   23.00000   15.60635  32.1%   770 1755s
 16889 11216   16.03980   32   51   23.00000   15.60725  32.1%   770 1762s
 16893 11219   16.17527   36   47   23.00000   15.60725  32.1%   770 1765s
 16905 11227   17.19827   48   27   23.00000   15.60725  32.1%   772 1770s
 16969 11251   16.08307   31   53   23.00000   15.60823  32.1%   771 1776s
 16973 11253   16.44441   35   45   23.00000   15.60823  32.1%   772 1780s
 16979 11257   17.40950   41   30   23.00000   15.60823  32.1%   773 1785s
 17039 11285   15.71139   43   49   23.00000   15.61051  32.1%   772 1790s
 17087 11307   15.83391   37   52   23.00000   15.61083  32.1%   772 1795s

Cutting planes:
  Gomory: 164
  Cover: 10
  Implied bound: 662
  MIR: 2058
  Flow cover: 740
  Zero half: 2
  Network: 45

Explored 17091 nodes (13451250 simplex iterations) in 1800.00 seconds
Thread count was 1 (of 8 available processors)

Time limit reached
Best objective 2.300000000000e+01, best bound 1.600000000000e+01, gap 30.4348%
