
Log started (V12.6.3.0) Tue Jun  6 12:37:51 2017

New value for default parallel thread count: 1

Problem '/tmp/tmpOUDNLQ.pyomo.lp' read.
Read time = 0.44 sec. (36.78 ticks)

Problem name         : /tmp/tmpOUDNLQ.pyomo.lp
Objective sense      : Minimize
Variables            :  365927  [Nneg: 365569,  Binary: 357,  General Integer: 1]
Objective nonzeros   :       1
Linear constraints   :  178647  [Less: 357,  Equal: 178290]
  Nonzeros           : 1274330
  RHS nonzeros       :     193

Variables            : Min LB: 0.000000         Max UB: 1.000000       
Objective nonzeros   : Min   : 1.000000         Max   : 1.000000       
Linear constraints   :
  Nonzeros           : Min   : 1.000000         Max   : 1.487607e+07   
  RHS nonzeros       : Min   : 1.000000         Max   : 1.718088e+07   
Tried aggregator 2 times.
MIP Presolve eliminated 178273 rows and 362604 columns.
Aggregator did 10 substitutions.
Reduced MIP has 364 rows, 3313 columns, and 9572 nonzeros.
Reduced MIP has 187 binaries, 0 generals, 0 SOSs, and 0 indicators.
Presolve time = 0.19 sec. (263.32 ticks)
Found incumbent of value 195.000000 after 0.28 sec. (355.46 ticks)
Tried aggregator 1 time.
MIP Presolve eliminated 4 rows and 0 columns.
MIP Presolve added 8 rows and 0 columns.
Reduced MIP has 368 rows, 3313 columns, and 9576 nonzeros.
Reduced MIP has 187 binaries, 0 generals, 0 SOSs, and 0 indicators.
Presolve time = 0.00 sec. (4.83 ticks)
Probing time = 0.00 sec. (0.37 ticks)
Clique table members: 11.
MIP emphasis: balance optimality and feasibility.
MIP search method: dynamic search.
Parallel mode: none, using 1 thread.
Root relaxation solution time = 0.01 sec. (19.68 ticks)

        Nodes                                         Cuts/
   Node  Left     Objective  IInf  Best Integer    Best Bound    ItCnt     Gap

*     0+    0                          195.0000        8.0000            95.90%
      0     0       32.2137    26      195.0000       32.2137     1513   83.48%
*     0+    0                           44.0000       32.2137            26.79%
      0     0       32.8073    31       44.0000     Cuts: 103     3780   25.44%
      0     0       32.9478    22       44.0000     Cuts: 192     4919   25.12%
      0     0       33.0913    17       44.0000     Cuts: 192     5274   24.79%
*     0+    0                           41.0000       33.0913            19.29%
*     0+    0                           39.0000       33.0913            15.15%
*     0+    0                           38.0000       33.0913            12.92%
*     0+    0                           37.0000       33.0913            10.56%
      0     0       33.2849    23       37.0000     Cuts: 192     5632   10.04%
      0     0       33.5864    33       37.0000     Cuts: 192     6016    9.23%
      0     0       34.2518    33       37.0000     Cuts: 192     6385    7.43%
      0     0       34.4203    20       37.0000     Cuts: 192     6748    6.97%
      0     0       34.4203    23       37.0000     Cuts: 192     6957    6.97%
      0     0       34.4205    24       37.0000      Cuts: 27     7060    6.97%
      0     2       34.4205    10       37.0000       34.4205     7060    6.97%
Elapsed time = 0.71 sec. (1002.54 ticks, tree = 0.01 MB, solutions = 6)
     22    20       34.5552    22       37.0000       34.5437    11243    6.64%
     23    21       34.7007    21       37.0000       34.5437    11357    6.64%
     24    22       34.5552    22       37.0000       34.5437    11372    6.64%
     25    23       34.5552    20       37.0000       34.5437    11401    6.64%
     26    24       34.6791    16       37.0000       34.5437    11576    6.64%
     27    25       34.7566    19       37.0000       34.5437    11645    6.64%
     28    26       34.7448    18       37.0000       34.5437    11664    6.64%
     29    27       35.0369    15       37.0000       34.5437    11788    6.64%
     30    28       35.4004    12       37.0000       34.5437    11952    6.64%
    222   170       35.5965    10       37.0000       34.5865    26967    6.52%
Elapsed time = 1.33 sec. (1958.09 ticks, tree = 0.18 MB, solutions = 6)
    402   296       34.7280    12       37.0000       34.6334    46563    6.40%
    403   297       34.7426    13       37.0000       34.6334    47968    6.40%
    404   298       34.7468     9       37.0000       34.6334    48231    6.40%
    405   299       34.7468     8       37.0000       34.6334    48336    6.40%
    406   300       34.7740     7       37.0000       34.6334    48486    6.40%
    407   301       34.7704    10       37.0000       34.6334    48499    6.40%
    408   302       35.5775    13       37.0000       34.6334    48566    6.40%
    409   303       35.0259    10       37.0000       34.6334    48706    6.40%
    410   304       34.9961    13       37.0000       34.6334    49090    6.40%
    411   305       35.0265     8       37.0000       34.6334    49094    6.40%
Elapsed time = 2.02 sec. (3003.25 ticks, tree = 0.33 MB, solutions = 6)
    655   465       35.4499    17       37.0000       34.6880    70356    6.25%
    656   466       36.0000    16       37.0000       34.6880    70357    6.25%
    657   467       36.0000    15       37.0000       34.6880    70378    6.25%
    658   468       36.0000    13       37.0000       34.6880    70383    6.25%
    659   469       36.0000    11       37.0000       34.6880    70384    6.25%
    660   470       36.0000    11       37.0000       34.6880    70422    6.25%
    661   471       36.0000    11       37.0000       34.6880    70423    6.25%
    662   472       36.0000    10       37.0000       34.6880    70577    6.25%
    663   473       36.0000    14       37.0000       34.6880    70848    6.25%
    664   474       36.0000    11       37.0000       34.6880    70920    6.25%
Elapsed time = 2.67 sec. (3980.49 ticks, tree = 0.52 MB, solutions = 6)
    928   647       35.1786     8       37.0000       34.7511    90569    6.08%
    929   647       35.2027     6       37.0000       34.7511    90647    6.08%
    930   648       35.2619     6       37.0000       34.7511    90652    6.08%
    931   649       35.2619     6       37.0000       34.7511    90660    6.08%
    932   650       35.2654     6       37.0000       34.7511    90726    6.08%
    933   651       35.2654     6       37.0000       34.7511    90744    6.08%
    934   651       35.4440     5       37.0000       34.7511    90746    6.08%
    935   651       35.4530     5       37.0000       34.7511    90764    6.08%
    936   651       35.4553     5       37.0000       34.7511    90779    6.08%
    937   651       35.4779     5       37.0000       34.7511    90794    6.08%
Elapsed time = 3.30 sec. (4943.91 ticks, tree = 0.73 MB, solutions = 6)
    940   652       34.4366    33       37.0000       34.7549    98499    6.07%
    941   652       34.4362    33       37.0000       34.7549    98892    6.07%
    942   653       34.4595    27       37.0000       34.7549    99076    6.07%
    943   654       34.4771    21       37.0000       34.7549    99426    6.07%
    944   655       35.0000    23       37.0000       34.7549    99611    6.07%
    945   656       35.0000    21       37.0000       34.7549    99612    6.07%
    946   656       35.6560    28       37.0000       34.7549   100444    6.07%
    947   656       35.0000    19       37.0000       34.7549   100447    6.07%
    948   657       35.0000    28       37.0000       34.7549   100731    6.07%
    949   658       35.0000    19       37.0000       34.7549   100746    6.07%
Elapsed time = 4.28 sec. (6394.18 ticks, tree = 0.74 MB, solutions = 6)
   1070   643       35.0000    17       37.0000       35.0000   112502    5.41%
   1071   643       35.4494    15       37.0000       35.0000   112932    5.41%
   1072   637        cutoff             37.0000       35.0000   112981    5.41%
   1073   637       35.4494    16       37.0000       35.0000   113068    5.41%
   1074   638       35.4494    14       37.0000       35.0000   113073    5.41%
   1075   639       36.0000    13       37.0000       35.0000   113075    5.41%
   1076   640       36.0000    18       37.0000       35.0000   113138    5.41%
   1077   641       36.0000    20       37.0000       35.0000   113221    5.41%
   1078   642       36.0000    15       37.0000       35.0000   113627    5.41%
   1079   643       36.0000    17       37.0000       35.0000   114065    5.41%
Elapsed time = 4.91 sec. (7417.32 ticks, tree = 0.76 MB, solutions = 6)
   1460   618       35.0339     2       37.0000       35.0000   125480    5.41%
   1461   618       35.0339     2       37.0000       35.0000   125481    5.41%
   1462   619       35.0339     2       37.0000       35.0000   125482    5.41%
   1463   620       35.0339     2       37.0000       35.0000   125483    5.41%
   1464   620       35.0339     2       37.0000       35.0000   125484    5.41%
   1465   620       35.0339     2       37.0000       35.0000   125485    5.41%
   1466   620       35.0573     2       37.0000       35.0000   125486    5.41%
   1467   620       35.2214     4       37.0000       35.0000   125487    5.41%
   1468   620       35.3875     4       37.0000       35.0000   125488    5.41%
   1469   621       35.3875     4       37.0000       35.0000   125489    5.41%
Elapsed time = 5.49 sec. (8376.77 ticks, tree = 0.72 MB, solutions = 6)
   1873   695       35.0135    13       37.0000       35.0000   137943    5.41%
   1874   696       35.0135    13       37.0000       35.0000   137949    5.41%
   1875   697       35.0135    13       37.0000       35.0000   137951    5.41%
   1876   698       35.0135    12       37.0000       35.0000   137952    5.41%
   1877   698       35.0135    12       37.0000       35.0000   137953    5.41%
   1878   698       35.0138    10       37.0000       35.0000   137954    5.41%
   1879   699       35.0138    10       37.0000       35.0000   137955    5.41%
   1880   699       35.0139     7       37.0000       35.0000   137956    5.41%
   1881   700       35.0139     7       37.0000       35.0000   137957    5.41%
   1882   701       35.0139     7       37.0000       35.0000   137958    5.41%
Elapsed time = 6.09 sec. (9350.30 ticks, tree = 0.80 MB, solutions = 6)
   2286   880       35.6862    25       37.0000       35.0000   150924    5.41%
   2287   881       36.0000    23       37.0000       35.0000   151036    5.41%
   2288   882       36.0000    28       37.0000       35.0000   151126    5.41%
   2289   883       36.0000    15       37.0000       35.0000   151238    5.41%
   2290   884       36.0000     9       37.0000       35.0000   151266    5.41%
   2291   885       36.0000    16       37.0000       35.0000   151379    5.41%
   2292   886       36.0000    18       37.0000       35.0000   151670    5.41%
   2293   887       36.0000    16       37.0000       35.0000   151803    5.41%
   2294   888       36.0000    18       37.0000       35.0000   151926    5.41%
   2295   887        cutoff             37.0000       35.0000   152119    5.41%
Elapsed time = 6.74 sec. (10401.77 ticks, tree = 0.98 MB, solutions = 6)
   2810  1244       35.1638    10       37.0000       35.0000   164547    5.41%
   2811  1245       36.0000     8       37.0000       35.0000   164613    5.41%
   2812  1246       36.0000     5       37.0000       35.0000   164682    5.41%
   2813  1245        cutoff             37.0000       35.0000   164700    5.41%
   2814  1246       36.0000     4       37.0000       35.0000   164916    5.41%
   2815  1247       36.0000     2       37.0000       35.0000   164970    5.41%
   2816  1248       36.0000     2       37.0000       35.0000   164987    5.41%
   2817  1249       36.0000     2       37.0000       35.0000   164990    5.41%
   2818  1250       36.0000     2       37.0000       35.0000   165000    5.41%
   4090  2081        cutoff             37.0000       35.0000   212610    5.41%
Elapsed time = 9.11 sec. (14219.70 ticks, tree = 2.27 MB, solutions = 6)
   6080  3398        cutoff             37.0000       35.0000   275942    5.41%
   6081  3399       36.0000     2       37.0000       35.0000   275951    5.41%
   6082  3398        cutoff             37.0000       35.0000   276003    5.41%
   6083  3397        cutoff             37.0000       35.0000   276027    5.41%
   6084  3396        cutoff             37.0000       35.0000   276172    5.41%
   6085  3397       35.0000    19       37.0000       35.0000   276290    5.41%
   6086  3398       35.0000    21       37.0000       35.0000   276445    5.41%
   6087  3399       35.0000    17       37.0000       35.0000   276451    5.41%
   6088  3400       35.0000    17       37.0000       35.0000   276640    5.41%
   6089  3401       35.0000    11       37.0000       35.0000   276682    5.41%
Elapsed time = 11.50 sec. (18066.89 ticks, tree = 3.61 MB, solutions = 6)
   8614  5085       35.7551     7       37.0000       35.0000   338207    5.41%
   8615  5086       35.7643     7       37.0000       35.0000   338209    5.41%
   8616  5086       35.7643     5       37.0000       35.0000   338212    5.41%
   8617  5086       35.7643     5       37.0000       35.0000   338213    5.41%
   8618  5087       35.7643     5       37.0000       35.0000   338215    5.41%
   8619  5086        cutoff             37.0000       35.0000   338217    5.41%
   8620  5087       35.7643     5       37.0000       35.0000   338225    5.41%
   8621  5088       35.7643     5       37.0000       35.0000   338226    5.41%
   8622  5089       35.7643     5       37.0000       35.0000   338227    5.41%
   8623  5089       35.7643     5       37.0000       35.0000   338228    5.41%
Elapsed time = 13.86 sec. (21885.09 ticks, tree = 5.43 MB, solutions = 6)
  10340  6283       35.0126    13       37.0000       35.0000   389542    5.41%
  10341  6284       35.0000     7       37.0000       35.0000   389610    5.41%
  10342  6285       35.0051     9       37.0000       35.0000   389657    5.41%
  10343  6286       35.0051     6       37.0000       35.0000   389658    5.41%
  10344  6287       35.0051     5       37.0000       35.0000   389660    5.41%
  10345  6287       35.0078     5       37.0000       35.0000   389673    5.41%
  10346  6287       35.0078     5       37.0000       35.0000   389674    5.41%
  10347  6287       35.0085     5       37.0000       35.0000   389675    5.41%
  10348  6288       35.0303     8       37.0000       35.0000   389689    5.41%
  10349  6289       35.0303     8       37.0000       35.0000   389690    5.41%
Elapsed time = 17.50 sec. (27452.92 ticks, tree = 6.65 MB, solutions = 6)
  12359  7658       36.0000     2       37.0000       35.0000   463509    5.41%
  12360  7659       36.0000     2       37.0000       35.0000   463512    5.41%
  12361  7660       36.0000     2       37.0000       35.0000   463544    5.41%
  12362  7661       36.0000     2       37.0000       35.0000   463547    5.41%
  12363  7660        cutoff             37.0000       35.0000   463550    5.41%
  12364  7661       36.0000     2       37.0000       35.0000   463563    5.41%
  12365  7662       36.0000     2       37.0000       35.0000   463628    5.41%
  12366  7663       36.0000     2       37.0000       35.0000   463631    5.41%
  12367  7662        cutoff             37.0000       35.0000   463699    5.41%
  12368  7661        cutoff             37.0000       35.0000   463702    5.41%
Elapsed time = 19.87 sec. (31275.16 ticks, tree = 8.04 MB, solutions = 6)
  13940  8846       35.0000     4       37.0000       35.0000   540924    5.41%
  13941  8847       35.0000     4       37.0000       35.0000   540928    5.41%
  13942  8848       35.0009     3       37.0000       35.0000   540931    5.41%
  13943  8849       35.0009     3       37.0000       35.0000   540936    5.41%
  13944  8850       35.0009     3       37.0000       35.0000   540939    5.41%
  13945  8851       35.0036     3       37.0000       35.0000   540940    5.41%
  13946  8852       35.0162     7       37.0000       35.0000   540941    5.41%
  13947  8853       35.0483     5       37.0000       35.0000   540943    5.41%
  13948  8854       35.0528     5       37.0000       35.0000   540945    5.41%
  13949  8855       35.0528     3       37.0000       35.0000   540946    5.41%
Elapsed time = 22.35 sec. (35169.00 ticks, tree = 9.48 MB, solutions = 6)
  16641 10741       35.0000     8       37.0000       35.0000   616890    5.41%
  16642 10742       35.0009    11       37.0000       35.0000   616896    5.41%
  16643 10743       35.0009    11       37.0000       35.0000   616897    5.41%
  16644 10744       35.0009    11       37.0000       35.0000   616898    5.41%
  16645 10745       35.0036     7       37.0000       35.0000   616899    5.41%
  16646 10746       35.0244     7       37.0000       35.0000   616900    5.41%
  16647 10747       35.0483     9       37.0000       35.0000   616901    5.41%
  16648 10748       35.0528     7       37.0000       35.0000   616902    5.41%
  16649 10749       35.0528     7       37.0000       35.0000   616903    5.41%
  16650 10750       35.0528     9       37.0000       35.0000   616904    5.41%
Elapsed time = 24.68 sec. (38991.07 ticks, tree = 11.40 MB, solutions = 6)
  18848 12277       36.0000     2       37.0000       35.0000   693559    5.41%
  18849 12278       36.0000     2       37.0000       35.0000   693562    5.41%
  18850 12279       36.0000     2       37.0000       35.0000   693568    5.41%
  18851 12280       36.0000     2       37.0000       35.0000   693573    5.41%
  18852 12281       36.0000     2       37.0000       35.0000   693575    5.41%
  18853 12282       36.0000     2       37.0000       35.0000   693590    5.41%
  18854 12283       36.0000     2       37.0000       35.0000   693616    5.41%
  18855 12284       36.0000     2       37.0000       35.0000   693620    5.41%
  18856 12285       36.0000     2       37.0000       35.0000   693621    5.41%
  18857 12286       36.0000     2       37.0000       35.0000   693624    5.41%
Elapsed time = 27.10 sec. (42813.68 ticks, tree = 12.96 MB, solutions = 6)
  21216 14016       36.0000     6       37.0000       35.0000   759437    5.41%
  21217 14017       36.0000     4       37.0000       35.0000   759469    5.41%
  21218 14016        cutoff             37.0000       35.0000   759598    5.41%
  21219 14015        cutoff             37.0000       35.0000   759654    5.41%
  21220 14014    infeasible             37.0000       35.0000   759654    5.41%
  21221 14015       35.0055     8       37.0000       35.0000   759798    5.41%
  21222 14016       35.0055     7       37.0000       35.0000   759816    5.41%
  21223 14017       35.0055     7       37.0000       35.0000   759817    5.41%
  21224 14018       35.0220     7       37.0000       35.0000   759818    5.41%
  21225 14019       35.1761     7       37.0000       35.0000   759821    5.41%
Elapsed time = 29.52 sec. (46645.53 ticks, tree = 14.72 MB, solutions = 6)
  23141 15483       36.0000    21       37.0000       35.0000   829342    5.41%
  23142 15484       36.0000    23       37.0000       35.0000   829395    5.41%
  23143 15485       36.0000    21       37.0000       35.0000   829397    5.41%
  23144 15486       36.0000    19       37.0000       35.0000   829462    5.41%
  23145 15485        cutoff             37.0000       35.0000   829635    5.41%
  23146 15486       36.0000    26       37.0000       35.0000   829702    5.41%
  23147 15487       36.0000    26       37.0000       35.0000   829768    5.41%
  23148 15488       36.0000    27       37.0000       35.0000   829773    5.41%
  23149 15489       36.0000    29       37.0000       35.0000   829797    5.41%
  23150 15490       36.0000    19       37.0000       35.0000   829818    5.41%
Elapsed time = 31.97 sec. (50500.99 ticks, tree = 16.21 MB, solutions = 6)
  24677 16571       35.0708     5       37.0000       35.0000   907620    5.41%
  24678 16572       35.0708     3       37.0000       35.0000   907621    5.41%
  24679 16573       35.0860     3       37.0000       35.0000   907666    5.41%
  24680 16574       35.0854     4       37.0000       35.0000   907970    5.41%
  24681 16575       35.0946     7       37.0000       35.0000   908007    5.41%
  24682 16576       35.0946     7       37.0000       35.0000   908015    5.41%
  24683 16577       35.2212     3       37.0000       35.0000   908052    5.41%
  24684 16578       35.2604     3       37.0000       35.0000   908058    5.41%
  24685 16579       35.2617     3       37.0000       35.0000   908077    5.41%
  24686 16580       35.3439     3       37.0000       35.0000   908093    5.41%
Elapsed time = 34.36 sec. (54353.62 ticks, tree = 17.79 MB, solutions = 6)
  27590 18603       36.0000    11       37.0000       35.0000   975188    5.41%
  27591 18604       36.0000     6       37.0000       35.0000   975286    5.41%
  27592 18605       36.0000    11       37.0000       35.0000   975327    5.41%
  27593 18606       36.0000    11       37.0000       35.0000   975328    5.41%
  27594 18607       36.0000    11       37.0000       35.0000   975334    5.41%
  27595 18608       36.0000    10       37.0000       35.0000   975337    5.41%
  27596 18609       36.0000     6       37.0000       35.0000   975350    5.41%
  27597 18610       36.0000     4       37.0000       35.0000   975489    5.41%
  27598 18611       36.0000     6       37.0000       35.0000   975696    5.41%
  27599 18612       36.0000     6       37.0000       35.0000   975698    5.41%
Elapsed time = 36.69 sec. (58196.29 ticks, tree = 19.87 MB, solutions = 6)
  28691 19396       36.0000     3       37.0000       35.0000  1055364    5.41%
  28692 19397       36.0000     2       37.0000       35.0000  1055391    5.41%
  28693 19398       36.0000     2       37.0000       35.0000  1055398    5.41%
  28694 19399       36.0000     2       37.0000       35.0000  1055402    5.41%
  28695 19400       36.0000     2       37.0000       35.0000  1055403    5.41%
  28696 19401       36.0000     2       37.0000       35.0000  1055409    5.41%
  28697 19402       36.0000     2       37.0000       35.0000  1055414    5.41%
  28698 19403       36.0000     2       37.0000       35.0000  1055415    5.41%
  28699 19404       36.0000     2       37.0000       35.0000  1055416    5.41%
  28700 19405       36.0000     2       37.0000       35.0000  1055417    5.41%
Elapsed time = 39.16 sec. (62017.19 ticks, tree = 20.67 MB, solutions = 6)
  30187 20583       35.2641    19       37.0000       35.0000  1131101    5.41%
  30188 20584       35.3333    17       37.0000       35.0000  1131112    5.41%
  30189 20585       35.3333    17       37.0000       35.0000  1131113    5.41%
  30190 20586       35.3333    14       37.0000       35.0000  1131135    5.41%
  30191 20587       35.3333    13       37.0000       35.0000  1131365    5.41%
  30192 20588       35.3333    13       37.0000       35.0000  1131374    5.41%
  30193 20589       35.3333    13       37.0000       35.0000  1131381    5.41%
  30194 20590       35.3592    12       37.0000       35.0000  1131529    5.41%
  30195 20590       35.3592    11       37.0000       35.0000  1131530    5.41%
  30196 20590       35.3622    11       37.0000       35.0000  1131544    5.41%
Elapsed time = 41.57 sec. (65851.16 ticks, tree = 21.88 MB, solutions = 6)
  31212 21399       35.2500    20       37.0000       35.0000  1199823    5.41%
  31213 21400       35.3333    20       37.0000       35.0000  1199826    5.41%
  31214 21401       35.3333    20       37.0000       35.0000  1199827    5.41%
  31215 21402       35.3333    19       37.0000       35.0000  1199828    5.41%
  31216 21403       35.3333    18       37.0000       35.0000  1200013    5.41%
  31217 21404       35.3333    18       37.0000       35.0000  1200033    5.41%
  31218 21405       35.3333    17       37.0000       35.0000  1200139    5.41%
  31219 21406       35.3333    17       37.0000       35.0000  1200143    5.41%
  31220 21407       35.3333    18       37.0000       35.0000  1200325    5.41%
  31221 21408       35.3333    18       37.0000       35.0000  1200623    5.41%
Elapsed time = 44.02 sec. (69704.36 ticks, tree = 22.71 MB, solutions = 6)
  32819 22642       36.0000    20       37.0000       35.0000  1277489    5.41%
  32820 22643       36.0000    17       37.0000       35.0000  1277515    5.41%
  32821 22644       36.0000    16       37.0000       35.0000  1277602    5.41%
  32822 22643        cutoff             37.0000       35.0000  1277807    5.41%
  32823 22644       36.0000    23       37.0000       35.0000  1278027    5.41%
  32824 22645       36.0000    21       37.0000       35.0000  1278075    5.41%
  32825 22644        cutoff             37.0000       35.0000  1278278    5.41%
  32826 22645       36.0000    18       37.0000       35.0000  1278282    5.41%
  32827 22646       36.0000    23       37.0000       35.0000  1278476    5.41%
  32828 22645        cutoff             37.0000       35.0000  1278614    5.41%
Elapsed time = 46.71 sec. (73756.06 ticks, tree = 24.02 MB, solutions = 6)
  34092 23607       35.1250    20       37.0000       35.0000  1345153    5.41%
  34093 23608       35.1250    19       37.0000       35.0000  1345290    5.41%
  34094 23609       35.1250    18       37.0000       35.0000  1345390    5.41%
  34095 23610       35.2000    16       37.0000       35.0000  1345421    5.41%
  34096 23611       35.2000    14       37.0000       35.0000  1345443    5.41%
  34097 23612       35.3333    12       37.0000       35.0000  1345466    5.41%
  34098 23613       35.3333    11       37.0000       35.0000  1345471    5.41%
  34099 23614       36.0000     4       37.0000       35.0000  1345474    5.41%
  34100 23615       36.0000     4       37.0000       35.0000  1345578    5.41%
  34101 23616       36.0000     4       37.0000       35.0000  1345588    5.41%
Elapsed time = 49.13 sec. (77620.78 ticks, tree = 25.00 MB, solutions = 6)
  34940 24291       36.0000     2       37.0000       35.0000  1412412    5.41%
  34941 24292       36.0000     2       37.0000       35.0000  1412414    5.41%
  34942 24293       36.0000     2       37.0000       35.0000  1412416    5.41%
  34943 24294       36.0000     2       37.0000       35.0000  1412423    5.41%
  34944 24295       36.0000     2       37.0000       35.0000  1412427    5.41%
  34945 24296       36.0000     2       37.0000       35.0000  1412429    5.41%
  34946 24297       36.0000     2       37.0000       35.0000  1412430    5.41%
  34947 24298       36.0000     2       37.0000       35.0000  1412433    5.41%
  34948 24299       36.0000     2       37.0000       35.0000  1412436    5.41%
  34949 24300       36.0000     2       37.0000       35.0000  1412440    5.41%
Elapsed time = 51.65 sec. (81548.22 ticks, tree = 25.70 MB, solutions = 6)
* 35464 24723      integral     0       36.0000       35.0000  1441604    2.78%

Cover cuts applied:  71
Implied bound cuts applied:  163
Flow cuts applied:  14
Mixed integer rounding cuts applied:  37
Lift and project cuts applied:  1
Gomory fractional cuts applied:  2

Root node processing (before b&c):
  Real time             =    0.73 sec. (1024.69 ticks)
Sequential b&c:
  Real time             =   51.82 sec. (81985.62 ticks)
                          ------------
Total (root+branch&cut) =   52.55 sec. (83010.31 ticks)

Solution pool: 7 solutions saved.

MIP - Integer optimal, tolerance (0.04/1e-06):  Objective =  3.6000006041e+01
Current MIP best bound =  3.5000000000e+01 (gap = 1.00001, 2.78%)
Solution time =   52.55 sec.  Iterations = 1441604  Nodes = 35465 (24723)
Deterministic time = 83011.36 ticks  (1579.66 ticks/sec)


Incumbent solution written to file '/tmp/tmpyWXmSZ.cplex.sol'.

Log started (V12.6.3.0) Mon Jul 24 16:43:21 2017

New value for default parallel thread count: 1

Problem '/tmp/tmpUhwrd9.pyomo.lp' read.
Read time = 0.45 sec. (36.78 ticks)

Problem name         : /tmp/tmpUhwrd9.pyomo.lp
Objective sense      : Minimize
Variables            :  365927  [Nneg: 365569,  Binary: 357,  General Integer: 1]
Objective nonzeros   :       1
Linear constraints   :  178647  [Less: 357,  Equal: 178290]
  Nonzeros           : 1274330
  RHS nonzeros       :     193

Variables            : Min LB: 0.000000         Max UB: 1.000000       
Objective nonzeros   : Min   : 1.000000         Max   : 1.000000       
Linear constraints   :
  Nonzeros           : Min   : 1.000000         Max   : 1.487607e+07   
  RHS nonzeros       : Min   : 1.000000         Max   : 1.718088e+07   
Tried aggregator 2 times.
MIP Presolve eliminated 178273 rows and 362604 columns.
Aggregator did 10 substitutions.
Reduced MIP has 364 rows, 3313 columns, and 9572 nonzeros.
Reduced MIP has 187 binaries, 0 generals, 0 SOSs, and 0 indicators.
Presolve time = 0.20 sec. (263.32 ticks)
Found incumbent of value 195.000000 after 0.29 sec. (355.46 ticks)
Tried aggregator 1 time.
MIP Presolve eliminated 4 rows and 0 columns.
MIP Presolve added 8 rows and 0 columns.
Reduced MIP has 368 rows, 3313 columns, and 9576 nonzeros.
Reduced MIP has 187 binaries, 0 generals, 0 SOSs, and 0 indicators.
Presolve time = 0.00 sec. (4.83 ticks)
Probing time = 0.00 sec. (0.37 ticks)
Clique table members: 11.
MIP emphasis: balance optimality and feasibility.
MIP search method: dynamic search.
Parallel mode: none, using 1 thread.
Root relaxation solution time = 0.01 sec. (19.68 ticks)

        Nodes                                         Cuts/
   Node  Left     Objective  IInf  Best Integer    Best Bound    ItCnt     Gap

*     0+    0                          195.0000        8.0000            95.90%
      0     0       32.2137    26      195.0000       32.2137     1513   83.48%
*     0+    0                           44.0000       32.2137            26.79%
      0     0       32.8073    31       44.0000     Cuts: 103     3780   25.44%
      0     0       32.9478    22       44.0000     Cuts: 192     4919   25.12%
      0     0       33.0913    17       44.0000     Cuts: 192     5274   24.79%
*     0+    0                           41.0000       33.0913            19.29%
*     0+    0                           39.0000       33.0913            15.15%
*     0+    0                           38.0000       33.0913            12.92%
*     0+    0                           37.0000       33.0913            10.56%
      0     0       33.2849    23       37.0000     Cuts: 192     5632   10.04%
      0     0       33.5864    33       37.0000     Cuts: 192     6016    9.23%
      0     0       34.2518    33       37.0000     Cuts: 192     6385    7.43%
      0     0       34.4203    20       37.0000     Cuts: 192     6748    6.97%
      0     0       34.4203    23       37.0000     Cuts: 192     6957    6.97%
      0     0       34.4205    24       37.0000      Cuts: 27     7060    6.97%
      0     2       34.4205    10       37.0000       34.4205     7060    6.97%
Elapsed time = 0.73 sec. (1002.54 ticks, tree = 0.01 MB, solutions = 6)
     22    20       34.5552    22       37.0000       34.5437    11243    6.64%
     23    21       34.7007    21       37.0000       34.5437    11357    6.64%
     24    22       34.5552    22       37.0000       34.5437    11372    6.64%
     25    23       34.5552    20       37.0000       34.5437    11401    6.64%
     26    24       34.6791    16       37.0000       34.5437    11576    6.64%
     27    25       34.7566    19       37.0000       34.5437    11645    6.64%
     28    26       34.7448    18       37.0000       34.5437    11664    6.64%
     29    27       35.0369    15       37.0000       34.5437    11788    6.64%
     30    28       35.4004    12       37.0000       34.5437    11952    6.64%
    222   170       35.5965    10       37.0000       34.5865    26967    6.52%
Elapsed time = 1.35 sec. (1958.09 ticks, tree = 0.18 MB, solutions = 6)
    402   296       34.7280    12       37.0000       34.6334    46563    6.40%

Cover cuts applied:  33
Implied bound cuts applied:  248
Flow cuts applied:  12
Mixed integer rounding cuts applied:  12
Gomory fractional cuts applied:  3

Root node processing (before b&c):
  Real time             =    0.75 sec. (1022.25 ticks)
Sequential b&c:
  Real time             =    1.27 sec. (1940.34 ticks)
                          ------------
Total (root+branch&cut) =    2.02 sec. (2962.59 ticks)

Solution pool: 6 solutions saved.

MIP - Time limit exceeded, integer feasible:  Objective =  3.7000000000e+01
Current MIP best bound =  3.4633407934e+01 (gap = 2.36659, 6.40%)
Solution time =    2.02 sec.  Iterations = 47006  Nodes = 403 (296)
Deterministic time = 2963.63 ticks  (1469.65 ticks/sec)


Incumbent solution written to file '/tmp/tmpVKecfa.cplex.sol'.

Log started (V12.6.3.0) Mon Jul 24 16:44:59 2017

New value for default parallel thread count: 1

Problem '/tmp/tmpP9AplR.pyomo.lp' read.
Read time = 0.46 sec. (36.78 ticks)

Problem name         : /tmp/tmpP9AplR.pyomo.lp
Objective sense      : Minimize
Variables            :  365927  [Nneg: 365569,  Binary: 357,  General Integer: 1]
Objective nonzeros   :       1
Linear constraints   :  178647  [Less: 357,  Equal: 178290]
  Nonzeros           : 1274330
  RHS nonzeros       :     193

Variables            : Min LB: 0.000000         Max UB: 1.000000       
Objective nonzeros   : Min   : 1.000000         Max   : 1.000000       
Linear constraints   :
  Nonzeros           : Min   : 1.000000         Max   : 1.487607e+07   
  RHS nonzeros       : Min   : 1.000000         Max   : 1.718088e+07   
Tried aggregator 2 times.
MIP Presolve eliminated 178273 rows and 362604 columns.
Aggregator did 10 substitutions.
Reduced MIP has 364 rows, 3313 columns, and 9572 nonzeros.
Reduced MIP has 187 binaries, 0 generals, 0 SOSs, and 0 indicators.
Presolve time = 0.22 sec. (263.32 ticks)
Found incumbent of value 195.000000 after 0.31 sec. (355.46 ticks)
Tried aggregator 1 time.
MIP Presolve eliminated 4 rows and 0 columns.
MIP Presolve added 8 rows and 0 columns.
Reduced MIP has 368 rows, 3313 columns, and 9576 nonzeros.
Reduced MIP has 187 binaries, 0 generals, 0 SOSs, and 0 indicators.
Presolve time = 0.00 sec. (4.83 ticks)
Probing time = 0.00 sec. (0.37 ticks)
Clique table members: 11.
MIP emphasis: balance optimality and feasibility.
MIP search method: dynamic search.
Parallel mode: none, using 1 thread.
Root relaxation solution time = 0.01 sec. (19.68 ticks)

        Nodes                                         Cuts/
   Node  Left     Objective  IInf  Best Integer    Best Bound    ItCnt     Gap

*     0+    0                          195.0000        8.0000            95.90%
      0     0       32.2137    26      195.0000       32.2137     1513   83.48%
*     0+    0                           44.0000       32.2137            26.79%
      0     0       32.8073    31       44.0000     Cuts: 103     3780   25.44%
      0     0       32.9478    22       44.0000     Cuts: 192     4919   25.12%
      0     0       33.0913    17       44.0000     Cuts: 192     5274   24.79%
*     0+    0                           41.0000       33.0913            19.29%
*     0+    0                           39.0000       33.0913            15.15%
*     0+    0                           38.0000       33.0913            12.92%
*     0+    0                           37.0000       33.0913            10.56%
      0     0       33.2849    23       37.0000     Cuts: 192     5632   10.04%
      0     0       33.5864    33       37.0000     Cuts: 192     6016    9.23%
      0     0       34.2518    33       37.0000     Cuts: 192     6385    7.43%
      0     0       34.4203    20       37.0000     Cuts: 192     6748    6.97%
      0     0       34.4203    23       37.0000     Cuts: 192     6957    6.97%
      0     0       34.4205    24       37.0000      Cuts: 27     7060    6.97%
      0     2       34.4205    10       37.0000       34.4205     7060    6.97%
Elapsed time = 0.75 sec. (1002.54 ticks, tree = 0.01 MB, solutions = 6)
     22    20       34.5552    22       37.0000       34.5437    11243    6.64%
     23    21       34.7007    21       37.0000       34.5437    11357    6.64%
     24    22       34.5552    22       37.0000       34.5437    11372    6.64%
     25    23       34.5552    20       37.0000       34.5437    11401    6.64%
     26    24       34.6791    16       37.0000       34.5437    11576    6.64%
     27    25       34.7566    19       37.0000       34.5437    11645    6.64%
     28    26       34.7448    18       37.0000       34.5437    11664    6.64%
     29    27       35.0369    15       37.0000       34.5437    11788    6.64%
     30    28       35.4004    12       37.0000       34.5437    11952    6.64%
    222   170       35.5965    10       37.0000       34.5865    26967    6.52%
Elapsed time = 1.38 sec. (1958.09 ticks, tree = 0.18 MB, solutions = 6)

Cover cuts applied:  33
Implied bound cuts applied:  247
Flow cuts applied:  12
Mixed integer rounding cuts applied:  12
Gomory fractional cuts applied:  3

Root node processing (before b&c):
  Real time             =    0.76 sec. (1022.25 ticks)
Sequential b&c:
  Real time             =    1.26 sec. (1875.55 ticks)
                          ------------
Total (root+branch&cut) =    2.02 sec. (2897.80 ticks)

Solution pool: 6 solutions saved.

MIP - Time limit exceeded, integer feasible:  Objective =  3.7000000000e+01
Current MIP best bound =  3.4630413455e+01 (gap = 2.36959, 6.40%)
Solution time =    2.02 sec.  Iterations = 45545  Nodes = 400 (296)
Deterministic time = 2898.85 ticks  (1436.15 ticks/sec)


Incumbent solution written to file '/tmp/tmp8D9Eov.cplex.sol'.

Log started (V12.6.3.0) Mon Jul 24 16:56:22 2017

New value for default parallel thread count: 1

Problem '/tmp/tmpznZS6c.pyomo.lp' read.
Read time = 0.47 sec. (36.78 ticks)

Problem name         : /tmp/tmpznZS6c.pyomo.lp
Objective sense      : Minimize
Variables            :  365927  [Nneg: 365569,  Binary: 357,  General Integer: 1]
Objective nonzeros   :       1
Linear constraints   :  178647  [Less: 357,  Equal: 178290]
  Nonzeros           : 1274330
  RHS nonzeros       :     193

Variables            : Min LB: 0.000000         Max UB: 1.000000       
Objective nonzeros   : Min   : 1.000000         Max   : 1.000000       
Linear constraints   :
  Nonzeros           : Min   : 1.000000         Max   : 1.487607e+07   
  RHS nonzeros       : Min   : 1.000000         Max   : 1.718088e+07   
Tried aggregator 2 times.
MIP Presolve eliminated 178273 rows and 362604 columns.
Aggregator did 10 substitutions.
Reduced MIP has 364 rows, 3313 columns, and 9572 nonzeros.
Reduced MIP has 187 binaries, 0 generals, 0 SOSs, and 0 indicators.
Presolve time = 0.20 sec. (263.32 ticks)
Found incumbent of value 195.000000 after 0.29 sec. (355.46 ticks)
Tried aggregator 1 time.
MIP Presolve eliminated 4 rows and 0 columns.
MIP Presolve added 8 rows and 0 columns.
Reduced MIP has 368 rows, 3313 columns, and 9576 nonzeros.
Reduced MIP has 187 binaries, 0 generals, 0 SOSs, and 0 indicators.
Presolve time = 0.00 sec. (4.83 ticks)
Probing time = 0.00 sec. (0.37 ticks)
Clique table members: 11.
MIP emphasis: balance optimality and feasibility.
MIP search method: dynamic search.
Parallel mode: none, using 1 thread.
Root relaxation solution time = 0.01 sec. (19.68 ticks)

        Nodes                                         Cuts/
   Node  Left     Objective  IInf  Best Integer    Best Bound    ItCnt     Gap

*     0+    0                          195.0000        8.0000            95.90%
      0     0       32.2137    26      195.0000       32.2137     1513   83.48%
*     0+    0                           44.0000       32.2137            26.79%
      0     0       32.8073    31       44.0000     Cuts: 103     3780   25.44%
      0     0       32.9478    22       44.0000     Cuts: 192     4919   25.12%
      0     0       33.0913    17       44.0000     Cuts: 192     5274   24.79%
*     0+    0                           41.0000       33.0913            19.29%
*     0+    0                           39.0000       33.0913            15.15%
*     0+    0                           38.0000       33.0913            12.92%
*     0+    0                           37.0000       33.0913            10.56%
      0     0       33.2849    23       37.0000     Cuts: 192     5632   10.04%
      0     0       33.5864    33       37.0000     Cuts: 192     6016    9.23%
      0     0       34.2518    33       37.0000     Cuts: 192     6385    7.43%
      0     0       34.4203    20       37.0000     Cuts: 192     6748    6.97%
      0     0       34.4203    23       37.0000     Cuts: 192     6957    6.97%
      0     0       34.4205    24       37.0000      Cuts: 27     7060    6.97%
      0     2       34.4205    10       37.0000       34.4205     7060    6.97%
Elapsed time = 0.73 sec. (1002.54 ticks, tree = 0.01 MB, solutions = 6)
     22    20       34.5552    22       37.0000       34.5437    11243    6.64%
     23    21       34.7007    21       37.0000       34.5437    11357    6.64%
     24    22       34.5552    22       37.0000       34.5437    11372    6.64%
     25    23       34.5552    20       37.0000       34.5437    11401    6.64%
     26    24       34.6791    16       37.0000       34.5437    11576    6.64%
     27    25       34.7566    19       37.0000       34.5437    11645    6.64%
     28    26       34.7448    18       37.0000       34.5437    11664    6.64%
     29    27       35.0369    15       37.0000       34.5437    11788    6.64%
     30    28       35.4004    12       37.0000       34.5437    11952    6.64%
    222   170       35.5965    10       37.0000       34.5865    26967    6.52%
Elapsed time = 1.35 sec. (1958.09 ticks, tree = 0.18 MB, solutions = 6)
    402   296       34.7280    12       37.0000       34.6334    46563    6.40%
    403   297       34.7426    13       37.0000       34.6334    47968    6.40%
    404   298       34.7468     9       37.0000       34.6334    48231    6.40%
    405   299       34.7468     8       37.0000       34.6334    48336    6.40%
    406   300       34.7740     7       37.0000       34.6334    48486    6.40%
    407   301       34.7704    10       37.0000       34.6334    48499    6.40%
    408   302       35.5775    13       37.0000       34.6334    48566    6.40%
    409   303       35.0259    10       37.0000       34.6334    48706    6.40%
    410   304       34.9961    13       37.0000       34.6334    49090    6.40%
    411   305       35.0265     8       37.0000       34.6334    49094    6.40%
Elapsed time = 2.05 sec. (3003.25 ticks, tree = 0.33 MB, solutions = 6)
    655   465       35.4499    17       37.0000       34.6880    70356    6.25%
    656   466       36.0000    16       37.0000       34.6880    70357    6.25%
    657   467       36.0000    15       37.0000       34.6880    70378    6.25%
    658   468       36.0000    13       37.0000       34.6880    70383    6.25%
    659   469       36.0000    11       37.0000       34.6880    70384    6.25%
    660   470       36.0000    11       37.0000       34.6880    70422    6.25%
    661   471       36.0000    11       37.0000       34.6880    70423    6.25%
    662   472       36.0000    10       37.0000       34.6880    70577    6.25%
    663   473       36.0000    14       37.0000       34.6880    70848    6.25%
    664   474       36.0000    11       37.0000       34.6880    70920    6.25%
Elapsed time = 2.70 sec. (3980.49 ticks, tree = 0.52 MB, solutions = 6)

Cover cuts applied:  33
Implied bound cuts applied:  302
Flow cuts applied:  13
Mixed integer rounding cuts applied:  12
Gomory fractional cuts applied:  3

Root node processing (before b&c):
  Real time             =    0.74 sec. (1022.25 ticks)
Sequential b&c:
  Real time             =    2.27 sec. (3421.68 ticks)
                          ------------
Total (root+branch&cut) =    3.02 sec. (4443.93 ticks)

Solution pool: 6 solutions saved.

MIP - Time limit exceeded, integer feasible:  Objective =  3.7000000000e+01
Current MIP best bound =  3.4731776833e+01 (gap = 2.26822, 6.13%)
Solution time =    3.02 sec.  Iterations = 78455  Nodes = 800 (570)
Deterministic time = 4444.98 ticks  (1473.14 ticks/sec)


Incumbent solution written to file '/tmp/tmp4uDvTz.cplex.sol'.

Log started (V12.6.3.0) Mon Jul 24 16:57:42 2017

New value for default parallel thread count: 1

Problem '/tmp/tmpagHmJ1.pyomo.lp' read.
Read time = 0.45 sec. (36.78 ticks)

Problem name         : /tmp/tmpagHmJ1.pyomo.lp
Objective sense      : Minimize
Variables            :  365927  [Nneg: 365569,  Binary: 357,  General Integer: 1]
Objective nonzeros   :       1
Linear constraints   :  178647  [Less: 357,  Equal: 178290]
  Nonzeros           : 1274330
  RHS nonzeros       :     193

Variables            : Min LB: 0.000000         Max UB: 1.000000       
Objective nonzeros   : Min   : 1.000000         Max   : 1.000000       
Linear constraints   :
  Nonzeros           : Min   : 1.000000         Max   : 1.487607e+07   
  RHS nonzeros       : Min   : 1.000000         Max   : 1.718088e+07   
Tried aggregator 2 times.
MIP Presolve eliminated 178273 rows and 362604 columns.
Aggregator did 10 substitutions.
Reduced MIP has 364 rows, 3313 columns, and 9572 nonzeros.
Reduced MIP has 187 binaries, 0 generals, 0 SOSs, and 0 indicators.
Presolve time = 0.20 sec. (263.32 ticks)
Found incumbent of value 195.000000 after 0.29 sec. (355.46 ticks)
Tried aggregator 1 time.
MIP Presolve eliminated 4 rows and 0 columns.
MIP Presolve added 8 rows and 0 columns.
Reduced MIP has 368 rows, 3313 columns, and 9576 nonzeros.
Reduced MIP has 187 binaries, 0 generals, 0 SOSs, and 0 indicators.
Presolve time = 0.00 sec. (4.83 ticks)
Probing time = 0.00 sec. (0.37 ticks)
Clique table members: 11.
MIP emphasis: balance optimality and feasibility.
MIP search method: dynamic search.
Parallel mode: none, using 1 thread.
Root relaxation solution time = 0.01 sec. (19.68 ticks)

        Nodes                                         Cuts/
   Node  Left     Objective  IInf  Best Integer    Best Bound    ItCnt     Gap

*     0+    0                          195.0000        8.0000            95.90%
      0     0       32.2137    26      195.0000       32.2137     1513   83.48%
*     0+    0                           44.0000       32.2137            26.79%
      0     0       32.8073    31       44.0000     Cuts: 103     3780   25.44%
      0     0       32.9478    22       44.0000     Cuts: 192     4919   25.12%
      0     0       33.0913    17       44.0000     Cuts: 192     5274   24.79%
*     0+    0                           41.0000       33.0913            19.29%
*     0+    0                           39.0000       33.0913            15.15%
*     0+    0                           38.0000       33.0913            12.92%
*     0+    0                           37.0000       33.0913            10.56%
      0     0       33.2849    23       37.0000     Cuts: 192     5632   10.04%
      0     0       33.5864    33       37.0000     Cuts: 192     6016    9.23%
      0     0       34.2518    33       37.0000     Cuts: 192     6385    7.43%
      0     0       34.4203    20       37.0000     Cuts: 192     6748    6.97%
      0     0       34.4203    23       37.0000     Cuts: 192     6957    6.97%
      0     0       34.4205    24       37.0000      Cuts: 27     7060    6.97%
      0     2       34.4205    10       37.0000       34.4205     7060    6.97%
Elapsed time = 0.73 sec. (1002.54 ticks, tree = 0.01 MB, solutions = 6)
     22    20       34.5552    22       37.0000       34.5437    11243    6.64%
     23    21       34.7007    21       37.0000       34.5437    11357    6.64%
     24    22       34.5552    22       37.0000       34.5437    11372    6.64%
     25    23       34.5552    20       37.0000       34.5437    11401    6.64%
     26    24       34.6791    16       37.0000       34.5437    11576    6.64%
     27    25       34.7566    19       37.0000       34.5437    11645    6.64%
     28    26       34.7448    18       37.0000       34.5437    11664    6.64%
     29    27       35.0369    15       37.0000       34.5437    11788    6.64%
     30    28       35.4004    12       37.0000       34.5437    11952    6.64%
    222   170       35.5965    10       37.0000       34.5865    26967    6.52%
Elapsed time = 1.35 sec. (1958.09 ticks, tree = 0.18 MB, solutions = 6)
    402   296       34.7280    12       37.0000       34.6334    46563    6.40%
    403   297       34.7426    13       37.0000       34.6334    47968    6.40%
    404   298       34.7468     9       37.0000       34.6334    48231    6.40%
    405   299       34.7468     8       37.0000       34.6334    48336    6.40%
    406   300       34.7740     7       37.0000       34.6334    48486    6.40%
    407   301       34.7704    10       37.0000       34.6334    48499    6.40%
    408   302       35.5775    13       37.0000       34.6334    48566    6.40%
    409   303       35.0259    10       37.0000       34.6334    48706    6.40%
    410   304       34.9961    13       37.0000       34.6334    49090    6.40%
    411   305       35.0265     8       37.0000       34.6334    49094    6.40%
Elapsed time = 2.04 sec. (3003.25 ticks, tree = 0.33 MB, solutions = 6)
    655   465       35.4499    17       37.0000       34.6880    70356    6.25%
    656   466       36.0000    16       37.0000       34.6880    70357    6.25%
    657   467       36.0000    15       37.0000       34.6880    70378    6.25%
    658   468       36.0000    13       37.0000       34.6880    70383    6.25%
    659   469       36.0000    11       37.0000       34.6880    70384    6.25%
    660   470       36.0000    11       37.0000       34.6880    70422    6.25%
    661   471       36.0000    11       37.0000       34.6880    70423    6.25%
    662   472       36.0000    10       37.0000       34.6880    70577    6.25%
    663   473       36.0000    14       37.0000       34.6880    70848    6.25%
    664   474       36.0000    11       37.0000       34.6880    70920    6.25%
Elapsed time = 2.69 sec. (3980.49 ticks, tree = 0.52 MB, solutions = 6)

Cover cuts applied:  33
Implied bound cuts applied:  302
Flow cuts applied:  13
Mixed integer rounding cuts applied:  12
Gomory fractional cuts applied:  3

Root node processing (before b&c):
  Real time             =    0.74 sec. (1022.25 ticks)
Sequential b&c:
  Real time             =    2.28 sec. (3430.60 ticks)
                          ------------
Total (root+branch&cut) =    3.02 sec. (4452.86 ticks)

Solution pool: 6 solutions saved.

MIP - Time limit exceeded, integer feasible:  Objective =  3.7000000000e+01
Current MIP best bound =  3.4731776833e+01 (gap = 2.26822, 6.13%)
Solution time =    3.02 sec.  Iterations = 78455  Nodes = 800 (570)
Deterministic time = 4453.90 ticks  (1476.29 ticks/sec)


Incumbent solution written to file '/tmp/tmp78Hqax.cplex.sol'.

Log started (V12.6.3.0) Wed Jul 26 11:53:32 2017

New value for default parallel thread count: 1

Problem '/tmp/tmpP9zh2A.pyomo.lp' read.
Read time = 0.46 sec. (36.78 ticks)

Problem name         : /tmp/tmpP9zh2A.pyomo.lp
Objective sense      : Minimize
Variables            :  365927  [Nneg: 365569,  Binary: 357,  General Integer: 1]
Objective nonzeros   :       1
Linear constraints   :  178647  [Less: 357,  Equal: 178290]
  Nonzeros           : 1274330
  RHS nonzeros       :     193

Variables            : Min LB: 0.000000         Max UB: 1.000000       
Objective nonzeros   : Min   : 1.000000         Max   : 1.000000       
Linear constraints   :
  Nonzeros           : Min   : 1.000000         Max   : 1.487607e+07   
  RHS nonzeros       : Min   : 1.000000         Max   : 1.718088e+07   
Tried aggregator 2 times.
MIP Presolve eliminated 178273 rows and 362604 columns.
Aggregator did 10 substitutions.
Reduced MIP has 364 rows, 3313 columns, and 9572 nonzeros.
Reduced MIP has 187 binaries, 0 generals, 0 SOSs, and 0 indicators.
Presolve time = 0.19 sec. (263.32 ticks)
Found incumbent of value 195.000000 after 0.28 sec. (355.46 ticks)
Tried aggregator 1 time.
MIP Presolve eliminated 4 rows and 0 columns.
MIP Presolve added 8 rows and 0 columns.
Reduced MIP has 368 rows, 3313 columns, and 9576 nonzeros.
Reduced MIP has 187 binaries, 0 generals, 0 SOSs, and 0 indicators.
Presolve time = 0.00 sec. (4.83 ticks)
Probing time = 0.00 sec. (0.37 ticks)
Clique table members: 11.
MIP emphasis: balance optimality and feasibility.
MIP search method: dynamic search.
Parallel mode: none, using 1 thread.
Root relaxation solution time = 0.01 sec. (19.68 ticks)

        Nodes                                         Cuts/
   Node  Left     Objective  IInf  Best Integer    Best Bound    ItCnt     Gap

*     0+    0                          195.0000        8.0000            95.90%
      0     0       32.2137    26      195.0000       32.2137     1513   83.48%
*     0+    0                           44.0000       32.2137            26.79%
      0     0       32.8073    31       44.0000     Cuts: 103     3780   25.44%
      0     0       32.9478    22       44.0000     Cuts: 192     4919   25.12%
      0     0       33.0913    17       44.0000     Cuts: 192     5274   24.79%
*     0+    0                           41.0000       33.0913            19.29%
*     0+    0                           39.0000       33.0913            15.15%
*     0+    0                           38.0000       33.0913            12.92%
*     0+    0                           37.0000       33.0913            10.56%
      0     0       33.2849    23       37.0000     Cuts: 192     5632   10.04%
      0     0       33.5864    33       37.0000     Cuts: 192     6016    9.23%
      0     0       34.2518    33       37.0000     Cuts: 192     6385    7.43%
      0     0       34.4203    20       37.0000     Cuts: 192     6748    6.97%
      0     0       34.4203    23       37.0000     Cuts: 192     6957    6.97%
      0     0       34.4205    24       37.0000      Cuts: 27     7060    6.97%
      0     2       34.4205    10       37.0000       34.4205     7060    6.97%
Elapsed time = 0.71 sec. (1002.54 ticks, tree = 0.01 MB, solutions = 6)
     22    20       34.5552    22       37.0000       34.5437    11243    6.64%
     23    21       34.7007    21       37.0000       34.5437    11357    6.64%
     24    22       34.5552    22       37.0000       34.5437    11372    6.64%
     25    23       34.5552    20       37.0000       34.5437    11401    6.64%
     26    24       34.6791    16       37.0000       34.5437    11576    6.64%
     27    25       34.7566    19       37.0000       34.5437    11645    6.64%
     28    26       34.7448    18       37.0000       34.5437    11664    6.64%
     29    27       35.0369    15       37.0000       34.5437    11788    6.64%
     30    28       35.4004    12       37.0000       34.5437    11952    6.64%
    222   170       35.5965    10       37.0000       34.5865    26967    6.52%
Elapsed time = 1.34 sec. (1958.09 ticks, tree = 0.18 MB, solutions = 6)
    402   296       34.7280    12       37.0000       34.6334    46563    6.40%
    403   297       34.7426    13       37.0000       34.6334    47968    6.40%
    404   298       34.7468     9       37.0000       34.6334    48231    6.40%
    405   299       34.7468     8       37.0000       34.6334    48336    6.40%
    406   300       34.7740     7       37.0000       34.6334    48486    6.40%
    407   301       34.7704    10       37.0000       34.6334    48499    6.40%
    408   302       35.5775    13       37.0000       34.6334    48566    6.40%
    409   303       35.0259    10       37.0000       34.6334    48706    6.40%
    410   304       34.9961    13       37.0000       34.6334    49090    6.40%
    411   305       35.0265     8       37.0000       34.6334    49094    6.40%
Elapsed time = 2.02 sec. (3003.25 ticks, tree = 0.33 MB, solutions = 6)
    655   465       35.4499    17       37.0000       34.6880    70356    6.25%
    656   466       36.0000    16       37.0000       34.6880    70357    6.25%
    657   467       36.0000    15       37.0000       34.6880    70378    6.25%
    658   468       36.0000    13       37.0000       34.6880    70383    6.25%
    659   469       36.0000    11       37.0000       34.6880    70384    6.25%
    660   470       36.0000    11       37.0000       34.6880    70422    6.25%
    661   471       36.0000    11       37.0000       34.6880    70423    6.25%
    662   472       36.0000    10       37.0000       34.6880    70577    6.25%
    663   473       36.0000    14       37.0000       34.6880    70848    6.25%
    664   474       36.0000    11       37.0000       34.6880    70920    6.25%
Elapsed time = 2.67 sec. (3980.49 ticks, tree = 0.52 MB, solutions = 6)
    928   647       35.1786     8       37.0000       34.7511    90569    6.08%
    929   647       35.2027     6       37.0000       34.7511    90647    6.08%
    930   648       35.2619     6       37.0000       34.7511    90652    6.08%
    931   649       35.2619     6       37.0000       34.7511    90660    6.08%
    932   650       35.2654     6       37.0000       34.7511    90726    6.08%
    933   651       35.2654     6       37.0000       34.7511    90744    6.08%
    934   651       35.4440     5       37.0000       34.7511    90746    6.08%
    935   651       35.4530     5       37.0000       34.7511    90764    6.08%
    936   651       35.4553     5       37.0000       34.7511    90779    6.08%
    937   651       35.4779     5       37.0000       34.7511    90794    6.08%
Elapsed time = 3.30 sec. (4943.91 ticks, tree = 0.73 MB, solutions = 6)
    940   652       34.4366    33       37.0000       34.7549    98499    6.07%
    941   652       34.4362    33       37.0000       34.7549    98892    6.07%
    942   653       34.4595    27       37.0000       34.7549    99076    6.07%
    943   654       34.4771    21       37.0000       34.7549    99426    6.07%
    944   655       35.0000    23       37.0000       34.7549    99611    6.07%
    945   656       35.0000    21       37.0000       34.7549    99612    6.07%
    946   656       35.6560    28       37.0000       34.7549   100444    6.07%
    947   656       35.0000    19       37.0000       34.7549   100447    6.07%
    948   657       35.0000    28       37.0000       34.7549   100731    6.07%
    949   658       35.0000    19       37.0000       34.7549   100746    6.07%
Elapsed time = 4.30 sec. (6394.18 ticks, tree = 0.74 MB, solutions = 6)
   1070   643       35.0000    17       37.0000       35.0000   112502    5.41%
   1071   643       35.4494    15       37.0000       35.0000   112932    5.41%
   1072   637        cutoff             37.0000       35.0000   112981    5.41%
   1073   637       35.4494    16       37.0000       35.0000   113068    5.41%
   1074   638       35.4494    14       37.0000       35.0000   113073    5.41%
   1075   639       36.0000    13       37.0000       35.0000   113075    5.41%
   1076   640       36.0000    18       37.0000       35.0000   113138    5.41%
   1077   641       36.0000    20       37.0000       35.0000   113221    5.41%
   1078   642       36.0000    15       37.0000       35.0000   113627    5.41%
   1079   643       36.0000    17       37.0000       35.0000   114065    5.41%
Elapsed time = 4.93 sec. (7417.32 ticks, tree = 0.76 MB, solutions = 6)
   1460   618       35.0339     2       37.0000       35.0000   125480    5.41%
   1461   618       35.0339     2       37.0000       35.0000   125481    5.41%
   1462   619       35.0339     2       37.0000       35.0000   125482    5.41%
   1463   620       35.0339     2       37.0000       35.0000   125483    5.41%
   1464   620       35.0339     2       37.0000       35.0000   125484    5.41%
   1465   620       35.0339     2       37.0000       35.0000   125485    5.41%
   1466   620       35.0573     2       37.0000       35.0000   125486    5.41%
   1467   620       35.2214     4       37.0000       35.0000   125487    5.41%
   1468   620       35.3875     4       37.0000       35.0000   125488    5.41%
   1469   621       35.3875     4       37.0000       35.0000   125489    5.41%
Elapsed time = 5.57 sec. (8376.77 ticks, tree = 0.72 MB, solutions = 6)
   1873   695       35.0135    13       37.0000       35.0000   137943    5.41%
   1874   696       35.0135    13       37.0000       35.0000   137949    5.41%
   1875   697       35.0135    13       37.0000       35.0000   137951    5.41%
   1876   698       35.0135    12       37.0000       35.0000   137952    5.41%
   1877   698       35.0135    12       37.0000       35.0000   137953    5.41%
   1878   698       35.0138    10       37.0000       35.0000   137954    5.41%
   1879   699       35.0138    10       37.0000       35.0000   137955    5.41%
   1880   699       35.0139     7       37.0000       35.0000   137956    5.41%
   1881   700       35.0139     7       37.0000       35.0000   137957    5.41%
   1882   701       35.0139     7       37.0000       35.0000   137958    5.41%
Elapsed time = 6.17 sec. (9350.30 ticks, tree = 0.80 MB, solutions = 6)
   2286   880       35.6862    25       37.0000       35.0000   150924    5.41%
   2287   881       36.0000    23       37.0000       35.0000   151036    5.41%
   2288   882       36.0000    28       37.0000       35.0000   151126    5.41%
   2289   883       36.0000    15       37.0000       35.0000   151238    5.41%
   2290   884       36.0000     9       37.0000       35.0000   151266    5.41%
   2291   885       36.0000    16       37.0000       35.0000   151379    5.41%
   2292   886       36.0000    18       37.0000       35.0000   151670    5.41%
   2293   887       36.0000    16       37.0000       35.0000   151803    5.41%
   2294   888       36.0000    18       37.0000       35.0000   151926    5.41%
   2295   887        cutoff             37.0000       35.0000   152119    5.41%
Elapsed time = 6.83 sec. (10401.77 ticks, tree = 0.98 MB, solutions = 6)
   2810  1244       35.1638    10       37.0000       35.0000   164547    5.41%
   2811  1245       36.0000     8       37.0000       35.0000   164613    5.41%
   2812  1246       36.0000     5       37.0000       35.0000   164682    5.41%
   2813  1245        cutoff             37.0000       35.0000   164700    5.41%
   2814  1246       36.0000     4       37.0000       35.0000   164916    5.41%
   2815  1247       36.0000     2       37.0000       35.0000   164970    5.41%
   2816  1248       36.0000     2       37.0000       35.0000   164987    5.41%
   2817  1249       36.0000     2       37.0000       35.0000   164990    5.41%
   2818  1250       36.0000     2       37.0000       35.0000   165000    5.41%
   4090  2081        cutoff             37.0000       35.0000   212610    5.41%
Elapsed time = 9.23 sec. (14219.70 ticks, tree = 2.27 MB, solutions = 6)
   6080  3398        cutoff             37.0000       35.0000   275942    5.41%
   6081  3399       36.0000     2       37.0000       35.0000   275951    5.41%
   6082  3398        cutoff             37.0000       35.0000   276003    5.41%
   6083  3397        cutoff             37.0000       35.0000   276027    5.41%
   6084  3396        cutoff             37.0000       35.0000   276172    5.41%
   6085  3397       35.0000    19       37.0000       35.0000   276290    5.41%
   6086  3398       35.0000    21       37.0000       35.0000   276445    5.41%
   6087  3399       35.0000    17       37.0000       35.0000   276451    5.41%
   6088  3400       35.0000    17       37.0000       35.0000   276640    5.41%
   6089  3401       35.0000    11       37.0000       35.0000   276682    5.41%
Elapsed time = 11.64 sec. (18066.89 ticks, tree = 3.61 MB, solutions = 6)
   8614  5085       35.7551     7       37.0000       35.0000   338207    5.41%
   8615  5086       35.7643     7       37.0000       35.0000   338209    5.41%
   8616  5086       35.7643     5       37.0000       35.0000   338212    5.41%
   8617  5086       35.7643     5       37.0000       35.0000   338213    5.41%
   8618  5087       35.7643     5       37.0000       35.0000   338215    5.41%
   8619  5086        cutoff             37.0000       35.0000   338217    5.41%
   8620  5087       35.7643     5       37.0000       35.0000   338225    5.41%
   8621  5088       35.7643     5       37.0000       35.0000   338226    5.41%
   8622  5089       35.7643     5       37.0000       35.0000   338227    5.41%
   8623  5089       35.7643     5       37.0000       35.0000   338228    5.41%
Elapsed time = 14.01 sec. (21885.09 ticks, tree = 5.43 MB, solutions = 6)
  10340  6283       35.0126    13       37.0000       35.0000   389542    5.41%
  10341  6284       35.0000     7       37.0000       35.0000   389610    5.41%
  10342  6285       35.0051     9       37.0000       35.0000   389657    5.41%
  10343  6286       35.0051     6       37.0000       35.0000   389658    5.41%
  10344  6287       35.0051     5       37.0000       35.0000   389660    5.41%
  10345  6287       35.0078     5       37.0000       35.0000   389673    5.41%
  10346  6287       35.0078     5       37.0000       35.0000   389674    5.41%
  10347  6287       35.0085     5       37.0000       35.0000   389675    5.41%
  10348  6288       35.0303     8       37.0000       35.0000   389689    5.41%
  10349  6289       35.0303     8       37.0000       35.0000   389690    5.41%
Elapsed time = 17.79 sec. (27452.92 ticks, tree = 6.65 MB, solutions = 6)
  12359  7658       36.0000     2       37.0000       35.0000   463509    5.41%
  12360  7659       36.0000     2       37.0000       35.0000   463512    5.41%
  12361  7660       36.0000     2       37.0000       35.0000   463544    5.41%
  12362  7661       36.0000     2       37.0000       35.0000   463547    5.41%
  12363  7660        cutoff             37.0000       35.0000   463550    5.41%
  12364  7661       36.0000     2       37.0000       35.0000   463563    5.41%
  12365  7662       36.0000     2       37.0000       35.0000   463628    5.41%
  12366  7663       36.0000     2       37.0000       35.0000   463631    5.41%
  12367  7662        cutoff             37.0000       35.0000   463699    5.41%
  12368  7661        cutoff             37.0000       35.0000   463702    5.41%
Elapsed time = 20.30 sec. (31275.16 ticks, tree = 8.04 MB, solutions = 6)
  13940  8846       35.0000     4       37.0000       35.0000   540924    5.41%
  13941  8847       35.0000     4       37.0000       35.0000   540928    5.41%
  13942  8848       35.0009     3       37.0000       35.0000   540931    5.41%
  13943  8849       35.0009     3       37.0000       35.0000   540936    5.41%
  13944  8850       35.0009     3       37.0000       35.0000   540939    5.41%
  13945  8851       35.0036     3       37.0000       35.0000   540940    5.41%
  13946  8852       35.0162     7       37.0000       35.0000   540941    5.41%
  13947  8853       35.0483     5       37.0000       35.0000   540943    5.41%
  13948  8854       35.0528     5       37.0000       35.0000   540945    5.41%
  13949  8855       35.0528     3       37.0000       35.0000   540946    5.41%
Elapsed time = 22.79 sec. (35169.00 ticks, tree = 9.48 MB, solutions = 6)
  16641 10741       35.0000     8       37.0000       35.0000   616890    5.41%
  16642 10742       35.0009    11       37.0000       35.0000   616896    5.41%
  16643 10743       35.0009    11       37.0000       35.0000   616897    5.41%
  16644 10744       35.0009    11       37.0000       35.0000   616898    5.41%
  16645 10745       35.0036     7       37.0000       35.0000   616899    5.41%
  16646 10746       35.0244     7       37.0000       35.0000   616900    5.41%
  16647 10747       35.0483     9       37.0000       35.0000   616901    5.41%
  16648 10748       35.0528     7       37.0000       35.0000   616902    5.41%
  16649 10749       35.0528     7       37.0000       35.0000   616903    5.41%
  16650 10750       35.0528     9       37.0000       35.0000   616904    5.41%
Elapsed time = 25.12 sec. (38991.07 ticks, tree = 11.40 MB, solutions = 6)
  18848 12277       36.0000     2       37.0000       35.0000   693559    5.41%
  18849 12278       36.0000     2       37.0000       35.0000   693562    5.41%
  18850 12279       36.0000     2       37.0000       35.0000   693568    5.41%
  18851 12280       36.0000     2       37.0000       35.0000   693573    5.41%
  18852 12281       36.0000     2       37.0000       35.0000   693575    5.41%
  18853 12282       36.0000     2       37.0000       35.0000   693590    5.41%
  18854 12283       36.0000     2       37.0000       35.0000   693616    5.41%
  18855 12284       36.0000     2       37.0000       35.0000   693620    5.41%
  18856 12285       36.0000     2       37.0000       35.0000   693621    5.41%
  18857 12286       36.0000     2       37.0000       35.0000   693624    5.41%
Elapsed time = 27.93 sec. (42813.68 ticks, tree = 12.96 MB, solutions = 6)
  21216 14016       36.0000     6       37.0000       35.0000   759437    5.41%
  21217 14017       36.0000     4       37.0000       35.0000   759469    5.41%
  21218 14016        cutoff             37.0000       35.0000   759598    5.41%
  21219 14015        cutoff             37.0000       35.0000   759654    5.41%
  21220 14014    infeasible             37.0000       35.0000   759654    5.41%
  21221 14015       35.0055     8       37.0000       35.0000   759798    5.41%
  21222 14016       35.0055     7       37.0000       35.0000   759816    5.41%
  21223 14017       35.0055     7       37.0000       35.0000   759817    5.41%
  21224 14018       35.0220     7       37.0000       35.0000   759818    5.41%
  21225 14019       35.1761     7       37.0000       35.0000   759821    5.41%
Elapsed time = 30.35 sec. (46645.53 ticks, tree = 14.72 MB, solutions = 6)
  23141 15483       36.0000    21       37.0000       35.0000   829342    5.41%
  23142 15484       36.0000    23       37.0000       35.0000   829395    5.41%
  23143 15485       36.0000    21       37.0000       35.0000   829397    5.41%
  23144 15486       36.0000    19       37.0000       35.0000   829462    5.41%
  23145 15485        cutoff             37.0000       35.0000   829635    5.41%
  23146 15486       36.0000    26       37.0000       35.0000   829702    5.41%
  23147 15487       36.0000    26       37.0000       35.0000   829768    5.41%
  23148 15488       36.0000    27       37.0000       35.0000   829773    5.41%
  23149 15489       36.0000    29       37.0000       35.0000   829797    5.41%
  23150 15490       36.0000    19       37.0000       35.0000   829818    5.41%
Elapsed time = 32.80 sec. (50500.99 ticks, tree = 16.21 MB, solutions = 6)
  24677 16571       35.0708     5       37.0000       35.0000   907620    5.41%
  24678 16572       35.0708     3       37.0000       35.0000   907621    5.41%
  24679 16573       35.0860     3       37.0000       35.0000   907666    5.41%
  24680 16574       35.0854     4       37.0000       35.0000   907970    5.41%
  24681 16575       35.0946     7       37.0000       35.0000   908007    5.41%
  24682 16576       35.0946     7       37.0000       35.0000   908015    5.41%
  24683 16577       35.2212     3       37.0000       35.0000   908052    5.41%
  24684 16578       35.2604     3       37.0000       35.0000   908058    5.41%
  24685 16579       35.2617     3       37.0000       35.0000   908077    5.41%
  24686 16580       35.3439     3       37.0000       35.0000   908093    5.41%
Elapsed time = 35.18 sec. (54353.62 ticks, tree = 17.79 MB, solutions = 6)
  27590 18603       36.0000    11       37.0000       35.0000   975188    5.41%
  27591 18604       36.0000     6       37.0000       35.0000   975286    5.41%
  27592 18605       36.0000    11       37.0000       35.0000   975327    5.41%
  27593 18606       36.0000    11       37.0000       35.0000   975328    5.41%
  27594 18607       36.0000    11       37.0000       35.0000   975334    5.41%
  27595 18608       36.0000    10       37.0000       35.0000   975337    5.41%
  27596 18609       36.0000     6       37.0000       35.0000   975350    5.41%
  27597 18610       36.0000     4       37.0000       35.0000   975489    5.41%
  27598 18611       36.0000     6       37.0000       35.0000   975696    5.41%
  27599 18612       36.0000     6       37.0000       35.0000   975698    5.41%
Elapsed time = 37.52 sec. (58196.29 ticks, tree = 19.87 MB, solutions = 6)
  28691 19396       36.0000     3       37.0000       35.0000  1055364    5.41%
  28692 19397       36.0000     2       37.0000       35.0000  1055391    5.41%
  28693 19398       36.0000     2       37.0000       35.0000  1055398    5.41%
  28694 19399       36.0000     2       37.0000       35.0000  1055402    5.41%
  28695 19400       36.0000     2       37.0000       35.0000  1055403    5.41%
  28696 19401       36.0000     2       37.0000       35.0000  1055409    5.41%
  28697 19402       36.0000     2       37.0000       35.0000  1055414    5.41%
  28698 19403       36.0000     2       37.0000       35.0000  1055415    5.41%
  28699 19404       36.0000     2       37.0000       35.0000  1055416    5.41%
  28700 19405       36.0000     2       37.0000       35.0000  1055417    5.41%
Elapsed time = 40.00 sec. (62017.19 ticks, tree = 20.67 MB, solutions = 6)
  30187 20583       35.2641    19       37.0000       35.0000  1131101    5.41%
  30188 20584       35.3333    17       37.0000       35.0000  1131112    5.41%
  30189 20585       35.3333    17       37.0000       35.0000  1131113    5.41%
  30190 20586       35.3333    14       37.0000       35.0000  1131135    5.41%
  30191 20587       35.3333    13       37.0000       35.0000  1131365    5.41%
  30192 20588       35.3333    13       37.0000       35.0000  1131374    5.41%
  30193 20589       35.3333    13       37.0000       35.0000  1131381    5.41%
  30194 20590       35.3592    12       37.0000       35.0000  1131529    5.41%
  30195 20590       35.3592    11       37.0000       35.0000  1131530    5.41%
  30196 20590       35.3622    11       37.0000       35.0000  1131544    5.41%
Elapsed time = 42.43 sec. (65851.16 ticks, tree = 21.88 MB, solutions = 6)
  31212 21399       35.2500    20       37.0000       35.0000  1199823    5.41%
  31213 21400       35.3333    20       37.0000       35.0000  1199826    5.41%
  31214 21401       35.3333    20       37.0000       35.0000  1199827    5.41%
  31215 21402       35.3333    19       37.0000       35.0000  1199828    5.41%
  31216 21403       35.3333    18       37.0000       35.0000  1200013    5.41%
  31217 21404       35.3333    18       37.0000       35.0000  1200033    5.41%
  31218 21405       35.3333    17       37.0000       35.0000  1200139    5.41%
  31219 21406       35.3333    17       37.0000       35.0000  1200143    5.41%
  31220 21407       35.3333    18       37.0000       35.0000  1200325    5.41%
  31221 21408       35.3333    18       37.0000       35.0000  1200623    5.41%
Elapsed time = 45.12 sec. (69704.36 ticks, tree = 22.71 MB, solutions = 6)
  32819 22642       36.0000    20       37.0000       35.0000  1277489    5.41%
  32820 22643       36.0000    17       37.0000       35.0000  1277515    5.41%
  32821 22644       36.0000    16       37.0000       35.0000  1277602    5.41%
  32822 22643        cutoff             37.0000       35.0000  1277807    5.41%
  32823 22644       36.0000    23       37.0000       35.0000  1278027    5.41%
  32824 22645       36.0000    21       37.0000       35.0000  1278075    5.41%
  32825 22644        cutoff             37.0000       35.0000  1278278    5.41%
  32826 22645       36.0000    18       37.0000       35.0000  1278282    5.41%
  32827 22646       36.0000    23       37.0000       35.0000  1278476    5.41%
  32828 22645        cutoff             37.0000       35.0000  1278614    5.41%
Elapsed time = 47.82 sec. (73756.06 ticks, tree = 24.02 MB, solutions = 6)
  34092 23607       35.1250    20       37.0000       35.0000  1345153    5.41%
  34093 23608       35.1250    19       37.0000       35.0000  1345290    5.41%
  34094 23609       35.1250    18       37.0000       35.0000  1345390    5.41%
  34095 23610       35.2000    16       37.0000       35.0000  1345421    5.41%
  34096 23611       35.2000    14       37.0000       35.0000  1345443    5.41%
  34097 23612       35.3333    12       37.0000       35.0000  1345466    5.41%
  34098 23613       35.3333    11       37.0000       35.0000  1345471    5.41%
  34099 23614       36.0000     4       37.0000       35.0000  1345474    5.41%
  34100 23615       36.0000     4       37.0000       35.0000  1345578    5.41%
  34101 23616       36.0000     4       37.0000       35.0000  1345588    5.41%
Elapsed time = 50.25 sec. (77620.78 ticks, tree = 25.00 MB, solutions = 6)
  34940 24291       36.0000     2       37.0000       35.0000  1412412    5.41%
  34941 24292       36.0000     2       37.0000       35.0000  1412414    5.41%
  34942 24293       36.0000     2       37.0000       35.0000  1412416    5.41%
  34943 24294       36.0000     2       37.0000       35.0000  1412423    5.41%
  34944 24295       36.0000     2       37.0000       35.0000  1412427    5.41%
  34945 24296       36.0000     2       37.0000       35.0000  1412429    5.41%
  34946 24297       36.0000     2       37.0000       35.0000  1412430    5.41%
  34947 24298       36.0000     2       37.0000       35.0000  1412433    5.41%
  34948 24299       36.0000     2       37.0000       35.0000  1412436    5.41%
  34949 24300       36.0000     2       37.0000       35.0000  1412440    5.41%
Elapsed time = 52.84 sec. (81548.22 ticks, tree = 25.70 MB, solutions = 6)
* 35464 24723      integral     0       36.0000       35.0000  1441604    2.78%

Cover cuts applied:  71
Implied bound cuts applied:  163
Flow cuts applied:  14
Mixed integer rounding cuts applied:  37
Lift and project cuts applied:  1
Gomory fractional cuts applied:  2

Root node processing (before b&c):
  Real time             =    0.73 sec. (1024.69 ticks)
Sequential b&c:
  Real time             =   53.01 sec. (81985.62 ticks)
                          ------------
Total (root+branch&cut) =   53.74 sec. (83010.31 ticks)

Solution pool: 7 solutions saved.

MIP - Integer optimal, tolerance (0.04/1e-06):  Objective =  3.6000006041e+01
Current MIP best bound =  3.5000000000e+01 (gap = 1.00001, 2.78%)
Solution time =   53.74 sec.  Iterations = 1441604  Nodes = 35465 (24723)
Deterministic time = 83011.36 ticks  (1544.57 ticks/sec)


Incumbent solution written to file '/tmp/tmp2QQqaC.cplex.sol'.
