
Gurobi 6.5.2 (linux64) logging started Tue Jun  6 17:28:26 2017

Changed value of parameter LogFile to test_cases/mip_solutions/chen_grossman_miller/transportation/balanced8_gurobi.log
   Prev: gurobi.log  Default: 
Changed value of parameter Threads to 1
   Prev: 0  Min: 0  Max: 1024  Default: 0
Optimize a model with 11196 rows, 23132 columns and 80095 nonzeros
Coefficient statistics:
  Matrix range    [1e+00, 5e+02]
  Objective range [1e+00, 1e+00]
  Bounds range    [1e+00, 1e+00]
  RHS range       [1e+00, 2e+02]
Presolve removed 10991 rows and 20991 columns
Presolve time: 0.02s
Presolved: 205 rows, 2141 columns, 6251 nonzeros
Variable types: 2059 continuous, 82 integer (82 binary)

Root relaxation: objective 1.275527e+01, 1263 iterations, 0.02 seconds

    Nodes    |    Current Node    |     Objective Bounds      |     Work
 Expl Unexpl |  Obj  Depth IntInf | Incumbent    BestBd   Gap | It/Node Time

     0     0   12.75527    0   23          -   12.75527      -     -    0s
H    0     0                      28.0000000   12.75527  54.4%     -    0s
     0     0   13.65784    0   35   28.00000   13.65784  51.2%     -    0s
     0     0   13.67412    0   31   28.00000   13.67412  51.2%     -    0s
     0     0   14.38485    0   37   28.00000   14.38485  48.6%     -    0s
     0     0   14.42875    0   41   28.00000   14.42875  48.5%     -    0s
     0     0   15.19636    0   42   28.00000   15.19636  45.7%     -    0s
     0     0   15.22843    0   44   28.00000   15.22843  45.6%     -    0s
     0     0   15.64338    0   47   28.00000   15.64338  44.1%     -    0s
     0     0   15.88399    0   48   28.00000   15.88399  43.3%     -    0s
     0     0   16.02406    0   48   28.00000   16.02406  42.8%     -    0s
     0     0   16.10772    0   43   28.00000   16.10772  42.5%     -    0s
     0     0   16.15104    0   42   28.00000   16.15104  42.3%     -    0s
     0     0   16.15588    0   42   28.00000   16.15588  42.3%     -    0s
     0     0   16.18475    0   46   28.00000   16.18475  42.2%     -    0s
     0     2   16.18553    0   46   28.00000   16.18553  42.2%     -    0s
H   85    81                      27.0000000   16.21307  40.0%   109    1s
H   96    84                      26.0000000   16.21307  37.6%  97.4    1s
H  282   222                      24.0000000   16.31753  32.0%  95.2    1s
H  282   217                      23.0000000   16.31753  29.1%  95.2    1s
   539   410   17.78454   10   55   23.00000   16.91357  26.5%   104    5s
H  559   401                      22.0000000   17.15827  22.0%   100    5s
H  632   418                      21.0000000   17.27692  17.7%   147    8s
   747   445   17.85551   19   40   21.00000   17.56649  16.4%   154   10s
  1159   557   19.17316   24   34   21.00000   17.62346  16.1%   164   15s
  1485   617   19.52603   23   31   21.00000   17.81711  15.2%   179   20s
  1819   724   19.97368   34   16   21.00000   17.90210  14.8%   185   25s
  2129   890   18.47296   14   38   21.00000   17.96813  14.4%   191   30s
  2376  1026   18.10648   19   46   21.00000   17.98848  14.3%   197   35s
  2676  1195   18.73481   23   30   21.00000   18.01092  14.2%   198   40s
  3006  1390   18.38546   18   49   21.00000   18.04786  14.1%   198   45s
  3275  1520     cutoff   31        21.00000   18.09110  13.9%   202   50s
  3579  1693   19.50000   27   23   21.00000   18.10660  13.8%   201   55s
  3855  1827   19.30124   27   33   21.00000   18.11847  13.7%   202   60s
  4108  1958   18.72615   16   33   21.00000   18.13574  13.6%   205   65s
  4396  2101   19.71604   28   23   21.00000   18.15762  13.5%   205   70s
  4697  2217   19.98599   40   19   21.00000   18.17851  13.4%   205   75s
  5006  2359   19.00000   24   25   21.00000   18.20250  13.3%   206   80s
  5286  2459     cutoff   30        21.00000   18.21602  13.3%   207   85s
  5603  2581     cutoff   28        21.00000   18.22694  13.2%   207   90s
  5949  2732   19.29352   26   28   21.00000   18.24221  13.1%   206   95s
  6206  2844   18.34214   17   48   21.00000   18.25347  13.1%   207  100s
  6469  2971   19.27559   30   33   21.00000   18.26596  13.0%   207  105s
  6791  3108   19.77010   33   27   21.00000   18.28735  12.9%   206  110s
  7029  3228   19.00851   22   31   21.00000   18.29749  12.9%   208  115s
  7319  3333   19.52083   32   29   21.00000   18.30834  12.8%   208  120s
  7627  3437   18.57801   21   35   21.00000   18.33506  12.7%   208  125s
  7850  3530   19.26876   29   23   21.00000   18.34317  12.7%   209  130s
  8095  3633   18.81803   25   43   21.00000   18.35135  12.6%   210  135s
  8327  3707   19.16075   29   16   21.00000   18.35937  12.6%   211  140s
  8614  3823     cutoff   37        21.00000   18.36733  12.5%   211  145s
  8866  3910   18.68247   20   42   21.00000   18.37614  12.5%   211  150s
  9146  4030     cutoff   38        21.00000   18.38347  12.5%   212  155s
  9323  4105   18.46721   19   39   21.00000   18.38613  12.4%   214  160s
  9575  4180   18.75134   22   36   21.00000   18.39832  12.4%   214  165s
  9810  4261     cutoff   30        21.00000   18.40938  12.3%   215  170s
 10079  4351   19.00717   29   20   21.00000   18.42457  12.3%   215  175s
 10203  4401   19.40499   31   46   21.00000   18.42936  12.2%   215  183s
 10217  4410   18.62500   24   64   21.00000   18.42936  12.2%   215  185s
 10260  4439   19.02502   24   52   21.00000   18.42936  12.2%   214  190s
 10312  4474   19.22742   29   45   21.00000   18.42936  12.2%   213  195s
 10369  4512   18.54646   33   53   21.00000   18.42936  12.2%   212  200s
 10411  4542   18.42936   23   44   21.00000   18.42936  12.2%   220  205s
 10642  4648   19.52282   39   17   21.00000   18.42936  12.2%   221  210s
 11005  4723   19.83274   49   13   21.00000   18.42936  12.2%   220  215s
 11263  4787   18.42936   29   40   21.00000   18.42936  12.2%   220  220s
 11508  4868   18.46541   32   42   21.00000   18.42936  12.2%   220  225s
 11847  4956     cutoff   39        21.00000   18.42936  12.2%   220  230s
 12118  5009   19.32222   32   32   21.00000   18.42936  12.2%   220  235s
 12418  5070   18.92424   29   32   21.00000   18.42936  12.2%   220  240s
 12687  5141   19.16753   45   27   21.00000   18.42936  12.2%   220  245s
 12919  5184   19.41858   38   21   21.00000   18.42936  12.2%   221  250s
 13200  5216   19.28681   33   38   21.00000   18.42936  12.2%   221  255s
 13451  5261   19.64131   38   15   21.00000   18.42936  12.2%   221  260s
 13730  5274   18.42936   35   29   21.00000   18.42936  12.2%   221  265s
 14014  5299   19.68083   36   27   21.00000   18.42936  12.2%   222  270s
 14274  5325   19.38710   34   22   21.00000   18.42936  12.2%   222  275s
 14563  5349   18.89442   29   37   21.00000   18.42936  12.2%   222  280s
 14931  5368   18.73089   26   48   21.00000   18.42936  12.2%   221  285s
 15149  5391   19.04695   34   28   21.00000   18.42936  12.2%   221  290s
 15421  5413   19.57665   34   31   21.00000   18.42936  12.2%   222  295s
 15605  5401     cutoff   35        21.00000   18.42936  12.2%   223  300s
 15859  5437   18.62811   28   42   21.00000   18.42936  12.2%   223  305s
 16088  5441   18.69006   35   43   21.00000   18.42936  12.2%   224  310s
 16294  5468   19.61163   33   23   21.00000   18.42936  12.2%   224  315s
 16524  5456   18.53999   28   45   21.00000   18.42936  12.2%   225  320s
 16720  5474   19.53747   41   25   21.00000   18.42936  12.2%   226  325s
 16965  5489   19.83555   36   31   21.00000   18.42936  12.2%   226  330s
 17161  5511   20.00000   43    9   21.00000   18.43887  12.2%   227  335s
 17403  5508   19.00571   31   37   21.00000   18.45080  12.1%   227  340s
 17594  5520     cutoff   46        21.00000   18.45943  12.1%   228  345s
 17829  5541   19.00000   31   32   21.00000   18.46875  12.1%   228  350s
 18024  5549   18.96667   32   30   21.00000   18.47687  12.0%   229  355s
 18216  5533     cutoff   49        21.00000   18.48226  12.0%   229  360s
 18425  5537   19.44089   37   31   21.00000   18.48958  12.0%   230  365s
 18609  5539     cutoff   38        21.00000   18.49846  11.9%   230  370s
 18775  5556     cutoff   32        21.00000   18.50000  11.9%   231  375s
 18999  5567   19.70581   34   27   21.00000   18.51199  11.8%   231  380s
 19170  5559   19.60830   42   31   21.00000   18.51853  11.8%   232  385s
 19389  5555   19.93359   39   25   21.00000   18.53294  11.7%   232  390s
 19624  5541   19.23023   35   29   21.00000   18.54689  11.7%   232  395s
 19839  5556   19.09938   36   44   21.00000   18.55364  11.6%   233  400s
 20053  5576   18.69786   35   40   21.00000   18.55915  11.6%   233  405s
 20287  5568     cutoff   34        21.00000   18.56953  11.6%   233  410s
 20512  5581   19.69131   39   30   21.00000   18.57436  11.6%   233  415s
 20742  5568   19.51082   43   25   21.00000   18.58371  11.5%   234  420s
 20982  5586   19.02747   29   39   21.00000   18.59579  11.4%   234  425s
 21212  5585   19.71947   35   41   21.00000   18.60242  11.4%   234  430s
 21424  5584   19.91887   43   20   21.00000   18.61027  11.4%   235  435s
 21677  5547   19.67000   40   28   21.00000   18.62815  11.3%   234  440s
 21941  5519   19.92409   42   31   21.00000   18.63962  11.2%   234  445s
 22166  5509   19.70584   31   27   21.00000   18.64717  11.2%   235  450s
 22409  5467   19.60914   45   29   21.00000   18.65787  11.2%   235  455s
 22596  5482   19.48497   42   32   21.00000   18.66000  11.1%   235  460s
 22763  5478   19.88904   42   21   21.00000   18.66398  11.1%   235  465s
 22952  5462   19.70562   34   29   21.00000   18.66939  11.1%   236  470s
 23141  5439     cutoff   47        21.00000   18.67597  11.1%   237  475s
 23326  5438   19.76209   32   28   21.00000   18.68141  11.0%   237  480s
 23540  5438   19.24410   38   36   21.00000   18.69191  11.0%   237  485s
 23757  5436     cutoff   35        21.00000   18.70184  10.9%   237  490s
 23947  5442   19.26868   32   28   21.00000   18.70711  10.9%   238  495s
 24095  5462     cutoff   38        21.00000   18.71667  10.9%   238  500s
 24295  5508   19.33213   33   20   21.00000   18.72507  10.8%   239  505s
 24502  5574   19.98278   42   19   21.00000   18.73272  10.8%   239  510s
 24686  5624   19.91660   31   37   21.00000   18.73772  10.8%   239  515s
 24886  5678   19.73077   34   23   21.00000   18.75172  10.7%   240  520s
 25062  5737   19.83798   42   29   21.00000   18.75848  10.7%   240  525s
 25226  5772   19.23193   28   42   21.00000   18.76245  10.7%   241  530s
 25415  5807   19.88732   39   30   21.00000   18.77360  10.6%   241  535s
 25580  5835   18.96004   29   36   21.00000   18.77926  10.6%   241  540s
 25802  5886     cutoff   42        21.00000   18.78968  10.5%   242  545s
 26036  5939   19.43412   33   35   21.00000   18.79752  10.5%   242  550s
 26227  5982   20.00000   36   12   21.00000   18.80270  10.5%   242  555s
 26432  6012   20.00000   36   28   21.00000   18.80808  10.4%   242  560s
 26597  6036   19.00000   28   36   21.00000   18.81395  10.4%   243  565s
 26786  6091   19.46547   29   43   21.00000   18.82000  10.4%   243  570s
 26915  6117   19.70578   32   38   21.00000   18.82465  10.4%   244  575s
 27170  6154     cutoff   39        21.00000   18.83171  10.3%   243  580s
 27362  6191   19.49599   42   21   21.00000   18.83563  10.3%   244  585s
 27629  6240     cutoff   52        21.00000   18.84848  10.2%   243  590s
 27781  6280   19.50724   36   37   21.00000   18.85404  10.2%   244  595s
 27977  6324     cutoff   46        21.00000   18.85809  10.2%   244  600s
 28156  6352   19.58333   33   26   21.00000   18.86667  10.2%   244  605s
 28382  6401   20.00000   38    7   21.00000   18.87486  10.1%   244  610s
 28547  6427   19.33690   34   35   21.00000   18.88346  10.1%   245  615s
 28725  6469   19.71685   31   39   21.00000   18.88936  10.1%   245  620s
 28928  6517   20.00000   32   30   21.00000   18.89469  10.0%   245  625s
 29135  6536   19.20887   30   32   21.00000   18.90374  10.0%   245  630s
 29319  6583   19.97532   32   19   21.00000   18.91242  9.94%   245  635s
 29525  6619     cutoff   35        21.00000   18.91727  9.92%   246  640s
 29675  6669   19.57026   36   33   21.00000   18.92165  9.90%   246  645s
 29874  6708     cutoff   43        21.00000   18.92555  9.88%   246  650s
 30128  6744     cutoff   39        21.00000   18.93456  9.84%   246  655s
 30334  6766     cutoff   36        21.00000   18.94060  9.81%   246  660s
 30541  6792   19.42016   37   28   21.00000   18.94906  9.77%   246  665s
 30757  6814   19.72683   44   28   21.00000   18.95586  9.73%   246  670s
 30991  6836   19.59239   35   28   21.00000   18.96454  9.69%   246  675s
 31206  6865   19.97557   32   21   21.00000   18.97331  9.65%   246  680s
 31422  6892   19.68203   36   22   21.00000   18.98472  9.60%   246  685s
 31638  6917   19.53313   35   26   21.00000   18.99408  9.55%   246  690s
 31903  6963   19.02045   34   29   21.00000   19.00000  9.52%   245  695s
 32088  7010   19.36680   34   27   21.00000   19.00000  9.52%   245  700s
 32231  7056   19.49764   40   25   21.00000   19.00000  9.52%   246  705s
 32418  7106   19.76437   40   38   21.00000   19.00000  9.52%   246  710s
 32554  7155     cutoff   39        21.00000   19.00000  9.52%   246  715s
 32700  7209   20.00000   32   29   21.00000   19.00000  9.52%   247  720s
 32897  7265   19.65029   36   26   21.00000   19.00000  9.52%   247  725s
 33057  7324   19.03908   33   32   21.00000   19.00000  9.52%   247  730s
 33222  7368     cutoff   36        21.00000   19.00000  9.52%   247  735s
 33371  7431   20.00000   33   28   21.00000   19.00000  9.52%   248  740s
 33557  7496   19.09459   33   29   21.00000   19.00000  9.52%   248  745s
 33679  7523   19.72292   36   30   21.00000   19.00000  9.52%   248  750s
 33856  7579   19.00000   34   28   21.00000   19.00000  9.52%   249  755s
 34021  7629   19.00000   30   34   21.00000   19.00000  9.52%   249  760s
 34171  7690     cutoff   36        21.00000   19.00000  9.52%   249  765s
 34358  7749   19.53930   41   27   21.00000   19.00000  9.52%   249  770s
 34530  7798     cutoff   39        21.00000   19.00000  9.52%   249  775s
 34699  7853   20.00000   35   32   21.00000   19.00000  9.52%   250  780s
 34872  7901   19.60706   34   31   21.00000   19.00000  9.52%   250  785s
 35056  7969   19.89793   45   21   21.00000   19.00000  9.52%   250  790s
 35243  8024   19.08111   32   27   21.00000   19.00000  9.52%   250  795s
 35366  8055   20.00000   38   21   21.00000   19.00000  9.52%   251  800s
 35575  8099   19.42857   35   28   21.00000   19.00000  9.52%   251  805s
 35716  8133   19.00505   37   25   21.00000   19.00000  9.52%   251  810s
 35922  8197   19.59994   35   33   21.00000   19.00000  9.52%   251  815s
 36095  8248   19.57746   40   21   21.00000   19.00000  9.52%   251  820s
 36260  8317   19.34142   33   38   21.00000   19.00000  9.52%   251  825s
 36415  8367   19.69746   38   22   21.00000   19.00000  9.52%   252  830s
 36571  8425   19.32450   33   15   21.00000   19.00000  9.52%   252  835s
 36723  8462   20.00000   36   24   21.00000   19.00000  9.52%   252  840s
 36890  8505   19.00096   31   36   21.00000   19.00000  9.52%   253  845s
 37060  8547   20.00000   35   25   21.00000   19.00000  9.52%   253  850s
 37219  8589   19.01763   35   32   21.00000   19.00000  9.52%   253  855s
 37386  8656   19.83950   41   33   21.00000   19.00000  9.52%   253  860s
 37565  8691   19.38933   39   28   21.00000   19.00000  9.52%   253  865s
 37752  8768     cutoff   42        21.00000   19.00000  9.52%   254  870s
 37886  8782   19.33624   42   23   21.00000   19.00000  9.52%   254  875s
 38026  8827   19.83526   39   28   21.00000   19.00000  9.52%   254  880s
 38196  8865   19.97475   40   22   21.00000   19.00000  9.52%   254  885s
 38404  8930   19.11759   34   37   21.00000   19.00000  9.52%   254  890s
 38598  8984   19.41749   36   32   21.00000   19.00000  9.52%   254  895s
 38775  9063   19.27523   34   35   21.00000   19.00000  9.52%   255  900s
 38916  9103   20.00000   34   27   21.00000   19.00000  9.52%   255  905s
 39081  9143   19.00000   31   32   21.00000   19.00000  9.52%   255  910s
 39252  9195   19.20738   40   36   21.00000   19.00000  9.52%   255  915s
 39375  9228     cutoff   44        21.00000   19.00000  9.52%   256  920s
 39556  9282   19.11533   33   32   21.00000   19.00000  9.52%   256  925s
 39725  9334   19.84630   36   23   21.00000   19.00000  9.52%   256  930s
 39915  9392   19.32020   38   34   21.00000   19.00000  9.52%   256  935s
 40080  9445   19.14507   36   25   21.00000   19.00000  9.52%   256  940s
 40260  9509   19.24753   36   32   21.00000   19.00000  9.52%   256  945s
 40390  9550   19.45231   36   34   21.00000   19.00000  9.52%   257  950s
 40552  9572     cutoff   38        21.00000   19.00000  9.52%   257  955s
 40715  9632   19.64679   33   26   21.00000   19.00011  9.52%   257  960s
 40935  9675   19.99040   39   30   21.00000   19.00119  9.52%   257  965s
 41130  9723   19.62254   41   26   21.00000   19.00345  9.51%   257  970s
 41340  9769   19.22292   39   33   21.00000   19.00524  9.50%   257  975s
 41528  9815   19.65943   38   17   21.00000   19.00626  9.49%   257  980s
 41747  9845   19.69402   37   40   21.00000   19.00714  9.49%   257  985s
 42044  9935   19.06588   30   32   21.00000   19.00838  9.48%   256  990s
 42261  9995   19.28646   33   28   21.00000   19.00958  9.48%   256  995s
 42542 10072   19.55004   40   29   21.00000   19.01148  9.47%   256 1000s
*42647     3              44      20.0000000   19.60768  1.96%   256 1002s

Cutting planes:
  Gomory: 12
  Cover: 5
  Implied bound: 350
  MIR: 1180
  Flow cover: 719
  Zero half: 1
  Network: 58

Explored 42648 nodes (10916667 simplex iterations) in 1002.38 seconds
Thread count was 1 (of 8 available processors)

Optimal solution found (tolerance 4.00e-02)
Best objective 2.000000000000e+01, best bound 2.000000000000e+01, gap 0.0%

Gurobi 6.5.2 (linux64) logging started Mon Jul 24 16:46:11 2017

Changed value of parameter LogFile to data/mip_solutions/chen_grossman_miller/transportation/balanced8_gurobi.log
   Prev: gurobi.log  Default: 
Changed value of parameter Threads to 1
   Prev: 0  Min: 0  Max: 1024  Default: 0
Optimize a model with 11196 rows, 23132 columns and 80095 nonzeros
Coefficient statistics:
  Matrix range    [1e+00, 5e+02]
  Objective range [1e+00, 1e+00]
  Bounds range    [1e+00, 1e+00]
  RHS range       [1e+00, 2e+02]
Presolve removed 10991 rows and 20991 columns
Presolve time: 0.02s
Presolved: 205 rows, 2141 columns, 6251 nonzeros
Variable types: 2059 continuous, 82 integer (82 binary)

Root relaxation: objective 1.275527e+01, 1263 iterations, 0.02 seconds

    Nodes    |    Current Node    |     Objective Bounds      |     Work
 Expl Unexpl |  Obj  Depth IntInf | Incumbent    BestBd   Gap | It/Node Time

     0     0   12.75527    0   23          -   12.75527      -     -    0s
H    0     0                      28.0000000   12.75527  54.4%     -    0s
     0     0   13.65784    0   35   28.00000   13.65784  51.2%     -    0s
     0     0   13.67412    0   31   28.00000   13.67412  51.2%     -    0s
     0     0   14.38485    0   37   28.00000   14.38485  48.6%     -    0s
     0     0   14.42875    0   41   28.00000   14.42875  48.5%     -    0s
     0     0   15.19636    0   42   28.00000   15.19636  45.7%     -    0s
     0     0   15.22843    0   44   28.00000   15.22843  45.6%     -    0s
     0     0   15.64338    0   47   28.00000   15.64338  44.1%     -    0s
     0     0   15.88399    0   48   28.00000   15.88399  43.3%     -    0s
     0     0   16.02406    0   48   28.00000   16.02406  42.8%     -    0s
     0     0   16.10772    0   43   28.00000   16.10772  42.5%     -    0s
     0     0   16.15104    0   42   28.00000   16.15104  42.3%     -    0s
     0     0   16.15588    0   42   28.00000   16.15588  42.3%     -    0s
     0     0   16.18475    0   46   28.00000   16.18475  42.2%     -    0s
     0     2   16.18553    0   46   28.00000   16.18553  42.2%     -    0s
H   85    81                      27.0000000   16.21307  40.0%   109    1s
H   96    84                      26.0000000   16.21307  37.6%  97.4    1s
H  282   222                      24.0000000   16.31753  32.0%  95.2    1s
H  282   217                      23.0000000   16.31753  29.1%  95.2    1s

Cutting planes:
  Cover: 8
  Implied bound: 221
  MIR: 174
  Flow cover: 160
  Network: 22

Explored 305 nodes (35365 simplex iterations) in 2.00 seconds
Thread count was 1 (of 8 available processors)

Time limit reached
Best objective 2.300000000000e+01, best bound 1.700000000000e+01, gap 26.0870%

Gurobi 6.5.2 (linux64) logging started Mon Jul 24 16:59:06 2017

Changed value of parameter LogFile to data/mip_solutions/chen_grossman_miller/transportation/balanced8_gurobi.log
   Prev: gurobi.log  Default: 
Changed value of parameter Threads to 1
   Prev: 0  Min: 0  Max: 1024  Default: 0
Optimize a model with 11196 rows, 23132 columns and 80095 nonzeros
Coefficient statistics:
  Matrix range    [1e+00, 5e+02]
  Objective range [1e+00, 1e+00]
  Bounds range    [1e+00, 1e+00]
  RHS range       [1e+00, 2e+02]
Presolve removed 10991 rows and 20991 columns
Presolve time: 0.02s
Presolved: 205 rows, 2141 columns, 6251 nonzeros
Variable types: 2059 continuous, 82 integer (82 binary)

Root relaxation: objective 1.275527e+01, 1263 iterations, 0.02 seconds

    Nodes    |    Current Node    |     Objective Bounds      |     Work
 Expl Unexpl |  Obj  Depth IntInf | Incumbent    BestBd   Gap | It/Node Time

     0     0   12.75527    0   23          -   12.75527      -     -    0s
H    0     0                      28.0000000   12.75527  54.4%     -    0s
     0     0   13.65784    0   35   28.00000   13.65784  51.2%     -    0s
     0     0   13.67412    0   31   28.00000   13.67412  51.2%     -    0s
     0     0   14.38485    0   37   28.00000   14.38485  48.6%     -    0s
     0     0   14.42875    0   41   28.00000   14.42875  48.5%     -    0s
     0     0   15.19636    0   42   28.00000   15.19636  45.7%     -    0s
     0     0   15.22843    0   44   28.00000   15.22843  45.6%     -    0s
     0     0   15.64338    0   47   28.00000   15.64338  44.1%     -    0s
     0     0   15.88399    0   48   28.00000   15.88399  43.3%     -    0s
     0     0   16.02406    0   48   28.00000   16.02406  42.8%     -    0s
     0     0   16.10772    0   43   28.00000   16.10772  42.5%     -    0s
     0     0   16.15104    0   42   28.00000   16.15104  42.3%     -    0s
     0     0   16.15588    0   42   28.00000   16.15588  42.3%     -    0s
     0     0   16.18475    0   46   28.00000   16.18475  42.2%     -    0s
     0     2   16.18553    0   46   28.00000   16.18553  42.2%     -    0s
H   85    81                      27.0000000   16.21307  40.0%   109    1s
H   96    84                      26.0000000   16.21307  37.6%  97.4    1s
H  282   222                      24.0000000   16.31753  32.0%  95.2    1s
H  282   217                      23.0000000   16.31753  29.1%  95.2    1s

Cutting planes:
  Cover: 8
  Implied bound: 254
  MIR: 198
  Flow cover: 175
  Network: 22

Explored 452 nodes (53938 simplex iterations) in 3.00 seconds
Thread count was 1 (of 8 available processors)

Time limit reached
Best objective 2.300000000000e+01, best bound 1.700000000000e+01, gap 26.0870%

Gurobi 6.5.2 (linux64) logging started Wed Jul 26 17:26:58 2017

Changed value of parameter LogFile to data/mip_solutions/chen_grossman_miller/transportation/balanced8_gurobi.log
   Prev: gurobi.log  Default: 
Changed value of parameter Threads to 1
   Prev: 0  Min: 0  Max: 1024  Default: 0
Optimize a model with 11196 rows, 23132 columns and 80095 nonzeros
Coefficient statistics:
  Matrix range    [1e+00, 5e+02]
  Objective range [1e+00, 1e+00]
  Bounds range    [1e+00, 1e+00]
  RHS range       [1e+00, 2e+02]
Presolve removed 10991 rows and 20991 columns
Presolve time: 0.02s
Presolved: 205 rows, 2141 columns, 6251 nonzeros
Variable types: 2059 continuous, 82 integer (82 binary)

Root relaxation: objective 1.275527e+01, 1263 iterations, 0.02 seconds

    Nodes    |    Current Node    |     Objective Bounds      |     Work
 Expl Unexpl |  Obj  Depth IntInf | Incumbent    BestBd   Gap | It/Node Time

     0     0   12.75527    0   23          -   12.75527      -     -    0s
H    0     0                      28.0000000   12.75527  54.4%     -    0s
     0     0   13.65784    0   35   28.00000   13.65784  51.2%     -    0s
     0     0   13.67412    0   31   28.00000   13.67412  51.2%     -    0s
     0     0   14.38485    0   37   28.00000   14.38485  48.6%     -    0s
     0     0   14.42875    0   41   28.00000   14.42875  48.5%     -    0s
     0     0   15.19636    0   42   28.00000   15.19636  45.7%     -    0s
     0     0   15.22843    0   44   28.00000   15.22843  45.6%     -    0s
     0     0   15.64338    0   47   28.00000   15.64338  44.1%     -    0s
     0     0   15.88399    0   48   28.00000   15.88399  43.3%     -    0s
     0     0   16.02406    0   48   28.00000   16.02406  42.8%     -    0s
     0     0   16.10772    0   43   28.00000   16.10772  42.5%     -    0s
     0     0   16.15104    0   42   28.00000   16.15104  42.3%     -    0s
     0     0   16.15588    0   42   28.00000   16.15588  42.3%     -    0s
     0     0   16.18475    0   46   28.00000   16.18475  42.2%     -    0s
     0     2   16.18553    0   46   28.00000   16.18553  42.2%     -    0s
H   85    81                      27.0000000   16.21307  40.0%   109    1s
H   96    84                      26.0000000   16.21307  37.6%  97.4    1s
H  282   222                      24.0000000   16.31753  32.0%  95.2    1s
H  282   217                      23.0000000   16.31753  29.1%  95.2    1s
   540   410   20.13928   48   56   23.00000   16.91841  26.4%   104    5s
H  559   401                      22.0000000   17.15827  22.0%   100    5s
H  632   418                      21.0000000   17.27692  17.7%   147    8s
   786   471   19.75335   46    7   21.00000   17.56649  16.4%   151   10s
  1184   559   19.14212   24   34   21.00000   17.67176  15.8%   166   15s
  1518   616   18.26669   19   42   21.00000   17.83869  15.1%   179   20s
  1844   737   18.58216   21   36   21.00000   17.91100  14.7%   186   25s
  2143   902   19.38460   21   26   21.00000   17.96813  14.4%   192   30s
  2415  1053     cutoff   33        21.00000   17.98860  14.3%   197   35s
  2742  1245   19.28234   35   24   21.00000   18.01557  14.2%   197   40s
  3057  1426   19.29562   24   34   21.00000   18.05282  14.0%   199   45s
  3326  1556   19.59711   35   21   21.00000   18.09215  13.8%   201   50s
  3618  1713   19.38462   25   26   21.00000   18.10797  13.8%   202   55s
  3896  1855   19.62500   25   35   21.00000   18.11851  13.7%   203   60s
  4148  1982   18.30803   21   36   21.00000   18.14134  13.6%   205   65s
  4435  2118   19.51748   30   31   21.00000   18.16529  13.5%   206   70s
  4739  2240   18.64183   21   44   21.00000   18.18562  13.4%   206   75s
  5056  2387   19.40376   26   40   21.00000   18.20715  13.3%   206   80s
  5305  2476   19.03764   36   18   21.00000   18.21665  13.3%   207   85s
  5647  2592     cutoff   39        21.00000   18.22828  13.2%   207   90s
  5982  2747   18.85966   29   37   21.00000   18.24257  13.1%   206   95s
  6249  2870   18.78399   24   37   21.00000   18.25580  13.1%   207  100s
  6551  2994   19.35586   30   31   21.00000   18.26823  13.0%   207  105s
  6840  3119   18.69597   19   33   21.00000   18.28972  12.9%   207  110s
  7061  3242   19.16667   30   27   21.00000   18.29834  12.9%   208  115s
  7365  3351   19.47737   24   40   21.00000   18.31143  12.8%   208  120s
  7661  3450   19.49243   27   33   21.00000   18.33538  12.7%   208  125s
  7878  3547     cutoff   23        21.00000   18.34325  12.7%   210  130s
  8120  3646     cutoff   22        21.00000   18.35177  12.6%   211  135s
  8358  3722   18.63792   23   31   21.00000   18.36098  12.6%   211  140s
  8639  3832   19.38986   28   29   21.00000   18.36820  12.5%   211  145s
  8893  3920   18.90249   21   41   21.00000   18.37616  12.5%   212  150s
  9156  4036   19.19227   26   38   21.00000   18.38399  12.5%   212  155s
  9341  4113   19.20238   30   21   21.00000   18.38614  12.4%   214  160s
  9598  4195   19.23890   30   33   21.00000   18.39851  12.4%   215  165s
  9833  4266   18.55562   26   41   21.00000   18.41229  12.3%   215  170s
 10100  4363   19.50735   32   31   21.00000   18.42553  12.3%   215  175s
 10203  4401   19.40499   31   46   21.00000   18.42936  12.2%   215  182s
 10222  4414   20.00000   31   56   21.00000   18.42936  12.2%   215  185s
 10274  4448   19.18145   22   47   21.00000   18.42936  12.2%   214  190s
 10325  4482   18.62190   20   54   21.00000   18.42936  12.2%   213  195s
 10385  4522   18.62190   20   57   21.00000   18.42936  12.2%   211  200s
 10437  4559   19.00000   36   34   21.00000   18.42936  12.2%   220  205s
 10723  4672   18.42936   38   36   21.00000   18.42936  12.2%   221  210s
 11060  4723   18.42936   26   46   21.00000   18.42936  12.2%   220  215s
 11332  4814   18.42936   30   43   21.00000   18.42936  12.2%   220  220s
 11617  4875   18.42936   32   40   21.00000   18.42936  12.2%   220  225s
 11932  4967     cutoff   39        21.00000   18.42936  12.2%   219  230s
 12202  5026   19.05754   34   29   21.00000   18.42936  12.2%   220  235s
 12484  5078   18.42936   27   49   21.00000   18.42936  12.2%   220  240s
 12755  5155   19.20808   34   29   21.00000   18.42936  12.2%   220  245s
 13004  5201   19.76858   37   27   21.00000   18.42936  12.2%   221  250s
 13257  5240   19.71673   37   26   21.00000   18.42936  12.2%   221  255s
 13510  5264   19.16085   33   35   21.00000   18.42936  12.2%   222  260s
 13783  5278   19.00000   31   27   21.00000   18.42936  12.2%   222  265s
 14078  5300   19.03708   33   29   21.00000   18.42936  12.2%   222  270s
 14359  5321   18.83171   32   43   21.00000   18.42936  12.2%   222  275s
 14683  5352   19.29540   43   34   21.00000   18.42936  12.2%   221  280s
 14974  5382   19.95847   34   36   21.00000   18.42936  12.2%   221  285s
 15216  5394   19.10688   38   26   21.00000   18.42936  12.2%   222  290s
 15478  5408   19.00000   32   29   21.00000   18.42936  12.2%   222  295s
 15673  5417   19.00000   31   30   21.00000   18.42936  12.2%   223  300s
 15909  5444     cutoff   45        21.00000   18.42936  12.2%   224  305s
 16174  5454   19.41394   41   28   21.00000   18.42936  12.2%   224  310s
 16391  5459   19.92074   39   38   21.00000   18.42936  12.2%   225  315s
 16592  5468   19.80535   39   27   21.00000   18.42936  12.2%   226  320s
 16817  5473   19.40409   34   33   21.00000   18.42936  12.2%   226  325s
 17038  5487   19.00000   28   27   21.00000   18.42936  12.2%   227  330s
 17259  5515   19.04635   33   32   21.00000   18.44321  12.2%   227  335s
 17461  5517   19.44796   42   19   21.00000   18.45298  12.1%   228  340s
 17704  5529     cutoff   48        21.00000   18.46717  12.1%   228  345s
 17893  5549   19.66162   39   24   21.00000   18.47065  12.0%   228  350s
 18071  5535     cutoff   38        21.00000   18.47740  12.0%   229  355s
 18323  5531     cutoff   42        21.00000   18.48779  12.0%   230  360s
 18540  5542   19.69771   30   33   21.00000   18.49403  11.9%   230  365s
 18678  5545   19.41305   39   23   21.00000   18.50000  11.9%   231  370s
 18923  5563   18.77837   27   45   21.00000   18.50621  11.9%   231  375s
 19103  5564   19.27851   35   23   21.00000   18.51645  11.8%   232  380s
 19319  5550   19.32373   31   32   21.00000   18.52862  11.8%   232  385s
 19551  5540   19.13510   32   33   21.00000   18.54260  11.7%   232  390s
 19772  5550   18.81105   26   37   21.00000   18.55221  11.7%   233  395s
 19992  5573   19.00673   33   37   21.00000   18.55762  11.6%   233  400s
 20222  5576     cutoff   36        21.00000   18.56684  11.6%   233  405s
 20447  5567   19.72996   47   25   21.00000   18.57151  11.6%   233  410s
 20649  5566   19.82323   29   34   21.00000   18.58165  11.5%   234  415s
 20914  5576   18.75158   40   37   21.00000   18.59455  11.5%   234  420s
 21126  5592   19.62661   37   33   21.00000   18.59779  11.4%   234  425s
 21331  5578     cutoff   34        21.00000   18.60746  11.4%   235  430s
 21590  5549   19.56049   39   30   21.00000   18.61934  11.3%   235  435s
 21873  5532   19.57388   40   23   21.00000   18.63686  11.3%   234  440s
 22099  5510   19.78431   48   21   21.00000   18.64520  11.2%   235  445s
 22312  5478     cutoff   43        21.00000   18.65468  11.2%   235  450s
 22562  5478   19.14916   32   35   21.00000   18.66000  11.1%   235  455s
 22713  5487   19.62107   36   35   21.00000   18.66230  11.1%   235  460s
 22918  5470   19.63671   31   31   21.00000   18.66913  11.1%   236  465s
 23100  5444   19.93269   34   27   21.00000   18.67309  11.1%   237  470s
 23288  5438   19.34512   34   33   21.00000   18.68091  11.0%   237  475s
 23512  5444   19.93028   47    8   21.00000   18.68870  11.0%   237  480s
 23715  5434   19.00000   31   31   21.00000   18.70138  10.9%   237  485s
 23913  5442   19.20476   31   34   21.00000   18.70662  10.9%   238  490s
 24077  5460   19.81928   31   31   21.00000   18.71517  10.9%   238  495s
 24266  5498     cutoff   40        21.00000   18.72373  10.8%   239  500s
 24471  5561   19.39648   29   36   21.00000   18.73134  10.8%   239  505s
 24642  5605   19.02702   31   32   21.00000   18.73608  10.8%   239  510s
 24836  5663     cutoff   33        21.00000   18.74870  10.7%   240  515s
 25019  5720   19.95649   33   34   21.00000   18.75768  10.7%   240  520s
 25213  5769   19.32824   30   29   21.00000   18.76180  10.7%   241  525s
 25396  5806   19.80207   37   32   21.00000   18.77308  10.6%   241  530s
 25559  5828   19.92642   38   28   21.00000   18.77820  10.6%   242  535s
 25779  5881   19.25366   38   23   21.00000   18.78968  10.5%   242  540s
 26032  5935   19.10859   30   31   21.00000   18.79752  10.5%   242  545s
 26221  5981   19.51090   34   30   21.00000   18.80270  10.5%   242  550s
 26422  6008     cutoff   34        21.00000   18.80798  10.4%   242  555s
 26580  6037   19.54888   39   14   21.00000   18.81368  10.4%   243  560s
 26767  6086     cutoff   43        21.00000   18.81935  10.4%   243  565s
 26905  6115   20.00000   39   14   21.00000   18.82359  10.4%   244  570s
 27156  6150   19.23661   31   43   21.00000   18.83171  10.3%   243  575s
 27343  6186     cutoff   36        21.00000   18.83560  10.3%   244  580s
 27607  6236   19.46980   43   20   21.00000   18.84741  10.3%   243  585s
 27774  6279   19.79629   37   24   21.00000   18.85352  10.2%   244  590s
 27966  6319   19.61922   39   25   21.00000   18.85809  10.2%   244  595s
 28155  6351   19.28401   32   27   21.00000   18.86667  10.2%   244  600s
 28380  6399   19.78898   38   19   21.00000   18.87486  10.1%   244  605s
 28547  6427   19.33690   34   35   21.00000   18.88346  10.1%   245  610s
 28724  6468     cutoff   32        21.00000   18.88936  10.1%   245  615s
 28928  6517   20.00000   32   30   21.00000   18.89469  10.0%   245  620s
 29146  6543   19.84717   38   28   21.00000   18.90374  10.0%   245  625s
 29329  6583   19.71124   32   36   21.00000   18.91254  9.94%   245  630s
 29529  6619   19.39648   28   37   21.00000   18.91913  9.91%   246  635s
 29696  6676   20.00000   36   29   21.00000   18.92183  9.90%   246  640s
 29925  6712     cutoff   35        21.00000   18.92873  9.86%   246  645s
 30157  6753   19.67787   40   22   21.00000   18.93548  9.83%   246  650s
 30362  6772   19.89315   33   30   21.00000   18.94122  9.80%   246  655s
 30583  6794   19.74077   38   23   21.00000   18.94980  9.76%   246  660s
 30806  6819   19.90483   38   28   21.00000   18.95824  9.72%   246  665s
 31041  6841     cutoff   34        21.00000   18.96567  9.69%   246  670s
 31247  6872   19.79907   38   27   21.00000   18.97685  9.63%   246  675s
 31479  6902   19.60947   38   31   21.00000   18.98795  9.58%   246  680s
 31698  6931   19.56616   34   25   21.00000   18.99549  9.55%   246  685s
 31933  6982   19.94407   43   23   21.00000   19.00000  9.52%   245  690s
 32124  7016   19.29417   32   34   21.00000   19.00000  9.52%   246  695s
 32269  7056     cutoff   34        21.00000   19.00000  9.52%   246  700s
 32445  7109   19.00914   35   25   21.00000   19.00000  9.52%   246  705s
 32594  7169   19.54280   38   35   21.00000   19.00000  9.52%   246  710s
 32762  7227   19.67436   37   29   21.00000   19.00000  9.52%   247  715s
 32924  7276   19.25038   37   23   21.00000   19.00000  9.52%   247  720s
 33109  7346   19.30000   30   28   21.00000   19.00000  9.52%   247  725s
 33256  7382   19.79935   40   27   21.00000   19.00000  9.52%   248  730s
 33397  7437     cutoff   36        21.00000   19.00000  9.52%   248  735s
 33601  7502   19.00000   34   32   21.00000   19.00000  9.52%   248  740s
 33723  7537   19.28612   37   27   21.00000   19.00000  9.52%   248  745s
 33901  7592     cutoff   37        21.00000   19.00000  9.52%   249  750s
 34072  7649   19.29434   34   27   21.00000   19.00000  9.52%   249  755s
 34234  7713   19.81886   36   27   21.00000   19.00000  9.52%   249  760s
 34419  7770   19.29970   36   17   21.00000   19.00000  9.52%   249  765s
 34592  7818   19.56864   36   25   21.00000   19.00000  9.52%   249  770s
 34730  7857   19.06358   32   28   21.00000   19.00000  9.52%   250  775s
 34930  7915   19.09077   36   34   21.00000   19.00000  9.52%   250  780s
 35104  7980   19.12923   32   35   21.00000   19.00000  9.52%   250  785s
 35290  8037   19.55075   37   28   21.00000   19.00000  9.52%   250  790s
 35409  8067   19.47296   38   30   21.00000   19.00000  9.52%   251  795s
 35601  8099     cutoff   46        21.00000   19.00000  9.52%   251  800s
 35753  8152   19.53676   37   31   21.00000   19.00000  9.52%   251  805s
 35950  8208   19.79822   39   21   21.00000   19.00000  9.52%   251  810s
 36137  8263   20.00000   42   23   21.00000   19.00000  9.52%   251  815s
 36279  8323   19.42068   35   36   21.00000   19.00000  9.52%   252  820s
 36447  8379   19.01676   34   34   21.00000   19.00000  9.52%   252  825s
 36608  8433     cutoff   36        21.00000   19.00000  9.52%   252  830s
 36751  8470   19.68637   38   17   21.00000   19.00000  9.52%   252  835s
 36928  8517   19.53926   39   22   21.00000   19.00000  9.52%   253  840s
 37083  8548     cutoff   36        21.00000   19.00000  9.52%   253  845s
 37253  8607   19.49763   36   28   21.00000   19.00000  9.52%   253  850s
 37426  8656     cutoff   42        21.00000   19.00000  9.52%   253  855s
 37599  8703   19.64806   37   34   21.00000   19.00000  9.52%   253  860s
 37771  8771   19.42857   34   31   21.00000   19.00000  9.52%   254  865s
 37910  8794     cutoff   41        21.00000   19.00000  9.52%   254  870s
 38045  8829   19.21481   33   36   21.00000   19.00000  9.52%   254  875s
 38218  8871   19.42159   36   38   21.00000   19.00000  9.52%   255  880s
 38447  8943   19.88129   40   25   21.00000   19.00000  9.52%   254  885s
 38633  8997   20.00000   37   10   21.00000   19.00000  9.52%   255  890s
 38808  9073     cutoff   41        21.00000   19.00000  9.52%   255  895s
 38948  9102     cutoff   40        21.00000   19.00000  9.52%   255  900s
 39111  9157   19.05302   32   32   21.00000   19.00000  9.52%   255  905s
 39274  9197   19.33108   31   40   21.00000   19.00000  9.52%   255  910s
 39398  9230   19.07306   35   30   21.00000   19.00000  9.52%   256  915s
 39580  9290   19.08344   32   33   21.00000   19.00000  9.52%   256  920s
 39746  9338     cutoff   40        21.00000   19.00000  9.52%   256  925s
 39930  9399   19.73124   37   19   21.00000   19.00000  9.52%   256  930s
 40097  9455   19.00991   34   32   21.00000   19.00000  9.52%   256  935s
 40266  9513     cutoff   42        21.00000   19.00000  9.52%   256  940s
 40401  9559   19.78571   36   15   21.00000   19.00000  9.52%   257  945s
 40564  9577   19.30000   31   35   21.00000   19.00000  9.52%   257  950s
 40737  9635   19.70637   35   25   21.00000   19.00026  9.52%   257  955s
 40947  9677   19.82515   36   26   21.00000   19.00137  9.52%   257  960s
 41154  9735   19.90395   49   22   21.00000   19.00360  9.51%   257  965s
 41359  9776   19.42512   35   15   21.00000   19.00534  9.50%   257  970s
 41551  9814   19.23427   37   29   21.00000   19.00632  9.49%   257  975s
 41770  9850   19.04492   32   36   21.00000   19.00725  9.49%   257  980s
 42063  9943   19.51870   34   35   21.00000   19.00851  9.48%   256  985s
 42292 10007   19.08283   36   27   21.00000   19.00986  9.48%   256  990s
 42581 10081     cutoff   35        21.00000   19.01178  9.47%   256  995s
*42647     3              44      20.0000000   19.60768  1.96%   256  996s

Cutting planes:
  Gomory: 12
  Cover: 5
  Implied bound: 350
  MIR: 1180
  Flow cover: 719
  Zero half: 1
  Network: 58

Explored 42648 nodes (10916667 simplex iterations) in 996.80 seconds
Thread count was 1 (of 8 available processors)

Optimal solution found (tolerance 4.00e-02)
Best objective 2.000000000000e+01, best bound 2.000000000000e+01, gap 0.0%
